{"D:\\consultancy\\backend\\config\\cloudinary.js": {"path":"D:\\consultancy\\backend\\config\\cloudinary.js","statementMap":{"0":{"start":{"line":2,"column":19},"end":{"line":2,"column":43}},"1":{"start":{"line":5,"column":0},"end":{"line":10,"column":3}},"2":{"start":{"line":18,"column":27},"end":{"line":49,"column":1}},"3":{"start":{"line":19,"column":2},"end":{"line":48,"column":3}},"4":{"start":{"line":20,"column":19},"end":{"line":32,"column":6}},"5":{"start":{"line":34,"column":4},"end":{"line":41,"column":6}},"6":{"start":{"line":43,"column":4},"end":{"line":43,"column":53}},"7":{"start":{"line":44,"column":4},"end":{"line":47,"column":6}},"8":{"start":{"line":56,"column":29},"end":{"line":70,"column":1}},"9":{"start":{"line":57,"column":2},"end":{"line":69,"column":3}},"10":{"start":{"line":58,"column":19},"end":{"line":58,"column":62}},"11":{"start":{"line":59,"column":4},"end":{"line":62,"column":6}},"12":{"start":{"line":64,"column":4},"end":{"line":64,"column":53}},"13":{"start":{"line":65,"column":4},"end":{"line":68,"column":6}},"14":{"start":{"line":78,"column":24},"end":{"line":87,"column":1}},"15":{"start":{"line":79,"column":2},"end":{"line":86,"column":5}},"16":{"start":{"line":94,"column":26},"end":{"line":102,"column":1}},"17":{"start":{"line":95,"column":2},"end":{"line":101,"column":4}},"18":{"start":{"line":104,"column":0},"end":{"line":110,"column":2}}},"fnMap":{"0":{"name":"(anonymous_0)","decl":{"start":{"line":18,"column":27},"end":{"line":18,"column":28}},"loc":{"start":{"line":18,"column":61},"end":{"line":49,"column":1}},"line":18},"1":{"name":"(anonymous_1)","decl":{"start":{"line":56,"column":29},"end":{"line":56,"column":30}},"loc":{"start":{"line":56,"column":49},"end":{"line":70,"column":1}},"line":56},"2":{"name":"(anonymous_2)","decl":{"start":{"line":78,"column":24},"end":{"line":78,"column":25}},"loc":{"start":{"line":78,"column":52},"end":{"line":87,"column":1}},"line":78},"3":{"name":"(anonymous_3)","decl":{"start":{"line":94,"column":26},"end":{"line":94,"column":27}},"loc":{"start":{"line":94,"column":40},"end":{"line":102,"column":1}},"line":94}},"branchMap":{"0":{"loc":{"start":{"line":18,"column":44},"end":{"line":18,"column":56}},"type":"default-arg","locations":[{"start":{"line":18,"column":54},"end":{"line":18,"column":56}}],"line":18},"1":{"loc":{"start":{"line":21,"column":14},"end":{"line":21,"column":42}},"type":"binary-expr","locations":[{"start":{"line":21,"column":14},"end":{"line":21,"column":28}},{"start":{"line":21,"column":32},"end":{"line":21,"column":42}}],"line":21},"2":{"loc":{"start":{"line":24,"column":17},"end":{"line":24,"column":38}},"type":"binary-expr","locations":[{"start":{"line":24,"column":17},"end":{"line":24,"column":30}},{"start":{"line":24,"column":34},"end":{"line":24,"column":38}}],"line":24},"3":{"loc":{"start":{"line":25,"column":18},"end":{"line":25,"column":40}},"type":"binary-expr","locations":[{"start":{"line":25,"column":18},"end":{"line":25,"column":32}},{"start":{"line":25,"column":36},"end":{"line":25,"column":40}}],"line":25},"4":{"loc":{"start":{"line":78,"column":35},"end":{"line":78,"column":47}},"type":"default-arg","locations":[{"start":{"line":78,"column":45},"end":{"line":78,"column":47}}],"line":78},"5":{"loc":{"start":{"line":80,"column":11},"end":{"line":80,"column":31}},"type":"binary-expr","locations":[{"start":{"line":80,"column":11},"end":{"line":80,"column":24}},{"start":{"line":80,"column":28},"end":{"line":80,"column":31}}],"line":80},"6":{"loc":{"start":{"line":81,"column":12},"end":{"line":81,"column":33}},"type":"binary-expr","locations":[{"start":{"line":81,"column":12},"end":{"line":81,"column":26}},{"start":{"line":81,"column":30},"end":{"line":81,"column":33}}],"line":81},"7":{"loc":{"start":{"line":82,"column":10},"end":{"line":82,"column":32}},"type":"binary-expr","locations":[{"start":{"line":82,"column":10},"end":{"line":82,"column":22}},{"start":{"line":82,"column":26},"end":{"line":82,"column":32}}],"line":82},"8":{"loc":{"start":{"line":83,"column":13},"end":{"line":83,"column":38}},"type":"binary-expr","locations":[{"start":{"line":83,"column":13},"end":{"line":83,"column":28}},{"start":{"line":83,"column":32},"end":{"line":83,"column":38}}],"line":83}},"s":{"0":0,"1":0,"2":0,"3":0,"4":0,"5":0,"6":0,"7":0,"8":0,"9":0,"10":0,"11":0,"12":0,"13":0,"14":0,"15":0,"16":0,"17":0,"18":0},"f":{"0":0,"1":0,"2":0,"3":0},"b":{"0":[0],"1":[0,0],"2":[0,0],"3":[0,0],"4":[0],"5":[0,0],"6":[0,0],"7":[0,0],"8":[0,0]}}
,"D:\\consultancy\\backend\\config\\db.js": {"path":"D:\\consultancy\\backend\\config\\db.js","statementMap":{"0":{"start":{"line":1,"column":17},"end":{"line":1,"column":36}},"1":{"start":{"line":3,"column":20},"end":{"line":3,"column":21}},"2":{"start":{"line":4,"column":23},"end":{"line":4,"column":27}},"3":{"start":{"line":6,"column":18},"end":{"line":46,"column":1}},"4":{"start":{"line":7,"column":2},"end":{"line":45,"column":3}},"5":{"start":{"line":8,"column":17},"end":{"line":13,"column":6}},"6":{"start":{"line":14,"column":4},"end":{"line":14,"column":90}},"7":{"start":{"line":17,"column":4},"end":{"line":20,"column":7}},"8":{"start":{"line":18,"column":6},"end":{"line":18,"column":75}},"9":{"start":{"line":19,"column":6},"end":{"line":19,"column":52}},"10":{"start":{"line":19,"column":23},"end":{"line":19,"column":34}},"11":{"start":{"line":22,"column":4},"end":{"line":24,"column":7}},"12":{"start":{"line":23,"column":6},"end":{"line":23,"column":64}},"13":{"start":{"line":27,"column":4},"end":{"line":27,"column":106}},"14":{"start":{"line":29,"column":4},"end":{"line":31,"column":5}},"15":{"start":{"line":30,"column":6},"end":{"line":30,"column":84}},"16":{"start":{"line":32,"column":4},"end":{"line":34,"column":5}},"17":{"start":{"line":33,"column":6},"end":{"line":33,"column":75}},"18":{"start":{"line":36,"column":4},"end":{"line":40,"column":5}},"19":{"start":{"line":37,"column":6},"end":{"line":37,"column":65}},"20":{"start":{"line":38,"column":6},"end":{"line":38,"column":74}},"21":{"start":{"line":38,"column":37},"end":{"line":38,"column":72}},"22":{"start":{"line":39,"column":6},"end":{"line":39,"column":39}},"23":{"start":{"line":42,"column":4},"end":{"line":42,"column":94}},"24":{"start":{"line":43,"column":4},"end":{"line":43,"column":81}},"25":{"start":{"line":48,"column":0},"end":{"line":48,"column":27}}},"fnMap":{"0":{"name":"(anonymous_0)","decl":{"start":{"line":6,"column":18},"end":{"line":6,"column":19}},"loc":{"start":{"line":6,"column":44},"end":{"line":46,"column":1}},"line":6},"1":{"name":"(anonymous_1)","decl":{"start":{"line":17,"column":43},"end":{"line":17,"column":44}},"loc":{"start":{"line":17,"column":49},"end":{"line":20,"column":5}},"line":17},"2":{"name":"(anonymous_2)","decl":{"start":{"line":19,"column":17},"end":{"line":19,"column":18}},"loc":{"start":{"line":19,"column":23},"end":{"line":19,"column":34}},"line":19},"3":{"name":"(anonymous_3)","decl":{"start":{"line":22,"column":36},"end":{"line":22,"column":37}},"loc":{"start":{"line":22,"column":45},"end":{"line":24,"column":5}},"line":22},"4":{"name":"(anonymous_4)","decl":{"start":{"line":38,"column":24},"end":{"line":38,"column":25}},"loc":{"start":{"line":38,"column":37},"end":{"line":38,"column":72}},"line":38}},"branchMap":{"0":{"loc":{"start":{"line":6,"column":25},"end":{"line":6,"column":39}},"type":"default-arg","locations":[{"start":{"line":6,"column":38},"end":{"line":6,"column":39}}],"line":6},"1":{"loc":{"start":{"line":29,"column":4},"end":{"line":31,"column":5}},"type":"if","locations":[{"start":{"line":29,"column":4},"end":{"line":31,"column":5}},{"start":{},"end":{}}],"line":29},"2":{"loc":{"start":{"line":29,"column":8},"end":{"line":29,"column":49}},"type":"binary-expr","locations":[{"start":{"line":29,"column":8},"end":{"line":29,"column":19}},{"start":{"line":29,"column":23},"end":{"line":29,"column":49}}],"line":29},"3":{"loc":{"start":{"line":32,"column":4},"end":{"line":34,"column":5}},"type":"if","locations":[{"start":{"line":32,"column":4},"end":{"line":34,"column":5}},{"start":{},"end":{}}],"line":32},"4":{"loc":{"start":{"line":32,"column":8},"end":{"line":32,"column":61}},"type":"binary-expr","locations":[{"start":{"line":32,"column":8},"end":{"line":32,"column":19}},{"start":{"line":32,"column":23},"end":{"line":32,"column":61}}],"line":32},"5":{"loc":{"start":{"line":36,"column":4},"end":{"line":40,"column":5}},"type":"if","locations":[{"start":{"line":36,"column":4},"end":{"line":40,"column":5}},{"start":{},"end":{}}],"line":36}},"s":{"0":0,"1":0,"2":0,"3":0,"4":0,"5":0,"6":0,"7":0,"8":0,"9":0,"10":0,"11":0,"12":0,"13":0,"14":0,"15":0,"16":0,"17":0,"18":0,"19":0,"20":0,"21":0,"22":0,"23":0,"24":0,"25":0},"f":{"0":0,"1":0,"2":0,"3":0,"4":0},"b":{"0":[0],"1":[0,0],"2":[0,0],"3":[0,0],"4":[0,0],"5":[0,0]}}
,"D:\\consultancy\\backend\\config\\gridfs.js": {"path":"D:\\consultancy\\backend\\config\\gridfs.js","statementMap":{"0":{"start":{"line":9,"column":17},"end":{"line":9,"column":36}},"1":{"start":{"line":11,"column":14},"end":{"line":11,"column":18}},"2":{"start":{"line":17,"column":18},"end":{"line":24,"column":1}},"3":{"start":{"line":18,"column":2},"end":{"line":22,"column":3}},"4":{"start":{"line":19,"column":15},"end":{"line":19,"column":37}},"5":{"start":{"line":20,"column":4},"end":{"line":20,"column":104}},"6":{"start":{"line":20,"column":13},"end":{"line":20,"column":104}},"7":{"start":{"line":21,"column":4},"end":{"line":21,"column":83}},"8":{"start":{"line":23,"column":2},"end":{"line":23,"column":17}},"9":{"start":{"line":28,"column":0},"end":{"line":28,"column":66}},"10":{"start":{"line":28,"column":47},"end":{"line":28,"column":62}},"11":{"start":{"line":29,"column":0},"end":{"line":29,"column":66}},"12":{"start":{"line":29,"column":47},"end":{"line":29,"column":62}},"13":{"start":{"line":31,"column":0},"end":{"line":31,"column":31}}},"fnMap":{"0":{"name":"(anonymous_0)","decl":{"start":{"line":17,"column":18},"end":{"line":17,"column":19}},"loc":{"start":{"line":17,"column":24},"end":{"line":24,"column":1}},"line":17},"1":{"name":"(anonymous_1)","decl":{"start":{"line":28,"column":39},"end":{"line":28,"column":40}},"loc":{"start":{"line":28,"column":45},"end":{"line":28,"column":64}},"line":28},"2":{"name":"(anonymous_2)","decl":{"start":{"line":29,"column":39},"end":{"line":29,"column":40}},"loc":{"start":{"line":29,"column":45},"end":{"line":29,"column":64}},"line":29}},"branchMap":{"0":{"loc":{"start":{"line":18,"column":2},"end":{"line":22,"column":3}},"type":"if","locations":[{"start":{"line":18,"column":2},"end":{"line":22,"column":3}},{"start":{},"end":{}}],"line":18},"1":{"loc":{"start":{"line":20,"column":4},"end":{"line":20,"column":104}},"type":"if","locations":[{"start":{"line":20,"column":4},"end":{"line":20,"column":104}},{"start":{},"end":{}}],"line":20}},"s":{"0":0,"1":0,"2":0,"3":0,"4":0,"5":0,"6":0,"7":0,"8":0,"9":0,"10":0,"11":0,"12":0,"13":0},"f":{"0":0,"1":0,"2":0},"b":{"0":[0,0],"1":[0,0]}}
,"D:\\consultancy\\backend\\config\\logger.js": {"path":"D:\\consultancy\\backend\\config\\logger.js","statementMap":{"0":{"start":{"line":2,"column":16},"end":{"line":2,"column":34}},"1":{"start":{"line":3,"column":13},"end":{"line":3,"column":28}},"2":{"start":{"line":6,"column":18},"end":{"line":11,"column":1}},"3":{"start":{"line":14,"column":22},"end":{"line":24,"column":1}},"4":{"start":{"line":18,"column":14},"end":{"line":18,"column":51}},"5":{"start":{"line":19,"column":4},"end":{"line":21,"column":5}},"6":{"start":{"line":20,"column":6},"end":{"line":20,"column":40}},"7":{"start":{"line":22,"column":4},"end":{"line":22,"column":15}},"8":{"start":{"line":27,"column":15},"end":{"line":58,"column":2}},"9":{"start":{"line":61,"column":0},"end":{"line":65,"column":1}},"10":{"start":{"line":62,"column":2},"end":{"line":64,"column":6}},"11":{"start":{"line":68,"column":0},"end":{"line":72,"column":2}},"12":{"start":{"line":70,"column":4},"end":{"line":70,"column":32}},"13":{"start":{"line":75,"column":0},"end":{"line":84,"column":2}},"14":{"start":{"line":76,"column":2},"end":{"line":83,"column":5}},"15":{"start":{"line":86,"column":0},"end":{"line":97,"column":2}},"16":{"start":{"line":87,"column":19},"end":{"line":95,"column":3}},"17":{"start":{"line":96,"column":2},"end":{"line":96,"column":43}},"18":{"start":{"line":99,"column":0},"end":{"line":99,"column":24}}},"fnMap":{"0":{"name":"(anonymous_0)","decl":{"start":{"line":17,"column":24},"end":{"line":17,"column":25}},"loc":{"start":{"line":17,"column":68},"end":{"line":23,"column":3}},"line":17},"1":{"name":"(anonymous_1)","decl":{"start":{"line":69,"column":9},"end":{"line":69,"column":10}},"loc":{"start":{"line":69,"column":22},"end":{"line":71,"column":3}},"line":69},"2":{"name":"(anonymous_2)","decl":{"start":{"line":75,"column":20},"end":{"line":75,"column":21}},"loc":{"start":{"line":75,"column":51},"end":{"line":84,"column":1}},"line":75},"3":{"name":"(anonymous_3)","decl":{"start":{"line":86,"column":18},"end":{"line":86,"column":19}},"loc":{"start":{"line":86,"column":41},"end":{"line":97,"column":1}},"line":86}},"branchMap":{"0":{"loc":{"start":{"line":19,"column":4},"end":{"line":21,"column":5}},"type":"if","locations":[{"start":{"line":19,"column":4},"end":{"line":21,"column":5}},{"start":{},"end":{}}],"line":19},"1":{"loc":{"start":{"line":28,"column":9},"end":{"line":28,"column":92}},"type":"binary-expr","locations":[{"start":{"line":28,"column":9},"end":{"line":28,"column":30}},{"start":{"line":28,"column":35},"end":{"line":28,"column":91}}],"line":28},"2":{"loc":{"start":{"line":28,"column":35},"end":{"line":28,"column":91}},"type":"cond-expr","locations":[{"start":{"line":28,"column":75},"end":{"line":28,"column":81}},{"start":{"line":28,"column":84},"end":{"line":28,"column":91}}],"line":28},"3":{"loc":{"start":{"line":61,"column":0},"end":{"line":65,"column":1}},"type":"if","locations":[{"start":{"line":61,"column":0},"end":{"line":65,"column":1}},{"start":{},"end":{}}],"line":61},"4":{"loc":{"start":{"line":86,"column":26},"end":{"line":86,"column":36}},"type":"default-arg","locations":[{"start":{"line":86,"column":32},"end":{"line":86,"column":36}}],"line":86},"5":{"loc":{"start":{"line":90,"column":8},"end":{"line":94,"column":5}},"type":"binary-expr","locations":[{"start":{"line":90,"column":8},"end":{"line":90,"column":11}},{"start":{"line":90,"column":15},"end":{"line":94,"column":5}}],"line":90}},"s":{"0":0,"1":0,"2":0,"3":0,"4":0,"5":0,"6":0,"7":0,"8":0,"9":0,"10":0,"11":0,"12":0,"13":0,"14":0,"15":0,"16":0,"17":0,"18":0},"f":{"0":0,"1":0,"2":0,"3":0},"b":{"0":[0,0],"1":[0,0],"2":[0,0],"3":[0,0],"4":[0],"5":[0,0]}}
,"D:\\consultancy\\backend\\config\\redis.js": {"path":"D:\\consultancy\\backend\\config\\redis.js","statementMap":{"0":{"start":{"line":2,"column":14},"end":{"line":2,"column":30}},"1":{"start":{"line":4,"column":13},"end":{"line":4,"column":17}},"2":{"start":{"line":5,"column":18},"end":{"line":5,"column":23}},"3":{"start":{"line":7,"column":21},"end":{"line":42,"column":1}},"4":{"start":{"line":8,"column":2},"end":{"line":41,"column":3}},"5":{"start":{"line":9,"column":4},"end":{"line":20,"column":7}},"6":{"start":{"line":14,"column":10},"end":{"line":16,"column":11}},"7":{"start":{"line":15,"column":12},"end":{"line":15,"column":58}},"8":{"start":{"line":17,"column":10},"end":{"line":17,"column":31}},"9":{"start":{"line":23,"column":4},"end":{"line":25,"column":7}},"10":{"start":{"line":24,"column":6},"end":{"line":24,"column":26}},"11":{"start":{"line":27,"column":4},"end":{"line":30,"column":7}},"12":{"start":{"line":28,"column":6},"end":{"line":28,"column":50}},"13":{"start":{"line":29,"column":6},"end":{"line":29,"column":25}},"14":{"start":{"line":32,"column":4},"end":{"line":34,"column":7}},"15":{"start":{"line":33,"column":6},"end":{"line":33,"column":26}},"16":{"start":{"line":36,"column":4},"end":{"line":36,"column":27}},"17":{"start":{"line":37,"column":4},"end":{"line":37,"column":18}},"18":{"start":{"line":40,"column":4},"end":{"line":40,"column":16}},"19":{"start":{"line":45,"column":24},"end":{"line":88,"column":1}},"20":{"start":{"line":46,"column":2},"end":{"line":87,"column":4}},"21":{"start":{"line":48,"column":4},"end":{"line":50,"column":5}},"22":{"start":{"line":49,"column":6},"end":{"line":49,"column":20}},"23":{"start":{"line":53,"column":4},"end":{"line":55,"column":5}},"24":{"start":{"line":54,"column":6},"end":{"line":54,"column":20}},"25":{"start":{"line":57,"column":16},"end":{"line":57,"column":56}},"26":{"start":{"line":59,"column":4},"end":{"line":86,"column":5}},"27":{"start":{"line":60,"column":21},"end":{"line":60,"column":42}},"28":{"start":{"line":62,"column":6},"end":{"line":65,"column":7}},"29":{"start":{"line":63,"column":8},"end":{"line":63,"column":44}},"30":{"start":{"line":64,"column":8},"end":{"line":64,"column":44}},"31":{"start":{"line":67,"column":6},"end":{"line":67,"column":42}},"32":{"start":{"line":70,"column":27},"end":{"line":70,"column":45}},"33":{"start":{"line":73,"column":6},"end":{"line":80,"column":8}},"34":{"start":{"line":75,"column":8},"end":{"line":76,"column":64}},"35":{"start":{"line":76,"column":24},"end":{"line":76,"column":62}},"36":{"start":{"line":79,"column":8},"end":{"line":79,"column":34}},"37":{"start":{"line":82,"column":6},"end":{"line":82,"column":13}},"38":{"start":{"line":84,"column":6},"end":{"line":84,"column":54}},"39":{"start":{"line":85,"column":6},"end":{"line":85,"column":13}},"40":{"start":{"line":91,"column":19},"end":{"line":108,"column":1}},"41":{"start":{"line":92,"column":2},"end":{"line":94,"column":3}},"42":{"start":{"line":93,"column":4},"end":{"line":93,"column":17}},"43":{"start":{"line":96,"column":2},"end":{"line":107,"column":3}},"44":{"start":{"line":97,"column":17},"end":{"line":97,"column":43}},"45":{"start":{"line":98,"column":4},"end":{"line":102,"column":5}},"46":{"start":{"line":99,"column":6},"end":{"line":99,"column":29}},"47":{"start":{"line":100,"column":6},"end":{"line":100,"column":81}},"48":{"start":{"line":101,"column":6},"end":{"line":101,"column":18}},"49":{"start":{"line":103,"column":4},"end":{"line":103,"column":17}},"50":{"start":{"line":105,"column":4},"end":{"line":105,"column":47}},"51":{"start":{"line":106,"column":4},"end":{"line":106,"column":17}},"52":{"start":{"line":111,"column":22},"end":{"line":129,"column":1}},"53":{"start":{"line":112,"column":2},"end":{"line":114,"column":3}},"54":{"start":{"line":113,"column":4},"end":{"line":113,"column":32}},"55":{"start":{"line":116,"column":2},"end":{"line":128,"column":3}},"56":{"start":{"line":117,"column":17},"end":{"line":117,"column":43}},"57":{"start":{"line":118,"column":17},"end":{"line":118,"column":38}},"58":{"start":{"line":120,"column":4},"end":{"line":124,"column":6}},"59":{"start":{"line":126,"column":4},"end":{"line":126,"column":51}},"60":{"start":{"line":127,"column":4},"end":{"line":127,"column":54}},"61":{"start":{"line":131,"column":0},"end":{"line":138,"column":2}},"62":{"start":{"line":136,"column":19},"end":{"line":136,"column":25}},"63":{"start":{"line":137,"column":21},"end":{"line":137,"column":32}}},"fnMap":{"0":{"name":"(anonymous_0)","decl":{"start":{"line":7,"column":21},"end":{"line":7,"column":22}},"loc":{"start":{"line":7,"column":33},"end":{"line":42,"column":1}},"line":7},"1":{"name":"(anonymous_1)","decl":{"start":{"line":12,"column":27},"end":{"line":12,"column":28}},"loc":{"start":{"line":12,"column":40},"end":{"line":18,"column":9}},"line":12},"2":{"name":"(anonymous_2)","decl":{"start":{"line":23,"column":23},"end":{"line":23,"column":24}},"loc":{"start":{"line":23,"column":29},"end":{"line":25,"column":5}},"line":23},"3":{"name":"(anonymous_3)","decl":{"start":{"line":27,"column":23},"end":{"line":27,"column":24}},"loc":{"start":{"line":27,"column":29},"end":{"line":30,"column":5}},"line":27},"4":{"name":"(anonymous_4)","decl":{"start":{"line":32,"column":21},"end":{"line":32,"column":22}},"loc":{"start":{"line":32,"column":27},"end":{"line":34,"column":5}},"line":32},"5":{"name":"(anonymous_5)","decl":{"start":{"line":45,"column":24},"end":{"line":45,"column":25}},"loc":{"start":{"line":45,"column":44},"end":{"line":88,"column":1}},"line":45},"6":{"name":"(anonymous_6)","decl":{"start":{"line":46,"column":9},"end":{"line":46,"column":10}},"loc":{"start":{"line":46,"column":35},"end":{"line":87,"column":3}},"line":46},"7":{"name":"(anonymous_7)","decl":{"start":{"line":73,"column":17},"end":{"line":73,"column":18}},"loc":{"start":{"line":73,"column":27},"end":{"line":80,"column":7}},"line":73},"8":{"name":"(anonymous_8)","decl":{"start":{"line":76,"column":17},"end":{"line":76,"column":18}},"loc":{"start":{"line":76,"column":24},"end":{"line":76,"column":62}},"line":76},"9":{"name":"(anonymous_9)","decl":{"start":{"line":91,"column":19},"end":{"line":91,"column":20}},"loc":{"start":{"line":91,"column":44},"end":{"line":108,"column":1}},"line":91},"10":{"name":"(anonymous_10)","decl":{"start":{"line":111,"column":22},"end":{"line":111,"column":23}},"loc":{"start":{"line":111,"column":34},"end":{"line":129,"column":1}},"line":111},"11":{"name":"(anonymous_11)","decl":{"start":{"line":136,"column":13},"end":{"line":136,"column":14}},"loc":{"start":{"line":136,"column":19},"end":{"line":136,"column":25}},"line":136},"12":{"name":"(anonymous_12)","decl":{"start":{"line":137,"column":15},"end":{"line":137,"column":16}},"loc":{"start":{"line":137,"column":21},"end":{"line":137,"column":32}},"line":137}},"branchMap":{"0":{"loc":{"start":{"line":10,"column":11},"end":{"line":10,"column":60}},"type":"binary-expr","locations":[{"start":{"line":10,"column":11},"end":{"line":10,"column":32}},{"start":{"line":10,"column":36},"end":{"line":10,"column":60}}],"line":10},"1":{"loc":{"start":{"line":14,"column":10},"end":{"line":16,"column":11}},"type":"if","locations":[{"start":{"line":14,"column":10},"end":{"line":16,"column":11}},{"start":{},"end":{}}],"line":14},"2":{"loc":{"start":{"line":45,"column":25},"end":{"line":45,"column":39}},"type":"default-arg","locations":[{"start":{"line":45,"column":36},"end":{"line":45,"column":39}}],"line":45},"3":{"loc":{"start":{"line":48,"column":4},"end":{"line":50,"column":5}},"type":"if","locations":[{"start":{"line":48,"column":4},"end":{"line":50,"column":5}},{"start":{},"end":{}}],"line":48},"4":{"loc":{"start":{"line":48,"column":8},"end":{"line":48,"column":31}},"type":"binary-expr","locations":[{"start":{"line":48,"column":8},"end":{"line":48,"column":20}},{"start":{"line":48,"column":24},"end":{"line":48,"column":31}}],"line":48},"5":{"loc":{"start":{"line":53,"column":4},"end":{"line":55,"column":5}},"type":"if","locations":[{"start":{"line":53,"column":4},"end":{"line":55,"column":5}},{"start":{},"end":{}}],"line":53},"6":{"loc":{"start":{"line":62,"column":6},"end":{"line":65,"column":7}},"type":"if","locations":[{"start":{"line":62,"column":6},"end":{"line":65,"column":7}},{"start":{},"end":{}}],"line":62},"7":{"loc":{"start":{"line":91,"column":26},"end":{"line":91,"column":39}},"type":"default-arg","locations":[{"start":{"line":91,"column":36},"end":{"line":91,"column":39}}],"line":91},"8":{"loc":{"start":{"line":92,"column":2},"end":{"line":94,"column":3}},"type":"if","locations":[{"start":{"line":92,"column":2},"end":{"line":94,"column":3}},{"start":{},"end":{}}],"line":92},"9":{"loc":{"start":{"line":92,"column":6},"end":{"line":92,"column":29}},"type":"binary-expr","locations":[{"start":{"line":92,"column":6},"end":{"line":92,"column":18}},{"start":{"line":92,"column":22},"end":{"line":92,"column":29}}],"line":92},"10":{"loc":{"start":{"line":98,"column":4},"end":{"line":102,"column":5}},"type":"if","locations":[{"start":{"line":98,"column":4},"end":{"line":102,"column":5}},{"start":{},"end":{}}],"line":98},"11":{"loc":{"start":{"line":112,"column":2},"end":{"line":114,"column":3}},"type":"if","locations":[{"start":{"line":112,"column":2},"end":{"line":114,"column":3}},{"start":{},"end":{}}],"line":112},"12":{"loc":{"start":{"line":112,"column":6},"end":{"line":112,"column":29}},"type":"binary-expr","locations":[{"start":{"line":112,"column":6},"end":{"line":112,"column":18}},{"start":{"line":112,"column":22},"end":{"line":112,"column":29}}],"line":112}},"s":{"0":0,"1":0,"2":0,"3":0,"4":0,"5":0,"6":0,"7":0,"8":0,"9":0,"10":0,"11":0,"12":0,"13":0,"14":0,"15":0,"16":0,"17":0,"18":0,"19":0,"20":0,"21":0,"22":0,"23":0,"24":0,"25":0,"26":0,"27":0,"28":0,"29":0,"30":0,"31":0,"32":0,"33":0,"34":0,"35":0,"36":0,"37":0,"38":0,"39":0,"40":0,"41":0,"42":0,"43":0,"44":0,"45":0,"46":0,"47":0,"48":0,"49":0,"50":0,"51":0,"52":0,"53":0,"54":0,"55":0,"56":0,"57":0,"58":0,"59":0,"60":0,"61":0,"62":0,"63":0},"f":{"0":0,"1":0,"2":0,"3":0,"4":0,"5":0,"6":0,"7":0,"8":0,"9":0,"10":0,"11":0,"12":0},"b":{"0":[0,0],"1":[0,0],"2":[0],"3":[0,0],"4":[0,0],"5":[0,0],"6":[0,0],"7":[0],"8":[0,0],"9":[0,0],"10":[0,0],"11":[0,0],"12":[0,0]}}
,"D:\\consultancy\\backend\\config\\upload.js": {"path":"D:\\consultancy\\backend\\config\\upload.js","statementMap":{"0":{"start":{"line":2,"column":15},"end":{"line":2,"column":32}},"1":{"start":{"line":3,"column":13},"end":{"line":3,"column":28}},"2":{"start":{"line":12,"column":16},"end":{"line":12,"column":38}},"3":{"start":{"line":15,"column":19},"end":{"line":40,"column":1}},"4":{"start":{"line":17,"column":28},"end":{"line":17,"column":70}},"5":{"start":{"line":18,"column":14},"end":{"line":18,"column":59}},"6":{"start":{"line":21,"column":27},"end":{"line":27,"column":3}},"7":{"start":{"line":29,"column":2},"end":{"line":33,"column":5}},"8":{"start":{"line":35,"column":2},"end":{"line":39,"column":3}},"9":{"start":{"line":36,"column":4},"end":{"line":36,"column":19}},"10":{"start":{"line":38,"column":4},"end":{"line":38,"column":112}},"11":{"start":{"line":43,"column":15},"end":{"line":50,"column":2}},"12":{"start":{"line":52,"column":0},"end":{"line":52,"column":28}}},"fnMap":{"0":{"name":"(anonymous_0)","decl":{"start":{"line":15,"column":19},"end":{"line":15,"column":20}},"loc":{"start":{"line":15,"column":38},"end":{"line":40,"column":1}},"line":15}},"branchMap":{"0":{"loc":{"start":{"line":35,"column":2},"end":{"line":39,"column":3}},"type":"if","locations":[{"start":{"line":35,"column":2},"end":{"line":39,"column":3}},{"start":{"line":37,"column":9},"end":{"line":39,"column":3}}],"line":35},"1":{"loc":{"start":{"line":35,"column":6},"end":{"line":35,"column":81}},"type":"binary-expr","locations":[{"start":{"line":35,"column":6},"end":{"line":35,"column":37}},{"start":{"line":35,"column":41},"end":{"line":35,"column":81}}],"line":35}},"s":{"0":0,"1":0,"2":0,"3":0,"4":0,"5":0,"6":0,"7":0,"8":0,"9":0,"10":0,"11":0,"12":0},"f":{"0":0},"b":{"0":[0,0],"1":[0,0]}}
,"D:\\consultancy\\backend\\middleware\\auth.js": {"path":"D:\\consultancy\\backend\\middleware\\auth.js","statementMap":{"0":{"start":{"line":2,"column":12},"end":{"line":2,"column":35}},"1":{"start":{"line":9,"column":23},"end":{"line":38,"column":1}},"2":{"start":{"line":10,"column":2},"end":{"line":37,"column":3}},"3":{"start":{"line":12,"column":23},"end":{"line":12,"column":48}},"4":{"start":{"line":14,"column":4},"end":{"line":16,"column":5}},"5":{"start":{"line":15,"column":6},"end":{"line":15,"column":77}},"6":{"start":{"line":19,"column":18},"end":{"line":19,"column":42}},"7":{"start":{"line":22,"column":20},"end":{"line":22,"column":61}},"8":{"start":{"line":25,"column":4},"end":{"line":25,"column":23}},"9":{"start":{"line":28,"column":4},"end":{"line":28,"column":11}},"10":{"start":{"line":30,"column":4},"end":{"line":30,"column":57}},"11":{"start":{"line":32,"column":4},"end":{"line":34,"column":5}},"12":{"start":{"line":33,"column":6},"end":{"line":33,"column":64}},"13":{"start":{"line":36,"column":4},"end":{"line":36,"column":63}},"14":{"start":{"line":44,"column":24},"end":{"line":73,"column":1}},"15":{"start":{"line":45,"column":2},"end":{"line":72,"column":3}},"16":{"start":{"line":47,"column":23},"end":{"line":47,"column":48}},"17":{"start":{"line":49,"column":4},"end":{"line":51,"column":5}},"18":{"start":{"line":50,"column":6},"end":{"line":50,"column":77}},"19":{"start":{"line":53,"column":18},"end":{"line":53,"column":42}},"20":{"start":{"line":54,"column":20},"end":{"line":54,"column":61}},"21":{"start":{"line":57,"column":4},"end":{"line":61,"column":5}},"22":{"start":{"line":58,"column":6},"end":{"line":60,"column":9}},"23":{"start":{"line":63,"column":4},"end":{"line":63,"column":23}},"24":{"start":{"line":64,"column":4},"end":{"line":64,"column":32}},"25":{"start":{"line":65,"column":4},"end":{"line":65,"column":11}},"26":{"start":{"line":67,"column":4},"end":{"line":67,"column":58}},"27":{"start":{"line":68,"column":4},"end":{"line":70,"column":5}},"28":{"start":{"line":69,"column":6},"end":{"line":69,"column":64}},"29":{"start":{"line":71,"column":4},"end":{"line":71,"column":63}},"30":{"start":{"line":75,"column":0},"end":{"line":75,"column":32}},"31":{"start":{"line":76,"column":0},"end":{"line":76,"column":44}},"32":{"start":{"line":77,"column":0},"end":{"line":77,"column":45}}},"fnMap":{"0":{"name":"(anonymous_0)","decl":{"start":{"line":9,"column":23},"end":{"line":9,"column":24}},"loc":{"start":{"line":9,"column":43},"end":{"line":38,"column":1}},"line":9},"1":{"name":"(anonymous_1)","decl":{"start":{"line":44,"column":24},"end":{"line":44,"column":25}},"loc":{"start":{"line":44,"column":44},"end":{"line":73,"column":1}},"line":44}},"branchMap":{"0":{"loc":{"start":{"line":14,"column":4},"end":{"line":16,"column":5}},"type":"if","locations":[{"start":{"line":14,"column":4},"end":{"line":16,"column":5}},{"start":{},"end":{}}],"line":14},"1":{"loc":{"start":{"line":14,"column":8},"end":{"line":14,"column":56}},"type":"binary-expr","locations":[{"start":{"line":14,"column":8},"end":{"line":14,"column":19}},{"start":{"line":14,"column":23},"end":{"line":14,"column":56}}],"line":14},"2":{"loc":{"start":{"line":32,"column":4},"end":{"line":34,"column":5}},"type":"if","locations":[{"start":{"line":32,"column":4},"end":{"line":34,"column":5}},{"start":{},"end":{}}],"line":32},"3":{"loc":{"start":{"line":49,"column":4},"end":{"line":51,"column":5}},"type":"if","locations":[{"start":{"line":49,"column":4},"end":{"line":51,"column":5}},{"start":{},"end":{}}],"line":49},"4":{"loc":{"start":{"line":49,"column":8},"end":{"line":49,"column":56}},"type":"binary-expr","locations":[{"start":{"line":49,"column":8},"end":{"line":49,"column":19}},{"start":{"line":49,"column":23},"end":{"line":49,"column":56}}],"line":49},"5":{"loc":{"start":{"line":57,"column":4},"end":{"line":61,"column":5}},"type":"if","locations":[{"start":{"line":57,"column":4},"end":{"line":61,"column":5}},{"start":{},"end":{}}],"line":57},"6":{"loc":{"start":{"line":68,"column":4},"end":{"line":70,"column":5}},"type":"if","locations":[{"start":{"line":68,"column":4},"end":{"line":70,"column":5}},{"start":{},"end":{}}],"line":68}},"s":{"0":1,"1":1,"2":0,"3":0,"4":0,"5":0,"6":0,"7":0,"8":0,"9":0,"10":0,"11":0,"12":0,"13":0,"14":1,"15":0,"16":0,"17":0,"18":0,"19":0,"20":0,"21":0,"22":0,"23":0,"24":0,"25":0,"26":0,"27":0,"28":0,"29":0,"30":1,"31":1,"32":1},"f":{"0":0,"1":0},"b":{"0":[0,0],"1":[0,0],"2":[0,0],"3":[0,0],"4":[0,0],"5":[0,0],"6":[0,0]},"_coverageSchema":"1a1c01bbd47fc00a2c39e90264f33305004495a9","hash":"7b32e38729b0c9ba8f9c7c73e64bab4dedd9c47d"}
,"D:\\consultancy\\backend\\middleware\\errorHandler.js": {"path":"D:\\consultancy\\backend\\middleware\\errorHandler.js","statementMap":{"0":{"start":{"line":4,"column":4},"end":{"line":4,"column":19}},"1":{"start":{"line":5,"column":4},"end":{"line":5,"column":33}},"2":{"start":{"line":6,"column":4},"end":{"line":6,"column":69}},"3":{"start":{"line":7,"column":4},"end":{"line":7,"column":30}},"4":{"start":{"line":9,"column":4},"end":{"line":9,"column":52}},"5":{"start":{"line":13,"column":21},"end":{"line":43,"column":1}},"6":{"start":{"line":14,"column":2},"end":{"line":14,"column":41}},"7":{"start":{"line":15,"column":2},"end":{"line":15,"column":37}},"8":{"start":{"line":17,"column":2},"end":{"line":42,"column":3}},"9":{"start":{"line":18,"column":4},"end":{"line":24,"column":7}},"10":{"start":{"line":27,"column":4},"end":{"line":41,"column":5}},"11":{"start":{"line":28,"column":6},"end":{"line":32,"column":9}},"12":{"start":{"line":35,"column":6},"end":{"line":35,"column":37}},"13":{"start":{"line":36,"column":6},"end":{"line":40,"column":9}},"14":{"start":{"line":45,"column":0},"end":{"line":45,"column":44}}},"fnMap":{"0":{"name":"(anonymous_0)","decl":{"start":{"line":3,"column":2},"end":{"line":3,"column":3}},"loc":{"start":{"line":3,"column":35},"end":{"line":10,"column":3}},"line":3},"1":{"name":"(anonymous_1)","decl":{"start":{"line":13,"column":21},"end":{"line":13,"column":22}},"loc":{"start":{"line":13,"column":46},"end":{"line":43,"column":1}},"line":13}},"branchMap":{"0":{"loc":{"start":{"line":6,"column":18},"end":{"line":6,"column":68}},"type":"cond-expr","locations":[{"start":{"line":6,"column":52},"end":{"line":6,"column":58}},{"start":{"line":6,"column":61},"end":{"line":6,"column":68}}],"line":6},"1":{"loc":{"start":{"line":14,"column":19},"end":{"line":14,"column":40}},"type":"binary-expr","locations":[{"start":{"line":14,"column":19},"end":{"line":14,"column":33}},{"start":{"line":14,"column":37},"end":{"line":14,"column":40}}],"line":14},"2":{"loc":{"start":{"line":15,"column":15},"end":{"line":15,"column":36}},"type":"binary-expr","locations":[{"start":{"line":15,"column":15},"end":{"line":15,"column":25}},{"start":{"line":15,"column":29},"end":{"line":15,"column":36}}],"line":15},"3":{"loc":{"start":{"line":17,"column":2},"end":{"line":42,"column":3}},"type":"if","locations":[{"start":{"line":17,"column":2},"end":{"line":42,"column":3}},{"start":{"line":25,"column":9},"end":{"line":42,"column":3}}],"line":17},"4":{"loc":{"start":{"line":27,"column":4},"end":{"line":41,"column":5}},"type":"if","locations":[{"start":{"line":27,"column":4},"end":{"line":41,"column":5}},{"start":{"line":33,"column":11},"end":{"line":41,"column":5}}],"line":27}},"s":{"0":0,"1":0,"2":0,"3":0,"4":0,"5":0,"6":0,"7":0,"8":0,"9":0,"10":0,"11":0,"12":0,"13":0,"14":0},"f":{"0":0,"1":0},"b":{"0":[0,0],"1":[0,0],"2":[0,0],"3":[0,0],"4":[0,0]}}
,"D:\\consultancy\\backend\\middleware\\rateLimiter.js": {"path":"D:\\consultancy\\backend\\middleware\\rateLimiter.js","statementMap":{"0":{"start":{"line":2,"column":18},"end":{"line":2,"column":47}},"1":{"start":{"line":5,"column":19},"end":{"line":11,"column":2}},"2":{"start":{"line":14,"column":20},"end":{"line":21,"column":2}},"3":{"start":{"line":24,"column":19},"end":{"line":30,"column":2}},"4":{"start":{"line":33,"column":25},"end":{"line":39,"column":2}},"5":{"start":{"line":42,"column":28},"end":{"line":48,"column":2}},"6":{"start":{"line":50,"column":0},"end":{"line":56,"column":2}}},"fnMap":{},"branchMap":{},"s":{"0":1,"1":1,"2":1,"3":1,"4":1,"5":1,"6":1},"f":{},"b":{},"_coverageSchema":"1a1c01bbd47fc00a2c39e90264f33305004495a9","hash":"49a48555ac98865824d346eb557e1d81de7d9bd9"}
,"D:\\consultancy\\backend\\middleware\\validators.js": {"path":"D:\\consultancy\\backend\\middleware\\validators.js","statementMap":{"0":{"start":{"line":2,"column":49},"end":{"line":2,"column":77}},"1":{"start":{"line":5,"column":17},"end":{"line":19,"column":1}},"2":{"start":{"line":6,"column":17},"end":{"line":6,"column":38}},"3":{"start":{"line":7,"column":2},"end":{"line":17,"column":3}},"4":{"start":{"line":8,"column":4},"end":{"line":16,"column":7}},"5":{"start":{"line":11,"column":41},"end":{"line":15,"column":7}},"6":{"start":{"line":18,"column":2},"end":{"line":18,"column":9}},"7":{"start":{"line":22,"column":29},"end":{"line":51,"column":1}},"8":{"start":{"line":54,"column":22},"end":{"line":66,"column":1}},"9":{"start":{"line":69,"column":20},"end":{"line":83,"column":1}},"10":{"start":{"line":86,"column":33},"end":{"line":123,"column":1}},"11":{"start":{"line":116,"column":6},"end":{"line":118,"column":7}},"12":{"start":{"line":117,"column":8},"end":{"line":117,"column":50}},"13":{"start":{"line":119,"column":6},"end":{"line":119,"column":18}},"14":{"start":{"line":126,"column":24},"end":{"line":170,"column":1}},"15":{"start":{"line":173,"column":26},"end":{"line":180,"column":1}},"16":{"start":{"line":183,"column":30},"end":{"line":191,"column":1}},"17":{"start":{"line":193,"column":37},"end":{"line":207,"column":1}},"18":{"start":{"line":209,"column":0},"end":{"line":219,"column":2}}},"fnMap":{"0":{"name":"(anonymous_0)","decl":{"start":{"line":5,"column":17},"end":{"line":5,"column":18}},"loc":{"start":{"line":5,"column":37},"end":{"line":19,"column":1}},"line":5},"1":{"name":"(anonymous_1)","decl":{"start":{"line":11,"column":33},"end":{"line":11,"column":34}},"loc":{"start":{"line":11,"column":41},"end":{"line":15,"column":7}},"line":11},"2":{"name":"(anonymous_2)","decl":{"start":{"line":115,"column":12},"end":{"line":115,"column":13}},"loc":{"start":{"line":115,"column":32},"end":{"line":120,"column":5}},"line":115}},"branchMap":{"0":{"loc":{"start":{"line":7,"column":2},"end":{"line":17,"column":3}},"type":"if","locations":[{"start":{"line":7,"column":2},"end":{"line":17,"column":3}},{"start":{},"end":{}}],"line":7},"1":{"loc":{"start":{"line":116,"column":6},"end":{"line":118,"column":7}},"type":"if","locations":[{"start":{"line":116,"column":6},"end":{"line":118,"column":7}},{"start":{},"end":{}}],"line":116},"2":{"loc":{"start":{"line":116,"column":10},"end":{"line":116,"column":64}},"type":"binary-expr","locations":[{"start":{"line":116,"column":10},"end":{"line":116,"column":30}},{"start":{"line":116,"column":34},"end":{"line":116,"column":64}}],"line":116}},"s":{"0":0,"1":0,"2":0,"3":0,"4":0,"5":0,"6":0,"7":0,"8":0,"9":0,"10":0,"11":0,"12":0,"13":0,"14":0,"15":0,"16":0,"17":0,"18":0},"f":{"0":0,"1":0,"2":0},"b":{"0":[0,0],"1":[0,0],"2":[0,0]}}
,"D:\\consultancy\\backend\\models\\auditLog.js": {"path":"D:\\consultancy\\backend\\models\\auditLog.js","statementMap":{"0":{"start":{"line":2,"column":17},"end":{"line":2,"column":36}},"1":{"start":{"line":4,"column":23},"end":{"line":42,"column":25}},"2":{"start":{"line":45,"column":0},"end":{"line":45,"column":50}},"3":{"start":{"line":46,"column":0},"end":{"line":46,"column":51}},"4":{"start":{"line":47,"column":0},"end":{"line":47,"column":51}},"5":{"start":{"line":49,"column":0},"end":{"line":49,"column":60}}},"fnMap":{},"branchMap":{},"s":{"0":1,"1":1,"2":1,"3":1,"4":1,"5":1},"f":{},"b":{},"_coverageSchema":"1a1c01bbd47fc00a2c39e90264f33305004495a9","hash":"5c8c007318a13be9fa3d51d61a537c512bb8db1d"}
,"D:\\consultancy\\backend\\models\\cart.js": {"path":"D:\\consultancy\\backend\\models\\cart.js","statementMap":{"0":{"start":{"line":2,"column":17},"end":{"line":2,"column":36}},"1":{"start":{"line":4,"column":23},"end":{"line":16,"column":2}},"2":{"start":{"line":18,"column":19},"end":{"line":32,"column":2}},"3":{"start":{"line":35,"column":0},"end":{"line":38,"column":3}},"4":{"start":{"line":36,"column":2},"end":{"line":36,"column":33}},"5":{"start":{"line":37,"column":2},"end":{"line":37,"column":9}},"6":{"start":{"line":42,"column":0},"end":{"line":42,"column":52}}},"fnMap":{"0":{"name":"(anonymous_0)","decl":{"start":{"line":35,"column":23},"end":{"line":35,"column":24}},"loc":{"start":{"line":35,"column":38},"end":{"line":38,"column":1}},"line":35}},"branchMap":{},"s":{"0":0,"1":0,"2":0,"3":0,"4":0,"5":0,"6":0},"f":{"0":0},"b":{}}
,"D:\\consultancy\\backend\\models\\chatbotConfig.js": {"path":"D:\\consultancy\\backend\\models\\chatbotConfig.js","statementMap":{"0":{"start":{"line":1,"column":17},"end":{"line":1,"column":36}},"1":{"start":{"line":3,"column":28},"end":{"line":474,"column":2}},"2":{"start":{"line":477,"column":0},"end":{"line":477,"column":122}},"3":{"start":{"line":480,"column":0},"end":{"line":482,"column":2}},"4":{"start":{"line":481,"column":2},"end":{"line":481,"column":55}},"5":{"start":{"line":484,"column":0},"end":{"line":489,"column":2}},"6":{"start":{"line":485,"column":17},"end":{"line":485,"column":45}},"7":{"start":{"line":486,"column":2},"end":{"line":486,"column":27}},"8":{"start":{"line":486,"column":15},"end":{"line":486,"column":27}},"9":{"start":{"line":488,"column":2},"end":{"line":488,"column":86}},"10":{"start":{"line":488,"column":39},"end":{"line":488,"column":84}},"11":{"start":{"line":491,"column":0},"end":{"line":496,"column":2}},"12":{"start":{"line":492,"column":17},"end":{"line":492,"column":45}},"13":{"start":{"line":493,"column":2},"end":{"line":493,"column":27}},"14":{"start":{"line":493,"column":15},"end":{"line":493,"column":27}},"15":{"start":{"line":495,"column":2},"end":{"line":495,"column":84}},"16":{"start":{"line":495,"column":39},"end":{"line":495,"column":82}},"17":{"start":{"line":498,"column":0},"end":{"line":498,"column":70}}},"fnMap":{"0":{"name":"(anonymous_0)","decl":{"start":{"line":480,"column":46},"end":{"line":480,"column":47}},"loc":{"start":{"line":480,"column":83},"end":{"line":482,"column":1}},"line":480},"1":{"name":"(anonymous_1)","decl":{"start":{"line":484,"column":40},"end":{"line":484,"column":41}},"loc":{"start":{"line":484,"column":67},"end":{"line":489,"column":1}},"line":484},"2":{"name":"(anonymous_2)","decl":{"start":{"line":488,"column":29},"end":{"line":488,"column":30}},"loc":{"start":{"line":488,"column":39},"end":{"line":488,"column":84}},"line":488},"3":{"name":"(anonymous_3)","decl":{"start":{"line":491,"column":48},"end":{"line":491,"column":49}},"loc":{"start":{"line":491,"column":77},"end":{"line":496,"column":1}},"line":491},"4":{"name":"(anonymous_4)","decl":{"start":{"line":495,"column":31},"end":{"line":495,"column":32}},"loc":{"start":{"line":495,"column":39},"end":{"line":495,"column":82}},"line":495}},"branchMap":{"0":{"loc":{"start":{"line":480,"column":55},"end":{"line":480,"column":81}},"type":"default-arg","locations":[{"start":{"line":480,"column":69},"end":{"line":480,"column":81}}],"line":480},"1":{"loc":{"start":{"line":486,"column":2},"end":{"line":486,"column":27}},"type":"if","locations":[{"start":{"line":486,"column":2},"end":{"line":486,"column":27}},{"start":{},"end":{}}],"line":486},"2":{"loc":{"start":{"line":488,"column":39},"end":{"line":488,"column":84}},"type":"binary-expr","locations":[{"start":{"line":488,"column":39},"end":{"line":488,"column":65}},{"start":{"line":488,"column":69},"end":{"line":488,"column":84}}],"line":488},"3":{"loc":{"start":{"line":493,"column":2},"end":{"line":493,"column":27}},"type":"if","locations":[{"start":{"line":493,"column":2},"end":{"line":493,"column":27}},{"start":{},"end":{}}],"line":493},"4":{"loc":{"start":{"line":495,"column":39},"end":{"line":495,"column":82}},"type":"binary-expr","locations":[{"start":{"line":495,"column":39},"end":{"line":495,"column":65}},{"start":{"line":495,"column":69},"end":{"line":495,"column":82}}],"line":495}},"s":{"0":0,"1":0,"2":0,"3":0,"4":0,"5":0,"6":0,"7":0,"8":0,"9":0,"10":0,"11":0,"12":0,"13":0,"14":0,"15":0,"16":0,"17":0},"f":{"0":0,"1":0,"2":0,"3":0,"4":0},"b":{"0":[0],"1":[0,0],"2":[0,0],"3":[0,0],"4":[0,0]}}
,"D:\\consultancy\\backend\\models\\conversation.js": {"path":"D:\\consultancy\\backend\\models\\conversation.js","statementMap":{"0":{"start":{"line":1,"column":17},"end":{"line":1,"column":36}},"1":{"start":{"line":3,"column":27},"end":{"line":205,"column":2}},"2":{"start":{"line":208,"column":0},"end":{"line":208,"column":55}},"3":{"start":{"line":209,"column":0},"end":{"line":209,"column":58}},"4":{"start":{"line":210,"column":0},"end":{"line":210,"column":55}},"5":{"start":{"line":211,"column":0},"end":{"line":211,"column":83}},"6":{"start":{"line":212,"column":0},"end":{"line":212,"column":57}},"7":{"start":{"line":213,"column":0},"end":{"line":213,"column":44}},"8":{"start":{"line":216,"column":0},"end":{"line":216,"column":76}},"9":{"start":{"line":219,"column":0},"end":{"line":224,"column":3}},"10":{"start":{"line":220,"column":2},"end":{"line":222,"column":3}},"11":{"start":{"line":221,"column":4},"end":{"line":221,"column":63}},"12":{"start":{"line":223,"column":2},"end":{"line":223,"column":14}},"13":{"start":{"line":227,"column":0},"end":{"line":248,"column":2}},"14":{"start":{"line":228,"column":18},"end":{"line":234,"column":3}},"15":{"start":{"line":236,"column":2},"end":{"line":236,"column":30}},"16":{"start":{"line":237,"column":2},"end":{"line":237,"column":33}},"17":{"start":{"line":239,"column":2},"end":{"line":243,"column":3}},"18":{"start":{"line":240,"column":4},"end":{"line":240,"column":33}},"19":{"start":{"line":241,"column":9},"end":{"line":243,"column":3}},"20":{"start":{"line":242,"column":4},"end":{"line":242,"column":34}},"21":{"start":{"line":245,"column":2},"end":{"line":245,"column":35}},"22":{"start":{"line":247,"column":2},"end":{"line":247,"column":17}},"23":{"start":{"line":250,"column":0},"end":{"line":263,"column":2}},"24":{"start":{"line":251,"column":2},"end":{"line":251,"column":37}},"25":{"start":{"line":252,"column":2},"end":{"line":252,"column":34}},"26":{"start":{"line":253,"column":2},"end":{"line":253,"column":43}},"27":{"start":{"line":255,"column":2},"end":{"line":257,"column":3}},"28":{"start":{"line":256,"column":4},"end":{"line":256,"column":48}},"29":{"start":{"line":258,"column":2},"end":{"line":260,"column":3}},"30":{"start":{"line":259,"column":4},"end":{"line":259,"column":52}},"31":{"start":{"line":262,"column":2},"end":{"line":262,"column":28}},"32":{"start":{"line":265,"column":0},"end":{"line":277,"column":2}},"33":{"start":{"line":266,"column":2},"end":{"line":266,"column":27}},"34":{"start":{"line":267,"column":2},"end":{"line":267,"column":28}},"35":{"start":{"line":268,"column":2},"end":{"line":268,"column":33}},"36":{"start":{"line":269,"column":2},"end":{"line":269,"column":79}},"37":{"start":{"line":271,"column":2},"end":{"line":273,"column":3}},"38":{"start":{"line":272,"column":4},"end":{"line":272,"column":57}},"39":{"start":{"line":274,"column":2},"end":{"line":276,"column":3}},"40":{"start":{"line":275,"column":4},"end":{"line":275,"column":53}},"41":{"start":{"line":279,"column":0},"end":{"line":289,"column":2}},"42":{"start":{"line":280,"column":21},"end":{"line":282,"column":32}},"43":{"start":{"line":281,"column":17},"end":{"line":281,"column":63}},"44":{"start":{"line":282,"column":14},"end":{"line":282,"column":31}},"45":{"start":{"line":284,"column":2},"end":{"line":286,"column":3}},"46":{"start":{"line":285,"column":4},"end":{"line":285,"column":96}},"47":{"start":{"line":285,"column":66},"end":{"line":285,"column":71}},"48":{"start":{"line":288,"column":2},"end":{"line":288,"column":41}},"49":{"start":{"line":291,"column":0},"end":{"line":306,"column":2}},"50":{"start":{"line":293,"column":2},"end":{"line":293,"column":29}},"51":{"start":{"line":294,"column":2},"end":{"line":294,"column":35}},"52":{"start":{"line":295,"column":2},"end":{"line":295,"column":24}},"53":{"start":{"line":296,"column":2},"end":{"line":296,"column":24}},"54":{"start":{"line":297,"column":2},"end":{"line":297,"column":27}},"55":{"start":{"line":300,"column":2},"end":{"line":305,"column":5}},"56":{"start":{"line":302,"column":4},"end":{"line":304,"column":69}},"57":{"start":{"line":309,"column":0},"end":{"line":313,"column":2}},"58":{"start":{"line":310,"column":2},"end":{"line":312,"column":18}},"59":{"start":{"line":315,"column":0},"end":{"line":323,"column":2}},"60":{"start":{"line":316,"column":16},"end":{"line":316,"column":71}},"61":{"start":{"line":318,"column":2},"end":{"line":320,"column":3}},"62":{"start":{"line":319,"column":4},"end":{"line":319,"column":42}},"63":{"start":{"line":322,"column":2},"end":{"line":322,"column":65}},"64":{"start":{"line":325,"column":0},"end":{"line":387,"column":2}},"65":{"start":{"line":326,"column":24},"end":{"line":328,"column":4}},"66":{"start":{"line":330,"column":20},"end":{"line":341,"column":3}},"67":{"start":{"line":332,"column":53},"end":{"line":332,"column":73}},"68":{"start":{"line":333,"column":54},"end":{"line":333,"column":78}},"69":{"start":{"line":343,"column":22},"end":{"line":343,"column":23}},"70":{"start":{"line":344,"column":26},"end":{"line":344,"column":27}},"71":{"start":{"line":345,"column":26},"end":{"line":345,"column":27}},"72":{"start":{"line":347,"column":2},"end":{"line":368,"column":5}},"73":{"start":{"line":348,"column":4},"end":{"line":348,"column":60}},"74":{"start":{"line":350,"column":4},"end":{"line":352,"column":5}},"75":{"start":{"line":351,"column":6},"end":{"line":351,"column":47}},"76":{"start":{"line":354,"column":4},"end":{"line":357,"column":5}},"77":{"start":{"line":355,"column":6},"end":{"line":355,"column":60}},"78":{"start":{"line":356,"column":6},"end":{"line":356,"column":26}},"79":{"start":{"line":360,"column":4},"end":{"line":361,"column":60}},"80":{"start":{"line":364,"column":4},"end":{"line":367,"column":5}},"81":{"start":{"line":365,"column":6},"end":{"line":366,"column":73}},"82":{"start":{"line":370,"column":2},"end":{"line":372,"column":8}},"83":{"start":{"line":374,"column":2},"end":{"line":376,"column":8}},"84":{"start":{"line":378,"column":2},"end":{"line":380,"column":8}},"85":{"start":{"line":382,"column":2},"end":{"line":384,"column":8}},"86":{"start":{"line":386,"column":2},"end":{"line":386,"column":19}},"87":{"start":{"line":389,"column":0},"end":{"line":389,"column":68}}},"fnMap":{"0":{"name":"(anonymous_0)","decl":{"start":{"line":219,"column":50},"end":{"line":219,"column":51}},"loc":{"start":{"line":219,"column":61},"end":{"line":224,"column":1}},"line":219},"1":{"name":"(anonymous_1)","decl":{"start":{"line":227,"column":40},"end":{"line":227,"column":41}},"loc":{"start":{"line":227,"column":81},"end":{"line":248,"column":1}},"line":227},"2":{"name":"(anonymous_2)","decl":{"start":{"line":250,"column":38},"end":{"line":250,"column":39}},"loc":{"start":{"line":250,"column":71},"end":{"line":263,"column":1}},"line":250},"3":{"name":"(anonymous_3)","decl":{"start":{"line":265,"column":37},"end":{"line":265,"column":38}},"loc":{"start":{"line":265,"column":96},"end":{"line":277,"column":1}},"line":265},"4":{"name":"(anonymous_4)","decl":{"start":{"line":279,"column":55},"end":{"line":279,"column":56}},"loc":{"start":{"line":279,"column":66},"end":{"line":289,"column":1}},"line":279},"5":{"name":"(anonymous_5)","decl":{"start":{"line":281,"column":12},"end":{"line":281,"column":13}},"loc":{"start":{"line":281,"column":17},"end":{"line":281,"column":63}},"line":281},"6":{"name":"(anonymous_6)","decl":{"start":{"line":282,"column":9},"end":{"line":282,"column":10}},"loc":{"start":{"line":282,"column":14},"end":{"line":282,"column":31}},"line":282},"7":{"name":"(anonymous_7)","decl":{"start":{"line":285,"column":56},"end":{"line":285,"column":57}},"loc":{"start":{"line":285,"column":66},"end":{"line":285,"column":71}},"line":285},"8":{"name":"(anonymous_8)","decl":{"start":{"line":291,"column":39},"end":{"line":291,"column":40}},"loc":{"start":{"line":291,"column":50},"end":{"line":306,"column":1}},"line":291},"9":{"name":"(anonymous_9)","decl":{"start":{"line":300,"column":24},"end":{"line":300,"column":25}},"loc":{"start":{"line":300,"column":35},"end":{"line":305,"column":3}},"line":300},"10":{"name":"(anonymous_10)","decl":{"start":{"line":309,"column":52},"end":{"line":309,"column":53}},"loc":{"start":{"line":309,"column":74},"end":{"line":313,"column":1}},"line":309},"11":{"name":"(anonymous_11)","decl":{"start":{"line":315,"column":55},"end":{"line":315,"column":56}},"loc":{"start":{"line":315,"column":80},"end":{"line":323,"column":1}},"line":315},"12":{"name":"(anonymous_12)","decl":{"start":{"line":325,"column":42},"end":{"line":325,"column":43}},"loc":{"start":{"line":325,"column":77},"end":{"line":387,"column":1}},"line":325},"13":{"name":"(anonymous_13)","decl":{"start":{"line":332,"column":48},"end":{"line":332,"column":49}},"loc":{"start":{"line":332,"column":53},"end":{"line":332,"column":73}},"line":332},"14":{"name":"(anonymous_14)","decl":{"start":{"line":333,"column":49},"end":{"line":333,"column":50}},"loc":{"start":{"line":333,"column":54},"end":{"line":333,"column":78}},"line":333},"15":{"name":"(anonymous_15)","decl":{"start":{"line":347,"column":24},"end":{"line":347,"column":25}},"loc":{"start":{"line":347,"column":32},"end":{"line":368,"column":3}},"line":347}},"branchMap":{"0":{"loc":{"start":{"line":220,"column":2},"end":{"line":222,"column":3}},"type":"if","locations":[{"start":{"line":220,"column":2},"end":{"line":222,"column":3}},{"start":{},"end":{}}],"line":220},"1":{"loc":{"start":{"line":220,"column":6},"end":{"line":220,"column":36}},"type":"binary-expr","locations":[{"start":{"line":220,"column":6},"end":{"line":220,"column":18}},{"start":{"line":220,"column":22},"end":{"line":220,"column":36}}],"line":220},"2":{"loc":{"start":{"line":227,"column":66},"end":{"line":227,"column":79}},"type":"default-arg","locations":[{"start":{"line":227,"column":77},"end":{"line":227,"column":79}}],"line":227},"3":{"loc":{"start":{"line":239,"column":2},"end":{"line":243,"column":3}},"type":"if","locations":[{"start":{"line":239,"column":2},"end":{"line":243,"column":3}},{"start":{"line":241,"column":9},"end":{"line":243,"column":3}}],"line":239},"4":{"loc":{"start":{"line":241,"column":9},"end":{"line":243,"column":3}},"type":"if","locations":[{"start":{"line":241,"column":9},"end":{"line":243,"column":3}},{"start":{},"end":{}}],"line":241},"5":{"loc":{"start":{"line":250,"column":55},"end":{"line":250,"column":69}},"type":"default-arg","locations":[{"start":{"line":250,"column":67},"end":{"line":250,"column":69}}],"line":250},"6":{"loc":{"start":{"line":255,"column":2},"end":{"line":257,"column":3}},"type":"if","locations":[{"start":{"line":255,"column":2},"end":{"line":257,"column":3}},{"start":{},"end":{}}],"line":255},"7":{"loc":{"start":{"line":258,"column":2},"end":{"line":260,"column":3}},"type":"if","locations":[{"start":{"line":258,"column":2},"end":{"line":260,"column":3}},{"start":{},"end":{}}],"line":258},"8":{"loc":{"start":{"line":265,"column":46},"end":{"line":265,"column":70}},"type":"default-arg","locations":[{"start":{"line":265,"column":66},"end":{"line":265,"column":70}}],"line":265},"9":{"loc":{"start":{"line":265,"column":72},"end":{"line":265,"column":94}},"type":"default-arg","locations":[{"start":{"line":265,"column":90},"end":{"line":265,"column":94}}],"line":265},"10":{"loc":{"start":{"line":271,"column":2},"end":{"line":273,"column":3}},"type":"if","locations":[{"start":{"line":271,"column":2},"end":{"line":273,"column":3}},{"start":{},"end":{}}],"line":271},"11":{"loc":{"start":{"line":274,"column":2},"end":{"line":276,"column":3}},"type":"if","locations":[{"start":{"line":274,"column":2},"end":{"line":276,"column":3}},{"start":{},"end":{}}],"line":274},"12":{"loc":{"start":{"line":281,"column":17},"end":{"line":281,"column":63}},"type":"binary-expr","locations":[{"start":{"line":281,"column":17},"end":{"line":281,"column":28}},{"start":{"line":281,"column":32},"end":{"line":281,"column":63}}],"line":281},"13":{"loc":{"start":{"line":284,"column":2},"end":{"line":286,"column":3}},"type":"if","locations":[{"start":{"line":284,"column":2},"end":{"line":286,"column":3}},{"start":{},"end":{}}],"line":284},"14":{"loc":{"start":{"line":309,"column":61},"end":{"line":309,"column":72}},"type":"default-arg","locations":[{"start":{"line":309,"column":69},"end":{"line":309,"column":72}}],"line":309},"15":{"loc":{"start":{"line":315,"column":64},"end":{"line":315,"column":78}},"type":"default-arg","locations":[{"start":{"line":315,"column":74},"end":{"line":315,"column":78}}],"line":315},"16":{"loc":{"start":{"line":318,"column":2},"end":{"line":320,"column":3}},"type":"if","locations":[{"start":{"line":318,"column":2},"end":{"line":320,"column":3}},{"start":{},"end":{}}],"line":318},"17":{"loc":{"start":{"line":350,"column":4},"end":{"line":352,"column":5}},"type":"if","locations":[{"start":{"line":350,"column":4},"end":{"line":352,"column":5}},{"start":{},"end":{}}],"line":350},"18":{"loc":{"start":{"line":354,"column":4},"end":{"line":357,"column":5}},"type":"if","locations":[{"start":{"line":354,"column":4},"end":{"line":357,"column":5}},{"start":{},"end":{}}],"line":354},"19":{"loc":{"start":{"line":361,"column":7},"end":{"line":361,"column":54}},"type":"binary-expr","locations":[{"start":{"line":361,"column":7},"end":{"line":361,"column":49}},{"start":{"line":361,"column":53},"end":{"line":361,"column":54}}],"line":361},"20":{"loc":{"start":{"line":364,"column":4},"end":{"line":367,"column":5}},"type":"if","locations":[{"start":{"line":364,"column":4},"end":{"line":367,"column":5}},{"start":{},"end":{}}],"line":364},"21":{"loc":{"start":{"line":366,"column":9},"end":{"line":366,"column":67}},"type":"binary-expr","locations":[{"start":{"line":366,"column":9},"end":{"line":366,"column":62}},{"start":{"line":366,"column":66},"end":{"line":366,"column":67}}],"line":366},"22":{"loc":{"start":{"line":370,"column":30},"end":{"line":372,"column":7}},"type":"cond-expr","locations":[{"start":{"line":371,"column":6},"end":{"line":371,"column":54}},{"start":{"line":372,"column":6},"end":{"line":372,"column":7}}],"line":370},"23":{"loc":{"start":{"line":374,"column":34},"end":{"line":376,"column":7}},"type":"cond-expr","locations":[{"start":{"line":375,"column":6},"end":{"line":375,"column":56}},{"start":{"line":376,"column":6},"end":{"line":376,"column":7}}],"line":374},"24":{"loc":{"start":{"line":378,"column":29},"end":{"line":380,"column":7}},"type":"cond-expr","locations":[{"start":{"line":379,"column":6},"end":{"line":379,"column":81}},{"start":{"line":380,"column":6},"end":{"line":380,"column":7}}],"line":378},"25":{"loc":{"start":{"line":382,"column":29},"end":{"line":384,"column":7}},"type":"cond-expr","locations":[{"start":{"line":383,"column":6},"end":{"line":383,"column":82}},{"start":{"line":384,"column":6},"end":{"line":384,"column":7}}],"line":382}},"s":{"0":0,"1":0,"2":0,"3":0,"4":0,"5":0,"6":0,"7":0,"8":0,"9":0,"10":0,"11":0,"12":0,"13":0,"14":0,"15":0,"16":0,"17":0,"18":0,"19":0,"20":0,"21":0,"22":0,"23":0,"24":0,"25":0,"26":0,"27":0,"28":0,"29":0,"30":0,"31":0,"32":0,"33":0,"34":0,"35":0,"36":0,"37":0,"38":0,"39":0,"40":0,"41":0,"42":0,"43":0,"44":0,"45":0,"46":0,"47":0,"48":0,"49":0,"50":0,"51":0,"52":0,"53":0,"54":0,"55":0,"56":0,"57":0,"58":0,"59":0,"60":0,"61":0,"62":0,"63":0,"64":0,"65":0,"66":0,"67":0,"68":0,"69":0,"70":0,"71":0,"72":0,"73":0,"74":0,"75":0,"76":0,"77":0,"78":0,"79":0,"80":0,"81":0,"82":0,"83":0,"84":0,"85":0,"86":0,"87":0},"f":{"0":0,"1":0,"2":0,"3":0,"4":0,"5":0,"6":0,"7":0,"8":0,"9":0,"10":0,"11":0,"12":0,"13":0,"14":0,"15":0},"b":{"0":[0,0],"1":[0,0],"2":[0],"3":[0,0],"4":[0,0],"5":[0],"6":[0,0],"7":[0,0],"8":[0],"9":[0],"10":[0,0],"11":[0,0],"12":[0,0],"13":[0,0],"14":[0],"15":[0],"16":[0,0],"17":[0,0],"18":[0,0],"19":[0,0],"20":[0,0],"21":[0,0],"22":[0,0],"23":[0,0],"24":[0,0],"25":[0,0]}}
,"D:\\consultancy\\backend\\models\\inventoryLog.js": {"path":"D:\\consultancy\\backend\\models\\inventoryLog.js","statementMap":{"0":{"start":{"line":2,"column":17},"end":{"line":2,"column":36}},"1":{"start":{"line":4,"column":27},"end":{"line":54,"column":2}},"2":{"start":{"line":57,"column":0},"end":{"line":57,"column":56}},"3":{"start":{"line":58,"column":0},"end":{"line":58,"column":39}},"4":{"start":{"line":59,"column":0},"end":{"line":59,"column":55}},"5":{"start":{"line":61,"column":0},"end":{"line":61,"column":68}}},"fnMap":{},"branchMap":{},"s":{"0":0,"1":0,"2":0,"3":0,"4":0,"5":0},"f":{},"b":{}}
,"D:\\consultancy\\backend\\models\\order.js": {"path":"D:\\consultancy\\backend\\models\\order.js","statementMap":{"0":{"start":{"line":2,"column":17},"end":{"line":2,"column":36}},"1":{"start":{"line":4,"column":24},"end":{"line":18,"column":2}},"2":{"start":{"line":20,"column":20},"end":{"line":113,"column":2}},"3":{"start":{"line":116,"column":0},"end":{"line":116,"column":46}},"4":{"start":{"line":117,"column":0},"end":{"line":117,"column":33}},"5":{"start":{"line":119,"column":0},"end":{"line":119,"column":54}}},"fnMap":{},"branchMap":{},"s":{"0":0,"1":0,"2":0,"3":0,"4":0,"5":0},"f":{},"b":{}}
,"D:\\consultancy\\backend\\models\\product.js": {"path":"D:\\consultancy\\backend\\models\\product.js","statementMap":{"0":{"start":{"line":2,"column":17},"end":{"line":2,"column":36}},"1":{"start":{"line":4,"column":22},"end":{"line":92,"column":2}},"2":{"start":{"line":95,"column":0},"end":{"line":95,"column":59}},"3":{"start":{"line":96,"column":0},"end":{"line":96,"column":47}},"4":{"start":{"line":97,"column":0},"end":{"line":97,"column":52}},"5":{"start":{"line":98,"column":0},"end":{"line":98,"column":34}},"6":{"start":{"line":99,"column":0},"end":{"line":99,"column":52}},"7":{"start":{"line":100,"column":0},"end":{"line":100,"column":34}},"8":{"start":{"line":101,"column":0},"end":{"line":101,"column":33}},"9":{"start":{"line":104,"column":0},"end":{"line":106,"column":3}},"10":{"start":{"line":105,"column":2},"end":{"line":105,"column":32}},"11":{"start":{"line":109,"column":0},"end":{"line":114,"column":3}},"12":{"start":{"line":110,"column":17},"end":{"line":110,"column":33}},"13":{"start":{"line":111,"column":2},"end":{"line":113,"column":3}},"14":{"start":{"line":112,"column":4},"end":{"line":112,"column":38}},"15":{"start":{"line":116,"column":0},"end":{"line":116,"column":58}}},"fnMap":{"0":{"name":"(anonymous_0)","decl":{"start":{"line":104,"column":26},"end":{"line":104,"column":27}},"loc":{"start":{"line":104,"column":37},"end":{"line":106,"column":1}},"line":104},"1":{"name":"(anonymous_1)","decl":{"start":{"line":109,"column":38},"end":{"line":109,"column":39}},"loc":{"start":{"line":109,"column":49},"end":{"line":114,"column":1}},"line":109}},"branchMap":{"0":{"loc":{"start":{"line":111,"column":2},"end":{"line":113,"column":3}},"type":"if","locations":[{"start":{"line":111,"column":2},"end":{"line":113,"column":3}},{"start":{},"end":{}}],"line":111}},"s":{"0":0,"1":0,"2":0,"3":0,"4":0,"5":0,"6":0,"7":0,"8":0,"9":0,"10":0,"11":0,"12":0,"13":0,"14":0,"15":0},"f":{"0":0,"1":0},"b":{"0":[0,0]}}
,"D:\\consultancy\\backend\\models\\review.js": {"path":"D:\\consultancy\\backend\\models\\review.js","statementMap":{"0":{"start":{"line":2,"column":17},"end":{"line":2,"column":36}},"1":{"start":{"line":4,"column":21},"end":{"line":44,"column":2}},"2":{"start":{"line":47,"column":0},"end":{"line":47,"column":62}},"3":{"start":{"line":50,"column":0},"end":{"line":50,"column":50}},"4":{"start":{"line":51,"column":0},"end":{"line":51,"column":47}},"5":{"start":{"line":53,"column":0},"end":{"line":53,"column":56}}},"fnMap":{},"branchMap":{},"s":{"0":0,"1":0,"2":0,"3":0,"4":0,"5":0},"f":{},"b":{}}
,"D:\\consultancy\\backend\\models\\user.js": {"path":"D:\\consultancy\\backend\\models\\user.js","statementMap":{"0":{"start":{"line":2,"column":17},"end":{"line":2,"column":36}},"1":{"start":{"line":3,"column":15},"end":{"line":3,"column":34}},"2":{"start":{"line":5,"column":19},"end":{"line":28,"column":24}},"3":{"start":{"line":31,"column":0},"end":{"line":36,"column":3}},"4":{"start":{"line":32,"column":2},"end":{"line":32,"column":43}},"5":{"start":{"line":32,"column":36},"end":{"line":32,"column":43}},"6":{"start":{"line":34,"column":15},"end":{"line":34,"column":39}},"7":{"start":{"line":35,"column":2},"end":{"line":35,"column":57}},"8":{"start":{"line":39,"column":0},"end":{"line":41,"column":2}},"9":{"start":{"line":40,"column":2},"end":{"line":40,"column":64}},"10":{"start":{"line":43,"column":0},"end":{"line":43,"column":52}}},"fnMap":{"0":{"name":"(anonymous_0)","decl":{"start":{"line":31,"column":23},"end":{"line":31,"column":24}},"loc":{"start":{"line":31,"column":40},"end":{"line":36,"column":1}},"line":31},"1":{"name":"(anonymous_1)","decl":{"start":{"line":39,"column":37},"end":{"line":39,"column":38}},"loc":{"start":{"line":39,"column":71},"end":{"line":41,"column":1}},"line":39}},"branchMap":{"0":{"loc":{"start":{"line":32,"column":2},"end":{"line":32,"column":43}},"type":"if","locations":[{"start":{"line":32,"column":2},"end":{"line":32,"column":43}},{"start":{},"end":{}}],"line":32}},"s":{"0":1,"1":1,"2":1,"3":1,"4":18,"5":10,"6":8,"7":8,"8":1,"9":0,"10":1},"f":{"0":18,"1":0},"b":{"0":[10,8]},"_coverageSchema":"1a1c01bbd47fc00a2c39e90264f33305004495a9","hash":"e6292bcda358d496fec1c34877fc8a61fca6acf9"}
,"D:\\consultancy\\backend\\models\\wishlist.js": {"path":"D:\\consultancy\\backend\\models\\wishlist.js","statementMap":{"0":{"start":{"line":2,"column":17},"end":{"line":2,"column":36}},"1":{"start":{"line":4,"column":27},"end":{"line":14,"column":2}},"2":{"start":{"line":16,"column":23},"end":{"line":26,"column":2}},"3":{"start":{"line":29,"column":0},"end":{"line":29,"column":45}},"4":{"start":{"line":31,"column":0},"end":{"line":31,"column":60}}},"fnMap":{},"branchMap":{},"s":{"0":0,"1":0,"2":0,"3":0,"4":0},"f":{},"b":{}}
,"D:\\consultancy\\backend\\routes\\adminManagement.js": {"path":"D:\\consultancy\\backend\\routes\\adminManagement.js","statementMap":{"0":{"start":{"line":2,"column":16},"end":{"line":2,"column":34}},"1":{"start":{"line":3,"column":15},"end":{"line":3,"column":31}},"2":{"start":{"line":4,"column":15},"end":{"line":4,"column":34}},"3":{"start":{"line":5,"column":13},"end":{"line":5,"column":38}},"4":{"start":{"line":6,"column":24},"end":{"line":6,"column":53}},"5":{"start":{"line":13,"column":0},"end":{"line":298,"column":3}},"6":{"start":{"line":14,"column":2},"end":{"line":297,"column":3}},"7":{"start":{"line":15,"column":99},"end":{"line":15,"column":107}},"8":{"start":{"line":16,"column":20},"end":{"line":16,"column":30}},"9":{"start":{"line":18,"column":4},"end":{"line":25,"column":7}},"10":{"start":{"line":31,"column":4},"end":{"line":36,"column":5}},"11":{"start":{"line":32,"column":6},"end":{"line":35,"column":9}},"12":{"start":{"line":39,"column":4},"end":{"line":39,"column":45}},"13":{"start":{"line":40,"column":4},"end":{"line":40,"column":47}},"14":{"start":{"line":41,"column":4},"end":{"line":41,"column":56}},"15":{"start":{"line":42,"column":4},"end":{"line":42,"column":56}},"16":{"start":{"line":43,"column":4},"end":{"line":43,"column":68}},"17":{"start":{"line":44,"column":4},"end":{"line":44,"column":65}},"18":{"start":{"line":47,"column":4},"end":{"line":52,"column":5}},"19":{"start":{"line":48,"column":6},"end":{"line":51,"column":9}},"20":{"start":{"line":58,"column":18},"end":{"line":58,"column":66}},"21":{"start":{"line":60,"column":4},"end":{"line":65,"column":5}},"22":{"start":{"line":61,"column":6},"end":{"line":64,"column":9}},"23":{"start":{"line":71,"column":28},"end":{"line":71,"column":81}},"24":{"start":{"line":73,"column":4},"end":{"line":78,"column":5}},"25":{"start":{"line":74,"column":6},"end":{"line":77,"column":9}},"26":{"start":{"line":84,"column":4},"end":{"line":113,"column":5}},"27":{"start":{"line":86,"column":6},"end":{"line":112,"column":7}},"28":{"start":{"line":87,"column":8},"end":{"line":87,"column":63}},"29":{"start":{"line":88,"column":8},"end":{"line":88,"column":22}},"30":{"start":{"line":91,"column":27},"end":{"line":91,"column":55}},"31":{"start":{"line":93,"column":8},"end":{"line":98,"column":9}},"32":{"start":{"line":94,"column":10},"end":{"line":97,"column":13}},"33":{"start":{"line":101,"column":28},"end":{"line":104,"column":10}},"34":{"start":{"line":106,"column":8},"end":{"line":111,"column":9}},"35":{"start":{"line":107,"column":10},"end":{"line":110,"column":13}},"36":{"start":{"line":119,"column":4},"end":{"line":156,"column":5}},"37":{"start":{"line":121,"column":6},"end":{"line":155,"column":7}},"38":{"start":{"line":122,"column":8},"end":{"line":122,"column":66}},"39":{"start":{"line":123,"column":8},"end":{"line":123,"column":25}},"40":{"start":{"line":126,"column":8},"end":{"line":131,"column":9}},"41":{"start":{"line":127,"column":10},"end":{"line":130,"column":13}},"42":{"start":{"line":134,"column":30},"end":{"line":134,"column":47}},"43":{"start":{"line":136,"column":8},"end":{"line":141,"column":9}},"44":{"start":{"line":137,"column":10},"end":{"line":140,"column":13}},"45":{"start":{"line":144,"column":31},"end":{"line":147,"column":10}},"46":{"start":{"line":149,"column":8},"end":{"line":154,"column":9}},"47":{"start":{"line":150,"column":10},"end":{"line":153,"column":13}},"48":{"start":{"line":162,"column":4},"end":{"line":196,"column":5}},"49":{"start":{"line":164,"column":6},"end":{"line":169,"column":7}},"50":{"start":{"line":165,"column":8},"end":{"line":168,"column":11}},"51":{"start":{"line":172,"column":6},"end":{"line":177,"column":7}},"52":{"start":{"line":173,"column":8},"end":{"line":176,"column":11}},"53":{"start":{"line":180,"column":27},"end":{"line":180,"column":52}},"54":{"start":{"line":181,"column":27},"end":{"line":181,"column":52}},"55":{"start":{"line":182,"column":24},"end":{"line":182,"column":49}},"56":{"start":{"line":183,"column":29},"end":{"line":183,"column":71}},"57":{"start":{"line":185,"column":6},"end":{"line":190,"column":7}},"58":{"start":{"line":186,"column":8},"end":{"line":189,"column":11}},"59":{"start":{"line":193,"column":6},"end":{"line":195,"column":7}},"60":{"start":{"line":194,"column":8},"end":{"line":194,"column":76}},"61":{"start":{"line":202,"column":4},"end":{"line":228,"column":5}},"62":{"start":{"line":204,"column":6},"end":{"line":227,"column":7}},"63":{"start":{"line":205,"column":8},"end":{"line":205,"column":70}},"64":{"start":{"line":206,"column":8},"end":{"line":206,"column":28}},"65":{"start":{"line":210,"column":27},"end":{"line":210,"column":46}},"66":{"start":{"line":212,"column":8},"end":{"line":217,"column":9}},"67":{"start":{"line":213,"column":10},"end":{"line":216,"column":13}},"68":{"start":{"line":220,"column":27},"end":{"line":220,"column":60}},"69":{"start":{"line":221,"column":8},"end":{"line":226,"column":9}},"70":{"start":{"line":222,"column":10},"end":{"line":225,"column":13}},"71":{"start":{"line":231,"column":4},"end":{"line":236,"column":5}},"72":{"start":{"line":232,"column":6},"end":{"line":235,"column":9}},"73":{"start":{"line":242,"column":23},"end":{"line":242,"column":25}},"74":{"start":{"line":245,"column":4},"end":{"line":247,"column":5}},"75":{"start":{"line":246,"column":6},"end":{"line":246,"column":50}},"76":{"start":{"line":250,"column":4},"end":{"line":252,"column":5}},"77":{"start":{"line":251,"column":6},"end":{"line":251,"column":42}},"78":{"start":{"line":255,"column":4},"end":{"line":257,"column":5}},"79":{"start":{"line":256,"column":6},"end":{"line":256,"column":48}},"80":{"start":{"line":260,"column":4},"end":{"line":262,"column":5}},"81":{"start":{"line":261,"column":6},"end":{"line":261,"column":42}},"82":{"start":{"line":265,"column":4},"end":{"line":265,"column":39}},"83":{"start":{"line":266,"column":4},"end":{"line":266,"column":23}},"84":{"start":{"line":272,"column":26},"end":{"line":272,"column":28}},"85":{"start":{"line":273,"column":4},"end":{"line":273,"column":46}},"86":{"start":{"line":273,"column":18},"end":{"line":273,"column":46}},"87":{"start":{"line":274,"column":4},"end":{"line":274,"column":52}},"88":{"start":{"line":274,"column":21},"end":{"line":274,"column":52}},"89":{"start":{"line":275,"column":4},"end":{"line":275,"column":59}},"90":{"start":{"line":275,"column":24},"end":{"line":275,"column":59}},"91":{"start":{"line":276,"column":4},"end":{"line":276,"column":52}},"92":{"start":{"line":276,"column":21},"end":{"line":276,"column":52}},"93":{"start":{"line":278,"column":4},"end":{"line":288,"column":7}},"94":{"start":{"line":291,"column":4},"end":{"line":291,"column":60}},"95":{"start":{"line":292,"column":4},"end":{"line":296,"column":7}},"96":{"start":{"line":305,"column":0},"end":{"line":336,"column":3}},"97":{"start":{"line":306,"column":2},"end":{"line":335,"column":3}},"98":{"start":{"line":307,"column":18},"end":{"line":307,"column":108}},"99":{"start":{"line":309,"column":4},"end":{"line":314,"column":5}},"100":{"start":{"line":310,"column":6},"end":{"line":313,"column":9}},"101":{"start":{"line":316,"column":4},"end":{"line":327,"column":7}},"102":{"start":{"line":330,"column":4},"end":{"line":330,"column":53}},"103":{"start":{"line":331,"column":4},"end":{"line":334,"column":7}},"104":{"start":{"line":338,"column":0},"end":{"line":338,"column":24}}},"fnMap":{"0":{"name":"(anonymous_0)","decl":{"start":{"line":13,"column":47},"end":{"line":13,"column":48}},"loc":{"start":{"line":13,"column":67},"end":{"line":298,"column":1}},"line":13},"1":{"name":"(anonymous_1)","decl":{"start":{"line":305,"column":36},"end":{"line":305,"column":37}},"loc":{"start":{"line":305,"column":56},"end":{"line":336,"column":1}},"line":305}},"branchMap":{"0":{"loc":{"start":{"line":21,"column":16},"end":{"line":21,"column":37}},"type":"binary-expr","locations":[{"start":{"line":21,"column":16},"end":{"line":21,"column":24}},{"start":{"line":21,"column":28},"end":{"line":21,"column":37}}],"line":21},"1":{"loc":{"start":{"line":22,"column":19},"end":{"line":22,"column":43}},"type":"binary-expr","locations":[{"start":{"line":22,"column":19},"end":{"line":22,"column":30}},{"start":{"line":22,"column":34},"end":{"line":22,"column":43}}],"line":22},"2":{"loc":{"start":{"line":23,"column":22},"end":{"line":23,"column":49}},"type":"binary-expr","locations":[{"start":{"line":23,"column":22},"end":{"line":23,"column":36}},{"start":{"line":23,"column":40},"end":{"line":23,"column":49}}],"line":23},"3":{"loc":{"start":{"line":31,"column":4},"end":{"line":36,"column":5}},"type":"if","locations":[{"start":{"line":31,"column":4},"end":{"line":36,"column":5}},{"start":{},"end":{}}],"line":31},"4":{"loc":{"start":{"line":31,"column":8},"end":{"line":31,"column":51}},"type":"binary-expr","locations":[{"start":{"line":31,"column":8},"end":{"line":31,"column":24}},{"start":{"line":31,"column":28},"end":{"line":31,"column":51}}],"line":31},"5":{"loc":{"start":{"line":40,"column":15},"end":{"line":40,"column":46}},"type":"cond-expr","locations":[{"start":{"line":40,"column":26},"end":{"line":40,"column":41}},{"start":{"line":40,"column":44},"end":{"line":40,"column":46}}],"line":40},"6":{"loc":{"start":{"line":41,"column":18},"end":{"line":41,"column":55}},"type":"cond-expr","locations":[{"start":{"line":41,"column":32},"end":{"line":41,"column":50}},{"start":{"line":41,"column":53},"end":{"line":41,"column":55}}],"line":41},"7":{"loc":{"start":{"line":42,"column":18},"end":{"line":42,"column":55}},"type":"cond-expr","locations":[{"start":{"line":42,"column":32},"end":{"line":42,"column":50}},{"start":{"line":42,"column":53},"end":{"line":42,"column":55}}],"line":42},"8":{"loc":{"start":{"line":43,"column":22},"end":{"line":43,"column":67}},"type":"cond-expr","locations":[{"start":{"line":43,"column":40},"end":{"line":43,"column":62}},{"start":{"line":43,"column":65},"end":{"line":43,"column":67}}],"line":43},"9":{"loc":{"start":{"line":44,"column":21},"end":{"line":44,"column":64}},"type":"cond-expr","locations":[{"start":{"line":44,"column":38},"end":{"line":44,"column":59}},{"start":{"line":44,"column":62},"end":{"line":44,"column":64}}],"line":44},"10":{"loc":{"start":{"line":47,"column":4},"end":{"line":52,"column":5}},"type":"if","locations":[{"start":{"line":47,"column":4},"end":{"line":52,"column":5}},{"start":{},"end":{}}],"line":47},"11":{"loc":{"start":{"line":47,"column":8},"end":{"line":47,"column":68}},"type":"binary-expr","locations":[{"start":{"line":47,"column":8},"end":{"line":47,"column":17}},{"start":{"line":47,"column":21},"end":{"line":47,"column":33}},{"start":{"line":47,"column":37},"end":{"line":47,"column":49}},{"start":{"line":47,"column":53},"end":{"line":47,"column":68}}],"line":47},"12":{"loc":{"start":{"line":60,"column":4},"end":{"line":65,"column":5}},"type":"if","locations":[{"start":{"line":60,"column":4},"end":{"line":65,"column":5}},{"start":{},"end":{}}],"line":60},"13":{"loc":{"start":{"line":73,"column":4},"end":{"line":78,"column":5}},"type":"if","locations":[{"start":{"line":73,"column":4},"end":{"line":78,"column":5}},{"start":{},"end":{}}],"line":73},"14":{"loc":{"start":{"line":84,"column":4},"end":{"line":113,"column":5}},"type":"if","locations":[{"start":{"line":84,"column":4},"end":{"line":113,"column":5}},{"start":{},"end":{}}],"line":84},"15":{"loc":{"start":{"line":86,"column":6},"end":{"line":112,"column":7}},"type":"if","locations":[{"start":{"line":86,"column":6},"end":{"line":112,"column":7}},{"start":{"line":89,"column":13},"end":{"line":112,"column":7}}],"line":86},"16":{"loc":{"start":{"line":93,"column":8},"end":{"line":98,"column":9}},"type":"if","locations":[{"start":{"line":93,"column":8},"end":{"line":98,"column":9}},{"start":{},"end":{}}],"line":93},"17":{"loc":{"start":{"line":106,"column":8},"end":{"line":111,"column":9}},"type":"if","locations":[{"start":{"line":106,"column":8},"end":{"line":111,"column":9}},{"start":{},"end":{}}],"line":106},"18":{"loc":{"start":{"line":119,"column":4},"end":{"line":156,"column":5}},"type":"if","locations":[{"start":{"line":119,"column":4},"end":{"line":156,"column":5}},{"start":{},"end":{}}],"line":119},"19":{"loc":{"start":{"line":121,"column":6},"end":{"line":155,"column":7}},"type":"if","locations":[{"start":{"line":121,"column":6},"end":{"line":155,"column":7}},{"start":{"line":124,"column":13},"end":{"line":155,"column":7}}],"line":121},"20":{"loc":{"start":{"line":126,"column":8},"end":{"line":131,"column":9}},"type":"if","locations":[{"start":{"line":126,"column":8},"end":{"line":131,"column":9}},{"start":{},"end":{}}],"line":126},"21":{"loc":{"start":{"line":136,"column":8},"end":{"line":141,"column":9}},"type":"if","locations":[{"start":{"line":136,"column":8},"end":{"line":141,"column":9}},{"start":{},"end":{}}],"line":136},"22":{"loc":{"start":{"line":149,"column":8},"end":{"line":154,"column":9}},"type":"if","locations":[{"start":{"line":149,"column":8},"end":{"line":154,"column":9}},{"start":{},"end":{}}],"line":149},"23":{"loc":{"start":{"line":162,"column":4},"end":{"line":196,"column":5}},"type":"if","locations":[{"start":{"line":162,"column":4},"end":{"line":196,"column":5}},{"start":{},"end":{}}],"line":162},"24":{"loc":{"start":{"line":164,"column":6},"end":{"line":169,"column":7}},"type":"if","locations":[{"start":{"line":164,"column":6},"end":{"line":169,"column":7}},{"start":{},"end":{}}],"line":164},"25":{"loc":{"start":{"line":172,"column":6},"end":{"line":177,"column":7}},"type":"if","locations":[{"start":{"line":172,"column":6},"end":{"line":177,"column":7}},{"start":{},"end":{}}],"line":172},"26":{"loc":{"start":{"line":185,"column":6},"end":{"line":190,"column":7}},"type":"if","locations":[{"start":{"line":185,"column":6},"end":{"line":190,"column":7}},{"start":{},"end":{}}],"line":185},"27":{"loc":{"start":{"line":185,"column":10},"end":{"line":185,"column":54}},"type":"binary-expr","locations":[{"start":{"line":185,"column":10},"end":{"line":185,"column":23}},{"start":{"line":185,"column":27},"end":{"line":185,"column":40}},{"start":{"line":185,"column":44},"end":{"line":185,"column":54}}],"line":185},"28":{"loc":{"start":{"line":193,"column":6},"end":{"line":195,"column":7}},"type":"if","locations":[{"start":{"line":193,"column":6},"end":{"line":195,"column":7}},{"start":{},"end":{}}],"line":193},"29":{"loc":{"start":{"line":202,"column":4},"end":{"line":228,"column":5}},"type":"if","locations":[{"start":{"line":202,"column":4},"end":{"line":228,"column":5}},{"start":{},"end":{}}],"line":202},"30":{"loc":{"start":{"line":204,"column":6},"end":{"line":227,"column":7}},"type":"if","locations":[{"start":{"line":204,"column":6},"end":{"line":227,"column":7}},{"start":{"line":207,"column":13},"end":{"line":227,"column":7}}],"line":204},"31":{"loc":{"start":{"line":212,"column":8},"end":{"line":217,"column":9}},"type":"if","locations":[{"start":{"line":212,"column":8},"end":{"line":217,"column":9}},{"start":{},"end":{}}],"line":212},"32":{"loc":{"start":{"line":221,"column":8},"end":{"line":226,"column":9}},"type":"if","locations":[{"start":{"line
[...]
:7}},"type":"if","locations":[{"start":{"line":306,"column":6},"end":{"line":310,"column":7}},{"start":{},"end":{}}],"line":306},"40":{"loc":{"start":{"line":306,"column":10},"end":{"line":306,"column":60}},"type":"binary-expr","locations":[{"start":{"line":306,"column":10},"end":{"line":306,"column":33}},{"start":{"line":306,"column":37},"end":{"line":306,"column":60}}],"line":306},"41":{"loc":{"start":{"line":312,"column":24},"end":{"line":312,"column":57}},"type":"binary-expr","locations":[{"start":{"line":312,"column":24},"end":{"line":312,"column":31}},{"start":{"line":312,"column":35},"end":{"line":312,"column":57}}],"line":312},"42":{"loc":{"start":{"line":313,"column":23},"end":{"line":313,"column":60}},"type":"binary-expr","locations":[{"start":{"line":313,"column":23},"end":{"line":313,"column":49}},{"start":{"line":313,"column":53},"end":{"line":313,"column":60}}],"line":313},"43":{"loc":{"start":{"line":316,"column":14},"end":{"line":318,"column":55}},"type":"cond-expr","locations":[{"start":{"line":316,"column":37},"end":{"line":316,"column":53}},{"start":{"line":317,"column":14},"end":{"line":318,"column":55}}],"line":316},"44":{"loc":{"start":{"line":317,"column":14},"end":{"line":318,"column":55}},"type":"cond-expr","locations":[{"start":{"line":317,"column":40},"end":{"line":317,"column":59}},{"start":{"line":318,"column":14},"end":{"line":318,"column":55}}],"line":317},"45":{"loc":{"start":{"line":318,"column":14},"end":{"line":318,"column":55}},"type":"binary-expr","locations":[{"start":{"line":318,"column":14},"end":{"line":318,"column":35}},{"start":{"line":318,"column":39},"end":{"line":318,"column":55}}],"line":318},"46":{"loc":{"start":{"line":319,"column":14},"end":{"line":319,"column":83}},"type":"binary-expr","locations":[{"start":{"line":319,"column":14},"end":{"line":319,"column":45}},{"start":{"line":319,"column":50},"end":{"line":319,"column":82}}],"line":319},"47":{"loc":{"start":{"line":319,"column":50},"end":{"line":319,"column":82}},"type":"cond-expr","locations":[{"start":{"line":319,"column":73},"end":{"line":319,"column":76}},{"start":{"line":319,"column":79},"end":{"line":319,"column":82}}],"line":319},"48":{"loc":{"start":{"line":320,"column":16},"end":{"line":320,"column":74}},"type":"binary-expr","locations":[{"start":{"line":320,"column":16},"end":{"line":320,"column":36}},{"start":{"line":320,"column":40},"end":{"line":320,"column":74}}],"line":320},"49":{"loc":{"start":{"line":338,"column":45},"end":{"line":338,"column":82}},"type":"binary-expr","locations":[{"start":{"line":338,"column":45},"end":{"line":338,"column":65}},{"start":{"line":338,"column":69},"end":{"line":338,"column":82}}],"line":338},"50":{"loc":{"start":{"line":367,"column":4},"end":{"line":374,"column":5}},"type":"if","locations":[{"start":{"line":367,"column":4},"end":{"line":374,"column":5}},{"start":{},"end":{}}],"line":367},"51":{"loc":{"start":{"line":377,"column":4},"end":{"line":384,"column":5}},"type":"if","locations":[{"start":{"line":377,"column":4},"end":{"line":384,"column":5}},{"start":{},"end":{}}],"line":377},"52":{"loc":{"start":{"line":387,"column":4},"end":{"line":396,"column":5}},"type":"if","locations":[{"start":{"line":387,"column":4},"end":{"line":396,"column":5}},{"start":{},"end":{}}],"line":387},"53":{"loc":{"start":{"line":388,"column":6},"end":{"line":395,"column":7}},"type":"if","locations":[{"start":{"line":388,"column":6},"end":{"line":395,"column":7}},{"start":{},"end":{}}],"line":388},"54":{"loc":{"start":{"line":399,"column":4},"end":{"line":406,"column":5}},"type":"if","locations":[{"start":{"line":399,"column":4},"end":{"line":406,"column":5}},{"start":{},"end":{}}],"line":399},"55":{"loc":{"start":{"line":409,"column":4},"end":{"line":416,"column":5}},"type":"if","locations":[{"start":{"line":409,"column":4},"end":{"line":416,"column":5}},{"start":{},"end":{}}],"line":409},"56":{"loc":{"start":{"line":428,"column":6},"end":{"line":428,"column":25}},"type":"if","locations":[{"start":{"line":428,"column":6},"end":{"line":428,"column":25}},{"start":{},"end":{}}],"line":428},"57":{"loc":{"start":{"line":430,"column":26},"end":{"line":433,"column":64}},"type":"cond-expr","locations":[{"start":{"line":430,"column":54},"end":{"line":430,"column":57}},{"start":{"line":431,"column":25},"end":{"line":433,"column":64}}],"line":430},"58":{"loc":{"start":{"line":431,"column":25},"end":{"line":433,"column":64}},"type":"cond-expr","locations":[{"start":{"line":431,"column":53},"end":{"line":431,"column":56}},{"start":{"line":432,"column":25},"end":{"line":433,"column":64}}],"line":431},"59":{"loc":{"start":{"line":432,"column":25},"end":{"line":433,"column":64}},"type":"cond-expr","locations":[{"start":{"line":432,"column":54},"end":{"line":432,"column":58}},{"start":{"line":433,"column":25},"end":{"line":433,"column":64}}],"line":432},"60":{"loc":{"start":{"line":433,"column":25},"end":{"line":433,"column":64}},"type":"cond-expr","locations":[{"start":{"line":433,"column":54},"end":{"line":433,"column":58}},{"start":{"line":433,"column":61},"end":{"line":433,"column":64}}],"line":433},"61":{"loc":{"start":{"line":437,"column":6},"end":{"line":441,"column":7}},"type":"if","locations":[{"start":{"line":437,"column":6},"end":{"line":441,"column":7}},{"start":{},"end":{}}],"line":437},"62":{"loc":{"start":{"line":437,"column":10},"end":{"line":437,"column":64}},"type":"binary-expr","locations":[{"start":{"line":437,"column":10},"end":{"line":437,"column":23}},{"start":{"line":437,"column":27},"end":{"line":437,"column":64}}],"line":437},"63":{"loc":{"start":{"line":443,"column":6},"end":{"line":447,"column":7}},"type":"if","locations":[{"start":{"line":443,"column":6},"end":{"line":447,"column":7}},{"start":{},"end":{}}],"line":443},"64":{"loc":{"start":{"line":443,"column":10},"end":{"line":443,"column":49}},"type":"binary-expr","locations":[{"start":{"line":443,"column":10},"end":{"line":443,"column":22}},{"start":{"line":443,"column":26},"end":{"line":443,"column":49}}],"line":443},"65":{"loc":{"start":{"line":449,"column":6},"end":{"line":451,"column":7}},"type":"if","locations":[{"start":{"line":449,"column":6},"end":{"line":451,"column":7}},{"start":{},"end":{}}],"line":449},"66":{"loc":{"start":{"line":457,"column":4},"end":{"line":466,"column":5}},"type":"if","locations":[{"start":{"line":457,"column":4},"end":{"line":466,"column":5}},{"start":{},"end":{}}],"line":457},"67":{"loc":{"start":{"line":460,"column":30},"end":{"line":461,"column":67}},"type":"cond-expr","locations":[{"start":{"line":460,"column":56},"end":{"line":460,"column":60}},{"start":{"line":461,"column":28},"end":{"line":461,"column":67}}],"line":460},"68":{"loc":{"start":{"line":461,"column":28},"end":{"line":461,"column":67}},"type":"cond-expr","locations":[{"start":{"line":461,"column":56},"end":{"line":461,"column":60}},{"start":{"line":461,"column":63},"end":{"line":461,"column":67}}],"line":461},"69":{"loc":{"start":{"line":480,"column":17},"end":{"line":480,"column":78}},"type":"binary-expr","locations":[{"start":{"line":480,"column":17},"end":{"line":480,"column":45}},{"start":{"line":480,"column":49},"end":{"line":480,"column":78}}],"line":480},"70":{"loc":{"start":{"line":481,"column":23},"end":{"line":481,"column":71}},"type":"binary-expr","locations":[{"start":{"line":481,"column":23},"end":{"line":481,"column":45}},{"start":{"line":481,"column":49},"end":{"line":481,"column":71}}],"line":481}},"s":{"0":0,"1":0,"2":0,"3":0,"4":0,"5":0,"6":0,"7":0,"8":0,"9":0,"10":0,"11":0,"12":0,"13":0,"14":0,"15":0,"16":0,"17":0,"18":0,"19":0,"20":0,"21":0,"22":0,"23":0,"24":0,"25":0,"26":0,"27":0,"28":0,"29":0,"30":0,"31":0,"32":0,"33":0,"34":0,"35":0,"36":0,"37":0,"38":0,"39":0,"40":0,"41":0,"42":0,"43":0,"44":0,"45":0,"46":0,"47":0,"48":0,"49":0,"50":0,"51":0,"52":0,"53":0,"54":0,"55":0,"56":0,"57":0,"58":0,"59":0,"60":0,"61":0,"62":0,"63":0,"64":0,"65":0,"66":0,"67":0,"68":0,"69":0,"70":0,"71":0,"72":0,"73":0,"74":0,"75":0,"76":0,"77":0,"78":0,"79":0,"80":0,"81":0,"82":0,"83":0,"84":0,"85":0,"86":0,"87":0,"88":0,"89":0,"90":0,"91":0,"92":0,"93":0,"94":0,"95":0,"96":0,"97":0,"98":0,"99":0,"100":0,"101":0,"102":0,"103":0,"104":0,"105":0,"106":0,"107":0,"108":0,"109":0,"110":0,"111":0,"112":0,"113":0,"114":0,"115":0,"116":0,"117":0,"118":0,"119":0,"120":0,"121":0,"122":0,"123":0,"124":0,"125":0,"126":0,"127":0,"128":0,"129":0,"130":0,"131":0,"132":0,"133":0,"134":0,"135":0,"136":0,"137":0,"138":0,"139":0,"140":0,"141":0,"142":0,"143":0,"144":0,"145":0,"146":0,"147":0,"148":0,"149":0,"150":0,"151":0,"152":0,"153":0,"154":0,"155":0,"156":0,"157":0,"158":0,"159":0,"160":0,"161":0,"162":0,"163":0,"164":0,"165":0,"166":0,"167":0,"168":0,"169":0,"170":0,"171":0,"172":0},"f":{"0":0,"1":0,"2":0,"3":0,"4":0,"5":0,"6":0,"7":0,"8":0,"9":0,"10":0,"11":0,"12":0,"13":0,"14":0,"15":0,"16":0,"17":0,"18":0,"19":0,"20":0},"b":{"0":[0,0],"1":[0,0],"2":[0,0],"3":[0,0],"4":[0,0],"5":[0,0],"6":[0,0],"7":[0,0],"8":[0,0],"9":[0,0],"10":[0,0],"11":[0,0],"12":[0,0],"13":[0,0],"14":[0,0],"15":[0,0],"16":[0,0],"17":[0],"18":[0,0],"19":[0,0],"20":[0,0],"21":[0,0],"22":[0,0],"23":[0,0],"24":[0,0],"25":[0,0],"26":[0,0],"27":[0,0],"28":[0,0],"29":[0,0],"30":[0,0],"31":[0,0],"32":[0,0],"33":[0,0],"34":[0,0],"35":[0,0],"36":[0,0],"37":[0,0],"38":[0],"39":[0,0],"40":[0,0],"41":[0,0],"42":[0,0],"43":[0,0],"44":[0,0],"45":[0,0],"46":[0,0],"47":[0,0],"48":[0,0],"49":[0,0],"50":[0,0],"51":[0,0],"52":[0,0],"53":[0,0],"54":[0,0],"55":[0,0],"56":[0,0],"57":[0,0],"58":[0,0],"59":[0,0],"60":[0,0],"61":[0,0],"62":[0,0],"63":[0,0],"64":[0,0],"65":[0,0],"66":[0,0],"67":[0,0],"68":[0,0],"69":[0,0],"70":[0,0]}}
,"D:\\consultancy\\backend\\utils\\inventoryManager.js": {"path":"D:\\consultancy\\backend\\utils\\inventoryManager.js","statementMap":{"0":{"start":{"line":2,"column":16},"end":{"line":2,"column":44}},"1":{"start":{"line":3,"column":21},"end":{"line":3,"column":54}},"2":{"start":{"line":9,"column":2},"end":{"line":27,"column":3}},"3":{"start":{"line":10,"column":16},"end":{"line":20,"column":6}},"4":{"start":{"line":22,"column":4},"end":{"line":22,"column":21}},"5":{"start":{"line":23,"column":4},"end":{"line":23,"column":15}},"6":{"start":{"line":25,"column":4},"end":{"line":25,"column":58}},"7":{"start":{"line":26,"column":4},"end":{"line":26,"column":14}},"8":{"start":{"line":34,"column":18},"end":{"line":34,"column":51}},"9":{"start":{"line":36,"column":2},"end":{"line":38,"column":3}},"10":{"start":{"line":37,"column":4},"end":{"line":37,"column":41}},"11":{"start":{"line":40,"column":2},"end":{"line":42,"column":3}},"12":{"start":{"line":41,"column":4},"end":{"line":41,"column":95}},"13":{"start":{"line":44,"column":22},"end":{"line":44,"column":35}},"14":{"start":{"line":47,"column":2},"end":{"line":47,"column":28}},"15":{"start":{"line":48,"column":2},"end":{"line":48,"column":38}},"16":{"start":{"line":49,"column":2},"end":{"line":49,"column":23}},"17":{"start":{"line":52,"column":2},"end":{"line":61,"column":5}},"18":{"start":{"line":63,"column":2},"end":{"line":63,"column":17}},"19":{"start":{"line":70,"column":18},"end":{"line":70,"column":20}},"20":{"start":{"line":72,"column":2},"end":{"line":103,"column":3}},"21":{"start":{"line":73,"column":20},"end":{"line":73,"column":56}},"22":{"start":{"line":75,"column":4},"end":{"line":78,"column":5}},"23":{"start":{"line":76,"column":6},"end":{"line":76,"column":58}},"24":{"start":{"line":77,"column":6},"end":{"line":77,"column":15}},"25":{"start":{"line":81,"column":4},"end":{"line":94,"column":7}},"26":{"start":{"line":96,"column":4},"end":{"line":102,"column":7}},"27":{"start":{"line":105,"column":2},"end":{"line":105,"column":17}},"28":{"start":{"line":112,"column":18},"end":{"line":112,"column":20}},"29":{"start":{"line":114,"column":2},"end":{"line":158,"column":3}},"30":{"start":{"line":115,"column":20},"end":{"line":115,"column":56}},"31":{"start":{"line":117,"column":4},"end":{"line":126,"column":5}},"32":{"start":{"line":118,"column":6},"end":{"line":118,"column":58}},"33":{"start":{"line":119,"column":6},"end":{"line":124,"column":9}},"34":{"start":{"line":125,"column":6},"end":{"line":125,"column":15}},"35":{"start":{"line":128,"column":24},"end":{"line":128,"column":37}},"36":{"start":{"line":131,"column":4},"end":{"line":131,"column":35}},"37":{"start":{"line":132,"column":4},"end":{"line":132,"column":40}},"38":{"start":{"line":133,"column":4},"end":{"line":133,"column":25}},"39":{"start":{"line":136,"column":4},"end":{"line":149,"column":7}},"40":{"start":{"line":151,"column":4},"end":{"line":157,"column":7}},"41":{"start":{"line":160,"column":2},"end":{"line":160,"column":17}},"42":{"start":{"line":167,"column":18},"end":{"line":167,"column":20}},"43":{"start":{"line":169,"column":2},"end":{"line":191,"column":3}},"44":{"start":{"line":170,"column":20},"end":{"line":170,"column":58}},"45":{"start":{"line":172,"column":4},"end":{"line":179,"column":5}},"46":{"start":{"line":173,"column":6},"end":{"line":177,"column":9}},"47":{"start":{"line":178,"column":6},"end":{"line":178,"column":15}},"48":{"start":{"line":181,"column":22},"end":{"line":181,"column":71}},"49":{"start":{"line":183,"column":4},"end":{"line":190,"column":7}},"50":{"start":{"line":193,"column":2},"end":{"line":193,"column":17}},"51":{"start":{"line":200,"column":16},"end":{"line":200,"column":55}},"52":{"start":{"line":202,"column":16},"end":{"line":242,"column":4}},"53":{"start":{"line":244,"column":2},"end":{"line":246,"column":3}},"54":{"start":{"line":245,"column":4},"end":{"line":245,"column":28}},"55":{"start":{"line":248,"column":2},"end":{"line":248,"column":15}},"56":{"start":{"line":255,"column":19},"end":{"line":258,"column":40}},"57":{"start":{"line":260,"column":2},"end":{"line":260,"column":18}},"58":{"start":{"line":267,"column":19},"end":{"line":270,"column":34}},"59":{"start":{"line":272,"column":2},"end":{"line":272,"column":18}},"60":{"start":{"line":275,"column":0},"end":{"line":284,"column":2}}},"fnMap":{"0":{"name":"logInventoryChange","decl":{"start":{"line":8,"column":15},"end":{"line":8,"column":33}},"loc":{"start":{"line":8,"column":40},"end":{"line":28,"column":1}},"line":8},"1":{"name":"reserveStock","decl":{"start":{"line":33,"column":15},"end":{"line":33,"column":27}},"loc":{"start":{"line":33,"column":66},"end":{"line":64,"column":1}},"line":33},"2":{"name":"confirmStockDeduction","decl":{"start":{"line":69,"column":15},"end":{"line":69,"column":36}},"loc":{"start":{"line":69,"column":52},"end":{"line":106,"column":1}},"line":69},"3":{"name":"restoreStock","decl":{"start":{"line":111,"column":15},"end":{"line":111,"column":27}},"loc":{"start":{"line":111,"column":57},"end":{"line":161,"column":1}},"line":111},"4":{"name":"checkStockAvailability","decl":{"start":{"line":166,"column":15},"end":{"line":166,"column":37}},"loc":{"start":{"line":166,"column":45},"end":{"line":194,"column":1}},"line":166},"5":{"name":"getInventoryStats","decl":{"start":{"line":199,"column":15},"end":{"line":199,"column":32}},"loc":{"start":{"line":199,"column":51},"end":{"line":249,"column":1}},"line":199},"6":{"name":"getLowStockProducts","decl":{"start":{"line":254,"column":15},"end":{"line":254,"column":34}},"loc":{"start":{"line":254,"column":51},"end":{"line":261,"column":1}},"line":254},"7":{"name":"getOutOfStockProducts","decl":{"start":{"line":266,"column":15},"end":{"line":266,"column":36}},"loc":{"start":{"line":266,"column":39},"end":{"line":273,"column":1}},"line":266}},"branchMap":{"0":{"loc":{"start":{"line":11,"column":15},"end":{"line":11,"column":45}},"type":"binary-expr","locations":[{"start":{"line":11,"column":15},"end":{"line":11,"column":27}},{"start":{"line":11,"column":31},"end":{"line":11,"column":45}}],"line":11},"1":{"loc":{"start":{"line":12,"column":13},"end":{"line":12,"column":39}},"type":"binary-expr","locations":[{"start":{"line":12,"column":13},"end":{"line":12,"column":23}},{"start":{"line":12,"column":27},"end":{"line":12,"column":39}}],"line":12},"2":{"loc":{"start":{"line":17,"column":19},"end":{"line":17,"column":50}},"type":"binary-expr","locations":[{"start":{"line":17,"column":19},"end":{"line":17,"column":35}},{"start":{"line":17,"column":39},"end":{"line":17,"column":50}}],"line":17},"3":{"loc":{"start":{"line":19,"column":16},"end":{"line":19,"column":35}},"type":"binary-expr","locations":[{"start":{"line":19,"column":16},"end":{"line":19,"column":29}},{"start":{"line":19,"column":33},"end":{"line":19,"column":35}}],"line":19},"4":{"loc":{"start":{"line":36,"column":2},"end":{"line":38,"column":3}},"type":"if","locations":[{"start":{"line":36,"column":2},"end":{"line":38,"column":3}},{"start":{},"end":{}}],"line":36},"5":{"loc":{"start":{"line":40,"column":2},"end":{"line":42,"column":3}},"type":"if","locations":[{"start":{"line":40,"column":2},"end":{"line":42,"column":3}},{"start":{},"end":{}}],"line":40},"6":{"loc":{"start":{"line":75,"column":4},"end":{"line":78,"column":5}},"type":"if","locations":[{"start":{"line":75,"column":4},"end":{"line":78,"column":5}},{"start":{},"end":{}}],"line":75},"7":{"loc":{"start":{"line":117,"column":4},"end":{"line":126,"column":5}},"type":"if","locations":[{"start":{"line":117,"column":4},"end":{"line":126,"column":5}},{"start":{},"end":{}}],"line":117},"8":{"loc":{"start":{"line":144,"column":14},"end":{"line":144,"column":64}},"type":"binary-expr","locations":[{"start":{"line":144,"column":14},"end":{"line":144,"column":26}},{"start":{"line":144,"column":30},"end":{"line":144,"column":64}}],"line":144},"9":{"loc":{"start":{"line":172,"column":4},"end":{"line":179,"column":5}},"type":"if","locations":[{"start":{"line":172,"column":4},"end":{"line":179,"column":5}},{"start":{},"end":{}}],"line":172},"10":{"loc":{"start":{"line":181,"column":22},"end":{"line":181,"column":71}},"type":"binary-expr","locations":[{"start":{"line":181,"column":22},"end":{"line":181,"column":37}},{"start":{"line":181,"column":41},"end":{"line":181,"column":71}}],"line":181},"11":{"loc":{"start":{"line":189,"column":14},"end":{"line":189,"column":88}},"type":"cond-expr","locations":[{"start":{"line":189,"column":26},"end":{"line":189,"column":36}},{"start":{"line":189,"column":39},"end":{"line":189,"column":88}}],"line":189},"12":{"loc":{"start":{"line":199,"column":33},"end":{"line":199,"column":49}},"type":"default-arg","locations":[{"start":{"line":199,"column":45},"end":{"line":199,"column":49}}],"line":199},"13":{"loc":{"start":{"line":200,"column":16},"end":{"line":200,"column":55}},"type":"cond-expr","locations":[{"start":{"line":200,"column":28},"end":{"line":200,"column":50}},{"start":{"line":200,"column":53},"end":{"line":200,"column":55}}],"line":200},"14":{"loc":{"start":{"line":244,"column":2},"end":{"line":246,"column":3}},"type":"if","locations":[{"start":{"line":244,"column":2},"end":{"line":246,"column":3}},{"start":{},"end":{}}],"line":244},"15":{"loc":{"start":{"line":245,"column":11},"end":{"line":245,"column":27}},"type":"binary-expr","locations":[{"start":{"line":245,"column":11},"end":{"line":245,"column":19}},{"start":{"line":245,"column":23},"end":{"line":245,"column":27}}],"line":245},"16":{"loc":{"start":{"line":254,"column":35},"end":{"line":254,"column":49}},"type":"default-arg","locations":[{"start":{"line":254,"column":47},"end":{"line":254,"column":49}}],"line":254}},"s":{"0":0,"1":0,"2":0,"3":0,"4":0,"5":0,"6":0,"7":0,"8":0,"9":0,"10":0,"11":0,"12":0,"13":0,"14":0,"15":0,"16":0,"17":0,"18":0,"19":0,"20":0,"21":0,"22":0,"23":0,"24":0,"25":0,"26":0,"27":0,"28":0,"29":0,"30":0,"31":0,"32":0,"33":0,"34":0,"35":0,"36":0,"37":0,"38":0,"39":0,"40":0,"41":0,"42":0,"43":0,"44":0,"45":0,"46":0,"47":0,"48":0,"49":0,"50":0,"51":0,"52":0,"53":0,"54":0,"55":0,"56":0,"57":0,"58":0,"59":0,"60":0},"f":{"0":0,"1":0,"2":0,"3":0,"4":0,"5":0,"6":0,"7":0},"b":{"0":[0,0],"1":[0,0],"2":[0,0],"3":[0,0],"4":[0,0],"5":[0,0],"6":[0,0],"7":[0,0],"8":[0,0],"9":[0,0],"10":[0,0],"11":[0,0],"12":[0],"13":[0,0],"14":[0,0],"15":[0,0],"16":[0]}}
}
