{"D:\\consultancy\\backend\\config\\cloudinary.js": {"path":"D:\\consultancy\\backend\\config\\cloudinary.js","statementMap":{"0":{"start":{"line":2,"column":19},"end":{"line":2,"column":43}},"1":{"start":{"line":5,"column":0},"end":{"line":10,"column":3}},"2":{"start":{"line":18,"column":27},"end":{"line":49,"column":1}},"3":{"start":{"line":19,"column":2},"end":{"line":48,"column":3}},"4":{"start":{"line":20,"column":19},"end":{"line":32,"column":6}},"5":{"start":{"line":34,"column":4},"end":{"line":41,"column":6}},"6":{"start":{"line":43,"column":4},"end":{"line":43,"column":53}},"7":{"start":{"line":44,"column":4},"end":{"line":47,"column":6}},"8":{"start":{"line":56,"column":29},"end":{"line":70,"column":1}},"9":{"start":{"line":57,"column":2},"end":{"line":69,"column":3}},"10":{"start":{"line":58,"column":19},"end":{"line":58,"column":62}},"11":{"start":{"line":59,"column":4},"end":{"line":62,"column":6}},"12":{"start":{"line":64,"column":4},"end":{"line":64,"column":53}},"13":{"start":{"line":65,"column":4},"end":{"line":68,"column":6}},"14":{"start":{"line":78,"column":24},"end":{"line":87,"column":1}},"15":{"start":{"line":79,"column":2},"end":{"line":86,"column":5}},"16":{"start":{"line":94,"column":26},"end":{"line":102,"column":1}},"17":{"start":{"line":95,"column":2},"end":{"line":101,"column":4}},"18":{"start":{"line":104,"column":0},"end":{"line":110,"column":2}}},"fnMap":{"0":{"name":"(anonymous_0)","decl":{"start":{"line":18,"column":27},"end":{"line":18,"column":28}},"loc":{"start":{"line":18,"column":61},"end":{"line":49,"column":1}},"line":18},"1":{"name":"(anonymous_1)","decl":{"start":{"line":56,"column":29},"end":{"line":56,"column":30}},"loc":{"start":{"line":56,"column":49},"end":{"line":70,"column":1}},"line":56},"2":{"name":"(anonymous_2)","decl":{"start":{"line":78,"column":24},"end":{"line":78,"column":25}},"loc":{"start":{"line":78,"column":52},"end":{"line":87,"column":1}},"line":78},"3":{"name":"(anonymous_3)","decl":{"start":{"line":94,"column":26},"end":{"line":94,"column":27}},"loc":{"start":{"line":94,"column":40},"end":{"line":102,"column":1}},"line":94}},"branchMap":{"0":{"loc":{"start":{"line":18,"column":44},"end":{"line":18,"column":56}},"type":"default-arg","locations":[{"start":{"line":18,"column":54},"end":{"line":18,"column":56}}],"line":18},"1":{"loc":{"start":{"line":21,"column":14},"end":{"line":21,"column":42}},"type":"binary-expr","locations":[{"start":{"line":21,"column":14},"end":{"line":21,"column":28}},{"start":{"line":21,"column":32},"end":{"line":21,"column":42}}],"line":21},"2":{"loc":{"start":{"line":24,"column":17},"end":{"line":24,"column":38}},"type":"binary-expr","locations":[{"start":{"line":24,"column":17},"end":{"line":24,"column":30}},{"start":{"line":24,"column":34},"end":{"line":24,"column":38}}],"line":24},"3":{"loc":{"start":{"line":25,"column":18},"end":{"line":25,"column":40}},"type":"binary-expr","locations":[{"start":{"line":25,"column":18},"end":{"line":25,"column":32}},{"start":{"line":25,"column":36},"end":{"line":25,"column":40}}],"line":25},"4":{"loc":{"start":{"line":78,"column":35},"end":{"line":78,"column":47}},"type":"default-arg","locations":[{"start":{"line":78,"column":45},"end":{"line":78,"column":47}}],"line":78},"5":{"loc":{"start":{"line":80,"column":11},"end":{"line":80,"column":31}},"type":"binary-expr","locations":[{"start":{"line":80,"column":11},"end":{"line":80,"column":24}},{"start":{"line":80,"column":28},"end":{"line":80,"column":31}}],"line":80},"6":{"loc":{"start":{"line":81,"column":12},"end":{"line":81,"column":33}},"type":"binary-expr","locations":[{"start":{"line":81,"column":12},"end":{"line":81,"column":26}},{"start":{"line":81,"column":30},"end":{"line":81,"column":33}}],"line":81},"7":{"loc":{"start":{"line":82,"column":10},"end":{"line":82,"column":32}},"type":"binary-expr","locations":[{"start":{"line":82,"column":10},"end":{"line":82,"column":22}},{"start":{"line":82,"column":26},"end":{"line":82,"column":32}}],"line":82},"8":{"loc":{"start":{"line":83,"column":13},"end":{"line":83,"column":38}},"type":"binary-expr","locations":[{"start":{"line":83,"column":13},"end":{"line":83,"column":28}},{"start":{"line":83,"column":32},"end":{"line":83,"column":38}}],"line":83}},"s":{"0":0,"1":0,"2":0,"3":0,"4":0,"5":0,"6":0,"7":0,"8":0,"9":0,"10":0,"11":0,"12":0,"13":0,"14":0,"15":0,"16":0,"17":0,"18":0},"f":{"0":0,"1":0,"2":0,"3":0},"b":{"0":[0],"1":[0,0],"2":[0,0],"3":[0,0],"4":[0],"5":[0,0],"6":[0,0],"7":[0,0],"8":[0,0]}}
,"D:\\consultancy\\backend\\config\\db.js": {"path":"D:\\consultancy\\backend\\config\\db.js","statementMap":{"0":{"start":{"line":1,"column":17},"end":{"line":1,"column":36}},"1":{"start":{"line":3,"column":20},"end":{"line":3,"column":21}},"2":{"start":{"line":4,"column":23},"end":{"line":4,"column":27}},"3":{"start":{"line":5,"column":26},"end":{"line":5,"column":31}},"4":{"start":{"line":7,"column":18},"end":{"line":51,"column":1}},"5":{"start":{"line":8,"column":2},"end":{"line":50,"column":3}},"6":{"start":{"line":9,"column":17},"end":{"line":14,"column":6}},"7":{"start":{"line":15,"column":4},"end":{"line":15,"column":90}},"8":{"start":{"line":18,"column":4},"end":{"line":29,"column":5}},"9":{"start":{"line":19,"column":6},"end":{"line":19,"column":33}},"10":{"start":{"line":21,"column":6},"end":{"line":24,"column":9}},"11":{"start":{"line":22,"column":8},"end":{"line":22,"column":77}},"12":{"start":{"line":23,"column":8},"end":{"line":23,"column":54}},"13":{"start":{"line":23,"column":25},"end":{"line":23,"column":36}},"14":{"start":{"line":26,"column":6},"end":{"line":28,"column":9}},"15":{"start":{"line":27,"column":8},"end":{"line":27,"column":66}},"16":{"start":{"line":32,"column":4},"end":{"line":32,"column":106}},"17":{"start":{"line":34,"column":4},"end":{"line":36,"column":5}},"18":{"start":{"line":35,"column":6},"end":{"line":35,"column":84}},"19":{"start":{"line":37,"column":4},"end":{"line":39,"column":5}},"20":{"start":{"line":38,"column":6},"end":{"line":38,"column":75}},"21":{"start":{"line":41,"column":4},"end":{"line":45,"column":5}},"22":{"start":{"line":42,"column":6},"end":{"line":42,"column":65}},"23":{"start":{"line":43,"column":6},"end":{"line":43,"column":74}},"24":{"start":{"line":43,"column":37},"end":{"line":43,"column":72}},"25":{"start":{"line":44,"column":6},"end":{"line":44,"column":39}},"26":{"start":{"line":47,"column":4},"end":{"line":47,"column":94}},"27":{"start":{"line":48,"column":4},"end":{"line":48,"column":81}},"28":{"start":{"line":53,"column":0},"end":{"line":53,"column":27}}},"fnMap":{"0":{"name":"(anonymous_0)","decl":{"start":{"line":7,"column":18},"end":{"line":7,"column":19}},"loc":{"start":{"line":7,"column":44},"end":{"line":51,"column":1}},"line":7},"1":{"name":"(anonymous_1)","decl":{"start":{"line":21,"column":45},"end":{"line":21,"column":46}},"loc":{"start":{"line":21,"column":51},"end":{"line":24,"column":7}},"line":21},"2":{"name":"(anonymous_2)","decl":{"start":{"line":23,"column":19},"end":{"line":23,"column":20}},"loc":{"start":{"line":23,"column":25},"end":{"line":23,"column":36}},"line":23},"3":{"name":"(anonymous_3)","decl":{"start":{"line":26,"column":38},"end":{"line":26,"column":39}},"loc":{"start":{"line":26,"column":47},"end":{"line":28,"column":7}},"line":26},"4":{"name":"(anonymous_4)","decl":{"start":{"line":43,"column":24},"end":{"line":43,"column":25}},"loc":{"start":{"line":43,"column":37},"end":{"line":43,"column":72}},"line":43}},"branchMap":{"0":{"loc":{"start":{"line":7,"column":25},"end":{"line":7,"column":39}},"type":"default-arg","locations":[{"start":{"line":7,"column":38},"end":{"line":7,"column":39}}],"line":7},"1":{"loc":{"start":{"line":18,"column":4},"end":{"line":29,"column":5}},"type":"if","locations":[{"start":{"line":18,"column":4},"end":{"line":29,"column":5}},{"start":{},"end":{}}],"line":18},"2":{"loc":{"start":{"line":34,"column":4},"end":{"line":36,"column":5}},"type":"if","locations":[{"start":{"line":34,"column":4},"end":{"line":36,"column":5}},{"start":{},"end":{}}],"line":34},"3":{"loc":{"start":{"line":34,"column":8},"end":{"line":34,"column":49}},"type":"binary-expr","locations":[{"start":{"line":34,"column":8},"end":{"line":34,"column":19}},{"start":{"line":34,"column":23},"end":{"line":34,"column":49}}],"line":34},"4":{"loc":{"start":{"line":37,"column":4},"end":{"line":39,"column":5}},"type":"if","locations":[{"start":{"line":37,"column":4},"end":{"line":39,"column":5}},{"start":{},"end":{}}],"line":37},"5":{"loc":{"start":{"line":37,"column":8},"end":{"line":37,"column":61}},"type":"binary-expr","locations":[{"start":{"line":37,"column":8},"end":{"line":37,"column":19}},{"start":{"line":37,"column":23},"end":{"line":37,"column":61}}],"line":37},"6":{"loc":{"start":{"line":41,"column":4},"end":{"line":45,"column":5}},"type":"if","locations":[{"start":{"line":41,"column":4},"end":{"line":45,"column":5}},{"start":{},"end":{}}],"line":41}},"s":{"0":1,"1":1,"2":1,"3":1,"4":1,"5":1,"6":1,"7":0,"8":0,"9":0,"10":0,"11":0,"12":0,"13":0,"14":0,"15":0,"16":1,"17":1,"18":0,"19":1,"20":0,"21":1,"22":1,"23":1,"24":1,"25":0,"26":0,"27":0,"28":1},"f":{"0":1,"1":0,"2":0,"3":0,"4":1},"b":{"0":[1],"1":[0,0],"2":[0,1],"3":[1,1],"4":[0,1],"5":[1,1],"6":[1,0]},"_coverageSchema":"1a1c01bbd47fc00a2c39e90264f33305004495a9","hash":"76bd4e71772ab28c627eb5604d44989e702de35a"}
,"D:\\consultancy\\backend\\config\\gridfs.js": {"path":"D:\\consultancy\\backend\\config\\gridfs.js","statementMap":{"0":{"start":{"line":9,"column":17},"end":{"line":9,"column":36}},"1":{"start":{"line":11,"column":14},"end":{"line":11,"column":18}},"2":{"start":{"line":17,"column":18},"end":{"line":24,"column":1}},"3":{"start":{"line":18,"column":2},"end":{"line":22,"column":3}},"4":{"start":{"line":19,"column":15},"end":{"line":19,"column":37}},"5":{"start":{"line":20,"column":4},"end":{"line":20,"column":104}},"6":{"start":{"line":20,"column":13},"end":{"line":20,"column":104}},"7":{"start":{"line":21,"column":4},"end":{"line":21,"column":83}},"8":{"start":{"line":23,"column":2},"end":{"line":23,"column":17}},"9":{"start":{"line":28,"column":0},"end":{"line":28,"column":66}},"10":{"start":{"line":28,"column":47},"end":{"line":28,"column":62}},"11":{"start":{"line":29,"column":0},"end":{"line":29,"column":66}},"12":{"start":{"line":29,"column":47},"end":{"line":29,"column":62}},"13":{"start":{"line":31,"column":0},"end":{"line":31,"column":31}}},"fnMap":{"0":{"name":"(anonymous_0)","decl":{"start":{"line":17,"column":18},"end":{"line":17,"column":19}},"loc":{"start":{"line":17,"column":24},"end":{"line":24,"column":1}},"line":17},"1":{"name":"(anonymous_1)","decl":{"start":{"line":28,"column":39},"end":{"line":28,"column":40}},"loc":{"start":{"line":28,"column":45},"end":{"line":28,"column":64}},"line":28},"2":{"name":"(anonymous_2)","decl":{"start":{"line":29,"column":39},"end":{"line":29,"column":40}},"loc":{"start":{"line":29,"column":45},"end":{"line":29,"column":64}},"line":29}},"branchMap":{"0":{"loc":{"start":{"line":18,"column":2},"end":{"line":22,"column":3}},"type":"if","locations":[{"start":{"line":18,"column":2},"end":{"line":22,"column":3}},{"start":{},"end":{}}],"line":18},"1":{"loc":{"start":{"line":20,"column":4},"end":{"line":20,"column":104}},"type":"if","locations":[{"start":{"line":20,"column":4},"end":{"line":20,"column":104}},{"start":{},"end":{}}],"line":20}},"s":{"0":2,"1":2,"2":2,"3":1,"4":1,"5":1,"6":0,"7":1,"8":1,"9":2,"10":3,"11":2,"12":0,"13":2},"f":{"0":1,"1":3,"2":0},"b":{"0":[1,0],"1":[0,1]},"_coverageSchema":"1a1c01bbd47fc00a2c39e90264f33305004495a9","hash":"4b34b57351c83141cd5d24abeddcd9a9908c8494"}
,"D:\\consultancy\\backend\\config\\logger.js": {"path":"D:\\consultancy\\backend\\config\\logger.js","statementMap":{"0":{"start":{"line":2,"column":16},"end":{"line":2,"column":34}},"1":{"start":{"line":3,"column":13},"end":{"line":3,"column":28}},"2":{"start":{"line":6,"column":18},"end":{"line":11,"column":1}},"3":{"start":{"line":14,"column":22},"end":{"line":24,"column":1}},"4":{"start":{"line":18,"column":14},"end":{"line":18,"column":51}},"5":{"start":{"line":19,"column":4},"end":{"line":21,"column":5}},"6":{"start":{"line":20,"column":6},"end":{"line":20,"column":40}},"7":{"start":{"line":22,"column":4},"end":{"line":22,"column":15}},"8":{"start":{"line":27,"column":15},"end":{"line":62,"column":2}},"9":{"start":{"line":65,"column":0},"end":{"line":69,"column":1}},"10":{"start":{"line":66,"column":2},"end":{"line":68,"column":6}},"11":{"start":{"line":72,"column":0},"end":{"line":76,"column":2}},"12":{"start":{"line":74,"column":4},"end":{"line":74,"column":32}},"13":{"start":{"line":79,"column":0},"end":{"line":88,"column":2}},"14":{"start":{"line":80,"column":2},"end":{"line":87,"column":5}},"15":{"start":{"line":90,"column":0},"end":{"line":101,"column":2}},"16":{"start":{"line":91,"column":19},"end":{"line":99,"column":3}},"17":{"start":{"line":100,"column":2},"end":{"line":100,"column":43}},"18":{"start":{"line":103,"column":0},"end":{"line":103,"column":24}}},"fnMap":{"0":{"name":"(anonymous_0)","decl":{"start":{"line":17,"column":24},"end":{"line":17,"column":25}},"loc":{"start":{"line":17,"column":68},"end":{"line":23,"column":3}},"line":17},"1":{"name":"(anonymous_1)","decl":{"start":{"line":73,"column":9},"end":{"line":73,"column":10}},"loc":{"start":{"line":73,"column":22},"end":{"line":75,"column":3}},"line":73},"2":{"name":"(anonymous_2)","decl":{"start":{"line":79,"column":20},"end":{"line":79,"column":21}},"loc":{"start":{"line":79,"column":51},"end":{"line":88,"column":1}},"line":79},"3":{"name":"(anonymous_3)","decl":{"start":{"line":90,"column":18},"end":{"line":90,"column":19}},"loc":{"start":{"line":90,"column":41},"end":{"line":101,"column":1}},"line":90}},"branchMap":{"0":{"loc":{"start":{"line":19,"column":4},"end":{"line":21,"column":5}},"type":"if","locations":[{"start":{"line":19,"column":4},"end":{"line":21,"column":5}},{"start":{},"end":{}}],"line":19},"1":{"loc":{"start":{"line":28,"column":9},"end":{"line":28,"column":92}},"type":"binary-expr","locations":[{"start":{"line":28,"column":9},"end":{"line":28,"column":30}},{"start":{"line":28,"column":35},"end":{"line":28,"column":91}}],"line":28},"2":{"loc":{"start":{"line":28,"column":35},"end":{"line":28,"column":91}},"type":"cond-expr","locations":[{"start":{"line":28,"column":75},"end":{"line":28,"column":81}},{"start":{"line":28,"column":84},"end":{"line":28,"column":91}}],"line":28},"3":{"loc":{"start":{"line":65,"column":0},"end":{"line":69,"column":1}},"type":"if","locations":[{"start":{"line":65,"column":0},"end":{"line":69,"column":1}},{"start":{},"end":{}}],"line":65},"4":{"loc":{"start":{"line":90,"column":26},"end":{"line":90,"column":36}},"type":"default-arg","locations":[{"start":{"line":90,"column":32},"end":{"line":90,"column":36}}],"line":90},"5":{"loc":{"start":{"line":94,"column":8},"end":{"line":98,"column":5}},"type":"binary-expr","locations":[{"start":{"line":94,"column":8},"end":{"line":94,"column":11}},{"start":{"line":94,"column":15},"end":{"line":98,"column":5}}],"line":94}},"s":{"0":1,"1":1,"2":1,"3":1,"4":0,"5":0,"6":0,"7":0,"8":1,"9":1,"10":1,"11":1,"12":0,"13":1,"14":0,"15":1,"16":0,"17":0,"18":1},"f":{"0":0,"1":0,"2":0,"3":0},"b":{"0":[0,0],"1":[1,1],"2":[0,1],"3":[1,0],"4":[0],"5":[0,0]},"_coverageSchema":"1a1c01bbd47fc00a2c39e90264f33305004495a9","hash":"0ab34a3f007dcc5b153c752d4fe377ee21970be9"}
,"D:\\consultancy\\backend\\config\\redis.js": {"path":"D:\\consultancy\\backend\\config\\redis.js","statementMap":{"0":{"start":{"line":2,"column":14},"end":{"line":2,"column":30}},"1":{"start":{"line":4,"column":13},"end":{"line":4,"column":17}},"2":{"start":{"line":5,"column":18},"end":{"line":5,"column":23}},"3":{"start":{"line":7,"column":21},"end":{"line":42,"column":1}},"4":{"start":{"line":8,"column":2},"end":{"line":41,"column":3}},"5":{"start":{"line":9,"column":4},"end":{"line":20,"column":7}},"6":{"start":{"line":14,"column":10},"end":{"line":16,"column":11}},"7":{"start":{"line":15,"column":12},"end":{"line":15,"column":58}},"8":{"start":{"line":17,"column":10},"end":{"line":17,"column":31}},"9":{"start":{"line":23,"column":4},"end":{"line":25,"column":7}},"10":{"start":{"line":24,"column":6},"end":{"line":24,"column":26}},"11":{"start":{"line":27,"column":4},"end":{"line":30,"column":7}},"12":{"start":{"line":28,"column":6},"end":{"line":28,"column":50}},"13":{"start":{"line":29,"column":6},"end":{"line":29,"column":25}},"14":{"start":{"line":32,"column":4},"end":{"line":34,"column":7}},"15":{"start":{"line":33,"column":6},"end":{"line":33,"column":26}},"16":{"start":{"line":36,"column":4},"end":{"line":36,"column":27}},"17":{"start":{"line":37,"column":4},"end":{"line":37,"column":18}},"18":{"start":{"line":40,"column":4},"end":{"line":40,"column":16}},"19":{"start":{"line":45,"column":24},"end":{"line":90,"column":1}},"20":{"start":{"line":46,"column":2},"end":{"line":89,"column":4}},"21":{"start":{"line":48,"column":4},"end":{"line":50,"column":5}},"22":{"start":{"line":49,"column":6},"end":{"line":49,"column":20}},"23":{"start":{"line":53,"column":4},"end":{"line":55,"column":5}},"24":{"start":{"line":54,"column":6},"end":{"line":54,"column":20}},"25":{"start":{"line":57,"column":16},"end":{"line":57,"column":56}},"26":{"start":{"line":59,"column":4},"end":{"line":88,"column":5}},"27":{"start":{"line":60,"column":21},"end":{"line":60,"column":42}},"28":{"start":{"line":62,"column":6},"end":{"line":65,"column":7}},"29":{"start":{"line":63,"column":8},"end":{"line":63,"column":44}},"30":{"start":{"line":64,"column":8},"end":{"line":64,"column":44}},"31":{"start":{"line":67,"column":6},"end":{"line":67,"column":42}},"32":{"start":{"line":70,"column":27},"end":{"line":70,"column":45}},"33":{"start":{"line":73,"column":6},"end":{"line":82,"column":8}},"34":{"start":{"line":75,"column":8},"end":{"line":78,"column":9}},"35":{"start":{"line":76,"column":10},"end":{"line":77,"column":66}},"36":{"start":{"line":77,"column":26},"end":{"line":77,"column":64}},"37":{"start":{"line":81,"column":8},"end":{"line":81,"column":34}},"38":{"start":{"line":84,"column":6},"end":{"line":84,"column":13}},"39":{"start":{"line":86,"column":6},"end":{"line":86,"column":54}},"40":{"start":{"line":87,"column":6},"end":{"line":87,"column":13}},"41":{"start":{"line":93,"column":19},"end":{"line":112,"column":1}},"42":{"start":{"line":94,"column":2},"end":{"line":96,"column":3}},"43":{"start":{"line":95,"column":4},"end":{"line":95,"column":17}},"44":{"start":{"line":98,"column":2},"end":{"line":111,"column":3}},"45":{"start":{"line":99,"column":23},"end":{"line":99,"column":24}},"46":{"start":{"line":100,"column":4},"end":{"line":103,"column":5}},"47":{"start":{"line":101,"column":6},"end":{"line":101,"column":28}},"48":{"start":{"line":102,"column":6},"end":{"line":102,"column":21}},"49":{"start":{"line":104,"column":4},"end":{"line":106,"column":5}},"50":{"start":{"line":105,"column":6},"end":{"line":105,"column":82}},"51":{"start":{"line":107,"column":4},"end":{"line":107,"column":28}},"52":{"start":{"line":109,"column":4},"end":{"line":109,"column":47}},"53":{"start":{"line":110,"column":4},"end":{"line":110,"column":17}},"54":{"start":{"line":115,"column":22},"end":{"line":133,"column":1}},"55":{"start":{"line":116,"column":2},"end":{"line":118,"column":3}},"56":{"start":{"line":117,"column":4},"end":{"line":117,"column":32}},"57":{"start":{"line":120,"column":2},"end":{"line":132,"column":3}},"58":{"start":{"line":121,"column":17},"end":{"line":121,"column":43}},"59":{"start":{"line":122,"column":17},"end":{"line":122,"column":38}},"60":{"start":{"line":124,"column":4},"end":{"line":128,"column":6}},"61":{"start":{"line":130,"column":4},"end":{"line":130,"column":51}},"62":{"start":{"line":131,"column":4},"end":{"line":131,"column":54}},"63":{"start":{"line":135,"column":0},"end":{"line":142,"column":2}},"64":{"start":{"line":140,"column":19},"end":{"line":140,"column":25}},"65":{"start":{"line":141,"column":21},"end":{"line":141,"column":32}}},"fnMap":{"0":{"name":"(anonymous_0)","decl":{"start":{"line":7,"column":21},"end":{"line":7,"column":22}},"loc":{"start":{"line":7,"column":33},"end":{"line":42,"column":1}},"line":7},"1":{"name":"(anonymous_1)","decl":{"start":{"line":12,"column":27},"end":{"line":12,"column":28}},"loc":{"start":{"line":12,"column":40},"end":{"line":18,"column":9}},"line":12},"2":{"name":"(anonymous_2)","decl":{"start":{"line":23,"column":23},"end":{"line":23,"column":24}},"loc":{"start":{"line":23,"column":29},"end":{"line":25,"column":5}},"line":23},"3":{"name":"(anonymous_3)","decl":{"start":{"line":27,"column":23},"end":{"line":27,"column":24}},"loc":{"start":{"line":27,"column":29},"end":{"line":30,"column":5}},"line":27},"4":{"name":"(anonymous_4)","decl":{"start":{"line":32,"column":21},"end":{"line":32,"column":22}},"loc":{"start":{"line":32,"column":27},"end":{"line":34,"column":5}},"line":32},"5":{"name":"(anonymous_5)","decl":{"start":{"line":45,"column":24},"end":{"line":45,"column":25}},"loc":{"start":{"line":45,"column":44},"end":{"line":90,"column":1}},"line":45},"6":{"name":"(anonymous_6)","decl":{"start":{"line":46,"column":9},"end":{"line":46,"column":10}},"loc":{"start":{"line":46,"column":35},"end":{"line":89,"column":3}},"line":46},"7":{"name":"(anonymous_7)","decl":{"start":{"line":73,"column":17},"end":{"line":73,"column":18}},"loc":{"start":{"line":73,"column":27},"end":{"line":82,"column":7}},"line":73},"8":{"name":"(anonymous_8)","decl":{"start":{"line":77,"column":19},"end":{"line":77,"column":20}},"loc":{"start":{"line":77,"column":26},"end":{"line":77,"column":64}},"line":77},"9":{"name":"(anonymous_9)","decl":{"start":{"line":93,"column":19},"end":{"line":93,"column":20}},"loc":{"start":{"line":93,"column":44},"end":{"line":112,"column":1}},"line":93},"10":{"name":"(anonymous_10)","decl":{"start":{"line":115,"column":22},"end":{"line":115,"column":23}},"loc":{"start":{"line":115,"column":34},"end":{"line":133,"column":1}},"line":115},"11":{"name":"(anonymous_11)","decl":{"start":{"line":140,"column":13},"end":{"line":140,"column":14}},"loc":{"start":{"line":140,"column":19},"end":{"line":140,"column":25}},"line":140},"12":{"name":"(anonymous_12)","decl":{"start":{"line":141,"column":15},"end":{"line":141,"column":16}},"loc":{"start":{"line":141,"column":21},"end":{"line":141,"column":32}},"line":141}},"branchMap":{"0":{"loc":{"start":{"line":10,"column":11},"end":{"line":10,"column":60}},"type":"binary-expr","locations":[{"start":{"line":10,"column":11},"end":{"line":10,"column":32}},{"start":{"line":10,"column":36},"end":{"line":10,"column":60}}],"line":10},"1":{"loc":{"start":{"line":14,"column":10},"end":{"line":16,"column":11}},"type":"if","locations":[{"start":{"line":14,"column":10},"end":{"line":16,"column":11}},{"start":{},"end":{}}],"line":14},"2":{"loc":{"start":{"line":45,"column":25},"end":{"line":45,"column":39}},"type":"default-arg","locations":[{"start":{"line":45,"column":36},"end":{"line":45,"column":39}}],"line":45},"3":{"loc":{"start":{"line":48,"column":4},"end":{"line":50,"column":5}},"type":"if","locations":[{"start":{"line":48,"column":4},"end":{"line":50,"column":5}},{"start":{},"end":{}}],"line":48},"4":{"loc":{"start":{"line":48,"column":8},"end":{"line":48,"column":31}},"type":"binary-expr","locations":[{"start":{"line":48,"column":8},"end":{"line":48,"column":20}},{"start":{"line":48,"column":24},"end":{"line":48,"column":31}}],"line":48},"5":{"loc":{"start":{"line":53,"column":4},"end":{"line":55,"column":5}},"type":"if","locations":[{"start":{"line":53,"column":4},"end":{"line":55,"column":5}},{"start":{},"end":{}}],"line":53},"6":{"loc":{"start":{"line":62,"column":6},"end":{"line":65,"column":7}},"type":"if","locations":[{"start":{"line":62,"column":6},"end":{"line":65,"column":7}},{"start":{},"end":{}}],"line":62},"7":{"loc":{"start":{"line":75,"column":8},"end":{"line":78,"column":9}},"type":"if","locations":[{"start":{"line":75,"column":8},"end":{"line":78,"column":9}},{"start":{},"end":{}}],"line":75},"8":{"loc":{"start":{"line":75,"column":12},"end":{"line":75,"column":57}},"type":"binary-expr","locations":[{"start":{"line":75,"column":12},"end":{"line":75,"column":33}},{"start":{"line":75,"column":37},"end":{"line":75,"column":57}}],"line":75},"9":{"loc":{"start":{"line":93,"column":26},"end":{"line":93,"column":39}},"type":"default-arg","locations":[{"start":{"line":93,"column":36},"end":{"line":93,"column":39}}],"line":93},"10":{"loc":{"start":{"line":94,"column":2},"end":{"line":96,"column":3}},"type":"if","locations":[{"start":{"line":94,"column":2},"end":{"line":96,"column":3}},{"start":{},"end":{}}],"line":94},"11":{"loc":{"start":{"line":94,"column":6},"end":{"line":94,"column":29}},"type":"binary-expr","locations":[{"start":{"line":94,"column":6},"end":{"line":94,"column":18}},{"start":{"line":94,"column":22},"end":{"line":94,"column":29}}],"line":94},"12":{"loc":{"start":{"line":104,"column":4},"end":{"line":106,"column":5}},"type":"if","locations":[{"start":{"line":104,"column":4},"end":{"line":106,"column":5}},{"start":{},"end":{}}],"line":104},"13":{"loc":{"start":{"line":116,"column":2},"end":{"line":118,"column":3}},"type":"if","locations":[{"start":{"line":116,"column":2},"end":{"line":118,"column":3}},{"start":{},"end":{}}],"line":116},"14":{"loc":{"start":{"line":116,"column":6},"end":{"line":116,"column":29}},"type":"binary-expr","locations":[{"start":{"line":116,"column":6},"end":{"line":116,"column":18}},{"start":{"line":116,"column":22},"end":{"line":116,"column":29}}],"line":116}},"s":{"0":1,"1":1,"2":1,"3":1,"4":1,"5":1,"6":5,"7":1,"8":4,"9":1,"10":5,"11":1,"12":0,"13":0,"14":1,"15":0,"16":1,"17":0,"18":1,"19":1,"20":0,"21":0,"22":0,"23":0,"24":0,"25":0,"26":0,"27":0,"28":0,"29":0,"30":0,"31":0,"32":0,"33":0,"34":0,"35":0,"36":0,"37":0,"38":0,"39":0,"40":0,"41":1,"42":0,"43":0,"44":0,"45":0,"46":0,"47":0,"48":0,"49":0,"50":0,"51":0,"52":0,"53":0,"54":1,"55":0,"56":0,"57":0,"58":0,"59":0,"60":0,"61":0,"62":0,"63":1,"64":0,"65":0},"f":{"0":1,"1":5,"2":5,"3":0,"4":0,"5":0,"6":0,"7":0,"8":0,"9":0,"10":0,"11":0,"12":0},"b":{"0":[1,1],"1":[1,4],"2":[0],"3":[0,0],"4":[0,0],"5":[0,0],"6":[0,0],"7":[0,0],"8":[0,0],"9":[0],"10":[0,0],"11":[0,0],"12":[0,0],"13":[0,0],"14":[0,0]},"_coverageSchema":"1a1c01bbd47fc00a2c39e90264f33305004495a9","hash":"bfd42248ea93a9f0cada7b16e07284994ea252e2"}
,"D:\\consultancy\\backend\\config\\upload.js": {"path":"D:\\consultancy\\backend\\config\\upload.js","statementMap":{"0":{"start":{"line":2,"column":15},"end":{"line":2,"column":32}},"1":{"start":{"line":3,"column":13},"end":{"line":3,"column":28}},"2":{"start":{"line":12,"column":16},"end":{"line":12,"column":38}},"3":{"start":{"line":15,"column":19},"end":{"line":40,"column":1}},"4":{"start":{"line":17,"column":28},"end":{"line":17,"column":70}},"5":{"start":{"line":18,"column":14},"end":{"line":18,"column":59}},"6":{"start":{"line":21,"column":27},"end":{"line":27,"column":3}},"7":{"start":{"line":29,"column":2},"end":{"line":33,"column":5}},"8":{"start":{"line":35,"column":2},"end":{"line":39,"column":3}},"9":{"start":{"line":36,"column":4},"end":{"line":36,"column":19}},"10":{"start":{"line":38,"column":4},"end":{"line":38,"column":112}},"11":{"start":{"line":43,"column":15},"end":{"line":50,"column":2}},"12":{"start":{"line":52,"column":0},"end":{"line":52,"column":28}}},"fnMap":{"0":{"name":"(anonymous_0)","decl":{"start":{"line":15,"column":19},"end":{"line":15,"column":20}},"loc":{"start":{"line":15,"column":38},"end":{"line":40,"column":1}},"line":15}},"branchMap":{"0":{"loc":{"start":{"line":35,"column":2},"end":{"line":39,"column":3}},"type":"if","locations":[{"start":{"line":35,"column":2},"end":{"line":39,"column":3}},{"start":{"line":37,"column":9},"end":{"line":39,"column":3}}],"line":35},"1":{"loc":{"start":{"line":35,"column":6},"end":{"line":35,"column":81}},"type":"binary-expr","locations":[{"start":{"line":35,"column":6},"end":{"line":35,"column":37}},{"start":{"line":35,"column":41},"end":{"line":35,"column":81}}],"line":35}},"s":{"0":2,"1":2,"2":2,"3":2,"4":20,"5":20,"6":20,"7":20,"8":20,"9":16,"10":4,"11":2,"12":2},"f":{"0":20},"b":{"0":[16,4],"1":[20,16]},"_coverageSchema":"1a1c01bbd47fc00a2c39e90264f33305004495a9","hash":"387cc243a07ff9a9f38d7c045784dad6a031f76a"}
,"D:\\consultancy\\backend\\middleware\\auth.js": {"path":"D:\\consultancy\\backend\\middleware\\auth.js","statementMap":{"0":{"start":{"line":2,"column":12},"end":{"line":2,"column":35}},"1":{"start":{"line":5,"column":0},"end":{"line":8,"column":1}},"2":{"start":{"line":6,"column":2},"end":{"line":6,"column":70}},"3":{"start":{"line":7,"column":2},"end":{"line":7,"column":18}},"4":{"start":{"line":13,"column":23},"end":{"line":36,"column":1}},"5":{"start":{"line":14,"column":2},"end":{"line":35,"column":3}},"6":{"start":{"line":15,"column":23},"end":{"line":15,"column":48}},"7":{"start":{"line":17,"column":4},"end":{"line":19,"column":5}},"8":{"start":{"line":18,"column":6},"end":{"line":18,"column":77}},"9":{"start":{"line":21,"column":18},"end":{"line":21,"column":42}},"10":{"start":{"line":22,"column":20},"end":{"line":22,"column":61}},"11":{"start":{"line":24,"column":4},"end":{"line":24,"column":23}},"12":{"start":{"line":25,"column":4},"end":{"line":25,"column":32}},"13":{"start":{"line":26,"column":4},"end":{"line":26,"column":11}},"14":{"start":{"line":28,"column":4},"end":{"line":28,"column":57}},"15":{"start":{"line":30,"column":4},"end":{"line":32,"column":5}},"16":{"start":{"line":31,"column":6},"end":{"line":31,"column":64}},"17":{"start":{"line":34,"column":4},"end":{"line":34,"column":63}},"18":{"start":{"line":42,"column":24},"end":{"line":55,"column":1}},"19":{"start":{"line":44,"column":2},"end":{"line":46,"column":3}},"20":{"start":{"line":45,"column":4},"end":{"line":45,"column":75}},"21":{"start":{"line":48,"column":2},"end":{"line":52,"column":3}},"22":{"start":{"line":49,"column":4},"end":{"line":51,"column":7}},"23":{"start":{"line":54,"column":2},"end":{"line":54,"column":9}},"24":{"start":{"line":57,"column":0},"end":{"line":57,"column":32}},"25":{"start":{"line":58,"column":0},"end":{"line":58,"column":44}},"26":{"start":{"line":59,"column":0},"end":{"line":59,"column":45}}},"fnMap":{"0":{"name":"(anonymous_0)","decl":{"start":{"line":13,"column":23},"end":{"line":13,"column":24}},"loc":{"start":{"line":13,"column":43},"end":{"line":36,"column":1}},"line":13},"1":{"name":"(anonymous_1)","decl":{"start":{"line":42,"column":24},"end":{"line":42,"column":25}},"loc":{"start":{"line":42,"column":44},"end":{"line":55,"column":1}},"line":42}},"branchMap":{"0":{"loc":{"start":{"line":5,"column":0},"end":{"line":8,"column":1}},"type":"if","locations":[{"start":{"line":5,"column":0},"end":{"line":8,"column":1}},{"start":{},"end":{}}],"line":5},"1":{"loc":{"start":{"line":17,"column":4},"end":{"line":19,"column":5}},"type":"if","locations":[{"start":{"line":17,"column":4},"end":{"line":19,"column":5}},{"start":{},"end":{}}],"line":17},"2":{"loc":{"start":{"line":17,"column":8},"end":{"line":17,"column":56}},"type":"binary-expr","locations":[{"start":{"line":17,"column":8},"end":{"line":17,"column":19}},{"start":{"line":17,"column":23},"end":{"line":17,"column":56}}],"line":17},"3":{"loc":{"start":{"line":30,"column":4},"end":{"line":32,"column":5}},"type":"if","locations":[{"start":{"line":30,"column":4},"end":{"line":32,"column":5}},{"start":{},"end":{}}],"line":30},"4":{"loc":{"start":{"line":44,"column":2},"end":{"line":46,"column":3}},"type":"if","locations":[{"start":{"line":44,"column":2},"end":{"line":46,"column":3}},{"start":{},"end":{}}],"line":44},"5":{"loc":{"start":{"line":48,"column":2},"end":{"line":52,"column":3}},"type":"if","locations":[{"start":{"line":48,"column":2},"end":{"line":52,"column":3}},{"start":{},"end":{}}],"line":48}},"s":{"0":8,"1":8,"2":0,"3":0,"4":8,"5":107,"6":107,"7":107,"8":12,"9":95,"10":95,"11":85,"12":85,"13":85,"14":10,"15":10,"16":4,"17":6,"18":8,"19":76,"20":15,"21":61,"22":4,"23":57,"24":8,"25":8,"26":8},"f":{"0":107,"1":76},"b":{"0":[0,8],"1":[12,95],"2":[107,98],"3":[4,6],"4":[15,61],"5":[4,57]},"_coverageSchema":"1a1c01bbd47fc00a2c39e90264f33305004495a9","hash":"fb46bf52d50d399a6ebd4f88ee98f6e8dc20dc2d"}
,"D:\\consultancy\\backend\\middleware\\errorHandler.js": {"path":"D:\\consultancy\\backend\\middleware\\errorHandler.js","statementMap":{"0":{"start":{"line":4,"column":4},"end":{"line":4,"column":19}},"1":{"start":{"line":5,"column":4},"end":{"line":5,"column":33}},"2":{"start":{"line":6,"column":4},"end":{"line":6,"column":69}},"3":{"start":{"line":7,"column":4},"end":{"line":7,"column":30}},"4":{"start":{"line":9,"column":4},"end":{"line":9,"column":52}},"5":{"start":{"line":13,"column":21},"end":{"line":43,"column":1}},"6":{"start":{"line":14,"column":2},"end":{"line":14,"column":41}},"7":{"start":{"line":15,"column":2},"end":{"line":15,"column":37}},"8":{"start":{"line":17,"column":2},"end":{"line":42,"column":3}},"9":{"start":{"line":18,"column":4},"end":{"line":24,"column":7}},"10":{"start":{"line":27,"column":4},"end":{"line":41,"column":5}},"11":{"start":{"line":28,"column":6},"end":{"line":32,"column":9}},"12":{"start":{"line":35,"column":6},"end":{"line":35,"column":37}},"13":{"start":{"line":36,"column":6},"end":{"line":40,"column":9}},"14":{"start":{"line":45,"column":0},"end":{"line":45,"column":44}}},"fnMap":{"0":{"name":"(anonymous_0)","decl":{"start":{"line":3,"column":2},"end":{"line":3,"column":3}},"loc":{"start":{"line":3,"column":35},"end":{"line":10,"column":3}},"line":3},"1":{"name":"(anonymous_1)","decl":{"start":{"line":13,"column":21},"end":{"line":13,"column":22}},"loc":{"start":{"line":13,"column":46},"end":{"line":43,"column":1}},"line":13}},"branchMap":{"0":{"loc":{"start":{"line":6,"column":18},"end":{"line":6,"column":68}},"type":"cond-expr","locations":[{"start":{"line":6,"column":52},"end":{"line":6,"column":58}},{"start":{"line":6,"column":61},"end":{"line":6,"column":68}}],"line":6},"1":{"loc":{"start":{"line":14,"column":19},"end":{"line":14,"column":40}},"type":"binary-expr","locations":[{"start":{"line":14,"column":19},"end":{"line":14,"column":33}},{"start":{"line":14,"column":37},"end":{"line":14,"column":40}}],"line":14},"2":{"loc":{"start":{"line":15,"column":15},"end":{"line":15,"column":36}},"type":"binary-expr","locations":[{"start":{"line":15,"column":15},"end":{"line":15,"column":25}},{"start":{"line":15,"column":29},"end":{"line":15,"column":36}}],"line":15},"3":{"loc":{"start":{"line":17,"column":2},"end":{"line":42,"column":3}},"type":"if","locations":[{"start":{"line":17,"column":2},"end":{"line":42,"column":3}},{"start":{"line":25,"column":9},"end":{"line":42,"column":3}}],"line":17},"4":{"loc":{"start":{"line":27,"column":4},"end":{"line":41,"column":5}},"type":"if","locations":[{"start":{"line":27,"column":4},"end":{"line":41,"column":5}},{"start":{"line":33,"column":11},"end":{"line":41,"column":5}}],"line":27}},"s":{"0":0,"1":0,"2":0,"3":0,"4":0,"5":0,"6":0,"7":0,"8":0,"9":0,"10":0,"11":0,"12":0,"13":0,"14":0},"f":{"0":0,"1":0},"b":{"0":[0,0],"1":[0,0],"2":[0,0],"3":[0,0],"4":[0,0]}}
,"D:\\consultancy\\backend\\middleware\\rateLimiter.js": {"path":"D:\\consultancy\\backend\\middleware\\rateLimiter.js","statementMap":{"0":{"start":{"line":2,"column":18},"end":{"line":2,"column":47}},"1":{"start":{"line":5,"column":19},"end":{"line":11,"column":2}},"2":{"start":{"line":14,"column":20},"end":{"line":21,"column":2}},"3":{"start":{"line":24,"column":19},"end":{"line":30,"column":2}},"4":{"start":{"line":33,"column":25},"end":{"line":39,"column":2}},"5":{"start":{"line":42,"column":28},"end":{"line":48,"column":2}},"6":{"start":{"line":50,"column":0},"end":{"line":56,"column":2}}},"fnMap":{},"branchMap":{},"s":{"0":3,"1":3,"2":3,"3":3,"4":3,"5":3,"6":3},"f":{},"b":{},"_coverageSchema":"1a1c01bbd47fc00a2c39e90264f33305004495a9","hash":"49a48555ac98865824d346eb557e1d81de7d9bd9"}
,"D:\\consultancy\\backend\\middleware\\validators.js": {"path":"D:\\consultancy\\backend\\middleware\\validators.js","statementMap":{"0":{"start":{"line":2,"column":49},"end":{"line":2,"column":77}},"1":{"start":{"line":5,"column":17},"end":{"line":19,"column":1}},"2":{"start":{"line":6,"column":17},"end":{"line":6,"column":38}},"3":{"start":{"line":7,"column":2},"end":{"line":17,"column":3}},"4":{"start":{"line":8,"column":4},"end":{"line":16,"column":7}},"5":{"start":{"line":11,"column":41},"end":{"line":15,"column":7}},"6":{"start":{"line":18,"column":2},"end":{"line":18,"column":9}},"7":{"start":{"line":22,"column":29},"end":{"line":50,"column":1}},"8":{"start":{"line":53,"column":22},"end":{"line":64,"column":1}},"9":{"start":{"line":67,"column":20},"end":{"line":81,"column":1}},"10":{"start":{"line":84,"column":33},"end":{"line":118,"column":1}},"11":{"start":{"line":111,"column":6},"end":{"line":113,"column":7}},"12":{"start":{"line":112,"column":8},"end":{"line":112,"column":50}},"13":{"start":{"line":114,"column":6},"end":{"line":114,"column":18}},"14":{"start":{"line":121,"column":24},"end":{"line":166,"column":1}},"15":{"start":{"line":169,"column":26},"end":{"line":176,"column":1}},"16":{"start":{"line":179,"column":30},"end":{"line":187,"column":1}},"17":{"start":{"line":189,"column":37},"end":{"line":202,"column":1}},"18":{"start":{"line":204,"column":0},"end":{"line":214,"column":2}}},"fnMap":{"0":{"name":"(anonymous_0)","decl":{"start":{"line":5,"column":17},"end":{"line":5,"column":18}},"loc":{"start":{"line":5,"column":37},"end":{"line":19,"column":1}},"line":5},"1":{"name":"(anonymous_1)","decl":{"start":{"line":11,"column":33},"end":{"line":11,"column":34}},"loc":{"start":{"line":11,"column":41},"end":{"line":15,"column":7}},"line":11},"2":{"name":"(anonymous_2)","decl":{"start":{"line":110,"column":12},"end":{"line":110,"column":13}},"loc":{"start":{"line":110,"column":32},"end":{"line":115,"column":5}},"line":110}},"branchMap":{"0":{"loc":{"start":{"line":7,"column":2},"end":{"line":17,"column":3}},"type":"if","locations":[{"start":{"line":7,"column":2},"end":{"line":17,"column":3}},{"start":{},"end":{}}],"line":7},"1":{"loc":{"start":{"line":111,"column":6},"end":{"line":113,"column":7}},"type":"if","locations":[{"start":{"line":111,"column":6},"end":{"line":113,"column":7}},{"start":{},"end":{}}],"line":111},"2":{"loc":{"start":{"line":111,"column":10},"end":{"line":111,"column":64}},"type":"binary-expr","locations":[{"start":{"line":111,"column":10},"end":{"line":111,"column":30}},{"start":{"line":111,"column":34},"end":{"line":111,"column":64}}],"line":111}},"s":{"0":0,"1":0,"2":0,"3":0,"4":0,"5":0,"6":0,"7":0,"8":0,"9":0,"10":0,"11":0,"12":0,"13":0,"14":0,"15":0,"16":0,"17":0,"18":0},"f":{"0":0,"1":0,"2":0},"b":{"0":[0,0],"1":[0,0],"2":[0,0]}}
,"D:\\consultancy\\backend\\models\\auditLog.js": {"path":"D:\\consultancy\\backend\\models\\auditLog.js","statementMap":{"0":{"start":{"line":2,"column":17},"end":{"line":2,"column":36}},"1":{"start":{"line":4,"column":23},"end":{"line":42,"column":25}},"2":{"start":{"line":45,"column":0},"end":{"line":45,"column":50}},"3":{"start":{"line":46,"column":0},"end":{"line":46,"column":51}},"4":{"start":{"line":47,"column":0},"end":{"line":47,"column":51}},"5":{"start":{"line":49,"column":0},"end":{"line":49,"column":73}},"6":{"start":{"line":51,"column":0},"end":{"line":51,"column":60}}},"fnMap":{},"branchMap":{},"s":{"0":3,"1":3,"2":3,"3":3,"4":3,"5":3,"6":3},"f":{},"b":{},"_coverageSchema":"1a1c01bbd47fc00a2c39e90264f33305004495a9","hash":"b4835e7f25e4b5fec15db9ae90724ea36d022a81"}
,"D:\\consultancy\\backend\\models\\cart.js": {"path":"D:\\consultancy\\backend\\models\\cart.js","statementMap":{"0":{"start":{"line":2,"column":17},"end":{"line":2,"column":36}},"1":{"start":{"line":4,"column":23},"end":{"line":16,"column":2}},"2":{"start":{"line":18,"column":19},"end":{"line":32,"column":2}},"3":{"start":{"line":35,"column":0},"end":{"line":38,"column":3}},"4":{"start":{"line":36,"column":2},"end":{"line":36,"column":33}},"5":{"start":{"line":37,"column":2},"end":{"line":37,"column":9}},"6":{"start":{"line":42,"column":0},"end":{"line":42,"column":52}}},"fnMap":{"0":{"name":"(anonymous_0)","decl":{"start":{"line":35,"column":23},"end":{"line":35,"column":24}},"loc":{"start":{"line":35,"column":38},"end":{"line":38,"column":1}},"line":35}},"branchMap":{},"s":{"0":1,"1":1,"2":1,"3":1,"4":0,"5":0,"6":1},"f":{"0":0},"b":{},"_coverageSchema":"1a1c01bbd47fc00a2c39e90264f33305004495a9","hash":"fdb84911652e127a26ff7ec3ce04c5e7d101a5c5"}
,"D:\\consultancy\\backend\\models\\chatbotConfig.js": {"path":"D:\\consultancy\\backend\\models\\chatbotConfig.js","statementMap":{"0":{"start":{"line":1,"column":17},"end":{"line":1,"column":36}},"1":{"start":{"line":3,"column":28},"end":{"line":474,"column":2}},"2":{"start":{"line":477,"column":0},"end":{"line":477,"column":122}},"3":{"start":{"line":480,"column":0},"end":{"line":482,"column":2}},"4":{"start":{"line":481,"column":2},"end":{"line":481,"column":55}},"5":{"start":{"line":484,"column":0},"end":{"line":489,"column":2}},"6":{"start":{"line":485,"column":17},"end":{"line":485,"column":45}},"7":{"start":{"line":486,"column":2},"end":{"line":486,"column":27}},"8":{"start":{"line":486,"column":15},"end":{"line":486,"column":27}},"9":{"start":{"line":488,"column":2},"end":{"line":488,"column":86}},"10":{"start":{"line":488,"column":39},"end":{"line":488,"column":84}},"11":{"start":{"line":491,"column":0},"end":{"line":496,"column":2}},"12":{"start":{"line":492,"column":17},"end":{"line":492,"column":45}},"13":{"start":{"line":493,"column":2},"end":{"line":493,"column":27}},"14":{"start":{"line":493,"column":15},"end":{"line":493,"column":27}},"15":{"start":{"line":495,"column":2},"end":{"line":495,"column":84}},"16":{"start":{"line":495,"column":39},"end":{"line":495,"column":82}},"17":{"start":{"line":498,"column":0},"end":{"line":498,"column":70}}},"fnMap":{"0":{"name":"(anonymous_0)","decl":{"start":{"line":480,"column":46},"end":{"line":480,"column":47}},"loc":{"start":{"line":480,"column":83},"end":{"line":482,"column":1}},"line":480},"1":{"name":"(anonymous_1)","decl":{"start":{"line":484,"column":40},"end":{"line":484,"column":41}},"loc":{"start":{"line":484,"column":67},"end":{"line":489,"column":1}},"line":484},"2":{"name":"(anonymous_2)","decl":{"start":{"line":488,"column":29},"end":{"line":488,"column":30}},"loc":{"start":{"line":488,"column":39},"end":{"line":488,"column":84}},"line":488},"3":{"name":"(anonymous_3)","decl":{"start":{"line":491,"column":48},"end":{"line":491,"column":49}},"loc":{"start":{"line":491,"column":77},"end":{"line":496,"column":1}},"line":491},"4":{"name":"(anonymous_4)","decl":{"start":{"line":495,"column":31},"end":{"line":495,"column":32}},"loc":{"start":{"line":495,"column":39},"end":{"line":495,"column":82}},"line":495}},"branchMap":{"0":{"loc":{"start":{"line":480,"column":55},"end":{"line":480,"column":81}},"type":"default-arg","locations":[{"start":{"line":480,"column":69},"end":{"line":480,"column":81}}],"line":480},"1":{"loc":{"start":{"line":486,"column":2},"end":{"line":486,"column":27}},"type":"if","locations":[{"start":{"line":486,"column":2},"end":{"line":486,"column":27}},{"start":{},"end":{}}],"line":486},"2":{"loc":{"start":{"line":488,"column":39},"end":{"line":488,"column":84}},"type":"binary-expr","locations":[{"start":{"line":488,"column":39},"end":{"line":488,"column":65}},{"start":{"line":488,"column":69},"end":{"line":488,"column":84}}],"line":488},"3":{"loc":{"start":{"line":493,"column":2},"end":{"line":493,"column":27}},"type":"if","locations":[{"start":{"line":493,"column":2},"end":{"line":493,"column":27}},{"start":{},"end":{}}],"line":493},"4":{"loc":{"start":{"line":495,"column":39},"end":{"line":495,"column":82}},"type":"binary-expr","locations":[{"start":{"line":495,"column":39},"end":{"line":495,"column":65}},{"start":{"line":495,"column":69},"end":{"line":495,"column":82}}],"line":495}},"s":{"0":1,"1":1,"2":1,"3":1,"4":0,"5":1,"6":0,"7":0,"8":0,"9":0,"10":0,"11":1,"12":0,"13":0,"14":0,"15":0,"16":0,"17":1},"f":{"0":0,"1":0,"2":0,"3":0,"4":0},"b":{"0":[0],"1":[0,0],"2":[0,0],"3":[0,0],"4":[0,0]},"_coverageSchema":"1a1c01bbd47fc00a2c39e90264f33305004495a9","hash":"e089723638e768b6c5aa7866e8dd86b335125efd"}
,"D:\\consultancy\\backend\\models\\conversation.js": {"path":"D:\\consultancy\\backend\\models\\conversation.js","statementMap":{"0":{"start":{"line":1,"column":17},"end":{"line":1,"column":36}},"1":{"start":{"line":3,"column":27},"end":{"line":205,"column":2}},"2":{"start":{"line":208,"column":0},"end":{"line":208,"column":55}},"3":{"start":{"line":209,"column":0},"end":{"line":209,"column":58}},"4":{"start":{"line":210,"column":0},"end":{"line":210,"column":55}},"5":{"start":{"line":211,"column":0},"end":{"line":211,"column":83}},"6":{"start":{"line":212,"column":0},"end":{"line":212,"column":57}},"7":{"start":{"line":213,"column":0},"end":{"line":213,"column":44}},"8":{"start":{"line":216,"column":0},"end":{"line":216,"column":76}},"9":{"start":{"line":219,"column":0},"end":{"line":224,"column":3}},"10":{"start":{"line":220,"column":2},"end":{"line":222,"column":3}},"11":{"start":{"line":221,"column":4},"end":{"line":221,"column":63}},"12":{"start":{"line":223,"column":2},"end":{"line":223,"column":14}},"13":{"start":{"line":227,"column":0},"end":{"line":248,"column":2}},"14":{"start":{"line":228,"column":18},"end":{"line":234,"column":3}},"15":{"start":{"line":236,"column":2},"end":{"line":236,"column":30}},"16":{"start":{"line":237,"column":2},"end":{"line":237,"column":33}},"17":{"start":{"line":239,"column":2},"end":{"line":243,"column":3}},"18":{"start":{"line":240,"column":4},"end":{"line":240,"column":33}},"19":{"start":{"line":241,"column":9},"end":{"line":243,"column":3}},"20":{"start":{"line":242,"column":4},"end":{"line":242,"column":34}},"21":{"start":{"line":245,"column":2},"end":{"line":245,"column":35}},"22":{"start":{"line":247,"column":2},"end":{"line":247,"column":17}},"23":{"start":{"line":250,"column":0},"end":{"line":263,"column":2}},"24":{"start":{"line":251,"column":2},"end":{"line":251,"column":37}},"25":{"start":{"line":252,"column":2},"end":{"line":252,"column":34}},"26":{"start":{"line":253,"column":2},"end":{"line":253,"column":43}},"27":{"start":{"line":255,"column":2},"end":{"line":257,"column":3}},"28":{"start":{"line":256,"column":4},"end":{"line":256,"column":48}},"29":{"start":{"line":258,"column":2},"end":{"line":260,"column":3}},"30":{"start":{"line":259,"column":4},"end":{"line":259,"column":52}},"31":{"start":{"line":262,"column":2},"end":{"line":262,"column":28}},"32":{"start":{"line":265,"column":0},"end":{"line":277,"column":2}},"33":{"start":{"line":266,"column":2},"end":{"line":266,"column":27}},"34":{"start":{"line":267,"column":2},"end":{"line":267,"column":28}},"35":{"start":{"line":268,"column":2},"end":{"line":268,"column":33}},"36":{"start":{"line":269,"column":2},"end":{"line":269,"column":79}},"37":{"start":{"line":271,"column":2},"end":{"line":273,"column":3}},"38":{"start":{"line":272,"column":4},"end":{"line":272,"column":57}},"39":{"start":{"line":274,"column":2},"end":{"line":276,"column":3}},"40":{"start":{"line":275,"column":4},"end":{"line":275,"column":53}},"41":{"start":{"line":279,"column":0},"end":{"line":289,"column":2}},"42":{"start":{"line":280,"column":21},"end":{"line":282,"column":32}},"43":{"start":{"line":281,"column":17},"end":{"line":281,"column":63}},"44":{"start":{"line":282,"column":14},"end":{"line":282,"column":31}},"45":{"start":{"line":284,"column":2},"end":{"line":286,"column":3}},"46":{"start":{"line":285,"column":4},"end":{"line":285,"column":96}},"47":{"start":{"line":285,"column":66},"end":{"line":285,"column":71}},"48":{"start":{"line":288,"column":2},"end":{"line":288,"column":41}},"49":{"start":{"line":291,"column":0},"end":{"line":306,"column":2}},"50":{"start":{"line":293,"column":2},"end":{"line":293,"column":29}},"51":{"start":{"line":294,"column":2},"end":{"line":294,"column":35}},"52":{"start":{"line":295,"column":2},"end":{"line":295,"column":24}},"53":{"start":{"line":296,"column":2},"end":{"line":296,"column":24}},"54":{"start":{"line":297,"column":2},"end":{"line":297,"column":27}},"55":{"start":{"line":300,"column":2},"end":{"line":305,"column":5}},"56":{"start":{"line":302,"column":4},"end":{"line":304,"column":69}},"57":{"start":{"line":309,"column":0},"end":{"line":313,"column":2}},"58":{"start":{"line":310,"column":2},"end":{"line":312,"column":18}},"59":{"start":{"line":315,"column":0},"end":{"line":323,"column":2}},"60":{"start":{"line":316,"column":16},"end":{"line":316,"column":71}},"61":{"start":{"line":318,"column":2},"end":{"line":320,"column":3}},"62":{"start":{"line":319,"column":4},"end":{"line":319,"column":42}},"63":{"start":{"line":322,"column":2},"end":{"line":322,"column":65}},"64":{"start":{"line":325,"column":0},"end":{"line":387,"column":2}},"65":{"start":{"line":326,"column":24},"end":{"line":328,"column":4}},"66":{"start":{"line":330,"column":20},"end":{"line":341,"column":3}},"67":{"start":{"line":332,"column":53},"end":{"line":332,"column":73}},"68":{"start":{"line":333,"column":54},"end":{"line":333,"column":78}},"69":{"start":{"line":343,"column":22},"end":{"line":343,"column":23}},"70":{"start":{"line":344,"column":26},"end":{"line":344,"column":27}},"71":{"start":{"line":345,"column":26},"end":{"line":345,"column":27}},"72":{"start":{"line":347,"column":2},"end":{"line":368,"column":5}},"73":{"start":{"line":348,"column":4},"end":{"line":348,"column":60}},"74":{"start":{"line":350,"column":4},"end":{"line":352,"column":5}},"75":{"start":{"line":351,"column":6},"end":{"line":351,"column":47}},"76":{"start":{"line":354,"column":4},"end":{"line":357,"column":5}},"77":{"start":{"line":355,"column":6},"end":{"line":355,"column":60}},"78":{"start":{"line":356,"column":6},"end":{"line":356,"column":26}},"79":{"start":{"line":360,"column":4},"end":{"line":361,"column":60}},"80":{"start":{"line":364,"column":4},"end":{"line":367,"column":5}},"81":{"start":{"line":365,"column":6},"end":{"line":366,"column":73}},"82":{"start":{"line":370,"column":2},"end":{"line":372,"column":8}},"83":{"start":{"line":374,"column":2},"end":{"line":376,"column":8}},"84":{"start":{"line":378,"column":2},"end":{"line":380,"column":8}},"85":{"start":{"line":382,"column":2},"end":{"line":384,"column":8}},"86":{"start":{"line":386,"column":2},"end":{"line":386,"column":19}},"87":{"start":{"line":389,"column":0},"end":{"line":389,"column":68}}},"fnMap":{"0":{"name":"(anonymous_0)","decl":{"start":{"line":219,"column":50},"end":{"line":219,"column":51}},"loc":{"start":{"line":219,"column":61},"end":{"line":224,"column":1}},"line":219},"1":{"name":"(anonymous_1)","decl":{"start":{"line":227,"column":40},"end":{"line":227,"column":41}},"loc":{"start":{"line":227,"column":81},"end":{"line":248,"column":1}},"line":227},"2":{"name":"(anonymous_2)","decl":{"start":{"line":250,"column":38},"end":{"line":250,"column":39}},"loc":{"start":{"line":250,"column":71},"end":{"line":263,"column":1}},"line":250},"3":{"name":"(anonymous_3)","decl":{"start":{"line":265,"column":37},"end":{"line":265,"column":38}},"loc":{"start":{"line":265,"column":96},"end":{"line":277,"column":1}},"line":265},"4":{"name":"(anonymous_4)","decl":{"start":{"line":279,"column":55},"end":{"line":279,"column":56}},"loc":{"start":{"line":279,"column":66},"end":{"line":289,"column":1}},"line":279},"5":{"name":"(anonymous_5)","decl":{"start":{"line":281,"column":12},"end":{"line":281,"column":13}},"loc":{"start":{"line":281,"column":17},"end":{"line":281,"column":63}},"line":281},"6":{"name":"(anonymous_6)","decl":{"start":{"line":282,"column":9},"end":{"line":282,"column":10}},"loc":{"start":{"line":282,"column":14},"end":{"line":282,"column":31}},"line":282},"7":{"name":"(anonymous_7)","decl":{"start":{"line":285,"column":56},"end":{"line":285,"column":57}},"loc":{"start":{"line":285,"column":66},"end":{"line":285,"column":71}},"line":285},"8":{"name":"(anonymous_8)","decl":{"start":{"line":291,"column":39},"end":{"line":291,"column":40}},"loc":{"start":{"line":291,"column":50},"end":{"line":306,"column":1}},"line":291},"9":{"name":"(anonymous_9)","decl":{"start":{"line":300,"column":24},"end":{"line":300,"column":25}},"loc":{"start":{"line":300,"column":35},"end":{"line":305,"column":3}},"line":300},"10":{"name":"(anonymous_10)","decl":{"start":{"line":309,"column":52},"end":{"line":309,"column":53}},"loc":{"start":{"line":309,"column":74},"end":{"line":313,"column":1}},"line":309},"11":{"name":"(anonymous_11)","decl":{"start":{"line":315,"column":55},"end":{"line":315,"column":56}},"loc":{"start":{"line":315,"column":80},"end":{"line":323,"column":1}},"line":315},"12":{"name":"(anonymous_12)","decl":{"start":{"line":325,"column":42},"end":{"line":325,"column":43}},"loc":{"start":{"line":325,"column":77},"end":{"line":387,"column":1}},"line":325},"13":{"name":"(anonymous_13)","decl":{"start":{"line":332,"column":48},"end":{"line":332,"column":49}},"loc":{"start":{"line":332,"column":53},"end":{"line":332,"column":73}},"line":332},"14":{"name":"(anonymous_14)","decl":{"start":{"line":333,"column":49},"end":{"line":333,"column":50}},"loc":{"start":{"line":333,"column":54},"end":{"line":333,"column":78}},"line":333},"15":{"name":"(anonymous_15)","decl":{"start":{"line":347,"column":24},"end":{"line":347,"column":25}},"loc":{"start":{"line":347,"column":32},"end":{"line":368,"column":3}},"line":347}},"branchMap":{"0":{"loc":{"start":{"line":220,"column":2},"end":{"line":222,"column":3}},"type":"if","locations":[{"start":{"line":220,"column":2},"end":{"line":222,"column":3}},{"start":{},"end":{}}],"line":220},"1":{"loc":{"start":{"line":220,"column":6},"end":{"line":220,"column":36}},"type":"binary-expr","locations":[{"start":{"line":220,"column":6},"end":{"line":220,"column":18}},{"start":{"line":220,"column":22},"end":{"line":220,"column":36}}],"line":220},"2":{"loc":{"start":{"line":227,"column":66},"end":{"line":227,"column":79}},"type":"default-arg","locations":[{"start":{"line":227,"column":77},"end":{"line":227,"column":79}}],"line":227},"3":{"loc":{"start":{"line":239,"column":2},"end":{"line":243,"column":3}},"type":"if","locations":[{"start":{"line":239,"column":2},"end":{"line":243,"column":3}},{"start":{"line":241,"column":9},"end":{"line":243,"column":3}}],"line":239},"4":{"loc":{"start":{"line":241,"column":9},"end":{"line":243,"column":3}},"type":"if","locations":[{"start":{"line":241,"column":9},"end":{"line":243,"column":3}},{"start":{},"end":{}}],"line":241},"5":{"loc":{"start":{"line":250,"column":55},"end":{"line":250,"column":69}},"type":"default-arg","locations":[{"start":{"line":250,"column":67},"end":{"line":250,"column":69}}],"line":250},"6":{"loc":{"start":{"line":255,"column":2},"end":{"line":257,"column":3}},"type":"if","locations":[{"start":{"line":255,"column":2},"end":{"line":257,"column":3}},{"start":{},"end":{}}],"line":255},"7":{"loc":{"start":{"line":258,"column":2},"end":{"line":260,"column":3}},"type":"if","locations":[{"start":{"line":258,"column":2},"end":{"line":260,"column":3}},{"start":{},"end":{}}],"line":258},"8":{"loc":{"start":{"line":265,"column":46},"end":{"line":265,"column":70}},"type":"default-arg","locations":[{"start":{"line":265,"column":66},"end":{"line":265,"column":70}}],"line":265},"9":{"loc":{"start":{"line":265,"column":72},"end":{"line":265,"column":94}},"type":"default-arg","locations":[{"start":{"line":265,"column":90},"end":{"line":265,"column":94}}],"line":265},"10":{"loc":{"start":{"line":271,"column":2},"end":{"line":273,"column":3}},"type":"if","locations":[{"start":{"line":271,"column":2},"end":{"line":273,"column":3}},{"start":{},"end":{}}],"line":271},"11":{"loc":{"start":{"line":274,"column":2},"end":{"line":276,"column":3}},"type":"if","locations":[{"start":{"line":274,"column":2},"end":{"line":276,"column":3}},{"start":{},"end":{}}],"line":274},"12":{"loc":{"start":{"line":281,"column":17},"end":{"line":281,"column":63}},"type":"binary-expr","locations":[{"start":{"line":281,"column":17},"end":{"line":281,"column":28}},{"start":{"line":281,"column":32},"end":{"line":281,"column":63}}],"line":281},"13":{"loc":{"start":{"line":284,"column":2},"end":{"line":286,"column":3}},"type":"if","locations":[{"start":{"line":284,"column":2},"end":{"line":286,"column":3}},{"start":{},"end":{}}],"line":284},"14":{"loc":{"start":{"line":309,"column":61},"end":{"line":309,"column":72}},"type":"default-arg","locations":[{"start":{"line":309,"column":69},"end":{"line":309,"column":72}}],"line":309},"15":{"loc":{"start":{"line":315,"column":64},"end":{"line":315,"column":78}},"type":"default-arg","locations":[{"start":{"line":315,"column":74},"end":{"line":315,"column":78}}],"line":315},"16":{"loc":{"start":{"line":318,"column":2},"end":{"line":320,"column":3}},"type":"if","locations":[{"start":{"line":318,"column":2},"end":{"line":320,"column":3}},{"start":{},"end":{}}],"line":318},"17":{"loc":{"start":{"line":350,"column":4},"end":{"line":352,"column":5}},"type":"if","locations":[{"start":{"line":350,"column":4},"end":{"line":352,"column":5}},{"start":{},"end":{}}],"line":350},"18":{"loc":{"start":{"line":354,"column":4},"end":{"line":357,"column":5}},"type":"if","locations":[{"start":{"line":354,"column":4},"end":{"line":357,"column":5}},{"start":{},"end":{}}],"line":354},"19":{"loc":{"start":{"line":361,"column":7},"end":{"line":361,"column":54}},"type":"binary-expr","locations":[{"start":{"line":361,"column":7},"end":{"line":361,"column":49}},{"start":{"line":361,"column":53},"end":{"line":361,"column":54}}],"line":361},"20":{"loc":{"start":{"line":364,"column":4},"end":{"line":367,"column":5}},"type":"if","locations":[{"start":{"line":364,"column":4},"end":{"line":367,"column":5}},{"start":{},"end":{}}],"line":364},"21":{"loc":{"start":{"line":366,"column":9},"end":{"line":366,"column":67}},"type":"binary-expr","locations":[{"start":{"line":366,"column":9},"end":{"line":366,"column":62}},{"start":{"line":366,"column":66},"end":{"line":366,"column":67}}],"line":366},"22":{"loc":{"start":{"line":370,"column":30},"end":{"line":372,"column":7}},"type":"cond-expr","locations":[{"start":{"line":371,"column":6},"end":{"line":371,"column":54}},{"start":{"line":372,"column":6},"end":{"line":372,"column":7}}],"line":370},"23":{"loc":{"start":{"line":374,"column":34},"end":{"line":376,"column":7}},"type":"cond-expr","locations":[{"start":{"line":375,"column":6},"end":{"line":375,"column":56}},{"start":{"line":376,"column":6},"end":{"line":376,"column":7}}],"line":374},"24":{"loc":{"start":{"line":378,"column":29},"end":{"line":380,"column":7}},"type":"cond-expr","locations":[{"start":{"line":379,"column":6},"end":{"line":379,"column":81}},{"start":{"line":380,"column":6},"end":{"line":380,"column":7}}],"line":378},"25":{"loc":{"start":{"line":382,"column":29},"end":{"line":384,"column":7}},"type":"cond-expr","locations":[{"start":{"line":383,"column":6},"end":{"line":383,"column":82}},{"start":{"line":384,"column":6},"end":{"line":384,"column":7}}],"line":382}},"s":{"0":1,"1":1,"2":1,"3":1,"4":1,"5":1,"6":1,"7":1,"8":1,"9":1,"10":0,"11":0,"12":0,"13":1,"14":0,"15":0,"16":0,"17":0,"18":0,"19":0,"20":0,"21":0,"22":0,"23":1,"24":0,"25":0,"26":0,"27":0,"28":0,"29":0,"30":0,"31":0,"32":1,"33":0,"34":0,"35":0,"36":0,"37":0,"38":0,"39":0,"40":0,"41":1,"42":0,"43":0,"44":0,"45":0,"46":0,"47":0,"48":0,"49":1,"50":0,"51":0,"52":0,"53":0,"54":0,"55":0,"56":0,"57":1,"58":0,"59":1,"60":0,"61":0,"62":0,"63":0,"64":1,"65":0,"66":0,"67":0,"68":0,"69":0,"70":0,"71":0,"72":0,"73":0,"74":0,"75":0,"76":0,"77":0,"78":0,"79":0,"80":0,"81":0,"82":0,"83":0,"84":0,"85":0,"86":0,"87":1},"f":{"0":0,"1":0,"2":0,"3":0,"4":0,"5":0,"6":0,"7":0,"8":0,"9":0,"10":0,"11":0,"12":0,"13":0,"14":0,"15":0},"b":{"0":[0,0],"1":[0,0],"2":[0],"3":[0,0],"4":[0,0],"5":[0],"6":[0,0],"7":[0,0],"8":[0],"9":[0],"10":[0,0],"11":[0,0],"12":[0,0],"13":[0,0],"14":[0],"15":[0],"16":[0,0],"17":[0,0],"18":[0,0],"19":[0,0],"20":[0,0],"21":[0,0],"22":[0,0],"23":[0,0],"24":[0,0],"25":[0,0]},"_coverageSchema":"1a1c01bbd47fc00a2c39e90264f33305004495a9","hash":"7172e3349f29a0d1e0298119e6e1037ed9190530"}
,"D:\\consultancy\\backend\\models\\inventoryLog.js": {"path":"D:\\consultancy\\backend\\models\\inventoryLog.js","statementMap":{"0":{"start":{"line":2,"column":17},"end":{"line":2,"column":36}},"1":{"start":{"line":4,"column":27},"end":{"line":54,"column":2}},"2":{"start":{"line":57,"column":0},"end":{"line":57,"column":56}},"3":{"start":{"line":58,"column":0},"end":{"line":58,"column":39}},"4":{"start":{"line":59,"column":0},"end":{"line":59,"column":55}},"5":{"start":{"line":61,"column":0},"end":{"line":61,"column":68}}},"fnMap":{},"branchMap":{},"s":{"0":1,"1":1,"2":1,"3":1,"4":1,"5":1},"f":{},"b":{},"_coverageSchema":"1a1c01bbd47fc00a2c39e90264f33305004495a9","hash":"339f8501a225e43ca779d293252165d893543c01"}
,"D:\\consultancy\\backend\\models\\order.js": {"path":"D:\\consultancy\\backend\\models\\order.js","statementMap":{"0":{"start":{"line":2,"column":17},"end":{"line":2,"column":36}},"1":{"start":{"line":4,"column":24},"end":{"line":18,"column":2}},"2":{"start":{"line":20,"column":20},"end":{"line":123,"column":2}},"3":{"start":{"line":126,"column":0},"end":{"line":126,"column":46}},"4":{"start":{"line":127,"column":0},"end":{"line":127,"column":33}},"5":{"start":{"line":129,"column":0},"end":{"line":129,"column":54}}},"fnMap":{},"branchMap":{},"s":{"0":1,"1":1,"2":1,"3":1,"4":1,"5":1},"f":{},"b":{},"_coverageSchema":"1a1c01bbd47fc00a2c39e90264f33305004495a9","hash":"a03ae9b42cf17fcdf551797d4c5ffebcfea6f2fb"}
,"D:\\consultancy\\backend\\models\\product.js": {"path":"D:\\consultancy\\backend\\models\\product.js","statementMap":{"0":{"start":{"line":2,"column":17},"end":{"line":2,"column":36}},"1":{"start":{"line":4,"column":22},"end":{"line":92,"column":2}},"2":{"start":{"line":95,"column":0},"end":{"line":95,"column":59}},"3":{"start":{"line":96,"column":0},"end":{"line":96,"column":47}},"4":{"start":{"line":97,"column":0},"end":{"line":97,"column":52}},"5":{"start":{"line":98,"column":0},"end":{"line":98,"column":34}},"6":{"start":{"line":99,"column":0},"end":{"line":99,"column":52}},"7":{"start":{"line":100,"column":0},"end":{"line":100,"column":34}},"8":{"start":{"line":101,"column":0},"end":{"line":101,"column":33}},"9":{"start":{"line":104,"column":0},"end":{"line":106,"column":3}},"10":{"start":{"line":105,"column":2},"end":{"line":105,"column":32}},"11":{"start":{"line":109,"column":0},"end":{"line":120,"column":3}},"12":{"start":{"line":110,"column":17},"end":{"line":110,"column":33}},"13":{"start":{"line":112,"column":2},"end":{"line":114,"column":3}},"14":{"start":{"line":113,"column":4},"end":{"line":113,"column":38}},"15":{"start":{"line":116,"column":2},"end":{"line":119,"column":3}},"16":{"start":{"line":117,"column":4},"end":{"line":117,"column":39}},"17":{"start":{"line":117,"column":22},"end":{"line":117,"column":39}},"18":{"start":{"line":118,"column":4},"end":{"line":118,"column":48}},"19":{"start":{"line":122,"column":0},"end":{"line":122,"column":58}}},"fnMap":{"0":{"name":"(anonymous_0)","decl":{"start":{"line":104,"column":26},"end":{"line":104,"column":27}},"loc":{"start":{"line":104,"column":37},"end":{"line":106,"column":1}},"line":104},"1":{"name":"(anonymous_1)","decl":{"start":{"line":109,"column":38},"end":{"line":109,"column":39}},"loc":{"start":{"line":109,"column":49},"end":{"line":120,"column":1}},"line":109}},"branchMap":{"0":{"loc":{"start":{"line":112,"column":2},"end":{"line":114,"column":3}},"type":"if","locations":[{"start":{"line":112,"column":2},"end":{"line":114,"column":3}},{"start":{},"end":{}}],"line":112},"1":{"loc":{"start":{"line":116,"column":2},"end":{"line":119,"column":3}},"type":"if","locations":[{"start":{"line":116,"column":2},"end":{"line":119,"column":3}},{"start":{},"end":{}}],"line":116},"2":{"loc":{"start":{"line":116,"column":6},"end":{"line":116,"column":52}},"type":"binary-expr","locations":[{"start":{"line":116,"column":6},"end":{"line":116,"column":17}},{"start":{"line":116,"column":21},"end":{"line":116,"column":52}}],"line":116},"3":{"loc":{"start":{"line":117,"column":4},"end":{"line":117,"column":39}},"type":"if","locations":[{"start":{"line":117,"column":4},"end":{"line":117,"column":39}},{"start":{},"end":{}}],"line":117}},"s":{"0":2,"1":2,"2":2,"3":2,"4":2,"5":2,"6":2,"7":2,"8":2,"9":2,"10":21,"11":2,"12":0,"13":0,"14":0,"15":0,"16":0,"17":0,"18":0,"19":2},"f":{"0":21,"1":0},"b":{"0":[0,0],"1":[0,0],"2":[0,0],"3":[0,0]},"_coverageSchema":"1a1c01bbd47fc00a2c39e90264f33305004495a9","hash":"32f48395d5590f3e3fb7233c3012b13e9ac6bb15"}
,"D:\\consultancy\\backend\\models\\review.js": {"path":"D:\\consultancy\\backend\\models\\review.js","statementMap":{"0":{"start":{"line":2,"column":17},"end":{"line":2,"column":36}},"1":{"start":{"line":4,"column":21},"end":{"line":44,"column":2}},"2":{"start":{"line":47,"column":0},"end":{"line":47,"column":62}},"3":{"start":{"line":50,"column":0},"end":{"line":50,"column":50}},"4":{"start":{"line":51,"column":0},"end":{"line":51,"column":47}},"5":{"start":{"line":55,"column":17},"end":{"line":55,"column":41}},"6":{"start":{"line":56,"column":18},"end":{"line":56,"column":43}},"7":{"start":{"line":57,"column":17},"end":{"line":60,"column":4}},"8":{"start":{"line":61,"column":2},"end":{"line":68,"column":3}},"9":{"start":{"line":62,"column":4},"end":{"line":65,"column":7}},"10":{"start":{"line":67,"column":4},"end":{"line":67,"column":77}},"11":{"start":{"line":71,"column":0},"end":{"line":73,"column":3}},"12":{"start":{"line":72,"column":2},"end":{"line":72,"column":42}},"13":{"start":{"line":75,"column":0},"end":{"line":77,"column":3}},"14":{"start":{"line":76,"column":2},"end":{"line":76,"column":50}},"15":{"start":{"line":76,"column":11},"end":{"line":76,"column":50}},"16":{"start":{"line":79,"column":0},"end":{"line":81,"column":3}},"17":{"start":{"line":80,"column":2},"end":{"line":80,"column":42}},"18":{"start":{"line":83,"column":0},"end":{"line":83,"column":56}}},"fnMap":{"0":{"name":"recalcProductRating","decl":{"start":{"line":54,"column":15},"end":{"line":54,"column":34}},"loc":{"start":{"line":54,"column":46},"end":{"line":69,"column":1}},"line":54},"1":{"name":"(anonymous_1)","decl":{"start":{"line":71,"column":26},"end":{"line":71,"column":27}},"loc":{"start":{"line":71,"column":43},"end":{"line":73,"column":1}},"line":71},"2":{"name":"(anonymous_2)","decl":{"start":{"line":75,"column":38},"end":{"line":75,"column":39}},"loc":{"start":{"line":75,"column":58},"end":{"line":77,"column":1}},"line":75},"3":{"name":"(anonymous_3)","decl":{"start":{"line":79,"column":65},"end":{"line":79,"column":66}},"loc":{"start":{"line":79,"column":82},"end":{"line":81,"column":1}},"line":79}},"branchMap":{"0":{"loc":{"start":{"line":61,"column":2},"end":{"line":68,"column":3}},"type":"if","locations":[{"start":{"line":61,"column":2},"end":{"line":68,"column":3}},{"start":{"line":66,"column":9},"end":{"line":68,"column":3}}],"line":61},"1":{"loc":{"start":{"line":76,"column":2},"end":{"line":76,"column":50}},"type":"if","locations":[{"start":{"line":76,"column":2},"end":{"line":76,"column":50}},{"start":{},"end":{}}],"line":76}},"s":{"0":1,"1":1,"2":1,"3":1,"4":1,"5":0,"6":0,"7":0,"8":0,"9":0,"10":0,"11":1,"12":0,"13":1,"14":0,"15":0,"16":1,"17":0,"18":1},"f":{"0":0,"1":0,"2":0,"3":0},"b":{"0":[0,0],"1":[0,0]},"_coverageSchema":"1a1c01bbd47fc00a2c39e90264f33305004495a9","hash":"377d96b55da6bfa9fdad914c0abf62b6e6604441"}
,"D:\\consultancy\\backend\\models\\user.js": {"path":"D:\\consultancy\\backend\\models\\user.js","statementMap":{"0":{"start":{"line":2,"column":17},"end":{"line":2,"column":36}},"1":{"start":{"line":3,"column":15},"end":{"line":3,"column":34}},"2":{"start":{"line":5,"column":19},"end":{"line":32,"column":24}},"3":{"start":{"line":11,"column":27},"end":{"line":11,"column":49}},"4":{"start":{"line":35,"column":0},"end":{"line":35,"column":30}},"5":{"start":{"line":38,"column":0},"end":{"line":43,"column":3}},"6":{"start":{"line":39,"column":2},"end":{"line":39,"column":61}},"7":{"start":{"line":39,"column":54},"end":{"line":39,"column":61}},"8":{"start":{"line":41,"column":15},"end":{"line":41,"column":39}},"9":{"start":{"line":42,"column":2},"end":{"line":42,"column":57}},"10":{"start":{"line":46,"column":0},"end":{"line":56,"column":3}},"11":{"start":{"line":47,"column":17},"end":{"line":47,"column":33}},"12":{"start":{"line":48,"column":2},"end":{"line":51,"column":3}},"13":{"start":{"line":49,"column":17},"end":{"line":49,"column":41}},"14":{"start":{"line":50,"column":4},"end":{"line":50,"column":63}},"15":{"start":{"line":52,"column":2},"end":{"line":55,"column":3}},"16":{"start":{"line":53,"column":17},"end":{"line":53,"column":41}},"17":{"start":{"line":54,"column":4},"end":{"line":54,"column":73}},"18":{"start":{"line":59,"column":0},"end":{"line":61,"column":2}},"19":{"start":{"line":60,"column":2},"end":{"line":60,"column":64}},"20":{"start":{"line":63,"column":0},"end":{"line":63,"column":52}}},"fnMap":{"0":{"name":"(anonymous_0)","decl":{"start":{"line":11,"column":14},"end":{"line":11,"column":15}},"loc":{"start":{"line":11,"column":25},"end":{"line":11,"column":51}},"line":11},"1":{"name":"(anonymous_1)","decl":{"start":{"line":38,"column":23},"end":{"line":38,"column":24}},"loc":{"start":{"line":38,"column":40},"end":{"line":43,"column":1}},"line":38},"2":{"name":"(anonymous_2)","decl":{"start":{"line":46,"column":35},"end":{"line":46,"column":36}},"loc":{"start":{"line":46,"column":52},"end":{"line":56,"column":1}},"line":46},"3":{"name":"(anonymous_3)","decl":{"start":{"line":59,"column":37},"end":{"line":59,"column":38}},"loc":{"start":{"line":59,"column":71},"end":{"line":61,"column":1}},"line":59}},"branchMap":{"0":{"loc":{"start":{"line":39,"column":2},"end":{"line":39,"column":61}},"type":"if","locations":[{"start":{"line":39,"column":2},"end":{"line":39,"column":61}},{"start":{},"end":{}}],"line":39},"1":{"loc":{"start":{"line":39,"column":6},"end":{"line":39,"column":52}},"type":"binary-expr","locations":[{"start":{"line":39,"column":6},"end":{"line":39,"column":34}},{"start":{"line":39,"column":38},"end":{"line":39,"column":52}}],"line":39},"2":{"loc":{"start":{"line":48,"column":2},"end":{"line":51,"column":3}},"type":"if","locations":[{"start":{"line":48,"column":2},"end":{"line":51,"column":3}},{"start":{},"end":{}}],"line":48},"3":{"loc":{"start":{"line":52,"column":2},"end":{"line":55,"column":3}},"type":"if","locations":[{"start":{"line":52,"column":2},"end":{"line":55,"column":3}},{"start":{},"end":{}}],"line":52},"4":{"loc":{"start":{"line":52,"column":6},"end":{"line":52,"column":41}},"type":"binary-expr","locations":[{"start":{"line":52,"column":6},"end":{"line":52,"column":17}},{"start":{"line":52,"column":21},"end":{"line":52,"column":41}}],"line":52}},"s":{"0":5,"1":5,"2":5,"3":74,"4":5,"5":5,"6":74,"7":9,"8":65,"9":65,"10":5,"11":0,"12":0,"13":0,"14":0,"15":0,"16":0,"17":0,"18":5,"19":0,"20":5},"f":{"0":74,"1":74,"2":0,"3":0},"b":{"0":[9,65],"1":[74,65],"2":[0,0],"3":[0,0],"4":[0,0]},"_coverageSchema":"1a1c01bbd47fc00a2c39e90264f33305004495a9","hash":"00fea03247d646fcad7fa8748e50fe33b1eda469"}
,"D:\\consultancy\\backend\\models\\wishlist.js": {"path":"D:\\consultancy\\backend\\models\\wishlist.js","statementMap":{"0":{"start":{"line":2,"column":17},"end":{"line":2,"column":36}},"1":{"start":{"line":4,"column":27},"end":{"line":14,"column":2}},"2":{"start":{"line":16,"column":23},"end":{"line":26,"column":2}},"3":{"start":{"line":29,"column":0},"end":{"line":29,"column":45}},"4":{"start":{"line":31,"column":0},"end":{"line":31,"column":60}}},"fnMap":{},"branchMap":{},"s":{"0":2,"1":2,"2":2,"3":2,"4":2},"f":{},"b":{},"_coverageSchema":"1a1c01bbd47fc00a2c39e90264f33305004495a9","hash":"41b04918a0f8e8b0facb0997f52ef7f91fe66b21"}
,"D:\\consultancy\\backend\\routes\\adminManagement.js": {"path":"D:\\consultancy\\backend\\routes\\adminManagement.js","statementMap":{"0":{"start":{"line":2,"column":16},"end":{"line":2,"column":34}},"1":{"start":{"line":3,"column":15},"end":{"line":3,"column":31}},"2":{"start":{"line":4,"column":15},"end":{"line":4,"column":34}},"3":{"start":{"line":5,"column":13},"end":{"line":5,"column":38}},"4":{"start":{"line":6,"column":23},"end":{"line":6,"column":52}},"5":{"start":{"line":7,"column":24},"end":{"line":7,"column":53}},"6":{"start":{"line":14,"column":0},"end":{"line":299,"column":3}},"7":{"start":{"line":15,"column":2},"end":{"line":298,"column":3}},"8":{"start":{"line":16,"column":99},"end":{"line":16,"column":107}},"9":{"start":{"line":17,"column":20},"end":{"line":17,"column":30}},"10":{"start":{"line":19,"column":4},"end":{"line":26,"column":7}},"11":{"start":{"line":32,"column":4},"end":{"line":37,"column":5}},"12":{"start":{"line":33,"column":6},"end":{"line":36,"column":9}},"13":{"start":{"line":40,"column":4},"end":{"line":40,"column":45}},"14":{"start":{"line":41,"column":4},"end":{"line":41,"column":47}},"15":{"start":{"line":42,"column":4},"end":{"line":42,"column":56}},"16":{"start":{"line":43,"column":4},"end":{"line":43,"column":56}},"17":{"start":{"line":44,"column":4},"end":{"line":44,"column":68}},"18":{"start":{"line":45,"column":4},"end":{"line":45,"column":65}},"19":{"start":{"line":48,"column":4},"end":{"line":53,"column":5}},"20":{"start":{"line":49,"column":6},"end":{"line":52,"column":9}},"21":{"start":{"line":59,"column":18},"end":{"line":59,"column":66}},"22":{"start":{"line":61,"column":4},"end":{"line":66,"column":5}},"23":{"start":{"line":62,"column":6},"end":{"line":65,"column":9}},"24":{"start":{"line":72,"column":28},"end":{"line":72,"column":81}},"25":{"start":{"line":74,"column":4},"end":{"line":79,"column":5}},"26":{"start":{"line":75,"column":6},"end":{"line":78,"column":9}},"27":{"start":{"line":85,"column":4},"end":{"line":114,"column":5}},"28":{"start":{"line":87,"column":6},"end":{"line":113,"column":7}},"29":{"start":{"line":88,"column":8},"end":{"line":88,"column":63}},"30":{"start":{"line":89,"column":8},"end":{"line":89,"column":22}},"31":{"start":{"line":92,"column":27},"end":{"line":92,"column":55}},"32":{"start":{"line":94,"column":8},"end":{"line":99,"column":9}},"33":{"start":{"line":95,"column":10},"end":{"line":98,"column":13}},"34":{"start":{"line":102,"column":28},"end":{"line":105,"column":10}},"35":{"start":{"line":107,"column":8},"end":{"line":112,"column":9}},"36":{"start":{"line":108,"column":10},"end":{"line":111,"column":13}},"37":{"start":{"line":120,"column":4},"end":{"line":157,"column":5}},"38":{"start":{"line":122,"column":6},"end":{"line":156,"column":7}},"39":{"start":{"line":123,"column":8},"end":{"line":123,"column":66}},"40":{"start":{"line":124,"column":8},"end":{"line":124,"column":25}},"41":{"start":{"line":127,"column":8},"end":{"line":132,"column":9}},"42":{"start":{"line":128,"column":10},"end":{"line":131,"column":13}},"43":{"start":{"line":135,"column":30},"end":{"line":135,"column":47}},"44":{"start":{"line":137,"column":8},"end":{"line":142,"column":9}},"45":{"start":{"line":138,"column":10},"end":{"line":141,"column":13}},"46":{"start":{"line":145,"column":31},"end":{"line":148,"column":10}},"47":{"start":{"line":150,"column":8},"end":{"line":155,"column":9}},"48":{"start":{"line":151,"column":10},"end":{"line":154,"column":13}},"49":{"start":{"line":163,"column":4},"end":{"line":197,"column":5}},"50":{"start":{"line":165,"column":6},"end":{"line":170,"column":7}},"51":{"start":{"line":166,"column":8},"end":{"line":169,"column":11}},"52":{"start":{"line":173,"column":6},"end":{"line":178,"column":7}},"53":{"start":{"line":174,"column":8},"end":{"line":177,"column":11}},"54":{"start":{"line":181,"column":27},"end":{"line":181,"column":52}},"55":{"start":{"line":182,"column":27},"end":{"line":182,"column":52}},"56":{"start":{"line":183,"column":24},"end":{"line":183,"column":49}},"57":{"start":{"line":184,"column":29},"end":{"line":184,"column":71}},"58":{"start":{"line":186,"column":6},"end":{"line":191,"column":7}},"59":{"start":{"line":187,"column":8},"end":{"line":190,"column":11}},"60":{"start":{"line":194,"column":6},"end":{"line":196,"column":7}},"61":{"start":{"line":195,"column":8},"end":{"line":195,"column":76}},"62":{"start":{"line":203,"column":4},"end":{"line":229,"column":5}},"63":{"start":{"line":205,"column":6},"end":{"line":228,"column":7}},"64":{"start":{"line":206,"column":8},"end":{"line":206,"column":70}},"65":{"start":{"line":207,"column":8},"end":{"line":207,"column":28}},"66":{"start":{"line":211,"column":27},"end":{"line":211,"column":46}},"67":{"start":{"line":213,"column":8},"end":{"line":218,"column":9}},"68":{"start":{"line":214,"column":10},"end":{"line":217,"column":13}},"69":{"start":{"line":221,"column":27},"end":{"line":221,"column":60}},"70":{"start":{"line":222,"column":8},"end":{"line":227,"column":9}},"71":{"start":{"line":223,"column":10},"end":{"line":226,"column":13}},"72":{"start":{"line":232,"column":4},"end":{"line":237,"column":5}},"73":{"start":{"line":233,"column":6},"end":{"line":236,"column":9}},"74":{"start":{"line":243,"column":23},"end":{"line":243,"column":25}},"75":{"start":{"line":246,"column":4},"end":{"line":248,"column":5}},"76":{"start":{"line":247,"column":6},"end":{"line":247,"column":50}},"77":{"start":{"line":251,"column":4},"end":{"line":253,"column":5}},"78":{"start":{"line":252,"column":6},"end":{"line":252,"column":42}},"79":{"start":{"line":256,"column":4},"end":{"line":258,"column":5}},"80":{"start":{"line":257,"column":6},"end":{"line":257,"column":48}},"81":{"start":{"line":261,"column":4},"end":{"line":263,"column":5}},"82":{"start":{"line":262,"column":6},"end":{"line":262,"column":42}},"83":{"start":{"line":266,"column":4},"end":{"line":266,"column":39}},"84":{"start":{"line":267,"column":4},"end":{"line":267,"column":23}},"85":{"start":{"line":273,"column":26},"end":{"line":273,"column":28}},"86":{"start":{"line":274,"column":4},"end":{"line":274,"column":46}},"87":{"start":{"line":274,"column":18},"end":{"line":274,"column":46}},"88":{"start":{"line":275,"column":4},"end":{"line":275,"column":52}},"89":{"start":{"line":275,"column":21},"end":{"line":275,"column":52}},"90":{"start":{"line":276,"column":4},"end":{"line":276,"column":59}},"91":{"start":{"line":276,"column":24},"end":{"line":276,"column":59}},"92":{"start":{"line":277,"column":4},"end":{"line":277,"column":52}},"93":{"start":{"line":277,"column":21},"end":{"line":277,"column":52}},"94":{"start":{"line":279,"column":4},"end":{"line":289,"column":7}},"95":{"start":{"line":292,"column":4},"end":{"line":292,"column":60}},"96":{"start":{"line":293,"column":4},"end":{"line":297,"column":7}},"97":{"start":{"line":306,"column":0},"end":{"line":337,"column":3}},"98":{"start":{"line":307,"column":2},"end":{"line":336,"column":3}},"99":{"start":{"line":308,"column":18},"end":{"line":308,"column":108}},"100":{"start":{"line":310,"column":4},"end":{"line":315,"column":5}},"101":{"start":{"line":311,"column":6},"end":{"line":314,"column":9}},"102":{"start":{"line":317,"column":4},"end":{"line":328,"column":7}},"103":{"start":{"line":331,"column":4},"end":{"line":331,"column":53}},"104":{"start":{"line":332,"column":4},"end":{"line":335,"column":7}},"105":{"start":{"line":339,"column":0},"end":{"line":339,"column":24}}},"fnMap":{"0":{"name":"(anonymous_0)","decl":{"start":{"line":14,"column":63},"end":{"line":14,"column":64}},"loc":{"start":{"line":14,"column":83},"end":{"line":299,"column":1}},"line":14},"1":{"name":"(anonymous_1)","decl":{"start":{"line":306,"column":52},"end":{"line":306,"column":53}},"loc":{"start":{"line":306,"column":72},"end":{"line":337,"column":1}},"line":306}},"branchMap":{"0":{"loc":{"start":{"line":22,"column":16},"end":{"line":22,"column":37}},"type":"binary-expr","locations":[{"start":{"line":22,"column":16},"end":{"line":22,"column":24}},{"s
[...]
:{}}],"line":306},"40":{"loc":{"start":{"line":306,"column":10},"end":{"line":306,"column":60}},"type":"binary-expr","locations":[{"start":{"line":306,"column":10},"end":{"line":306,"column":33}},{"start":{"line":306,"column":37},"end":{"line":306,"column":60}}],"line":306},"41":{"loc":{"start":{"line":312,"column":24},"end":{"line":312,"column":57}},"type":"binary-expr","locations":[{"start":{"line":312,"column":24},"end":{"line":312,"column":31}},{"start":{"line":312,"column":35},"end":{"line":312,"column":57}}],"line":312},"42":{"loc":{"start":{"line":313,"column":23},"end":{"line":313,"column":60}},"type":"binary-expr","locations":[{"start":{"line":313,"column":23},"end":{"line":313,"column":49}},{"start":{"line":313,"column":53},"end":{"line":313,"column":60}}],"line":313},"43":{"loc":{"start":{"line":316,"column":14},"end":{"line":318,"column":55}},"type":"cond-expr","locations":[{"start":{"line":316,"column":37},"end":{"line":316,"column":53}},{"start":{"line":317,"column":14},"end":{"line":318,"column":55}}],"line":316},"44":{"loc":{"start":{"line":317,"column":14},"end":{"line":318,"column":55}},"type":"cond-expr","locations":[{"start":{"line":317,"column":40},"end":{"line":317,"column":59}},{"start":{"line":318,"column":14},"end":{"line":318,"column":55}}],"line":317},"45":{"loc":{"start":{"line":318,"column":14},"end":{"line":318,"column":55}},"type":"binary-expr","locations":[{"start":{"line":318,"column":14},"end":{"line":318,"column":35}},{"start":{"line":318,"column":39},"end":{"line":318,"column":55}}],"line":318},"46":{"loc":{"start":{"line":319,"column":14},"end":{"line":319,"column":83}},"type":"binary-expr","locations":[{"start":{"line":319,"column":14},"end":{"line":319,"column":45}},{"start":{"line":319,"column":50},"end":{"line":319,"column":82}}],"line":319},"47":{"loc":{"start":{"line":319,"column":50},"end":{"line":319,"column":82}},"type":"cond-expr","locations":[{"start":{"line":319,"column":73},"end":{"line":319,"column":76}},{"start":{"line":319,"column":79},"end":{"line":319,"column":82}}],"line":319},"48":{"loc":{"start":{"line":320,"column":16},"end":{"line":320,"column":74}},"type":"binary-expr","locations":[{"start":{"line":320,"column":16},"end":{"line":320,"column":36}},{"start":{"line":320,"column":40},"end":{"line":320,"column":74}}],"line":320},"49":{"loc":{"start":{"line":338,"column":45},"end":{"line":338,"column":82}},"type":"binary-expr","locations":[{"start":{"line":338,"column":45},"end":{"line":338,"column":65}},{"start":{"line":338,"column":69},"end":{"line":338,"column":82}}],"line":338},"50":{"loc":{"start":{"line":367,"column":4},"end":{"line":374,"column":5}},"type":"if","locations":[{"start":{"line":367,"column":4},"end":{"line":374,"column":5}},{"start":{},"end":{}}],"line":367},"51":{"loc":{"start":{"line":377,"column":4},"end":{"line":384,"column":5}},"type":"if","locations":[{"start":{"line":377,"column":4},"end":{"line":384,"column":5}},{"start":{},"end":{}}],"line":377},"52":{"loc":{"start":{"line":387,"column":4},"end":{"line":396,"column":5}},"type":"if","locations":[{"start":{"line":387,"column":4},"end":{"line":396,"column":5}},{"start":{},"end":{}}],"line":387},"53":{"loc":{"start":{"line":388,"column":6},"end":{"line":395,"column":7}},"type":"if","locations":[{"start":{"line":388,"column":6},"end":{"line":395,"column":7}},{"start":{},"end":{}}],"line":388},"54":{"loc":{"start":{"line":399,"column":4},"end":{"line":406,"column":5}},"type":"if","locations":[{"start":{"line":399,"column":4},"end":{"line":406,"column":5}},{"start":{},"end":{}}],"line":399},"55":{"loc":{"start":{"line":409,"column":4},"end":{"line":416,"column":5}},"type":"if","locations":[{"start":{"line":409,"column":4},"end":{"line":416,"column":5}},{"start":{},"end":{}}],"line":409},"56":{"loc":{"start":{"line":428,"column":6},"end":{"line":428,"column":25}},"type":"if","locations":[{"start":{"line":428,"column":6},"end":{"line":428,"column":25}},{"start":{},"end":{}}],"line":428},"57":{"loc":{"start":{"line":430,"column":26},"end":{"line":433,"column":64}},"type":"cond-expr","locations":[{"start":{"line":430,"column":54},"end":{"line":430,"column":57}},{"start":{"line":431,"column":25},"end":{"line":433,"column":64}}],"line":430},"58":{"loc":{"start":{"line":431,"column":25},"end":{"line":433,"column":64}},"type":"cond-expr","locations":[{"start":{"line":431,"column":53},"end":{"line":431,"column":56}},{"start":{"line":432,"column":25},"end":{"line":433,"column":64}}],"line":431},"59":{"loc":{"start":{"line":432,"column":25},"end":{"line":433,"column":64}},"type":"cond-expr","locations":[{"start":{"line":432,"column":54},"end":{"line":432,"column":58}},{"start":{"line":433,"column":25},"end":{"line":433,"column":64}}],"line":432},"60":{"loc":{"start":{"line":433,"column":25},"end":{"line":433,"column":64}},"type":"cond-expr","locations":[{"start":{"line":433,"column":54},"end":{"line":433,"column":58}},{"start":{"line":433,"column":61},"end":{"line":433,"column":64}}],"line":433},"61":{"loc":{"start":{"line":437,"column":6},"end":{"line":441,"column":7}},"type":"if","locations":[{"start":{"line":437,"column":6},"end":{"line":441,"column":7}},{"start":{},"end":{}}],"line":437},"62":{"loc":{"start":{"line":437,"column":10},"end":{"line":437,"column":64}},"type":"binary-expr","locations":[{"start":{"line":437,"column":10},"end":{"line":437,"column":23}},{"start":{"line":437,"column":27},"end":{"line":437,"column":64}}],"line":437},"63":{"loc":{"start":{"line":443,"column":6},"end":{"line":447,"column":7}},"type":"if","locations":[{"start":{"line":443,"column":6},"end":{"line":447,"column":7}},{"start":{},"end":{}}],"line":443},"64":{"loc":{"start":{"line":443,"column":10},"end":{"line":443,"column":49}},"type":"binary-expr","locations":[{"start":{"line":443,"column":10},"end":{"line":443,"column":22}},{"start":{"line":443,"column":26},"end":{"line":443,"column":49}}],"line":443},"65":{"loc":{"start":{"line":449,"column":6},"end":{"line":451,"column":7}},"type":"if","locations":[{"start":{"line":449,"column":6},"end":{"line":451,"column":7}},{"start":{},"end":{}}],"line":449},"66":{"loc":{"start":{"line":457,"column":4},"end":{"line":466,"column":5}},"type":"if","locations":[{"start":{"line":457,"column":4},"end":{"line":466,"column":5}},{"start":{},"end":{}}],"line":457},"67":{"loc":{"start":{"line":460,"column":30},"end":{"line":461,"column":67}},"type":"cond-expr","locations":[{"start":{"line":460,"column":56},"end":{"line":460,"column":60}},{"start":{"line":461,"column":28},"end":{"line":461,"column":67}}],"line":460},"68":{"loc":{"start":{"line":461,"column":28},"end":{"line":461,"column":67}},"type":"cond-expr","locations":[{"start":{"line":461,"column":56},"end":{"line":461,"column":60}},{"start":{"line":461,"column":63},"end":{"line":461,"column":67}}],"line":461},"69":{"loc":{"start":{"line":480,"column":17},"end":{"line":480,"column":78}},"type":"binary-expr","locations":[{"start":{"line":480,"column":17},"end":{"line":480,"column":45}},{"start":{"line":480,"column":49},"end":{"line":480,"column":78}}],"line":480},"70":{"loc":{"start":{"line":481,"column":23},"end":{"line":481,"column":71}},"type":"binary-expr","locations":[{"start":{"line":481,"column":23},"end":{"line":481,"column":45}},{"start":{"line":481,"column":49},"end":{"line":481,"column":71}}],"line":481}},"s":{"0":0,"1":0,"2":0,"3":0,"4":0,"5":0,"6":0,"7":0,"8":0,"9":0,"10":0,"11":0,"12":0,"13":0,"14":0,"15":0,"16":0,"17":0,"18":0,"19":0,"20":0,"21":0,"22":0,"23":0,"24":0,"25":0,"26":0,"27":0,"28":0,"29":0,"30":0,"31":0,"32":0,"33":0,"34":0,"35":0,"36":0,"37":0,"38":0,"39":0,"40":0,"41":0,"42":0,"43":0,"44":0,"45":0,"46":0,"47":0,"48":0,"49":0,"50":0,"51":0,"52":0,"53":0,"54":0,"55":0,"56":0,"57":0,"58":0,"59":0,"60":0,"61":0,"62":0,"63":0,"64":0,"65":0,"66":0,"67":0,"68":0,"69":0,"70":0,"71":0,"72":0,"73":0,"74":0,"75":0,"76":0,"77":0,"78":0,"79":0,"80":0,"81":0,"82":0,"83":0,"84":0,"85":0,"86":0,"87":0,"88":0,"89":0,"90":0,"91":0,"92":0,"93":0,"94":0,"95":0,"96":0,"97":0,"98":0,"99":0,"100":0,"101":0,"102":0,"103":0,"104":0,"105":0,"106":0,"107":0,"108":0,"109":0,"110":0,"111":0,"112":0,"113":0,"114":0,"115":0,"116":0,"117":0,"118":0,"119":0,"120":0,"121":0,"122":0,"123":0,"124":0,"125":0,"126":0,"127":0,"128":0,"129":0,"130":0,"131":0,"132":0,"133":0,"134":0,"135":0,"136":0,"137":0,"138":0,"139":0,"140":0,"141":0,"142":0,"143":0,"144":0,"145":0,"146":0,"147":0,"148":0,"149":0,"150":0,"151":0,"152":0,"153":0,"154":0,"155":0,"156":0,"157":0,"158":0,"159":0,"160":0,"161":0,"162":0,"163":0,"164":0,"165":0,"166":0,"167":0,"168":0,"169":0,"170":0,"171":0,"172":0},"f":{"0":0,"1":0,"2":0,"3":0,"4":0,"5":0,"6":0,"7":0,"8":0,"9":0,"10":0,"11":0,"12":0,"13":0,"14":0,"15":0,"16":0,"17":0,"18":0,"19":0,"20":0},"b":{"0":[0,0],"1":[0,0],"2":[0,0],"3":[0,0],"4":[0,0],"5":[0,0],"6":[0,0],"7":[0,0],"8":[0,0],"9":[0,0],"10":[0,0],"11":[0,0],"12":[0,0],"13":[0,0],"14":[0,0],"15":[0,0],"16":[0,0],"17":[0],"18":[0,0],"19":[0,0],"20":[0,0],"21":[0,0],"22":[0,0],"23":[0,0],"24":[0,0],"25":[0,0],"26":[0,0],"27":[0,0],"28":[0,0],"29":[0,0],"30":[0,0],"31":[0,0],"32":[0,0],"33":[0,0],"34":[0,0],"35":[0,0],"36":[0,0],"37":[0,0],"38":[0],"39":[0,0],"40":[0,0],"41":[0,0],"42":[0,0],"43":[0,0],"44":[0,0],"45":[0,0],"46":[0,0],"47":[0,0],"48":[0,0],"49":[0,0],"50":[0,0],"51":[0,0],"52":[0,0],"53":[0,0],"54":[0,0],"55":[0,0],"56":[0,0],"57":[0,0],"58":[0,0],"59":[0,0],"60":[0,0],"61":[0,0],"62":[0,0],"63":[0,0],"64":[0,0],"65":[0,0],"66":[0,0],"67":[0,0],"68":[0,0],"69":[0,0],"70":[0,0]}}
,"D:\\consultancy\\backend\\utils\\inventoryManager.js": {"path":"D:\\consultancy\\backend\\utils\\inventoryManager.js","statementMap":{"0":{"start":{"line":2,"column":16},"end":{"line":2,"column":44}},"1":{"start":{"line":3,"column":21},"end":{"line":3,"column":54}},"2":{"start":{"line":9,"column":2},"end":{"line":27,"column":3}},"3":{"start":{"line":10,"column":16},"end":{"line":20,"column":6}},"4":{"start":{"line":22,"column":4},"end":{"line":22,"column":21}},"5":{"start":{"line":23,"column":4},"end":{"line":23,"column":15}},"6":{"start":{"line":25,"column":4},"end":{"line":25,"column":58}},"7":{"start":{"line":26,"column":4},"end":{"line":26,"column":14}},"8":{"start":{"line":34,"column":18},"end":{"line":34,"column":51}},"9":{"start":{"line":36,"column":2},"end":{"line":38,"column":3}},"10":{"start":{"line":37,"column":4},"end":{"line":37,"column":41}},"11":{"start":{"line":40,"column":2},"end":{"line":42,"column":3}},"12":{"start":{"line":41,"column":4},"end":{"line":41,"column":95}},"13":{"start":{"line":44,"column":22},"end":{"line":44,"column":35}},"14":{"start":{"line":47,"column":2},"end":{"line":47,"column":28}},"15":{"start":{"line":48,"column":2},"end":{"line":48,"column":38}},"16":{"start":{"line":49,"column":2},"end":{"line":49,"column":23}},"17":{"start":{"line":52,"column":2},"end":{"line":61,"column":5}},"18":{"start":{"line":63,"column":2},"end":{"line":63,"column":17}},"19":{"start":{"line":70,"column":18},"end":{"line":70,"column":20}},"20":{"start":{"line":72,"column":2},"end":{"line":103,"column":3}},"21":{"start":{"line":73,"column":20},"end":{"line":73,"column":56}},"22":{"start":{"line":75,"column":4},"end":{"line":78,"column":5}},"23":{"start":{"line":76,"column":6},"end":{"line":76,"column":58}},"24":{"start":{"line":77,"column":6},"end":{"line":77,"column":15}},"25":{"start":{"line":81,"column":4},"end":{"line":94,"column":7}},"26":{"start":{"line":96,"column":4},"end":{"line":102,"column":7}},"27":{"start":{"line":105,"column":2},"end":{"line":105,"column":17}},"28":{"start":{"line":112,"column":18},"end":{"line":112,"column":20}},"29":{"start":{"line":114,"column":2},"end":{"line":158,"column":3}},"30":{"start":{"line":115,"column":20},"end":{"line":115,"column":56}},"31":{"start":{"line":117,"column":4},"end":{"line":126,"column":5}},"32":{"start":{"line":118,"column":6},"end":{"line":118,"column":58}},"33":{"start":{"line":119,"column":6},"end":{"line":124,"column":9}},"34":{"start":{"line":125,"column":6},"end":{"line":125,"column":15}},"35":{"start":{"line":128,"column":24},"end":{"line":128,"column":37}},"36":{"start":{"line":131,"column":4},"end":{"line":131,"column":35}},"37":{"start":{"line":132,"column":4},"end":{"line":132,"column":40}},"38":{"start":{"line":133,"column":4},"end":{"line":133,"column":25}},"39":{"start":{"line":136,"column":4},"end":{"line":149,"column":7}},"40":{"start":{"line":151,"column":4},"end":{"line":157,"column":7}},"41":{"start":{"line":160,"column":2},"end":{"line":160,"column":17}},"42":{"start":{"line":167,"column":18},"end":{"line":167,"column":20}},"43":{"start":{"line":169,"column":2},"end":{"line":191,"column":3}},"44":{"start":{"line":170,"column":20},"end":{"line":170,"column":58}},"45":{"start":{"line":172,"column":4},"end":{"line":179,"column":5}},"46":{"start":{"line":173,"column":6},"end":{"line":177,"column":9}},"47":{"start":{"line":178,"column":6},"end":{"line":178,"column":15}},"48":{"start":{"line":181,"column":22},"end":{"line":181,"column":71}},"49":{"start":{"line":183,"column":4},"end":{"line":190,"column":7}},"50":{"start":{"line":193,"column":2},"end":{"line":193,"column":17}},"51":{"start":{"line":200,"column":16},"end":{"line":200,"column":55}},"52":{"start":{"line":202,"column":16},"end":{"line":242,"column":4}},"53":{"start":{"line":244,"column":2},"end":{"line":246,"column":3}},"54":{"start":{"line":245,"column":4},"end":{"line":245,"column":28}},"55":{"start":{"line":248,"column":2},"end":{"line":248,"column":15}},"56":{"start":{"line":255,"column":19},"end":{"line":258,"column":40}},"57":{"start":{"line":260,"column":2},"end":{"line":260,"column":18}},"58":{"start":{"line":267,"column":19},"end":{"line":270,"column":34}},"59":{"start":{"line":272,"column":2},"end":{"line":272,"column":18}},"60":{"start":{"line":275,"column":0},"end":{"line":284,"column":2}}},"fnMap":{"0":{"name":"logInventoryChange","decl":{"start":{"line":8,"column":15},"end":{"line":8,"column":33}},"loc":{"start":{"line":8,"column":40},"end":{"line":28,"column":1}},"line":8},"1":{"name":"reserveStock","decl":{"start":{"line":33,"column":15},"end":{"line":33,"column":27}},"loc":{"start":{"line":33,"column":66},"end":{"line":64,"column":1}},"line":33},"2":{"name":"confirmStockDeduction","decl":{"start":{"line":69,"column":15},"end":{"line":69,"column":36}},"loc":{"start":{"line":69,"column":52},"end":{"line":106,"column":1}},"line":69},"3":{"name":"restoreStock","decl":{"start":{"line":111,"column":15},"end":{"line":111,"column":27}},"loc":{"start":{"line":111,"column":57},"end":{"line":161,"column":1}},"line":111},"4":{"name":"checkStockAvailability","decl":{"start":{"line":166,"column":15},"end":{"line":166,"column":37}},"loc":{"start":{"line":166,"column":45},"end":{"line":194,"column":1}},"line":166},"5":{"name":"getInventoryStats","decl":{"start":{"line":199,"column":15},"end":{"line":199,"column":32}},"loc":{"start":{"line":199,"column":51},"end":{"line":249,"column":1}},"line":199},"6":{"name":"getLowStockProducts","decl":{"start":{"line":254,"column":15},"end":{"line":254,"column":34}},"loc":{"start":{"line":254,"column":51},"end":{"line":261,"column":1}},"line":254},"7":{"name":"getOutOfStockProducts","decl":{"start":{"line":266,"column":15},"end":{"line":266,"column":36}},"loc":{"start":{"line":266,"column":39},"end":{"line":273,"column":1}},"line":266}},"branchMap":{"0":{"loc":{"start":{"line":11,"column":15},"end":{"line":11,"column":45}},"type":"binary-expr","locations":[{"start":{"line":11,"column":15},"end":{"line":11,"column":27}},{"start":{"line":11,"column":31},"end":{"line":11,"column":45}}],"line":11},"1":{"loc":{"start":{"line":12,"column":13},"end":{"line":12,"column":39}},"type":"binary-expr","locations":[{"start":{"line":12,"column":13},"end":{"line":12,"column":23}},{"start":{"line":12,"column":27},"end":{"line":12,"column":39}}],"line":12},"2":{"loc":{"start":{"line":17,"column":19},"end":{"line":17,"column":50}},"type":"binary-expr","locations":[{"start":{"line":17,"column":19},"end":{"line":17,"column":35}},{"start":{"line":17,"column":39},"end":{"line":17,"column":50}}],"line":17},"3":{"loc":{"start":{"line":19,"column":16},"end":{"line":19,"column":35}},"type":"binary-expr","locations":[{"start":{"line":19,"column":16},"end":{"line":19,"column":29}},{"start":{"line":19,"column":33},"end":{"line":19,"column":35}}],"line":19},"4":{"loc":{"start":{"line":36,"column":2},"end":{"line":38,"column":3}},"type":"if","locations":[{"start":{"line":36,"column":2},"end":{"line":38,"column":3}},{"start":{},"end":{}}],"line":36},"5":{"loc":{"start":{"line":40,"column":2},"end":{"line":42,"column":3}},"type":"if","locations":[{"start":{"line":40,"column":2},"end":{"line":42,"column":3}},{"start":{},"end":{}}],"line":40},"6":{"loc":{"start":{"line":75,"column":4},"end":{"line":78,"column":5}},"type":"if","locations":[{"start":{"line":75,"column":4},"end":{"line":78,"column":5}},{"start":{},"end":{}}],"line":75},"7":{"loc":{"start":{"line":117,"column":4},"end":{"line":126,"column":5}},"type":"if","locations":[{"start":{"line":117,"column":4},"end":{"line":126,"column":5}},{"start":{},"end":{}}],"line":117},"8":{"loc":{"start":{"line":144,"column":14},"end":{"line":144,"column":64}},"type":"binary-expr","locations":[{"start":{"line":144,"column":14},"end":{"line":144,"column":26}},{"start":{"line":144,"column":30},"end":{"line":144,"column":64}}],"line":144},"9":{"loc":{"start":{"line":172,"column":4},"end":{"line":179,"column":5}},"type":"if","locations":[{"start":{"line":172,"column":4},"end":{"line":179,"column":5}},{"start":{},"end":{}}],"line":172},"10":{"loc":{"start":{"line":181,"column":22},"end":{"line":181,"column":71}},"type":"binary-expr","locations":[{"start":{"line":181,"column":22},"end":{"line":181,"column":37}},{"start":{"line":181,"column":41},"end":{"line":181,"column":71}}],"line":181},"11":{"loc":{"start":{"line":189,"column":14},"end":{"line":189,"column":88}},"type":"cond-expr","locations":[{"start":{"line":189,"column":26},"end":{"line":189,"column":36}},{"start":{"line":189,"column":39},"end":{"line":189,"column":88}}],"line":189},"12":{"loc":{"start":{"line":199,"column":33},"end":{"line":199,"column":49}},"type":"default-arg","locations":[{"start":{"line":199,"column":45},"end":{"line":199,"column":49}}],"line":199},"13":{"loc":{"start":{"line":200,"column":16},"end":{"line":200,"column":55}},"type":"cond-expr","locations":[{"start":{"line":200,"column":28},"end":{"line":200,"column":50}},{"start":{"line":200,"column":53},"end":{"line":200,"column":55}}],"line":200},"14":{"loc":{"start":{"line":244,"column":2},"end":{"line":246,"column":3}},"type":"if","locations":[{"start":{"line":244,"column":2},"end":{"line":246,"column":3}},{"start":{},"end":{}}],"line":244},"15":{"loc":{"start":{"line":245,"column":11},"end":{"line":245,"column":27}},"type":"binary-expr","locations":[{"start":{"line":245,"column":11},"end":{"line":245,"column":19}},{"start":{"line":245,"column":23},"end":{"line":245,"column":27}}],"line":245},"16":{"loc":{"start":{"line":254,"column":35},"end":{"line":254,"column":49}},"type":"default-arg","locations":[{"start":{"line":254,"column":47},"end":{"line":254,"column":49}}],"line":254}},"s":{"0":1,"1":1,"2":0,"3":0,"4":0,"5":0,"6":0,"7":0,"8":0,"9":0,"10":0,"11":0,"12":0,"13":0,"14":0,"15":0,"16":0,"17":0,"18":0,"19":0,"20":0,"21":0,"22":0,"23":0,"24":0,"25":0,"26":0,"27":0,"28":0,"29":0,"30":0,"31":0,"32":0,"33":0,"34":0,"35":0,"36":0,"37":0,"38":0,"39":0,"40":0,"41":0,"42":0,"43":0,"44":0,"45":0,"46":0,"47":0,"48":0,"49":0,"50":0,"51":0,"52":0,"53":0,"54":0,"55":0,"56":0,"57":0,"58":0,"59":0,"60":1},"f":{"0":0,"1":0,"2":0,"3":0,"4":0,"5":0,"6":0,"7":0},"b":{"0":[0,0],"1":[0,0],"2":[0,0],"3":[0,0],"4":[0,0],"5":[0,0],"6":[0,0],"7":[0,0],"8":[0,0],"9":[0,0],"10":[0,0],"11":[0,0],"12":[0],"13":[0,0],"14":[0,0],"15":[0,0],"16":[0]},"_coverageSchema":"1a1c01bbd47fc00a2c39e90264f33305004495a9","hash":"6c327246a4208567e7d1d899283e5c4c9522d0f5"}
}
