TN:
SF:config\cloudinary.js
FN:18,(anonymous_0)
FN:56,(anonymous_1)
FN:78,(anonymous_2)
FN:94,(anonymous_3)
FNF:4
FNH:0
FNDA:0,(anonymous_0)
FNDA:0,(anonymous_1)
FNDA:0,(anonymous_2)
FNDA:0,(anonymous_3)
DA:2,0
DA:5,0
DA:18,0
DA:19,0
DA:20,0
DA:34,0
DA:43,0
DA:44,0
DA:56,0
DA:57,0
DA:58,0
DA:59,0
DA:64,0
DA:65,0
DA:78,0
DA:79,0
DA:94,0
DA:95,0
DA:104,0
LF:19
LH:0
BRDA:18,0,0,0
BRDA:21,1,0,0
BRDA:21,1,1,0
BRDA:24,2,0,0
BRDA:24,2,1,0
BRDA:25,3,0,0
BRDA:25,3,1,0
BRDA:78,4,0,0
BRDA:80,5,0,0
BRDA:80,5,1,0
BRDA:81,6,0,0
BRDA:81,6,1,0
BRDA:82,7,0,0
BRDA:82,7,1,0
BRDA:83,8,0,0
BRDA:83,8,1,0
BRF:16
BRH:0
end_of_record
TN:
SF:config\db.js
FN:7,(anonymous_0)
FN:21,(anonymous_1)
FN:23,(anonymous_2)
FN:26,(anonymous_3)
FN:43,(anonymous_4)
FNF:5
FNH:2
FNDA:1,(anonymous_0)
FNDA:0,(anonymous_1)
FNDA:0,(anonymous_2)
FNDA:0,(anonymous_3)
FNDA:1,(anonymous_4)
DA:1,1
DA:3,1
DA:4,1
DA:5,1
DA:7,1
DA:8,1
DA:9,1
DA:15,0
DA:18,0
DA:19,0
DA:21,0
DA:22,0
DA:23,0
DA:26,0
DA:27,0
DA:32,1
DA:34,1
DA:35,0
DA:37,1
DA:38,0
DA:41,1
DA:42,1
DA:43,1
DA:44,0
DA:47,0
DA:48,0
DA:53,1
LF:27
LH:14
BRDA:7,0,0,1
BRDA:18,1,0,0
BRDA:18,1,1,0
BRDA:34,2,0,0
BRDA:34,2,1,1
BRDA:34,3,0,1
BRDA:34,3,1,1
BRDA:37,4,0,0
BRDA:37,4,1,1
BRDA:37,5,0,1
BRDA:37,5,1,1
BRDA:41,6,0,1
BRDA:41,6,1,0
BRF:13
BRH:8
end_of_record
TN:
SF:config\gridfs.js
FN:17,(anonymous_0)
FN:28,(anonymous_1)
FN:29,(anonymous_2)
FNF:3
FNH:2
FNDA:1,(anonymous_0)
FNDA:3,(anonymous_1)
FNDA:0,(anonymous_2)
DA:9,2
DA:11,2
DA:17,2
DA:18,1
DA:19,1
DA:20,1
DA:21,1
DA:23,1
DA:28,3
DA:29,2
DA:31,2
LF:11
LH:11
BRDA:18,0,0,1
BRDA:18,0,1,0
BRDA:20,1,0,0
BRDA:20,1,1,1
BRF:4
BRH:2
end_of_record
TN:
SF:config\logger.js
FN:17,(anonymous_0)
FN:73,(anonymous_1)
FN:79,(anonymous_2)
FN:90,(anonymous_3)
FNF:4
FNH:0
FNDA:0,(anonymous_0)
FNDA:0,(anonymous_1)
FNDA:0,(anonymous_2)
FNDA:0,(anonymous_3)
DA:2,1
DA:3,1
DA:6,1
DA:14,1
DA:18,0
DA:19,0
DA:20,0
DA:22,0
DA:27,1
DA:65,1
DA:66,1
DA:72,1
DA:74,0
DA:79,1
DA:80,0
DA:90,1
DA:91,0
DA:100,0
DA:103,1
LF:19
LH:11
BRDA:19,0,0,0
BRDA:19,0,1,0
BRDA:28,1,0,1
BRDA:28,1,1,1
BRDA:28,2,0,0
BRDA:28,2,1,1
BRDA:65,3,0,1
BRDA:65,3,1,0
BRDA:90,4,0,0
BRDA:94,5,0,0
BRDA:94,5,1,0
BRF:11
BRH:4
end_of_record
TN:
SF:config\redis.js
FN:7,(anonymous_0)
FN:12,(anonymous_1)
FN:23,(anonymous_2)
FN:27,(anonymous_3)
FN:32,(anonymous_4)
FN:45,(anonymous_5)
FN:46,(anonymous_6)
FN:73,(anonymous_7)
FN:77,(anonymous_8)
FN:93,(anonymous_9)
FN:115,(anonymous_10)
FN:140,(anonymous_11)
FN:141,(anonymous_12)
FNF:13
FNH:3
FNDA:1,(anonymous_0)
FNDA:5,(anonymous_1)
FNDA:5,(anonymous_2)
FNDA:0,(anonymous_3)
FNDA:0,(anonymous_4)
FNDA:0,(anonymous_5)
FNDA:0,(anonymous_6)
FNDA:0,(anonymous_7)
FNDA:0,(anonymous_8)
FNDA:0,(anonymous_9)
FNDA:0,(anonymous_10)
FNDA:0,(anonymous_11)
FNDA:0,(anonymous_12)
DA:2,1
DA:4,1
DA:5,1
DA:7,1
DA:8,1
DA:9,1
DA:14,5
DA:15,1
DA:17,4
DA:23,1
DA:24,5
DA:27,1
DA:28,0
DA:29,0
DA:32,1
DA:33,0
DA:36,1
DA:37,0
DA:40,1
DA:45,1
DA:46,0
DA:48,0
DA:49,0
DA:53,0
DA:54,0
DA:57,0
DA:59,0
DA:60,0
DA:62,0
DA:63,0
DA:64,0
DA:67,0
DA:70,0
DA:73,0
DA:75,0
DA:76,0
DA:77,0
DA:81,0
DA:84,0
DA:86,0
DA:87,0
DA:93,1
DA:94,0
DA:95,0
DA:98,0
DA:99,0
DA:100,0
DA:101,0
DA:102,0
DA:104,0
DA:105,0
DA:107,0
DA:109,0
DA:110,0
DA:115,1
DA:116,0
DA:117,0
DA:120,0
DA:121,0
DA:122,0
DA:124,0
DA:130,0
DA:131,0
DA:135,1
DA:140,0
DA:141,0
LF:66
LH:19
BRDA:10,0,0,1
BRDA:10,0,1,1
BRDA:14,1,0,1
BRDA:14,1,1,4
BRDA:45,2,0,0
BRDA:48,3,0,0
BRDA:48,3,1,0
BRDA:48,4,0,0
BRDA:48,4,1,0
BRDA:53,5,0,0
BRDA:53,5,1,0
BRDA:62,6,0,0
BRDA:62,6,1,0
BRDA:75,7,0,0
BRDA:75,7,1,0
BRDA:75,8,0,0
BRDA:75,8,1,0
BRDA:93,9,0,0
BRDA:94,10,0,0
BRDA:94,10,1,0
BRDA:94,11,0,0
BRDA:94,11,1,0
BRDA:104,12,0,0
BRDA:104,12,1,0
BRDA:116,13,0,0
BRDA:116,13,1,0
BRDA:116,14,0,0
BRDA:116,14,1,0
BRF:28
BRH:4
end_of_record
TN:
SF:config\upload.js
FN:15,(anonymous_0)
FNF:1
FNH:1
FNDA:20,(anonymous_0)
DA:2,2
DA:3,2
DA:12,2
DA:15,2
DA:17,20
DA:18,20
DA:21,20
DA:29,20
DA:35,20
DA:36,16
DA:38,4
DA:43,2
DA:52,2
LF:13
LH:13
BRDA:35,0,0,16
BRDA:35,0,1,4
BRDA:35,1,0,20
BRDA:35,1,1,16
BRF:4
BRH:4
end_of_record
TN:
SF:middleware\auth.js
FN:13,(anonymous_0)
FN:42,(anonymous_1)
FNF:2
FNH:2
FNDA:107,(anonymous_0)
FNDA:76,(anonymous_1)
DA:2,8
DA:5,8
DA:6,0
DA:7,0
DA:13,8
DA:14,107
DA:15,107
DA:17,107
DA:18,12
DA:21,95
DA:22,95
DA:24,85
DA:25,85
DA:26,85
DA:28,10
DA:30,10
DA:31,4
DA:34,6
DA:42,8
DA:44,76
DA:45,15
DA:48,61
DA:49,4
DA:54,57
DA:57,8
DA:58,8
DA:59,8
LF:27
LH:25
BRDA:5,0,0,0
BRDA:5,0,1,8
BRDA:17,1,0,12
BRDA:17,1,1,95
BRDA:17,2,0,107
BRDA:17,2,1,98
BRDA:30,3,0,4
BRDA:30,3,1,6
BRDA:44,4,0,15
BRDA:44,4,1,61
BRDA:48,5,0,4
BRDA:48,5,1,57
BRF:12
BRH:11
end_of_record
TN:
SF:middleware\errorHandler.js
FN:3,(anonymous_0)
FN:13,(anonymous_1)
FNF:2
FNH:0
FNDA:0,(anonymous_0)
FNDA:0,(anonymous_1)
DA:4,0
DA:5,0
DA:6,0
DA:7,0
DA:9,0
DA:13,0
DA:14,0
DA:15,0
DA:17,0
DA:18,0
DA:27,0
DA:28,0
DA:35,0
DA:36,0
DA:45,0
LF:15
LH:0
BRDA:6,0,0,0
BRDA:6,0,1,0
BRDA:14,1,0,0
BRDA:14,1,1,0
BRDA:15,2,0,0
BRDA:15,2,1,0
BRDA:17,3,0,0
BRDA:17,3,1,0
BRDA:27,4,0,0
BRDA:27,4,1,0
BRF:10
BRH:0
end_of_record
TN:
SF:middleware\rateLimiter.js
FNF:0
FNH:0
DA:2,3
DA:5,3
DA:14,3
DA:24,3
DA:33,3
DA:42,3
DA:50,3
LF:7
LH:7
BRF:0
BRH:0
end_of_record
TN:
SF:middleware\validators.js
FN:5,(anonymous_0)
FN:11,(anonymous_1)
FN:110,(anonymous_2)
FNF:3
FNH:0
FNDA:0,(anonymous_0)
FNDA:0,(anonymous_1)
FNDA:0,(anonymous_2)
DA:2,0
DA:5,0
DA:6,0
DA:7,0
DA:8,0
DA:11,0
DA:18,0
DA:22,0
DA:53,0
DA:67,0
DA:84,0
DA:111,0
DA:112,0
DA:114,0
DA:121,0
DA:169,0
DA:179,0
DA:189,0
DA:204,0
LF:19
LH:0
BRDA:7,0,0,0
BRDA:7,0,1,0
BRDA:111,1,0,0
BRDA:111,1,1,0
BRDA:111,2,0,0
BRDA:111,2,1,0
BRF:6
BRH:0
end_of_record
TN:
SF:models\auditLog.js
FNF:0
FNH:0
DA:2,3
DA:4,3
DA:45,3
DA:46,3
DA:47,3
DA:49,3
DA:51,3
LF:7
LH:7
BRF:0
BRH:0
end_of_record
TN:
SF:models\cart.js
FN:35,(anonymous_0)
FNF:1
FNH:0
FNDA:0,(anonymous_0)
DA:2,1
DA:4,1
DA:18,1
DA:35,1
DA:36,0
DA:37,0
DA:42,1
LF:7
LH:5
BRF:0
BRH:0
end_of_record
TN:
SF:models\chatbotConfig.js
FN:480,(anonymous_0)
FN:484,(anonymous_1)
FN:488,(anonymous_2)
FN:491,(anonymous_3)
FN:495,(anonymous_4)
FNF:5
FNH:0
FNDA:0,(anonymous_0)
FNDA:0,(anonymous_1)
FNDA:0,(anonymous_2)
FNDA:0,(anonymous_3)
FNDA:0,(anonymous_4)
DA:1,1
DA:3,1
DA:477,1
DA:480,1
DA:481,0
DA:484,1
DA:485,0
DA:486,0
DA:488,0
DA:491,1
DA:492,0
DA:493,0
DA:495,0
DA:498,1
LF:14
LH:7
BRDA:480,0,0,0
BRDA:486,1,0,0
BRDA:486,1,1,0
BRDA:488,2,0,0
BRDA:488,2,1,0
BRDA:493,3,0,0
BRDA:493,3,1,0
BRDA:495,4,0,0
BRDA:495,4,1,0
BRF:9
BRH:0
end_of_record
TN:
SF:models\conversation.js
FN:219,(anonymous_0)
FN:227,(anonymous_1)
FN:250,(anonymous_2)
FN:265,(anonymous_3)
FN:279,(anonymous_4)
FN:281,(anonymous_5)
FN:282,(anonymous_6)
FN:285,(anonymous_7)
FN:291,(anonymous_8)
FN:300,(anonymous_9)
FN:309,(anonymous_10)
FN:315,(anonymous_11)
FN:325,(anonymous_12)
FN:332,(anonymous_13)
FN:333,(anonymous_14)
FN:347,(anonymous_15)
FNF:16
FNH:0
FNDA:0,(anonymous_0)
FNDA:0,(anonymous_1)
FNDA:0,(anonymous_2)
FNDA:0,(anonymous_3)
FNDA:0,(anonymous_4)
FNDA:0,(anonymous_5)
FNDA:0,(anonymous_6)
FNDA:0,(anonymous_7)
FNDA:0,(anonymous_8)
FNDA:0,(anonymous_9)
FNDA:0,(anonymous_10)
FNDA:0,(anonymous_11)
FNDA:0,(anonymous_12)
FNDA:0,(anonymous_13)
FNDA:0,(anonymous_14)
FNDA:0,(anonymous_15)
DA:1,1
DA:3,1
DA:208,1
DA:209,1
DA:210,1
DA:211,1
DA:212,1
DA:213,1
DA:216,1
DA:219,1
DA:220,0
DA:221,0
DA:223,0
DA:227,1
DA:228,0
DA:236,0
DA:237,0
DA:239,0
DA:240,0
DA:241,0
DA:242,0
DA:245,0
DA:247,0
DA:250,1
DA:251,0
DA:252,0
DA:253,0
DA:255,0
DA:256,0
DA:258,0
DA:259,0
DA:262,0
DA:265,1
DA:266,0
DA:267,0
DA:268,0
DA:269,0
DA:271,0
DA:272,0
DA:274,0
DA:275,0
DA:279,1
DA:280,0
DA:281,0
DA:282,0
DA:284,0
DA:285,0
DA:288,0
DA:291,1
DA:293,0
DA:294,0
DA:295,0
DA:296,0
DA:297,0
DA:300,0
DA:302,0
DA:309,1
DA:310,0
DA:315,1
DA:316,0
DA:318,0
DA:319,0
DA:322,0
DA:325,1
DA:326,0
DA:330,0
DA:332,0
DA:333,0
DA:343,0
DA:344,0
DA:345,0
DA:347,0
DA:348,0
DA:350,0
DA:351,0
DA:354,0
DA:355,0
DA:356,0
DA:360,0
DA:364,0
DA:365,0
DA:370,0
DA:374,0
DA:378,0
DA:382,0
DA:386,0
DA:389,1
LF:87
LH:19
BRDA:220,0,0,0
BRDA:220,0,1,0
BRDA:220,1,0,0
BRDA:220,1,1,0
BRDA:227,2,0,0
BRDA:239,3,0,0
BRDA:239,3,1,0
BRDA:241,4,0,0
BRDA:241,4,1,0
BRDA:250,5,0,0
BRDA:255,6,0,0
BRDA:255,6,1,0
BRDA:258,7,0,0
BRDA:258,7,1,0
BRDA:265,8,0,0
BRDA:265,9,0,0
BRDA:271,10,0,0
BRDA:271,10,1,0
BRDA:274,11,0,0
BRDA:274,11,1,0
BRDA:281,12,0,0
BRDA:281,12,1,0
BRDA:284,13,0,0
BRDA:284,13,1,0
BRDA:309,14,0,0
BRDA:315,15,0,0
BRDA:318,16,0,0
BRDA:318,16,1,0
BRDA:350,17,0,0
BRDA:350,17,1,0
BRDA:354,18,0,0
BRDA:354,18,1,0
BRDA:361,19,0,0
BRDA:361,19,1,0
BRDA:364,20,0,0
BRDA:364,20,1,0
BRDA:366,21,0,0
BRDA:366,21,1,0
BRDA:370,22,0,0
BRDA:370,22,1,0
BRDA:374,23,0,0
BRDA:374,23,1,0
BRDA:378,24,0,0
BRDA:378,24,1,0
BRDA:382,25,0,0
BRDA:382,25,1,0
BRF:46
BRH:0
end_of_record
TN:
SF:models\inventoryLog.js
FNF:0
FNH:0
DA:2,1
DA:4,1
DA:57,1
DA:58,1
DA:59,1
DA:61,1
LF:6
LH:6
BRF:0
BRH:0
end_of_record
TN:
SF:models\order.js
FNF:0
FNH:0
DA:2,1
DA:4,1
DA:20,1
DA:126,1
DA:127,1
DA:129,1
LF:6
LH:6
BRF:0
BRH:0
end_of_record
TN:
SF:models\product.js
FN:104,(anonymous_0)
FN:109,(anonymous_1)
FNF:2
FNH:1
FNDA:21,(anonymous_0)
FNDA:0,(anonymous_1)
DA:2,2
DA:4,2
DA:95,2
DA:96,2
DA:97,2
DA:98,2
DA:99,2
DA:100,2
DA:101,2
DA:104,2
DA:105,21
DA:109,2
DA:110,0
DA:112,0
DA:113,0
DA:116,0
DA:117,0
DA:118,0
DA:122,2
LF:19
LH:13
BRDA:112,0,0,0
BRDA:112,0,1,0
BRDA:116,1,0,0
BRDA:116,1,1,0
BRDA:116,2,0,0
BRDA:116,2,1,0
BRDA:117,3,0,0
BRDA:117,3,1,0
BRF:8
BRH:0
end_of_record
TN:
SF:models\review.js
FN:54,recalcProductRating
FN:71,(anonymous_1)
FN:75,(anonymous_2)
FN:79,(anonymous_3)
FNF:4
FNH:0
FNDA:0,recalcProductRating
FNDA:0,(anonymous_1)
FNDA:0,(anonymous_2)
FNDA:0,(anonymous_3)
DA:2,1
DA:4,1
DA:47,1
DA:50,1
DA:51,1
DA:55,0
DA:56,0
DA:57,0
DA:61,0
DA:62,0
DA:67,0
DA:71,1
DA:72,0
DA:75,1
DA:76,0
DA:79,1
DA:80,0
DA:83,1
LF:18
LH:9
BRDA:61,0,0,0
BRDA:61,0,1,0
BRDA:76,1,0,0
BRDA:76,1,1,0
BRF:4
BRH:0
end_of_record
TN:
SF:models\user.js
FN:11,(anonymous_0)
FN:38,(anonymous_1)
FN:46,(anonymous_2)
FN:59,(anonymous_3)
FNF:4
FNH:2
FNDA:74,(anonymous_0)
FNDA:74,(anonymous_1)
FNDA:0,(anonymous_2)
FNDA:0,(anonymous_3)
DA:2,5
DA:3,5
DA:5,5
DA:11,74
DA:35,5
DA:38,5
DA:39,74
DA:41,65
DA:42,65
DA:46,5
DA:47,0
DA:48,0
DA:49,0
DA:50,0
DA:52,0
DA:53,0
DA:54,0
DA:59,5
DA:60,0
DA:63,5
LF:20
LH:12
BRDA:39,0,0,9
BRDA:39,0,1,65
BRDA:39,1,0,74
BRDA:39,1,1,65
BRDA:48,2,0,0
BRDA:48,2,1,0
BRDA:52,3,0,0
BRDA:52,3,1,0
BRDA:52,4,0,0
BRDA:52,4,1,0
BRF:10
BRH:4
end_of_record
TN:
SF:models\wishlist.js
FNF:0
FNH:0
DA:2,2
DA:4,2
DA:16,2
DA:29,2
DA:31,2
LF:5
LH:5
BRF:0
BRH:0
end_of_record
TN:
SF:routes\adminManagement.js
FN:14,(anonymous_0)
FN:306,(anonymous_1)
FNF:2
FNH:2
FNDA:29,(anonymous_0)
FNDA:2,(anonymous_1)
DA:2,2
DA:3,2
DA:4,2
DA:5,2
DA:6,2
DA:7,2
DA:14,2
DA:15,29
DA:16,29
DA:17,29
DA:19,29
DA:32,29
DA:33,2
DA:40,27
DA:41,27
DA:42,27
DA:43,27
DA:44,27
DA:45,27
DA:48,27
DA:49,1
DA:59,26
DA:61,26
DA:62,0
DA:72,26
DA:74,26
DA:75,1
DA:85,25
DA:87,9
DA:88,1
DA:89,1
DA:92,8
DA:94,8
DA:95,4
DA:102,4
DA:107,4
DA:108,1
DA:120,20
DA:122,12
DA:123,0
DA:124,0
DA:127,12
DA:128,1
DA:135,11
DA:137,11
DA:138,4
DA:145,7
DA:150,7
DA:151,1
DA:163,14
DA:165,7
DA:166,1
DA:173,6
DA:174,1
DA:181,5
DA:182,5
DA:183,5
DA:184,5
DA:186,5
DA:187,3
DA:194,2
DA:195,0
DA:203,9
DA:205,0
DA:206,0
DA:207,0
DA:211,0
DA:213,0
DA:214,0
DA:221,0
DA:222,0
DA:223,0
DA:232,9
DA:233,1
DA:243,8
DA:246,8
DA:247,3
DA:251,8
DA:252,6
DA:256,8
DA:257,0
DA:261,8
DA:262,2
DA:266,8
DA:267,8
DA:273,8
DA:274,8
DA:275,8
DA:276,8
DA:277,8
DA:279,8
DA:292,0
DA:293,0
DA:306,2
DA:307,2
DA:308,2
DA:310,2
DA:311,0
DA:317,2
DA:331,0
DA:332,0
DA:339,2
LF:102
LH:83
BRDA:22,0,0,29
BRDA:22,0,1,18
BRDA:23,1,0,29
BRDA:23,1,1,17
BRDA:24,2,0,29
BRDA:24,2,1,29
BRDA:32,3,0,2
BRDA:32,3,1,27
BRDA:32,4,0,29
BRDA:32,4,1,28
BRDA:41,5,0,10
BRDA:41,5,1,17
BRDA:42,6,0,12
BRDA:42,6,1,15
BRDA:43,7,0,7
BRDA:43,7,1,20
BRDA:44,8,0,7
BRDA:44,8,1,20
BRDA:45,9,0,0
BRDA:45,9,1,27
BRDA:48,10,0,1
BRDA:48,10,1,26
BRDA:48,11,0,27
BRDA:48,11,1,17
BRDA:48,11,2,11
BRDA:48,11,3,1
BRDA:61,12,0,0
BRDA:61,12,1,26
BRDA:74,13,0,1
BRDA:74,13,1,25
BRDA:85,14,0,9
BRDA:85,14,1,16
BRDA:87,15,0,1
BRDA:87,15,1,8
BRDA:94,16,0,4
BRDA:94,16,1,4
BRDA:107,17,0,1
BRDA:107,17,1,3
BRDA:120,18,0,12
BRDA:120,18,1,8
BRDA:122,19,0,0
BRDA:122,19,1,12
BRDA:127,20,0,1
BRDA:127,20,1,11
BRDA:137,21,0,4
BRDA:137,21,1,7
BRDA:150,22,0,1
BRDA:150,22,1,6
BRDA:163,23,0,7
BRDA:163,23,1,7
BRDA:165,24,0,1
BRDA:165,24,1,6
BRDA:173,25,0,1
BRDA:173,25,1,5
BRDA:186,26,0,3
BRDA:186,26,1,2
BRDA:186,27,0,5
BRDA:186,27,1,3
BRDA:186,27,2,2
BRDA:194,28,0,0
BRDA:194,28,1,2
BRDA:203,29,0,0
BRDA:203,29,1,9
BRDA:205,30,0,0
BRDA:205,30,1,0
BRDA:213,31,0,0
BRDA:213,31,1,0
BRDA:222,32,0,0
BRDA:222,32,1,0
BRDA:232,33,0,1
BRDA:232,33,1,8
BRDA:232,34,0,9
BRDA:232,34,1,6
BRDA:232,34,2,5
BRDA:232,34,3,1
BRDA:246,35,0,3
BRDA:246,35,1,5
BRDA:251,36,0,6
BRDA:251,36,1,2
BRDA:256,37,0,0
BRDA:256,37,1,8
BRDA:261,38,0,2
BRDA:261,38,1,6
BRDA:274,39,0,3
BRDA:274,39,1,5
BRDA:275,40,0,6
BRDA:275,40,1,2
BRDA:276,41,0,0
BRDA:276,41,1,8
BRDA:277,42,0,2
BRDA:277,42,1,6
BRDA:296,43,0,0
BRDA:296,43,1,0
BRDA:310,44,0,0
BRDA:310,44,1,2
BRF:95
BRH:79
end_of_record
TN:
SF:routes\analytics.js
FN:10,(anonymous_0)
FN:43,(anonymous_1)
FN:66,(anonymous_2)
FN:99,(anonymous_3)
FN:107,(anonymous_4)
FN:126,(anonymous_5)
FN:158,(anonymous_6)
FN:159,(anonymous_7)
FN:203,(anonymous_8)
FN:221,(anonymous_9)
FN:254,(anonymous_10)
FN:258,(anonymous_11)
FN:280,(anonymous_12)
FN:298,(anonymous_13)
FN:299,(anonymous_14)
FN:319,(anonymous_15)
FN:325,(anonymous_16)
FN:347,(anonymous_17)
FN:372,(anonymous_18)
FN:378,(anonymous_19)
FN:379,(anonymous_20)
FN:380,(anonymous_21)
FN:381,(anonymous_22)
FN:385,(anonymous_23)
FN:397,(anonymous_24)
FN:401,(anonymous_25)
FN:402,(anonymous_26)
FNF:27
FNH:0
FNDA:0,(anonymous_0)
FNDA:0,(anonymous_1)
FNDA:0,(anonymous_2)
FNDA:0,(anonymous_3)
FNDA:0,(anonymous_4)
FNDA:0,(anonymous_5)
FNDA:0,(anonymous_6)
FNDA:0,(anonymous_7)
FNDA:0,(anonymous_8)
FNDA:0,(anonymous_9)
FNDA:0,(anonymous_10)
FNDA:0,(anonymous_11)
FNDA:0,(anonymous_12)
FNDA:0,(anonymous_13)
FNDA:0,(anonymous_14)
FNDA:0,(anonymous_15)
FNDA:0,(anonymous_16)
FNDA:0,(anonymous_17)
FNDA:0,(anonymous_18)
FNDA:0,(anonymous_19)
FNDA:0,(anonymous_20)
FNDA:0,(anonymous_21)
FNDA:0,(anonymous_22)
FNDA:0,(anonymous_23)
FNDA:0,(anonymous_24)
FNDA:0,(anonymous_25)
FNDA:0,(anonymous_26)
DA:2,1
DA:3,1
DA:4,1
DA:5,1
DA:6,1
DA:7,1
DA:10,1
DA:11,0
DA:12,0
DA:15,0
DA:16,0
DA:17,0
DA:18,0
DA:19,0
DA:23,0
DA:29,0
DA:40,0
DA:41,0
DA:43,0
DA:44,0
DA:47,0
DA:50,0
DA:51,0
DA:52,0
DA:54,0
DA:55,0
DA:58,0
DA:59,0
DA:60,0
DA:62,0
DA:63,0
DA:66,0
DA:67,0
DA:70,0
DA:71,0
DA:73,0
DA:74,0
DA:75,0
DA:85,0
DA:86,0
DA:87,0
DA:91,0
DA:95,0
DA:98,0
DA:99,0
DA:107,0
DA:109,0
DA:111,0
DA:116,0
DA:117,0
DA:126,1
DA:127,0
DA:128,0
DA:129,0
DA:131,0
DA:132,0
DA:133,0
DA:140,0
DA:141,0
DA:142,0
DA:143,0
DA:144,0
DA:148,0
DA:154,0
DA:155,0
DA:156,0
DA:158,0
DA:159,0
DA:160,0
DA:161,0
DA:162,0
DA:164,0
DA:165,0
DA:166,0
DA:168,0
DA:169,0
DA:173,0
DA:193,0
DA:194,0
DA:203,1
DA:204,0
DA:205,0
DA:207,0
DA:208,0
DA:209,0
DA:210,0
DA:211,0
DA:214,0
DA:219,0
DA:221,0
DA:223,0
DA:225,0
DA:227,0
DA:228,0
DA:230,0
DA:231,0
DA:233,0
DA:234,0
DA:235,0
DA:237,0
DA:238,0
DA:240,0
DA:243,0
DA:244,0
DA:252,0
DA:253,0
DA:254,0
DA:258,0
DA:259,0
DA:262,0
DA:270,0
DA:271,0
DA:280,1
DA:281,0
DA:282,0
DA:284,0
DA:285,0
DA:286,0
DA:287,0
DA:288,0
DA:291,0
DA:296,0
DA:298,0
DA:299,0
DA:300,0
DA:302,0
DA:303,0
DA:304,0
DA:312,0
DA:313,0
DA:314,0
DA:318,0
DA:319,0
DA:325,0
DA:327,0
DA:332,0
DA:333,0
DA:344,1
DA:347,1
DA:348,0
DA:349,0
DA:356,0
DA:359,0
DA:360,0
DA:363,0
DA:364,0
DA:366,0
DA:367,0
DA:372,1
DA:373,0
DA:374,0
DA:378,0
DA:379,0
DA:380,0
DA:381,0
DA:385,0
DA:386,0
DA:389,0
DA:391,0
DA:392,0
DA:397,1
DA:398,0
DA:399,0
DA:400,0
DA:401,0
DA:402,0
DA:404,0
DA:410,0
DA:411,0
DA:415,1
LF:170
LH:15
BRDA:16,0,0,0
BRDA:16,0,1,0
BRDA:16,1,0,0
BRDA:16,1,1,0
BRDA:18,2,0,0
BRDA:18,2,1,0
BRDA:19,3,0,0
BRDA:19,3,1,0
BRDA:47,4,0,0
BRDA:47,4,1,0
BRDA:51,5,0,0
BRDA:51,5,1,0
BRDA:59,6,0,0
BRDA:59,6,1,0
BRDA:67,7,0,0
BRDA:67,7,1,0
BRDA:70,8,0,0
BRDA:70,8,1,0
BRDA:70,9,0,0
BRDA:70,9,1,0
BRDA:71,10,0,0
BRDA:71,10,1,0
BRDA:71,11,0,0
BRDA:71,11,1,0
BRDA:74,12,0,0
BRDA:74,12,1,0
BRDA:78,13,0,0
BRDA:78,13,1,0
BRDA:91,14,0,0
BRDA:91,14,1,0
BRDA:132,15,0,0
BRDA:132,15,1,0
BRDA:141,16,0,0
BRDA:141,16,1,0
BRDA:141,17,0,0
BRDA:141,17,1,0
BRDA:143,18,0,0
BRDA:143,18,1,0
BRDA:144,19,0,0
BRDA:144,19,1,0
BRDA:160,20,0,0
BRDA:160,20,1,0
BRDA:165,21,0,0
BRDA:165,21,1,0
BRDA:187,22,0,0
BRDA:187,22,1,0
BRDA:205,23,0,0
BRDA:208,24,0,0
BRDA:208,24,1,0
BRDA:208,25,0,0
BRDA:208,25,1,0
BRDA:210,26,0,0
BRDA:210,26,1,0
BRDA:211,27,0,0
BRDA:211,27,1,0
BRDA:225,28,0,0
BRDA:225,28,1,0
BRDA:225,28,2,0
BRDA:225,28,3,0
BRDA:225,28,4,0
BRDA:243,29,0,0
BRDA:243,29,1,0
BRDA:285,30,0,0
BRDA:285,30,1,0
BRDA:285,31,0,0
BRDA:285,31,1,0
BRDA:287,32,0,0
BRDA:287,32,1,0
BRDA:288,33,0,0
BRDA:288,33,1,0
BRDA:300,34,0,0
BRDA:300,34,1,0
BRDA:302,35,0,0
BRDA:302,35,1,0
BRDA:303,36,0,0
BRDA:303,36,1,0
BRDA:359,37,0,0
BRDA:359,37,1,0
BRDA:386,38,0,0
BRDA:386,38,1,0
BRF:80
BRH:0
end_of_record
TN:
SF:routes\auth.js
FN:33,(anonymous_0)
FN:44,(anonymous_1)
FN:45,(anonymous_2)
FN:55,genOTP
FN:60,sendOtpEmail
FN:83,(anonymous_5)
FN:125,(anonymous_6)
FN:146,(anonymous_7)
FN:205,(anonymous_8)
FN:284,(anonymous_9)
FN:331,(anonymous_10)
FN:352,(anonymous_11)
FN:388,(anonymous_12)
FN:444,(anonymous_13)
FN:483,(anonymous_14)
FN:509,(anonymous_15)
FN:557,(anonymous_16)
FN:600,(anonymous_17)
FN:688,(anonymous_18)
FN:688,(anonymous_19)
FN:693,(anonymous_20)
FN:725,(anonymous_21)
FN:732,(anonymous_22)
FN:799,(anonymous_23)
FN:887,(anonymous_24)
FN:897,(anonymous_25)
FN:938,(anonymous_26)
FN:1084,(anonymous_27)
FN:1147,(anonymous_28)
FN:1293,(anonymous_29)
FN:1536,(anonymous_30)
FN:1618,(anonymous_31)
FNF:32
FNH:10
FNDA:0,(anonymous_0)
FNDA:3,(anonymous_1)
FNDA:1,(anonymous_2)
FNDA:5,genOTP
FNDA:5,sendOtpEmail
FNDA:5,(anonymous_5)
FNDA:0,(anonymous_6)
FNDA:6,(anonymous_7)
FNDA:18,(anonymous_8)
FNDA:2,(anonymous_9)
FNDA:0,(anonymous_10)
FNDA:10,(anonymous_11)
FNDA:0,(anonymous_12)
FNDA:0,(anonymous_13)
FNDA:0,(anonymous_14)
FNDA:0,(anonymous_15)
FNDA:0,(anonymous_16)
FNDA:0,(anonymous_17)
FNDA:9,(anonymous_18)
FNDA:0,(anonymous_19)
FNDA:0,(anonymous_20)
FNDA:0,(anonymous_21)
FNDA:0,(anonymous_22)
FNDA:0,(anonymous_23)
FNDA:0,(anonymous_24)
FNDA:0,(anonymous_25)
FNDA:0,(anonymous_26)
FNDA:0,(anonymous_27)
FNDA:0,(anonymous_28)
FNDA:0,(anonymous_29)
FNDA:0,(anonymous_30)
FNDA:0,(anonymous_31)
DA:2,3
DA:3,3
DA:4,3
DA:5,3
DA:6,3
DA:7,3
DA:8,3
DA:9,3
DA:11,3
DA:14,3
DA:32,3
DA:33,3
DA:34,0
DA:44,3
DA:45,3
DA:46,1
DA:47,1
DA:48,1
DA:50,0
DA:56,5
DA:57,5
DA:62,5
DA:64,5
DA:66,5
DA:67,5
DA:68,5
DA:69,5
DA:70,5
DA:71,5
DA:72,5
DA:73,5
DA:74,5
DA:75,5
DA:76,5
DA:77,5
DA:78,5
DA:79,5
DA:83,5
DA:84,5
DA:85,5
DA:90,5
DA:97,5
DA:98,0
DA:100,0
DA:105,5
DA:108,0
DA:113,0
DA:119,0
DA:124,3
DA:125,3
DA:126,0
DA:127,0
DA:128,0
DA:129,0
DA:131,0
DA:132,0
DA:134,0
DA:139,0
DA:140,0
DA:146,3
DA:147,6
DA:148,6
DA:149,6
DA:152,5
DA:153,0
DA:157,5
DA:158,5
DA:159,1
DA:160,1
DA:163,4
DA:164,4
DA:166,4
DA:167,4
DA:168,4
DA:171,4
DA:181,4
DA:184,4
DA:185,4
DA:186,4
DA:187,4
DA:188,4
DA:189,4
DA:191,0
DA:193,0
DA:194,0
DA:195,0
DA:198,0
DA:199,0
DA:200,0
DA:205,3
DA:206,18
DA:207,18
DA:208,18
DA:210,18
DA:211,18
DA:212,0
DA:213,0
DA:216,18
DA:217,0
DA:221,18
DA:222,0
DA:223,0
DA:224,0
DA:231,18
DA:232,18
DA:233,18
DA:237,0
DA:239,0
DA:241,0
DA:244,0
DA:245,0
DA:246,0
DA:247,0
DA:248,0
DA:249,0
DA:255,0
DA:256,0
DA:257,0
DA:259,0
DA:266,0
DA:267,0
DA:268,0
DA:269,0
DA:270,0
DA:271,0
DA:273,0
DA:274,0
DA:275,0
DA:277,0
DA:278,0
DA:279,0
DA:284,3
DA:285,2
DA:286,2
DA:287,2
DA:289,2
DA:290,2
DA:291,0
DA:292,0
DA:294,2
DA:296,1
DA:297,1
DA:298,1
DA:301,1
DA:302,1
DA:304,1
DA:305,1
DA:306,1
DA:307,1
DA:308,1
DA:310,1
DA:311,1
DA:312,1
DA:313,1
DA:314,1
DA:315,1
DA:317,0
DA:319,0
DA:320,0
DA:321,0
DA:322,0
DA:325,0
DA:326,0
DA:331,3
DA:332,0
DA:333,0
DA:334,0
DA:336,0
DA:337,0
DA:338,0
DA:341,0
DA:346,0
DA:347,0
DA:352,3
DA:353,10
DA:354,10
DA:355,10
DA:357,10
DA:358,10
DA:359,7
DA:360,7
DA:363,3
DA:364,0
DA:365,0
DA:366,0
DA:369,0
DA:370,0
DA:371,0
DA:374,0
DA:375,0
DA:377,0
DA:378,0
DA:379,0
DA:381,3
DA:382,3
DA:383,3
DA:388,3
DA:389,0
DA:390,0
DA:391,0
DA:393,0
DA:394,0
DA:396,0
DA:400,0
DA:401,0
DA:402,0
DA:403,0
DA:405,0
DA:406,0
DA:407,0
DA:410,0
DA:411,0
DA:420,0
DA:421,0
DA:427,0
DA:428,0
DA:430,0
DA:432,0
DA:433,0
DA:434,0
DA:435,0
DA:438,0
DA:439,0
DA:444,3
DA:445,0
DA:446,0
DA:447,0
DA:449,0
DA:450,0
DA:452,0
DA:453,0
DA:456,0
DA:457,0
DA:460,0
DA:461,0
DA:464,0
DA:465,0
DA:467,0
DA:468,0
DA:469,0
DA:470,0
DA:472,0
DA:473,0
DA:475,0
DA:476,0
DA:481,3
DA:483,3
DA:484,0
DA:486,0
DA:488,0
DA:489,0
DA:492,0
DA:503,0
DA:504,0
DA:509,3
DA:510,0
DA:511,0
DA:512,0
DA:514,0
DA:515,0
DA:519,0
DA:520,0
DA:521,0
DA:522,0
DA:526,0
DA:532,0
DA:533,0
DA:536,0
DA:538,0
DA:551,0
DA:552,0
DA:557,3
DA:558,0
DA:559,0
DA:560,0
DA:562,0
DA:563,0
DA:566,0
DA:567,0
DA:570,0
DA:571,0
DA:572,0
DA:576,0
DA:577,0
DA:578,0
DA:579,0
DA:583,0
DA:584,0
DA:585,0
DA:587,0
DA:589,0
DA:594,0
DA:595,0
DA:600,3
DA:601,0
DA:602,0
DA:603,0
DA:604,0
DA:606,0
DA:607,0
DA:608,0
DA:609,0
DA:613,0
DA:614,0
DA:616,0
DA:617,0
DA:618,0
DA:619,0
DA:622,0
DA:623,0
DA:624,0
DA:625,0
DA:628,0
DA:631,0
DA:632,0
DA:633,0
DA:636,0
DA:637,0
DA:638,0
DA:641,0
DA:642,0
DA:644,0
DA:645,0
DA:646,0
DA:647,0
DA:651,0
DA:652,0
DA:653,0
DA:657,0
DA:662,0
DA:664,0
DA:665,0
DA:667,0
DA:679,0
DA:680,0
DA:681,0
DA:688,9
DA:689,0
DA:693,3
DA:695,0
DA:696,0
DA:697,0
DA:698,0
DA:700,0
DA:701,0
DA:702,0
DA:703,0
DA:704,0
DA:707,0
DA:712,0
DA:720,0
DA:721,0
DA:722,0
DA:725,0
DA:726,0
DA:728,0
DA:732,3
DA:733,0
DA:734,0
DA:736,0
DA:737,0
DA:738,0
DA:740,0
DA:741,0
DA:742,0
DA:743,0
DA:746,0
DA:747,0
DA:748,0
DA:749,0
DA:752,0
DA:753,0
DA:756,0
DA:768,0
DA:770,0
DA:771,0
DA:772,0
DA:775,0
DA:777,0
DA:780,0
DA:784,0
DA:786,0
DA:787,0
DA:788,0
DA:791,0
DA:792,0
DA:793,0
DA:796,0
DA:799,0
DA:801,0
DA:803,0
DA:805,0
DA:809,0
DA:811,0
DA:813,0
DA:815,0
DA:819,0
DA:829,0
DA:830,0
DA:831,0
DA:835,0
DA:836,0
DA:839,0
DA:840,0
DA:843,0
DA:845,0
DA:846,0
DA:848,0
DA:849,0
DA:851,0
DA:852,0
DA:853,0
DA:857,0
DA:863,0
DA:865,0
DA:866,0
DA:869,0
DA:871,0
DA:872,0
DA:873,0
DA:876,0
DA:883,0
DA:889,0
DA:892,0
DA:897,3
DA:898,0
DA:899,0
DA:900,0
DA:901,0
DA:904,0
DA:905,0
DA:907,0
DA:908,0
DA:909,0
DA:912,0
DA:922,0
DA:923,0
DA:925,0
DA:938,3
DA:939,0
DA:940,0
DA:943,0
DA:944,0
DA:951,0
DA:958,0
DA:960,0
DA:967,0
DA:968,0
DA:969,0
DA:972,0
DA:975,0
DA:1043,0
DA:1050,0
DA:1053,0
DA:1061,0
DA:1065,0
DA:1071,0
DA:1072,0
DA:1084,3
DA:1085,0
DA:1086,0
DA:1088,0
DA:1089,0
DA:1096,0
DA:1098,0
DA:1099,0
DA:1106,0
DA:1113,0
DA:1114,0
DA:1120,0
DA:1126,0
DA:1128,0
DA:1129,0
DA:1135,0
DA:1147,3
DA:1148,0
DA:1149,0
DA:1152,0
DA:1153,0
DA:1159,0
DA:1160,0
DA:1167,0
DA:1169,0
DA:1170,0
DA:1177,0
DA:1184,0
DA:1185,0
DA:1192,0
DA:1195,0
DA:1196,0
DA:1197,0
DA:1198,0
DA:1200,0
DA:1203,0
DA:1250,0
DA:1258,0
DA:1266,0
DA:1272,0
DA:1274,0
DA:1275,0
DA:1281,0
DA:1293,3
DA:1294,0
DA:1295,0
DA:1297,0
DA:1298,0
DA:1305,0
DA:1306,0
DA:1311,0
DA:1314,0
DA:1315,0
DA:1316,0
DA:1323,0
DA:1324,0
DA:1327,0
DA:1330,0
DA:1331,0
DA:1332,0
DA:1333,0
DA:1334,0
DA:1337,0
DA:1475,0
DA:1476,0
DA:1485,0
DA:1486,0
DA:1490,0
DA:1491,0
DA:1492,0
DA:1498,0
DA:1500,0
DA:1501,0
DA:1502,0
DA:1504,0
DA:1508,0
DA:1516,0
DA:1517,0
DA:1523,0
DA:1524,0
DA:1536,3
DA:1537,0
DA:1538,0
DA:1540,0
DA:1541,0
DA:1548,0
DA:1553,0
DA:1554,0
DA:1561,0
DA:1562,0
DA:1569,0
DA:1570,0
DA:1577,0
DA:1578,0
DA:1585,0
DA:1587,0
DA:1589,0
DA:1590,0
DA:1592,0
DA:1599,0
DA:1605,0
DA:1606,0
DA:1618,3
DA:1619,0
DA:1620,0
DA:1623,0
DA:1624,0
DA:1630,0
DA:1631,0
DA:1638,0
DA:1643,0
DA:1644,0
DA:1651,0
DA:1652,0
DA:1659,0
DA:1660,0
DA:1667,0
DA:1668,0
DA:1675,0
DA:1677,0
DA:1679,0
DA:1680,0
DA:1682,0
DA:1689,0
DA:1692,0
DA:1693,0
DA:1694,0
DA:1695,0
DA:1696,0
DA:1699,0
DA:1814,0
DA:1822,0
DA:1830,0
DA:1836,0
DA:1837,0
DA:1844,3
LF:594
LH:130
BRDA:32,0,0,3
BRDA:32,0,1,0
BRDA:37,1,0,0
BRDA:37,1,1,0
BRDA:38,2,0,0
BRDA:38,2,1,0
BRDA:46,3,0,1
BRDA:46,3,1,0
BRDA:47,4,0,1
BRDA:47,4,1,0
BRDA:47,5,0,1
BRDA:47,5,1,1
BRDA:66,6,0,5
BRDA:66,6,1,0
BRDA:73,7,0,5
BRDA:73,7,1,0
BRDA:73,8,0,5
BRDA:73,8,1,0
BRDA:86,9,0,5
BRDA:86,9,1,0
BRDA:109,10,0,0
BRDA:109,10,1,0
BRDA:124,11,0,3
BRDA:124,11,1,0
BRDA:149,12,0,1
BRDA:149,12,1,5
BRDA:149,13,0,6
BRDA:149,13,1,5
BRDA:149,13,2,5
BRDA:152,14,0,0
BRDA:152,14,1,5
BRDA:158,15,0,1
BRDA:158,15,1,4
BRDA:191,16,0,0
BRDA:191,16,1,0
BRDA:191,17,0,0
BRDA:191,17,1,0
BRDA:195,18,0,0
BRDA:195,18,1,0
BRDA:195,19,0,0
BRDA:195,19,1,0
BRDA:198,20,0,0
BRDA:198,20,1,0
BRDA:198,21,0,0
BRDA:198,21,1,0
BRDA:200,22,0,0
BRDA:200,22,1,0
BRDA:200,23,0,0
BRDA:200,23,1,0
BRDA:208,24,0,0
BRDA:208,24,1,18
BRDA:208,25,0,18
BRDA:208,25,1,18
BRDA:211,26,0,0
BRDA:211,26,1,18
BRDA:216,27,0,0
BRDA:216,27,1,18
BRDA:221,28,0,0
BRDA:221,28,1,18
BRDA:221,29,0,18
BRDA:221,29,1,0
BRDA:231,30,0,18
BRDA:231,30,1,0
BRDA:231,31,0,18
BRDA:231,31,1,0
BRDA:231,31,2,0
BRDA:239,32,0,0
BRDA:239,32,1,0
BRDA:241,33,0,0
BRDA:241,33,1,0
BRDA:244,34,0,0
BRDA:244,34,1,0
BRDA:277,35,0,0
BRDA:277,35,1,0
BRDA:277,36,0,0
BRDA:277,36,1,0
BRDA:279,37,0,0
BRDA:279,37,1,0
BRDA:279,38,0,0
BRDA:279,38,1,0
BRDA:287,39,0,0
BRDA:287,39,1,2
BRDA:290,40,0,0
BRDA:290,40,1,2
BRDA:294,41,0,1
BRDA:294,41,1,1
BRDA:317,42,0,0
BRDA:317,42,1,0
BRDA:317,43,0,0
BRDA:317,43,1,0
BRDA:322,44,0,0
BRDA:322,44,1,0
BRDA:322,45,0,0
BRDA:322,45,1,0
BRDA:325,46,0,0
BRDA:325,46,1,0
BRDA:325,47,0,0
BRDA:325,47,1,0
BRDA:326,48,0,0
BRDA:326,48,1,0
BRDA:326,49,0,0
BRDA:326,49,1,0
BRDA:334,50,0,0
BRDA:334,50,1,0
BRDA:337,51,0,0
BRDA:337,51,1,0
BRDA:355,52,0,0
BRDA:355,52,1,10
BRDA:355,53,0,10
BRDA:355,53,1,10
BRDA:358,54,0,7
BRDA:358,54,1,3
BRDA:364,55,0,0
BRDA:364,55,1,0
BRDA:369,56,0,0
BRDA:369,56,1,0
BRDA:381,57,0,3
BRDA:381,57,1,0
BRDA:381,58,0,3
BRDA:381,58,1,3
BRDA:383,59,0,3
BRDA:383,59,1,0
BRDA:383,60,0,3
BRDA:383,60,1,3
BRDA:391,61,0,0
BRDA:391,61,1,0
BRDA:394,62,0,0
BRDA:394,62,1,0
BRDA:447,63,0,0
BRDA:447,63,1,0
BRDA:447,64,0,0
BRDA:447,64,1,0
BRDA:447,64,2,0
BRDA:450,65,0,0
BRDA:450,65,1,0
BRDA:452,66,0,0
BRDA:452,66,1,0
BRDA:452,67,0,0
BRDA:452,67,1,0
BRDA:456,68,0,0
BRDA:456,68,1,0
BRDA:461,69,0,0
BRDA:461,69,1,0
BRDA:488,70,0,0
BRDA:488,70,1,0
BRDA:497,71,0,0
BRDA:497,71,1,0
BRDA:503,72,0,0
BRDA:503,72,1,0
BRDA:503,73,0,0
BRDA:503,73,1,0
BRDA:504,74,0,0
BRDA:504,74,1,0
BRDA:504,75,0,0
BRDA:504,75,1,0
BRDA:514,76,0,0
BRDA:514,76,1,0
BRDA:514,77,0,0
BRDA:514,77,1,0
BRDA:519,78,0,0
BRDA:519,78,1,0
BRDA:521,79,0,0
BRDA:521,79,1,0
BRDA:532,80,0,0
BRDA:532,80,1,0
BRDA:545,81,0,0
BRDA:545,81,1,0
BRDA:562,82,0,0
BRDA:562,82,1,0
BRDA:562,83,0,0
BRDA:562,83,1,0
BRDA:566,84,0,0
BRDA:566,84,1,0
BRDA:571,85,0,0
BRDA:571,85,1,0
BRDA:577,86,0,0
BRDA:577,86,1,0
BRDA:606,87,0,0
BRDA:606,87,1,0
BRDA:606,88,0,0
BRDA:606,88,1,0
BRDA:614,89,0,0
BRDA:614,89,1,0
BRDA:616,90,0,0
BRDA:616,90,1,0
BRDA:622,91,0,0
BRDA:622,91,1,0
BRDA:631,92,0,0
BRDA:631,92,1,0
BRDA:631,93,0,0
BRDA:631,93,1,0
BRDA:631,93,2,0
BRDA:636,94,0,0
BRDA:636,94,1,0
BRDA:636,95,0,0
BRDA:636,95,1,0
BRDA:644,96,0,0
BRDA:644,96,1,0
BRDA:651,97,0,0
BRDA:651,97,1,0
BRDA:679,98,0,0
BRDA:679,98,1,0
BRDA:679,99,0,0
BRDA:679,99,1,0
BRDA:681,100,0,0
BRDA:681,100,1,0
BRDA:681,101,0,0
BRDA:681,101,1,0
BRDA:697,102,0,0
BRDA:697,102,1,0
BRDA:698,103,0,0
BRDA:698,103,1,0
BRDA:700,104,0,0
BRDA:700,104,1,0
BRDA:700,105,0,0
BRDA:700,105,1,0
BRDA:702,106,0,0
BRDA:702,106,1,0
BRDA:702,107,0,0
BRDA:702,107,1,0
BRDA:734,108,0,0
BRDA:734,108,1,0
BRDA:740,109,0,0
BRDA:740,109,1,0
BRDA:746,110,0,0
BRDA:746,110,1,0
BRDA:763,111,0,0
BRDA:763,111,1,0
BRDA:770,112,0,0
BRDA:770,112,1,0
BRDA:772,113,0,0
BRDA:772,113,1,0
BRDA:772,113,2,0
BRDA:786,114,0,0
BRDA:786,114,1,0
BRDA:788,115,0,0
BRDA:788,115,1,0
BRDA:791,116,0,0
BRDA:791,116,1,0
BRDA:811,117,0,0
BRDA:811,117,1,0
BRDA:815,118,0,0
BRDA:815,118,1,0
BRDA:815,119,0,0
BRDA:815,119,1,0
BRDA:835,120,0,0
BRDA:835,120,1,0
BRDA:839,121,0,0
BRDA:839,121,1,0
BRDA:839,122,0,0
BRDA:839,122,1,0
BRDA:840,123,0,0
BRDA:840,123,1,0
BRDA:840,124,0,0
BRDA:840,124,1,0
BRDA:845,125,0,0
BRDA:845,125,1,0
BRDA:845,126,0,0
BRDA:845,126,1,0
BRDA:848,127,0,0
BRDA:848,127,1,0
BRDA:860,128,0,0
BRDA:860,128,1,0
BRDA:876,129,0,0
BRDA:876,129,1,0
BRDA:876,129,2,0
BRDA:876,129,3,0
BRDA:876,129,4,0
BRDA:886,130,0,0
BRDA:886,130,1,0
BRDA:889,131,0,0
BRDA:889,131,1,0
BRDA:891,132,0,0
BRDA:891,132,1,0
BRDA:900,133,0,0
BRDA:900,133,1,0
BRDA:900,134,0,0
BRDA:900,134,1,0
BRDA:908,135,0,0
BRDA:908,135,1,0
BRDA:922,136,0,0
BRDA:922,136,1,0
BRDA:922,137,0,0
BRDA:922,137,1,0
BRDA:943,138,0,0
BRDA:943,138,1,0
BRDA:943,139,0,0
BRDA:943,139,1,0
BRDA:958,140,0,0
BRDA:958,140,1,0
BRDA:972,141,0,0
BRDA:972,141,1,0
BRDA:998,142,0,0
BRDA:998,142,1,0
BRDA:1035,143,0,0
BRDA:1035,143,1,0
BRDA:1088,144,0,0
BRDA:1088,144,1,0
BRDA:1098,145,0,0
BRDA:1098,145,1,0
BRDA:1113,146,0,0
BRDA:1113,146,1,0
BRDA:1128,147,0,0
BRDA:1128,147,1,0
BRDA:1152,148,0,0
BRDA:1152,148,1,0
BRDA:1152,149,0,0
BRDA:1152,149,1,0
BRDA:1159,150,0,0
BRDA:1159,150,1,0
BRDA:1169,151,0,0
BRDA:1169,151,1,0
BRDA:1184,152,0,0
BRDA:1184,152,1,0
BRDA:1223,153,0,0
BRDA:1223,153,1,0
BRDA:1232,154,0,0
BRDA:1232,154,1,0
BRDA:1243,155,0,0
BRDA:1243,155,1,0
BRDA:1274,156,0,0
BRDA:1274,156,1,0
BRDA:1297,157,0,0
BRDA:1297,157,1,0
BRDA:1311,158,0,0
BRDA:1311,158,1,0
BRDA:1314,159,0,0
BRDA:1314,159,1,0
BRDA:1431,160,0,0
BRDA:1431,160,1,0
BRDA:1459,161,0,0
BRDA:1459,161,1,0
BRDA:1475,162,0,0
BRDA:1475,162,1,0
BRDA:1501,163,0,0
BRDA:1501,163,1,0
BRDA:1540,164,0,0
BRDA:1540,164,1,0
BRDA:1540,165,0,0
BRDA:1540,165,1,0
BRDA:1553,166,0,0
BRDA:1553,166,1,0
BRDA:1561,167,0,0
BRDA:1561,167,1,0
BRDA:1569,168,0,0
BRDA:1569,168,1,0
BRDA:1569,169,0,0
BRDA:1569,169,1,0
BRDA:1577,170,0,0
BRDA:1577,170,1,0
BRDA:1587,171,0,0
BRDA:1587,171,1,0
BRDA:1589,172,0,0
BRDA:1589,172,1,0
BRDA:1623,173,0,0
BRDA:1623,173,1,0
BRDA:1623,174,0,0
BRDA:1623,174,1,0
BRDA:1623,174,2,0
BRDA:1630,175,0,0
BRDA:1630,175,1,0
BRDA:1643,176,0,0
BRDA:1643,176,1,0
BRDA:1651,177,0,0
BRDA:1651,177,1,0
BRDA:1659,178,0,0
BRDA:1659,178,1,0
BRDA:1659,179,0,0
BRDA:1659,179,1,0
BRDA:1667,180,0,0
BRDA:1667,180,1,0
BRDA:1677,181,0,0
BRDA:1677,181,1,0
BRDA:1679,182,0,0
BRDA:1679,182,1,0
BRDA:1779,183,0,0
BRDA:1779,183,1,0
BRDA:1789,184,0,0
BRDA:1789,184,1,0
BRDA:1801,185,0,0
BRDA:1801,185,1,0
BRF:381
BRH:42
end_of_record
TN:
SF:routes\auth_enhanced.js
FN:21,(anonymous_0)
FN:180,(anonymous_1)
FN:299,(anonymous_2)
FN:407,(anonymous_3)
FN:504,(anonymous_4)
FN:540,(anonymous_5)
FNF:6
FNH:0
FNDA:0,(anonymous_0)
FNDA:0,(anonymous_1)
FNDA:0,(anonymous_2)
FNDA:0,(anonymous_3)
FNDA:0,(anonymous_4)
FNDA:0,(anonymous_5)
DA:6,0
DA:7,0
DA:8,0
DA:9,0
DA:10,0
DA:11,0
DA:12,0
DA:13,0
DA:21,0
DA:22,0
DA:24,0
DA:25,0
DA:28,0
DA:29,0
DA:30,0
DA:34,0
DA:35,0
DA:36,0
DA:37,0
DA:41,0
DA:42,0
DA:43,0
DA:47,0
DA:48,0
DA:52,0
DA:53,0
DA:54,0
DA:55,0
DA:62,0
DA:63,0
DA:64,0
DA:65,0
DA:72,0
DA:73,0
DA:76,0
DA:77,0
DA:78,0
DA:81,0
DA:92,0
DA:93,0
DA:96,0
DA:97,0
DA:99,0
DA:107,0
DA:108,0
DA:110,0
DA:119,0
DA:122,0
DA:123,0
DA:124,0
DA:131,0
DA:139,0
DA:147,0
DA:158,0
DA:159,0
DA:166,0
DA:180,0
DA:181,0
DA:182,0
DA:185,0
DA:186,0
DA:190,0
DA:191,0
DA:195,0
DA:196,0
DA:197,0
DA:198,0
DA:202,0
DA:203,0
DA:210,0
DA:211,0
DA:212,0
DA:220,0
DA:229,0
DA:231,0
DA:233,0
DA:235,0
DA:243,0
DA:253,0
DA:254,0
DA:255,0
DA:256,0
DA:257,0
DA:258,0
DA:260,0
DA:268,0
DA:270,0
DA:277,0
DA:278,0
DA:285,0
DA:299,0
DA:300,0
DA:301,0
DA:303,0
DA:304,0
DA:308,0
DA:309,0
DA:310,0
DA:311,0
DA:315,0
DA:316,0
DA:323,0
DA:324,0
DA:325,0
DA:333,0
DA:334,0
DA:335,0
DA:338,0
DA:339,0
DA:342,0
DA:343,0
DA:344,0
DA:345,0
DA:346,0
DA:349,0
DA:350,0
DA:352,0
DA:360,0
DA:362,0
DA:369,0
DA:372,0
DA:373,0
DA:374,0
DA:376,0
DA:384,0
DA:392,0
DA:393,0
DA:407,0
DA:408,0
DA:409,0
DA:411,0
DA:412,0
DA:416,0
DA:417,0
DA:418,0
DA:419,0
DA:423,0
DA:424,0
DA:425,0
DA:432,0
DA:436,0
DA:437,0
DA:444,0
DA:452,0
DA:457,0
DA:459,0
DA:466,0
DA:468,0
DA:482,0
DA:483,0
DA:490,0
DA:504,0
DA:505,0
DA:506,0
DA:508,0
DA:509,0
DA:512,0
DA:514,0
DA:515,0
DA:521,0
DA:528,0
DA:529,0
DA:539,0
DA:540,0
DA:541,0
DA:543,0
DA:554,0
LF:167
LH:0
BRDA:28,0,0,0
BRDA:28,0,1,0
BRDA:28,1,0,0
BRDA:28,1,1,0
BRDA:28,1,2,0
BRDA:35,2,0,0
BRDA:35,2,1,0
BRDA:41,3,0,0
BRDA:41,3,1,0
BRDA:47,4,0,0
BRDA:47,4,1,0
BRDA:53,5,0,0
BRDA:53,5,1,0
BRDA:63,6,0,0
BRDA:63,6,1,0
BRDA:104,7,0,0
BRDA:104,7,1,0
BRDA:115,8,0,0
BRDA:115,8,1,0
BRDA:122,9,0,0
BRDA:122,9,1,0
BRDA:135,10,0,0
BRDA:135,10,1,0
BRDA:169,11,0,0
BRDA:169,11,1,0
BRDA:185,12,0,0
BRDA:185,12,1,0
BRDA:185,13,0,0
BRDA:185,13,1,0
BRDA:190,14,0,0
BRDA:190,14,1,0
BRDA:196,15,0,0
BRDA:196,15,1,0
BRDA:202,16,0,0
BRDA:202,16,1,0
BRDA:211,17,0,0
BRDA:211,17,1,0
BRDA:220,18,0,0
BRDA:220,18,1,0
BRDA:231,19,0,0
BRDA:231,19,1,0
BRDA:238,20,0,0
BRDA:238,20,1,0
BRDA:243,21,0,0
BRDA:243,21,1,0
BRDA:288,22,0,0
BRDA:288,22,1,0
BRDA:303,23,0,0
BRDA:303,23,1,0
BRDA:309,24,0,0
BRDA:309,24,1,0
BRDA:315,25,0,0
BRDA:315,25,1,0
BRDA:323,26,0,0
BRDA:323,26,1,0
BRDA:323,27,0,0
BRDA:323,27,1,0
BRDA:396,28,0,0
BRDA:396,28,1,0
BRDA:411,29,0,0
BRDA:411,29,1,0
BRDA:411,30,0,0
BRDA:411,30,1,0
BRDA:417,31,0,0
BRDA:417,31,1,0
BRDA:424,32,0,0
BRDA:424,32,1,0
BRDA:436,33,0,0
BRDA:436,33,1,0
BRDA:455,34,0,0
BRDA:455,34,1,0
BRDA:476,35,0,0
BRDA:476,35,1,0
BRDA:493,36,0,0
BRDA:493,36,1,0
BRDA:508,37,0,0
BRDA:508,37,1,0
BRDA:514,38,0,0
BRDA:514,38,1,0
BRDA:539,39,0,0
BRDA:539,39,1,0
BRF:81
BRH:0
end_of_record
TN:
SF:routes\cart.js
FN:9,(anonymous_0)
FN:21,(anonymous_1)
FN:30,(anonymous_2)
FN:44,(anonymous_3)
FN:81,(anonymous_4)
FN:122,(anonymous_5)
FN:160,(anonymous_6)
FN:190,(anonymous_7)
FN:204,(anonymous_8)
FN:226,(anonymous_9)
FN:257,(anonymous_10)
FN:277,(anonymous_11)
FNF:12
FNH:0
FNDA:0,(anonymous_0)
FNDA:0,(anonymous_1)
FNDA:0,(anonymous_2)
FNDA:0,(anonymous_3)
FNDA:0,(anonymous_4)
FNDA:0,(anonymous_5)
FNDA:0,(anonymous_6)
FNDA:0,(anonymous_7)
FNDA:0,(anonymous_8)
FNDA:0,(anonymous_9)
FNDA:0,(anonymous_10)
FNDA:0,(anonymous_11)
DA:2,1
DA:3,1
DA:4,1
DA:5,1
DA:6,1
DA:9,1
DA:10,0
DA:11,0
DA:13,0
DA:15,0
DA:16,0
DA:17,0
DA:21,0
DA:22,0
DA:25,0
DA:30,0
DA:34,0
DA:35,0
DA:44,1
DA:45,0
DA:46,0
DA:47,0
DA:49,0
DA:50,0
DA:57,0
DA:58,0
DA:59,0
DA:65,0
DA:66,0
DA:74,0
DA:75,0
DA:76,0
DA:80,0
DA:81,0
DA:84,0
DA:86,0
DA:87,0
DA:88,0
DA:94,0
DA:97,0
DA:103,0
DA:104,0
DA:106,0
DA:112,0
DA:113,0
DA:122,1
DA:123,0
DA:124,0
DA:125,0
DA:126,0
DA:128,0
DA:129,0
DA:135,0
DA:136,0
DA:137,0
DA:143,0
DA:144,0
DA:151,0
DA:152,0
DA:153,0
DA:159,0
DA:160,0
DA:163,0
DA:164,0
DA:170,0
DA:171,0
DA:172,0
DA:174,0
DA:180,0
DA:181,0
DA:190,1
DA:191,0
DA:192,0
DA:193,0
DA:195,0
DA:196,0
DA:197,0
DA:203,0
DA:204,0
DA:207,0
DA:208,0
DA:210,0
DA:216,0
DA:217,0
DA:226,1
DA:227,0
DA:228,0
DA:230,0
DA:231,0
DA:232,0
DA:238,0
DA:239,0
DA:241,0
DA:247,0
DA:248,0
DA:257,1
DA:258,0
DA:259,0
DA:260,0
DA:262,0
DA:263,0
DA:269,0
DA:270,0
DA:271,0
DA:275,0
DA:276,0
DA:277,0
DA:280,0
DA:281,0
DA:283,0
DA:285,0
DA:287,0
DA:292,0
DA:299,0
DA:300,0
DA:302,0
DA:308,0
DA:309,0
DA:317,1
LF:119
LH:12
BRDA:15,0,0,0
BRDA:15,0,1,0
BRDA:46,1,0,0
BRDA:49,2,0,0
BRDA:49,2,1,0
BRDA:58,3,0,0
BRDA:58,3,1,0
BRDA:65,4,0,0
BRDA:65,4,1,0
BRDA:75,5,0,0
BRDA:75,5,1,0
BRDA:84,6,0,0
BRDA:84,6,1,0
BRDA:87,7,0,0
BRDA:87,7,1,0
BRDA:128,8,0,0
BRDA:128,8,1,0
BRDA:136,9,0,0
BRDA:136,9,1,0
BRDA:143,10,0,0
BRDA:143,10,1,0
BRDA:152,11,0,0
BRDA:152,11,1,0
BRDA:163,12,0,0
BRDA:163,12,1,0
BRDA:196,13,0,0
BRDA:196,13,1,0
BRDA:231,14,0,0
BRDA:231,14,1,0
BRDA:262,15,0,0
BRDA:262,15,1,0
BRDA:270,16,0,0
BRDA:270,16,1,0
BRDA:277,17,0,0
BRDA:277,17,1,0
BRDA:280,18,0,0
BRDA:280,18,1,0
BRDA:283,19,0,0
BRDA:283,19,1,0
BRDA:285,20,0,0
BRDA:285,20,1,0
BRF:41
BRH:0
end_of_record
TN:
SF:routes\chatbot.js
FN:24,(anonymous_0)
FN:140,(anonymous_1)
FN:227,(anonymous_2)
FN:275,(anonymous_3)
FN:318,(anonymous_4)
FN:337,(anonymous_5)
FN:366,(anonymous_6)
FN:408,(anonymous_7)
FN:445,(anonymous_8)
FN:496,(anonymous_9)
FN:538,(anonymous_10)
FN:587,(anonymous_11)
FNF:12
FNH:0
FNDA:0,(anonymous_0)
FNDA:0,(anonymous_1)
FNDA:0,(anonymous_2)
FNDA:0,(anonymous_3)
FNDA:0,(anonymous_4)
FNDA:0,(anonymous_5)
FNDA:0,(anonymous_6)
FNDA:0,(anonymous_7)
FNDA:0,(anonymous_8)
FNDA:0,(anonymous_9)
FNDA:0,(anonymous_10)
FNDA:0,(anonymous_11)
DA:5,1
DA:6,1
DA:7,1
DA:8,1
DA:9,1
DA:10,1
DA:11,1
DA:12,1
DA:13,1
DA:20,1
DA:25,0
DA:26,0
DA:27,0
DA:28,0
DA:31,0
DA:32,0
DA:35,0
DA:37,0
DA:39,0
DA:40,0
DA:41,0
DA:42,0
DA:43,0
DA:47,0
DA:60,0
DA:63,0
DA:74,0
DA:82,0
DA:83,0
DA:84,0
DA:87,0
DA:88,0
DA:92,0
DA:93,0
DA:97,0
DA:100,0
DA:107,0
DA:119,0
DA:120,0
DA:133,1
DA:141,0
DA:142,0
DA:143,0
DA:144,0
DA:147,0
DA:148,0
DA:152,0
DA:154,0
DA:155,0
DA:158,0
DA:163,0
DA:166,0
DA:170,0
DA:173,0
DA:177,0
DA:180,0
DA:181,0
DA:186,0
DA:187,0
DA:190,0
DA:194,0
DA:197,0
DA:198,0
DA:201,0
DA:207,0
DA:210,0
DA:211,0
DA:224,1
DA:228,0
DA:229,0
DA:231,0
DA:236,0
DA:237,0
DA:244,0
DA:245,0
DA:246,0
DA:249,0
DA:258,0
DA:259,0
DA:271,1
DA:276,0
DA:277,0
DA:279,0
DA:281,0
DA:282,0
DA:288,0
DA:289,0
DA:291,0
DA:292,0
DA:295,0
DA:297,0
DA:303,0
DA:304,0
DA:316,1
DA:319,0
DA:320,0
DA:322,0
DA:324,0
DA:325,0
DA:331,0
DA:337,0
DA:351,0
DA:352,0
DA:364,1
DA:367,0
DA:368,0
DA:370,0
DA:372,0
DA:373,0
DA:379,0
DA:380,0
DA:383,0
DA:385,0
DA:391,0
DA:392,0
DA:408,1
DA:409,0
DA:410,0
DA:411,0
DA:417,0
DA:419,0
DA:420,0
DA:426,0
DA:432,0
DA:433,0
DA:445,1
DA:446,0
DA:447,0
DA:448,0
DA:454,0
DA:456,0
DA:457,0
DA:464,0
DA:465,0
DA:466,0
DA:467,0
DA:470,0
DA:471,0
DA:474,0
DA:476,0
DA:483,0
DA:484,0
DA:496,1
DA:497,0
DA:498,0
DA:499,0
DA:505,0
DA:507,0
DA:508,0
DA:510,0
DA:513,0
DA:515,0
DA:525,0
DA:526,0
DA:538,1
DA:539,0
DA:540,0
DA:541,0
DA:547,0
DA:549,0
DA:550,0
DA:551,0
DA:553,0
DA:558,0
DA:560,0
DA:574,0
DA:575,0
DA:587,1
DA:588,0
DA:589,0
DA:590,0
DA:596,0
DA:598,0
DA:604,0
DA:605,0
DA:612,1
LF:176
LH:21
BRDA:27,0,0,0
BRDA:27,0,1,0
BRDA:32,1,0,0
BRDA:32,1,1,0
BRDA:37,2,0,0
BRDA:37,2,1,0
BRDA:40,3,0,0
BRDA:40,3,1,0
BRDA:42,4,0,0
BRDA:42,4,1,0
BRDA:50,5,0,0
BRDA:50,5,1,0
BRDA:52,6,0,0
BRDA:52,6,1,0
BRDA:55,7,0,0
BRDA:55,7,1,0
BRDA:82,8,0,0
BRDA:82,8,1,0
BRDA:87,9,0,0
BRDA:87,9,1,0
BRDA:92,10,0,0
BRDA:92,10,1,0
BRDA:112,11,0,0
BRDA:112,11,1,0
BRDA:114,12,0,0
BRDA:114,12,1,0
BRDA:115,13,0,0
BRDA:115,13,1,0
BRDA:143,14,0,0
BRDA:143,14,1,0
BRDA:148,15,0,0
BRDA:148,15,1,0
BRDA:152,16,0,0
BRDA:152,16,1,0
BRDA:152,16,2,0
BRDA:152,16,3,0
BRDA:152,16,4,0
BRDA:152,16,5,0
BRDA:152,16,6,0
BRDA:152,16,7,0
BRDA:168,17,0,0
BRDA:168,17,1,0
BRDA:175,18,0,0
BRDA:175,18,1,0
BRDA:180,19,0,0
BRDA:180,19,1,0
BRDA:186,20,0,0
BRDA:186,20,1,0
BRDA:236,21,0,0
BRDA:236,21,1,0
BRDA:244,22,0,0
BRDA:244,22,1,0
BRDA:245,23,0,0
BRDA:245,23,1,0
BRDA:281,24,0,0
BRDA:281,24,1,0
BRDA:291,25,0,0
BRDA:291,25,1,0
BRDA:324,26,0,0
BRDA:324,26,1,0
BRDA:372,27,0,0
BRDA:372,27,1,0
BRDA:410,28,0,0
BRDA:410,28,1,0
BRDA:419,29,0,0
BRDA:419,29,1,0
BRDA:447,30,0,0
BRDA:447,30,1,0
BRDA:456,31,0,0
BRDA:456,31,1,0
BRDA:466,32,0,0
BRDA:466,32,1,0
BRDA:498,33,0,0
BRDA:498,33,1,0
BRDA:507,34,0,0
BRDA:507,34,1,0
BRDA:508,35,0,0
BRDA:508,35,1,0
BRDA:540,36,0,0
BRDA:540,36,1,0
BRDA:547,37,0,0
BRDA:547,38,0,0
BRDA:550,39,0,0
BRDA:550,39,1,0
BRDA:551,40,0,0
BRDA:551,40,1,0
BRDA:589,41,0,0
BRDA:589,41,1,0
BRF:88
BRH:0
end_of_record
TN:
SF:routes\comparison.js
FN:10,(anonymous_0)
FN:22,(anonymous_1)
FN:53,(anonymous_2)
FN:71,(anonymous_3)
FN:72,(anonymous_4)
FN:73,(anonymous_5)
FN:74,(anonymous_6)
FN:75,(anonymous_7)
FN:76,(anonymous_8)
FN:81,(anonymous_9)
FN:87,(anonymous_10)
FN:111,(anonymous_11)
FNF:12
FNH:0
FNDA:0,(anonymous_0)
FNDA:0,(anonymous_1)
FNDA:0,(anonymous_2)
FNDA:0,(anonymous_3)
FNDA:0,(anonymous_4)
FNDA:0,(anonymous_5)
FNDA:0,(anonymous_6)
FNDA:0,(anonymous_7)
FNDA:0,(anonymous_8)
FNDA:0,(anonymous_9)
FNDA:0,(anonymous_10)
FNDA:0,(anonymous_11)
DA:2,1
DA:3,1
DA:4,1
DA:10,1
DA:11,0
DA:12,0
DA:14,0
DA:15,0
DA:22,0
DA:24,0
DA:25,0
DA:31,0
DA:32,0
DA:39,0
DA:44,0
DA:45,0
DA:52,0
DA:53,0
DA:71,0
DA:72,0
DA:73,0
DA:74,0
DA:75,0
DA:76,0
DA:81,0
DA:87,0
DA:91,0
DA:98,0
DA:99,0
DA:111,1
DA:112,0
DA:113,0
DA:116,0
DA:117,0
DA:118,0
DA:125,0
DA:127,0
DA:140,0
DA:147,0
DA:148,0
DA:156,1
LF:41
LH:6
BRDA:14,0,0,0
BRDA:14,0,1,0
BRDA:24,1,0,0
BRDA:24,1,1,0
BRDA:31,2,0,0
BRDA:31,2,1,0
BRDA:44,3,0,0
BRDA:44,3,1,0
BRDA:66,4,0,0
BRDA:66,4,1,0
BRDA:67,5,0,0
BRDA:67,5,1,0
BRDA:73,6,0,0
BRDA:73,6,1,0
BRDA:74,7,0,0
BRDA:74,7,1,0
BRDA:117,8,0,0
BRDA:117,8,1,0
BRF:18
BRH:0
end_of_record
TN:
SF:routes\contact.js
FN:12,(anonymous_0)
FN:43,(anonymous_1)
FN:58,(anonymous_2)
FN:265,(anonymous_3)
FNF:4
FNH:0
FNDA:0,(anonymous_0)
FNDA:0,(anonymous_1)
FNDA:0,(anonymous_2)
FNDA:0,(anonymous_3)
DA:6,1
DA:7,1
DA:8,1
DA:9,1
DA:12,1
DA:13,0
DA:14,0
DA:15,0
DA:18,0
DA:32,1
DA:44,0
DA:46,0
DA:47,0
DA:48,0
DA:55,0
DA:58,0
DA:59,0
DA:60,0
DA:68,0
DA:69,0
DA:70,0
DA:71,0
DA:72,0
DA:73,0
DA:76,0
DA:79,0
DA:80,0
DA:81,0
DA:82,0
DA:83,0
DA:84,0
DA:85,0
DA:86,0
DA:89,0
DA:98,0
DA:167,0
DA:168,0
DA:169,0
DA:170,0
DA:177,0
DA:179,0
DA:184,0
DA:185,0
DA:224,0
DA:230,0
DA:232,0
DA:236,0
DA:242,0
DA:251,0
DA:252,0
DA:265,1
DA:266,0
DA:291,1
LF:53
LH:8
BRDA:13,0,0,0
BRDA:13,0,1,0
BRDA:13,1,0,0
BRDA:13,1,1,0
BRDA:47,2,0,0
BRDA:47,2,1,0
BRDA:59,3,0,0
BRDA:59,3,1,0
BRDA:76,4,0,0
BRDA:76,4,1,0
BRDA:83,5,0,0
BRDA:83,5,1,0
BRDA:84,6,0,0
BRDA:84,6,1,0
BRDA:121,7,0,0
BRDA:121,7,1,0
BRDA:135,8,0,0
BRDA:135,8,1,0
BRDA:168,9,0,0
BRDA:168,9,1,0
BRDA:174,10,0,0
BRDA:174,10,1,0
BRF:22
BRH:0
end_of_record
TN:
SF:routes\emailMonitoring.js
FN:15,(anonymous_0)
FN:43,(anonymous_1)
FN:64,(anonymous_2)
FN:100,(anonymous_3)
FN:122,(anonymous_4)
FNF:5
FNH:0
FNDA:0,(anonymous_0)
FNDA:0,(anonymous_1)
FNDA:0,(anonymous_2)
FNDA:0,(anonymous_3)
FNDA:0,(anonymous_4)
DA:6,0
DA:7,0
DA:8,0
DA:9,0
DA:15,0
DA:16,0
DA:17,0
DA:18,0
DA:20,0
DA:28,0
DA:29,0
DA:31,0
DA:43,0
DA:44,0
DA:46,0
DA:47,0
DA:50,0
DA:51,0
DA:53,0
DA:64,0
DA:65,0
DA:67,0
DA:68,0
DA:71,0
DA:72,0
DA:74,0
DA:75,0
DA:81,0
DA:89,0
DA:100,0
DA:101,0
DA:103,0
DA:104,0
DA:107,0
DA:108,0
DA:114,0
DA:122,0
DA:123,0
DA:124,0
DA:125,0
DA:128,0
DA:129,0
DA:135,0
DA:143,0
LF:44
LH:0
BRDA:21,0,0,0
BRDA:21,0,1,0
BRDA:28,1,0,0
BRDA:28,1,1,0
BRDA:46,2,0,0
BRDA:46,2,1,0
BRDA:46,3,0,0
BRDA:46,3,1,0
BRDA:67,4,0,0
BRDA:67,4,1,0
BRDA:67,5,0,0
BRDA:67,5,1,0
BRDA:74,6,0,0
BRDA:74,6,1,0
BRDA:103,7,0,0
BRDA:103,7,1,0
BRDA:103,8,0,0
BRDA:103,8,1,0
BRDA:111,9,0,0
BRDA:111,9,1,0
BRDA:124,10,0,0
BRDA:124,10,1,0
BRDA:124,11,0,0
BRDA:124,11,1,0
BRF:24
BRH:0
end_of_record
TN:
SF:routes\images.js
FN:19,(anonymous_0)
FN:55,(anonymous_1)
FNF:2
FNH:0
FNDA:0,(anonymous_0)
FNDA:0,(anonymous_1)
DA:10,1
DA:11,1
DA:12,1
DA:13,1
DA:19,1
DA:20,0
DA:23,0
DA:24,0
DA:27,0
DA:28,0
DA:29,0
DA:32,0
DA:33,0
DA:34,0
DA:36,0
DA:39,0
DA:40,0
DA:41,0
DA:45,0
DA:46,0
DA:47,0
DA:48,0
DA:49,0
DA:51,0
DA:54,0
DA:55,0
DA:56,0
DA:57,0
DA:58,0
DA:61,0
DA:64,0
DA:65,0
DA:69,1
LF:33
LH:6
BRDA:23,0,0,0
BRDA:23,0,1,0
BRDA:33,1,0,0
BRDA:33,1,1,0
BRDA:33,2,0,0
BRDA:33,2,1,0
BRDA:40,3,0,0
BRDA:40,3,1,0
BRDA:45,4,0,0
BRDA:45,4,1,0
BRDA:57,5,0,0
BRDA:57,5,1,0
BRF:12
BRH:0
end_of_record
TN:
SF:routes\inventory.js
FN:16,(anonymous_0)
FN:68,(anonymous_1)
FN:116,(anonymous_2)
FN:153,(anonymous_3)
FN:176,(anonymous_4)
FN:196,(anonymous_5)
FN:286,(anonymous_6)
FN:336,(anonymous_7)
FNF:8
FNH:0
FNDA:0,(anonymous_0)
FNDA:0,(anonymous_1)
FNDA:0,(anonymous_2)
FNDA:0,(anonymous_3)
FNDA:0,(anonymous_4)
FNDA:0,(anonymous_5)
FNDA:0,(anonymous_6)
FNDA:0,(anonymous_7)
DA:2,1
DA:3,1
DA:4,1
DA:5,1
DA:6,1
DA:7,1
DA:13,1
DA:16,1
DA:17,0
DA:18,0
DA:19,0
DA:21,0
DA:22,0
DA:23,0
DA:26,0
DA:27,0
DA:29,0
DA:37,0
DA:39,0
DA:41,0
DA:58,0
DA:59,0
DA:68,1
DA:69,0
DA:70,0
DA:72,0
DA:73,0
DA:74,0
DA:76,0
DA:77,0
DA:78,0
DA:79,0
DA:82,0
DA:83,0
DA:85,0
DA:93,0
DA:95,0
DA:106,0
DA:107,0
DA:116,1
DA:117,0
DA:118,0
DA:120,0
DA:121,0
DA:122,0
DA:125,0
DA:126,0
DA:128,0
DA:143,0
DA:144,0
DA:153,1
DA:154,0
DA:155,0
DA:157,0
DA:159,0
DA:166,0
DA:167,0
DA:176,1
DA:177,0
DA:178,0
DA:180,0
DA:186,0
DA:187,0
DA:196,1
DA:197,0
DA:198,0
DA:199,0
DA:201,0
DA:202,0
DA:208,0
DA:209,0
DA:215,0
DA:218,0
DA:228,0
DA:230,0
DA:231,0
DA:232,0
DA:237,0
DA:243,0
DA:244,0
DA:247,0
DA:248,0
DA:251,0
DA:264,0
DA:276,0
DA:277,0
DA:286,1
DA:287,0
DA:288,0
DA:290,0
DA:291,0
DA:292,0
DA:293,0
DA:294,0
DA:298,0
DA:310,0
DA:324,0
DA:329,0
DA:336,0
DA:343,0
DA:344,0
DA:352,1
LF:102
LH:15
BRDA:19,0,0,0
BRDA:19,1,0,0
BRDA:22,2,0,0
BRDA:22,2,1,0
BRDA:26,3,0,0
BRDA:26,3,1,0
BRDA:27,4,0,0
BRDA:27,4,1,0
BRDA:43,5,0,0
BRDA:43,5,1,0
BRDA:70,6,0,0
BRDA:70,7,0,0
BRDA:73,8,0,0
BRDA:73,8,1,0
BRDA:76,9,0,0
BRDA:76,9,1,0
BRDA:76,10,0,0
BRDA:76,10,1,0
BRDA:78,11,0,0
BRDA:78,11,1,0
BRDA:79,12,0,0
BRDA:79,12,1,0
BRDA:82,13,0,0
BRDA:82,13,1,0
BRDA:83,14,0,0
BRDA:83,14,1,0
BRDA:120,15,0,0
BRDA:120,15,1,0
BRDA:155,16,0,0
BRDA:201,17,0,0
BRDA:201,17,1,0
BRDA:201,18,0,0
BRDA:201,18,1,0
BRDA:208,19,0,0
BRDA:208,19,1,0
BRDA:222,20,0,0
BRDA:222,20,1,0
BRDA:228,21,0,0
BRDA:228,21,1,0
BRDA:231,22,0,0
BRDA:231,22,1,0
BRDA:253,23,0,0
BRDA:253,23,1,0
BRDA:291,24,0,0
BRDA:291,24,1,0
BRDA:291,25,0,0
BRDA:291,25,1,0
BRDA:293,26,0,0
BRDA:293,26,1,0
BRDA:294,27,0,0
BRDA:294,27,1,0
BRDA:332,28,0,0
BRDA:332,28,1,0
BRDA:333,29,0,0
BRDA:333,29,1,0
BRF:55
BRH:0
end_of_record
TN:
SF:routes\marketing.js
FN:29,(anonymous_0)
FN:40,(anonymous_1)
FN:70,(anonymous_2)
FN:155,(anonymous_3)
FN:207,sendAbandonedCartEmail
FN:208,(anonymous_5)
FN:210,(anonymous_6)
FNF:7
FNH:0
FNDA:0,(anonymous_0)
FNDA:0,(anonymous_1)
FNDA:0,(anonymous_2)
FNDA:0,(anonymous_3)
FNDA:0,sendAbandonedCartEmail
FNDA:0,(anonymous_5)
FNDA:0,(anonymous_6)
DA:2,1
DA:3,1
DA:4,1
DA:5,1
DA:6,1
DA:7,1
DA:10,1
DA:17,1
DA:29,1
DA:30,0
DA:31,0
DA:32,0
DA:34,0
DA:40,0
DA:41,0
DA:42,0
DA:43,0
DA:45,0
DA:48,0
DA:52,0
DA:57,0
DA:58,0
DA:70,1
DA:71,0
DA:72,0
DA:74,0
DA:75,0
DA:82,0
DA:84,0
DA:135,0
DA:137,0
DA:142,0
DA:143,0
DA:155,1
DA:156,0
DA:157,0
DA:159,0
DA:160,0
DA:167,0
DA:190,0
DA:192,0
DA:197,0
DA:198,0
DA:208,0
DA:210,0
DA:225,0
DA:276,0
DA:277,0
DA:280,1
LF:49
LH:12
BRDA:43,0,0,0
BRDA:43,0,1,0
BRDA:43,1,0,0
BRDA:43,1,1,0
BRDA:43,1,2,0
BRDA:74,2,0,0
BRDA:74,2,1,0
BRDA:74,3,0,0
BRDA:74,3,1,0
BRDA:159,4,0,0
BRDA:159,4,1,0
BRDA:159,5,0,0
BRDA:159,5,1,0
BRDA:174,6,0,0
BRDA:174,6,1,0
BRF:15
BRH:0
end_of_record
TN:
SF:routes\notifications.js
FN:18,(anonymous_0)
FN:48,(anonymous_1)
FN:81,(anonymous_2)
FN:121,(anonymous_3)
FN:150,(anonymous_4)
FNF:5
FNH:0
FNDA:0,(anonymous_0)
FNDA:0,(anonymous_1)
FNDA:0,(anonymous_2)
FNDA:0,(anonymous_3)
FNDA:0,(anonymous_4)
DA:2,1
DA:3,1
DA:4,1
DA:5,1
DA:11,1
DA:18,1
DA:19,0
DA:20,0
DA:22,0
DA:23,0
DA:29,0
DA:35,0
DA:36,0
DA:48,1
DA:49,0
DA:50,0
DA:52,0
DA:53,0
DA:59,0
DA:68,0
DA:69,0
DA:81,1
DA:82,0
DA:83,0
DA:85,0
DA:87,0
DA:88,0
DA:94,0
DA:95,0
DA:102,0
DA:108,0
DA:109,0
DA:121,1
DA:122,0
DA:123,0
DA:125,0
DA:126,0
DA:132,0
DA:137,0
DA:138,0
DA:150,1
DA:151,0
DA:152,0
DA:154,0
DA:156,0
DA:163,0
DA:164,0
DA:171,1
LF:48
LH:11
BRDA:22,0,0,0
BRDA:22,0,1,0
BRDA:52,1,0,0
BRDA:52,1,1,0
BRDA:87,2,0,0
BRDA:87,2,1,0
BRDA:88,3,0,0
BRDA:88,3,1,0
BRDA:94,4,0,0
BRDA:94,4,1,0
BRDA:125,5,0,0
BRDA:125,5,1,0
BRF:12
BRH:0
end_of_record
TN:
SF:routes\orders.js
FN:18,(anonymous_0)
FN:40,(anonymous_1)
FN:46,(anonymous_2)
FN:151,(anonymous_3)
FN:188,(anonymous_4)
FN:224,(anonymous_5)
FN:266,(anonymous_6)
FN:365,(anonymous_7)
FN:426,(anonymous_8)
FN:455,(anonymous_9)
FN:512,(anonymous_10)
FN:566,(anonymous_11)
FN:643,(anonymous_12)
FN:696,(anonymous_13)
FN:730,(anonymous_14)
FN:749,(anonymous_15)
FNF:16
FNH:0
FNDA:0,(anonymous_0)
FNDA:0,(anonymous_1)
FNDA:0,(anonymous_2)
FNDA:0,(anonymous_3)
FNDA:0,(anonymous_4)
FNDA:0,(anonymous_5)
FNDA:0,(anonymous_6)
FNDA:0,(anonymous_7)
FNDA:0,(anonymous_8)
FNDA:0,(anonymous_9)
FNDA:0,(anonymous_10)
FNDA:0,(anonymous_11)
FNDA:0,(anonymous_12)
FNDA:0,(anonymous_13)
FNDA:0,(anonymous_14)
FNDA:0,(anonymous_15)
DA:2,1
DA:3,1
DA:4,1
DA:5,1
DA:6,1
DA:15,1
DA:18,1
DA:19,0
DA:20,0
DA:21,0
DA:24,0
DA:25,0
DA:31,0
DA:32,0
DA:39,0
DA:40,0
DA:42,0
DA:43,0
DA:46,0
DA:56,0
DA:57,0
DA:58,0
DA:60,0
DA:61,0
DA:63,0
DA:64,0
DA:70,0
DA:78,0
DA:79,0
DA:86,0
DA:87,0
DA:88,0
DA:89,0
DA:92,0
DA:111,0
DA:114,0
DA:115,0
DA:116,0
DA:125,0
DA:127,0
DA:134,0
DA:141,0
DA:142,0
DA:151,1
DA:152,0
DA:153,0
DA:154,0
DA:156,0
DA:157,0
DA:159,0
DA:165,0
DA:167,0
DA:178,0
DA:179,0
DA:188,1
DA:189,0
DA:190,0
DA:194,0
DA:195,0
DA:202,0
DA:203,0
DA:209,0
DA:214,0
DA:215,0
DA:224,1
DA:225,0
DA:226,0
DA:228,0
DA:229,0
DA:230,0
DA:233,0
DA:234,0
DA:236,0
DA:243,0
DA:245,0
DA:256,0
DA:257,0
DA:266,1
DA:267,0
DA:268,0
DA:269,0
DA:271,0
DA:272,0
DA:278,0
DA:279,0
DA:280,0
DA:286,0
DA:288,0
DA:289,0
DA:295,0
DA:298,0
DA:299,0
DA:301,0
DA:302,0
DA:303,0
DA:304,0
DA:306,0
DA:316,0
DA:317,0
DA:318,0
DA:324,0
DA:330,0
DA:331,0
DA:332,0
DA:333,0
DA:334,0
DA:336,0
DA:346,0
DA:347,0
DA:349,0
DA:355,0
DA:356,0
DA:365,1
DA:366,0
DA:367,0
DA:368,0
DA:370,0
DA:372,0
DA:373,0
DA:380,0
DA:381,0
DA:388,0
DA:389,0
DA:396,0
DA:402,0
DA:403,0
DA:404,0
DA:405,0
DA:406,0
DA:408,0
DA:416,0
DA:417,0
DA:426,1
DA:427,0
DA:428,0
DA:430,0
DA:431,0
DA:432,0
DA:434,0
DA:445,0
DA:446,0
DA:455,1
DA:456,0
DA:457,0
DA:459,0
DA:460,0
DA:461,0
DA:462,0
DA:463,0
DA:466,0
DA:467,0
DA:469,0
DA:476,0
DA:479,0
DA:488,0
DA:500,0
DA:501,0
DA:512,1
DA:513,0
DA:514,0
DA:519,0
DA:520,0
DA:527,0
DA:528,0
DA:535,0
DA:536,0
DA:538,0
DA:556,0
DA:557,0
DA:566,1
DA:567,0
DA:568,0
DA:570,0
DA:572,0
DA:573,0
DA:580,0
DA:588,0
DA:591,0
DA:592,0
DA:595,0
DA:596,0
DA:597,0
DA:602,0
DA:603,0
DA:610,0
DA:611,0
DA:615,0
DA:616,0
DA:619,0
DA:621,0
DA:633,0
DA:634,0
DA:643,1
DA:644,0
DA:645,0
DA:647,0
DA:648,0
DA:654,0
DA:655,0
DA:662,0
DA:663,0
DA:664,0
DA:665,0
DA:667,0
DA:670,0
DA:678,0
DA:680,0
DA:686,0
DA:687,0
DA:696,1
DA:697,0
DA:698,0
DA:699,0
DA:702,0
DA:707,0
DA:708,0
DA:713,0
DA:714,0
DA:720,0
DA:730,0
DA:739,0
DA:740,0
DA:749,1
DA:750,0
DA:751,0
DA:753,0
DA:754,0
DA:760,0
DA:768,0
DA:776,0
DA:782,0
DA:783,0
DA:791,1
LF:233
LH:20
BRDA:24,0,0,0
BRDA:24,0,1,0
BRDA:24,1,0,0
BRDA:24,1,1,0
BRDA:31,2,0,0
BRDA:31,2,1,0
BRDA:31,3,0,0
BRDA:31,3,1,0
BRDA:31,3,2,0
BRDA:42,4,0,0
BRDA:42,4,1,0
BRDA:63,5,0,0
BRDA:63,5,1,0
BRDA:97,6,0,0
BRDA:97,6,1,0
BRDA:98,7,0,0
BRDA:98,7,1,0
BRDA:154,8,0,0
BRDA:154,9,0,0
BRDA:156,10,0,0
BRDA:156,10,1,0
BRDA:157,11,0,0
BRDA:157,11,1,0
BRDA:194,12,0,0
BRDA:194,12,1,0
BRDA:202,13,0,0
BRDA:202,13,1,0
BRDA:202,14,0,0
BRDA:202,14,1,0
BRDA:226,15,0,0
BRDA:226,16,0,0
BRDA:229,17,0,0
BRDA:229,17,1,0
BRDA:233,18,0,0
BRDA:233,18,1,0
BRDA:234,19,0,0
BRDA:234,19,1,0
BRDA:271,20,0,0
BRDA:271,20,1,0
BRDA:279,21,0,0
BRDA:279,21,1,0
BRDA:288,22,0,0
BRDA:288,22,1,0
BRDA:298,23,0,0
BRDA:298,23,1,0
BRDA:298,24,0,0
BRDA:298,24,1,0
BRDA:316,25,0,0
BRDA:316,25,1,0
BRDA:316,26,0,0
BRDA:316,26,1,0
BRDA:317,27,0,0
BRDA:317,27,1,0
BRDA:327,28,0,0
BRDA:327,28,1,0
BRDA:332,29,0,0
BRDA:332,29,1,0
BRDA:372,30,0,0
BRDA:372,30,1,0
BRDA:380,31,0,0
BRDA:380,31,1,0
BRDA:388,32,0,0
BRDA:388,32,1,0
BRDA:399,33,0,0
BRDA:399,33,1,0
BRDA:404,34,0,0
BRDA:404,34,1,0
BRDA:430,35,0,0
BRDA:430,35,1,0
BRDA:457,36,0,0
BRDA:457,37,0,0
BRDA:460,38,0,0
BRDA:460,38,1,0
BRDA:460,39,0,0
BRDA:460,39,1,0
BRDA:462,40,0,0
BRDA:462,40,1,0
BRDA:463,41,0,0
BRDA:463,41,1,0
BRDA:466,42,0,0
BRDA:466,42,1,0
BRDA:467,43,0,0
BRDA:467,43,1,0
BRDA:519,44,0,0
BRDA:519,44,1,0
BRDA:527,45,0,0
BRDA:527,45,1,0
BRDA:527,46,0,0
BRDA:527,46,1,0
BRDA:572,47,0,0
BRDA:572,47,1,0
BRDA:581,48,0,0
BRDA:581,48,1,0
BRDA:582,49,0,0
BRDA:582,49,1,0
BRDA:583,50,0,0
BRDA:583,50,1,0
BRDA:591,51,0,0
BRDA:591,51,1,0
BRDA:595,52,0,0
BRDA:595,52,1,0
BRDA:602,53,0,0
BRDA:602,53,1,0
BRDA:610,54,0,0
BRDA:610,54,1,0
BRDA:615,55,0,0
BRDA:615,55,1,0
BRDA:647,56,0,0
BRDA:647,56,1,0
BRDA:654,57,0,0
BRDA:654,57,1,0
BRDA:707,58,0,0
BRDA:707,58,1,0
BRDA:707,59,0,0
BRDA:707,59,1,0
BRDA:713,60,0,0
BRDA:713,60,1,0
BRDA:753,61,0,0
BRDA:753,61,1,0
BRDA:753,62,0,0
BRDA:753,62,1,0
BRDA:753,62,2,0
BRDA:762,63,0,0
BRDA:762,63,1,0
BRDA:763,64,0,0
BRDA:763,64,1,0
BRF:126
BRH:0
end_of_record
TN:
SF:routes\payments.js
FN:45,(anonymous_0)
FN:67,(anonymous_1)
FN:73,(anonymous_2)
FN:164,(anonymous_3)
FN:231,(anonymous_4)
FN:291,(anonymous_5)
FN:313,(anonymous_6)
FN:319,(anonymous_7)
FN:433,(anonymous_8)
FN:525,(anonymous_9)
FNF:10
FNH:0
FNDA:0,(anonymous_0)
FNDA:0,(anonymous_1)
FNDA:0,(anonymous_2)
FNDA:0,(anonymous_3)
FNDA:0,(anonymous_4)
FNDA:0,(anonymous_5)
FNDA:0,(anonymous_6)
FNDA:0,(anonymous_7)
FNDA:0,(anonymous_8)
FNDA:0,(anonymous_9)
DA:2,1
DA:3,1
DA:4,1
DA:5,1
DA:6,1
DA:7,1
DA:8,1
DA:14,1
DA:15,1
DA:16,0
DA:18,1
DA:21,0
DA:26,1
DA:27,1
DA:28,1
DA:29,1
DA:33,1
DA:35,0
DA:38,0
DA:45,1
DA:46,0
DA:47,0
DA:48,0
DA:54,0
DA:55,0
DA:58,0
DA:59,0
DA:66,0
DA:67,0
DA:69,0
DA:70,0
DA:73,0
DA:82,0
DA:83,0
DA:85,0
DA:86,0
DA:87,0
DA:88,0
DA:94,0
DA:102,0
DA:106,0
DA:117,0
DA:130,0
DA:133,0
DA:134,0
DA:135,0
DA:137,0
DA:138,0
DA:140,0
DA:143,0
DA:151,0
DA:152,0
DA:164,1
DA:165,0
DA:166,0
DA:167,0
DA:173,0
DA:176,0
DA:178,0
DA:179,0
DA:187,0
DA:188,0
DA:189,0
DA:196,0
DA:197,0
DA:203,0
DA:204,0
DA:205,0
DA:207,0
DA:218,0
DA:219,0
DA:231,1
DA:232,0
DA:233,0
DA:234,0
DA:237,0
DA:238,0
DA:241,0
DA:242,0
DA:244,0
DA:245,0
DA:249,0
DA:251,0
DA:252,0
DA:255,0
DA:256,0
DA:257,0
DA:258,0
DA:259,0
DA:261,0
DA:264,0
DA:265,0
DA:267,0
DA:268,0
DA:269,0
DA:270,0
DA:271,0
DA:273,0
DA:276,0
DA:279,0
DA:282,0
DA:283,0
DA:291,1
DA:292,0
DA:293,0
DA:294,0
DA:300,0
DA:301,0
DA:304,0
DA:305,0
DA:312,0
DA:313,0
DA:315,0
DA:316,0
DA:319,0
DA:328,0
DA:329,0
DA:331,0
DA:332,0
DA:333,0
DA:334,0
DA:340,0
DA:348,0
DA:352,0
DA:353,0
DA:354,0
DA:357,0
DA:368,0
DA:369,0
DA:370,0
DA:371,0
DA:374,0
DA:395,0
DA:398,0
DA:399,0
DA:400,0
DA:402,0
DA:403,0
DA:405,0
DA:408,0
DA:420,0
DA:421,0
DA:433,1
DA:434,0
DA:435,0
DA:437,0
DA:438,0
DA:445,0
DA:446,0
DA:451,0
DA:453,0
DA:454,0
DA:455,0
DA:456,0
DA:457,0
DA:458,0
DA:459,0
DA:463,0
DA:470,0
DA:471,0
DA:472,0
DA:479,0
DA:480,0
DA:486,0
DA:487,0
DA:488,0
DA:489,0
DA:490,0
DA:498,0
DA:500,0
DA:512,0
DA:513,0
DA:525,1
DA:526,0
DA:527,0
DA:561,0
DA:562,0
DA:569,1
LF:178
LH:22
BRDA:15,0,0,0
BRDA:15,0,1,1
BRDA:27,1,0,1
BRDA:27,1,1,0
BRDA:27,2,0,1
BRDA:27,2,1,1
BRDA:47,3,0,0
BRDA:47,3,1,0
BRDA:58,4,0,0
BRDA:58,4,1,0
BRDA:58,5,0,0
BRDA:58,5,1,0
BRDA:69,6,0,0
BRDA:69,6,1,0
BRDA:87,7,0,0
BRDA:87,7,1,0
BRDA:166,8,0,0
BRDA:166,8,1,0
BRDA:178,9,0,0
BRDA:178,9,1,0
BRDA:188,10,0,0
BRDA:188,10,1,0
BRDA:196,11,0,0
BRDA:196,11,1,0
BRDA:233,12,0,0
BRDA:233,12,1,0
BRDA:249,13,0,0
BRDA:249,13,1,0
BRDA:249,13,2,0
BRDA:256,14,0,0
BRDA:256,14,1,0
BRDA:268,15,0,0
BRDA:268,15,1,0
BRDA:293,16,0,0
BRDA:293,16,1,0
BRDA:304,17,0,0
BRDA:304,17,1,0
BRDA:304,18,0,0
BRDA:304,18,1,0
BRDA:315,19,0,0
BRDA:315,19,1,0
BRDA:333,20,0,0
BRDA:333,20,1,0
BRDA:353,21,0,0
BRDA:353,21,1,0
BRDA:437,22,0,0
BRDA:437,22,1,0
BRDA:437,23,0,0
BRDA:437,23,1,0
BRDA:437,23,2,0
BRDA:451,24,0,0
BRDA:451,24,1,0
BRDA:453,25,0,0
BRDA:453,25,1,0
BRDA:455,26,0,0
BRDA:455,26,1,0
BRDA:455,27,0,0
BRDA:455,27,1,0
BRDA:471,28,0,0
BRDA:471,28,1,0
BRDA:479,29,0,0
BRDA:479,29,1,0
BRF:62
BRH:4
end_of_record
TN:
SF:routes\products.js
FN:8,(anonymous_0)
FN:117,(anonymous_1)
FN:133,(anonymous_2)
FN:194,(anonymous_3)
FN:214,(anonymous_4)
FN:236,(anonymous_5)
FN:255,(anonymous_6)
FNF:7
FNH:0
FNDA:0,(anonymous_0)
FNDA:0,(anonymous_1)
FNDA:0,(anonymous_2)
FNDA:0,(anonymous_3)
FNDA:0,(anonymous_4)
FNDA:0,(anonymous_5)
FNDA:0,(anonymous_6)
DA:2,1
DA:3,1
DA:4,1
DA:5,1
DA:8,1
DA:9,0
DA:19,0
DA:22,0
DA:24,0
DA:25,0
DA:28,0
DA:29,0
DA:30,0
DA:31,0
DA:35,0
DA:36,0
DA:38,0
DA:40,0
DA:41,0
DA:42,0
DA:43,0
DA:51,0
DA:52,0
DA:56,0
DA:57,0
DA:61,0
DA:62,0
DA:63,0
DA:69,0
DA:72,0
DA:73,0
DA:76,0
DA:78,0
DA:79,0
DA:86,0
DA:92,0
DA:94,0
DA:95,0
DA:96,0
DA:97,0
DA:100,0
DA:111,0
DA:112,0
DA:117,1
DA:118,0
DA:119,0
DA:121,0
DA:122,0
DA:125,0
DA:127,0
DA:128,0
DA:133,1
DA:134,0
DA:148,0
DA:151,0
DA:152,0
DA:158,0
DA:160,0
DA:180,0
DA:182,0
DA:188,0
DA:189,0
DA:194,1
DA:195,0
DA:196,0
DA:199,0
DA:200,0
DA:201,0
DA:202,0
DA:203,0
DA:204,0
DA:207,0
DA:209,0
DA:210,0
DA:214,0
DA:215,0
DA:219,0
DA:222,0
DA:224,0
DA:230,0
DA:231,0
DA:236,1
DA:237,0
DA:238,0
DA:240,0
DA:241,0
DA:244,0
DA:249,0
DA:250,0
DA:255,1
DA:256,0
DA:257,0
DA:258,0
DA:260,0
DA:261,0
DA:265,1
LF:96
LH:11
BRDA:15,0,0,0
BRDA:16,1,0,0
BRDA:17,2,0,0
BRDA:24,3,0,0
BRDA:24,3,1,0
BRDA:24,4,0,0
BRDA:24,4,1,0
BRDA:28,5,0,0
BRDA:28,5,1,0
BRDA:28,6,0,0
BRDA:28,6,1,0
BRDA:30,7,0,0
BRDA:30,7,1,0
BRDA:31,8,0,0
BRDA:31,8,1,0
BRDA:36,9,0,0
BRDA:36,9,1,0
BRDA:40,10,0,0
BRDA:40,10,1,0
BRDA:56,11,0,0
BRDA:56,11,1,0
BRDA:61,12,0,0
BRDA:61,12,1,0
BRDA:62,13,0,0
BRDA:62,13,1,0
BRDA:72,14,0,0
BRDA:72,14,1,0
BRDA:72,15,0,0
BRDA:72,15,1,0
BRDA:72,15,2,0
BRDA:95,16,0,0
BRDA:95,16,1,0
BRDA:96,17,0,0
BRDA:96,17,1,0
BRDA:121,18,0,0
BRDA:121,18,1,0
BRDA:151,19,0,0
BRDA:151,19,1,0
BRDA:151,20,0,0
BRDA:151,20,1,0
BRDA:151,20,2,0
BRDA:151,20,3,0
BRDA:158,21,0,0
BRDA:158,21,1,0
BRDA:165,22,0,0
BRDA:165,22,1,0
BRDA:166,23,0,0
BRDA:166,23,1,0
BRDA:171,24,0,0
BRDA:171,24,1,0
BRDA:175,25,0,0
BRDA:175,25,1,0
BRDA:176,26,0,0
BRDA:176,26,1,0
BRDA:209,27,0,0
BRDA:209,27,1,0
BRDA:240,28,0,0
BRDA:240,28,1,0
BRF:58
BRH:0
end_of_record
TN:
SF:routes\reports.js
FN:10,convertToCSV
FN:19,(anonymous_1)
FN:34,getDateRange
FN:63,(anonymous_3)
FN:97,(anonymous_4)
FN:98,(anonymous_5)
FN:173,(anonymous_6)
FN:181,(anonymous_7)
FN:183,(anonymous_8)
FN:191,(anonymous_9)
FN:195,(anonymous_10)
FN:196,(anonymous_11)
FNF:12
FNH:0
FNDA:0,convertToCSV
FNDA:0,(anonymous_1)
FNDA:0,getDateRange
FNDA:0,(anonymous_3)
FNDA:0,(anonymous_4)
FNDA:0,(anonymous_5)
FNDA:0,(anonymous_6)
FNDA:0,(anonymous_7)
FNDA:0,(anonymous_8)
FNDA:0,(anonymous_9)
FNDA:0,(anonymous_10)
FNDA:0,(anonymous_11)
DA:2,1
DA:3,1
DA:4,1
DA:5,1
DA:6,1
DA:7,1
DA:11,0
DA:12,0
DA:15,0
DA:16,0
DA:18,0
DA:19,0
DA:20,0
DA:22,0
DA:23,0
DA:27,0
DA:30,0
DA:35,0
DA:38,0
DA:40,0
DA:41,0
DA:42,0
DA:44,0
DA:45,0
DA:46,0
DA:48,0
DA:49,0
DA:51,0
DA:52,0
DA:55,0
DA:56,0
DA:59,0
DA:63,1
DA:64,0
DA:65,0
DA:67,0
DA:70,0
DA:73,0
DA:76,0
DA:78,0
DA:79,0
DA:83,0
DA:85,0
DA:87,0
DA:93,0
DA:94,0
DA:95,0
DA:97,0
DA:98,0
DA:99,0
DA:102,0
DA:103,0
DA:104,0
DA:109,0
DA:111,0
DA:133,0
DA:154,0
DA:157,0
DA:161,0
DA:162,0
DA:163,0
DA:165,0
DA:167,0
DA:168,0
DA:173,1
DA:174,0
DA:175,0
DA:176,0
DA:179,0
DA:180,0
DA:181,0
DA:182,0
DA:183,0
DA:186,0
DA:190,0
DA:191,0
DA:192,0
DA:195,0
DA:196,0
DA:199,0
DA:217,0
DA:218,0
DA:222,1
LF:83
LH:9
BRDA:11,0,0,0
BRDA:11,0,1,0
BRDA:11,1,0,0
BRDA:11,1,1,0
BRDA:20,2,0,0
BRDA:20,2,1,0
BRDA:23,3,0,0
BRDA:23,3,1,0
BRDA:23,4,0,0
BRDA:23,4,1,0
BRDA:23,4,2,0
BRDA:38,5,0,0
BRDA:38,5,1,0
BRDA:38,5,2,0
BRDA:38,5,3,0
BRDA:38,5,4,0
BRDA:73,6,0,0
BRDA:73,6,1,0
BRDA:78,7,0,0
BRDA:78,7,1,0
BRDA:78,8,0,0
BRDA:78,8,1,0
BRDA:99,9,0,0
BRDA:99,9,1,0
BRDA:99,9,2,0
BRDA:99,9,3,0
BRDA:102,10,0,0
BRDA:102,10,1,0
BRDA:115,11,0,0
BRDA:115,11,1,0
BRDA:117,12,0,0
BRDA:117,12,1,0
BRDA:119,13,0,0
BRDA:119,13,1,0
BRDA:124,14,0,0
BRDA:124,14,1,0
BRDA:125,15,0,0
BRDA:125,15,1,0
BRDA:126,16,0,0
BRDA:126,16,1,0
BRDA:157,17,0,0
BRDA:157,17,1,0
BRDA:192,18,0,0
BRDA:192,18,1,0
BRF:44
BRH:0
end_of_record
TN:
SF:routes\reviews.js
FN:10,updateProductRating
FN:22,(anonymous_1)
FN:35,(anonymous_2)
FN:80,(anonymous_3)
FN:143,(anonymous_4)
FN:205,(anonymous_5)
FN:247,(anonymous_6)
FN:283,(anonymous_7)
FN:320,(anonymous_8)
FNF:9
FNH:0
FNDA:0,updateProductRating
FNDA:0,(anonymous_1)
FNDA:0,(anonymous_2)
FNDA:0,(anonymous_3)
FNDA:0,(anonymous_4)
FNDA:0,(anonymous_5)
FNDA:0,(anonymous_6)
FNDA:0,(anonymous_7)
FNDA:0,(anonymous_8)
DA:2,1
DA:3,1
DA:4,1
DA:5,1
DA:6,1
DA:7,1
DA:11,0
DA:12,0
DA:14,0
DA:15,0
DA:19,0
DA:22,0
DA:23,0
DA:25,0
DA:30,0
DA:35,1
DA:36,0
DA:37,0
DA:38,0
DA:41,0
DA:42,0
DA:49,0
DA:50,0
DA:57,0
DA:58,0
DA:59,0
DA:66,0
DA:71,0
DA:72,0
DA:79,0
DA:80,0
DA:83,0
DA:84,0
DA:99,0
DA:104,0
DA:105,0
DA:112,0
DA:122,0
DA:125,0
DA:127,0
DA:133,0
DA:134,0
DA:143,1
DA:144,0
DA:145,0
DA:146,0
DA:148,0
DA:150,0
DA:151,0
DA:158,0
DA:159,0
DA:166,0
DA:167,0
DA:168,0
DA:173,0
DA:176,0
DA:177,0
DA:180,0
DA:181,0
DA:184,0
DA:187,0
DA:189,0
DA:195,0
DA:196,0
DA:205,1
DA:206,0
DA:207,0
DA:209,0
DA:211,0
DA:212,0
DA:219,0
DA:220,0
DA:226,0
DA:227,0
DA:230,0
DA:232,0
DA:237,0
DA:238,0
DA:247,1
DA:248,0
DA:249,0
DA:251,0
DA:252,0
DA:254,0
DA:260,0
DA:262,0
DA:273,0
DA:274,0
DA:283,1
DA:284,0
DA:285,0
DA:286,0
DA:288,0
DA:289,0
DA:291,0
DA:297,0
DA:299,0
DA:310,0
DA:311,0
DA:320,1
DA:321,0
DA:322,0
DA:323,0
DA:326,0
DA:331,0
DA:332,0
DA:341,0
DA:346,0
DA:347,0
DA:354,0
DA:360,0
DA:361,0
DA:369,1
LF:113
LH:13
BRDA:14,0,0,0
BRDA:14,0,1,0
BRDA:41,1,0,0
BRDA:41,1,1,0
BRDA:41,2,0,0
BRDA:41,2,1,0
BRDA:41,2,2,0
BRDA:49,3,0,0
BRDA:49,3,1,0
BRDA:49,4,0,0
BRDA:49,4,1,0
BRDA:58,5,0,0
BRDA:58,5,1,0
BRDA:71,6,0,0
BRDA:71,6,1,0
BRDA:83,7,0,0
BRDA:83,7,1,0
BRDA:104,8,0,0
BRDA:104,8,1,0
BRDA:117,9,0,0
BRDA:117,9,1,0
BRDA:118,10,0,0
BRDA:118,10,1,0
BRDA:150,11,0,0
BRDA:150,11,1,0
BRDA:158,12,0,0
BRDA:158,12,1,0
BRDA:166,13,0,0
BRDA:166,13,1,0
BRDA:167,14,0,0
BRDA:167,14,1,0
BRDA:167,15,0,0
BRDA:167,15,1,0
BRDA:176,16,0,0
BRDA:176,16,1,0
BRDA:180,17,0,0
BRDA:180,17,1,0
BRDA:211,18,0,0
BRDA:211,18,1,0
BRDA:219,19,0,0
BRDA:219,19,1,0
BRDA:249,20,0,0
BRDA:249,21,0,0
BRDA:249,22,0,0
BRDA:251,23,0,0
BRDA:251,23,1,0
BRDA:252,24,0,0
BRDA:252,24,1,0
BRDA:286,25,0,0
BRDA:286,26,0,0
BRDA:288,27,0,0
BRDA:288,27,1,0
BRDA:289,28,0,0
BRDA:289,28,1,0
BRDA:331,29,0,0
BRDA:331,29,1,0
BRDA:346,30,0,0
BRDA:346,30,1,0
BRF:58
BRH:0
end_of_record
TN:
SF:routes\upload.js
FN:18,saveToGridFS
FN:19,(anonymous_1)
FN:23,(anonymous_2)
FN:28,(anonymous_3)
FN:29,(anonymous_4)
FN:77,(anonymous_5)
FN:81,(anonymous_6)
FNF:7
FNH:4
FNDA:0,saveToGridFS
FNDA:0,(anonymous_1)
FNDA:0,(anonymous_2)
FNDA:21,(anonymous_3)
FNDA:21,(anonymous_4)
FNDA:1,(anonymous_5)
FNDA:4,(anonymous_6)
DA:7,2
DA:8,2
DA:9,2
DA:10,2
DA:11,2
DA:12,2
DA:13,2
DA:14,2
DA:16,2
DA:19,0
DA:20,0
DA:21,0
DA:22,0
DA:23,0
DA:24,0
DA:28,2
DA:29,21
DA:30,21
DA:31,21
DA:32,5
DA:33,5
DA:34,1
DA:35,4
DA:36,4
DA:37,0
DA:39,16
DA:40,1
DA:43,15
DA:44,15
DA:48,0
DA:50,15
DA:51,15
DA:54,0
DA:55,0
DA:56,0
DA:57,0
DA:59,0
DA:61,0
DA:71,0
DA:72,0
DA:77,2
DA:78,1
DA:81,2
DA:82,4
DA:83,4
DA:84,4
DA:85,3
DA:86,1
DA:87,0
DA:88,0
DA:90,1
DA:91,1
DA:92,1
DA:93,0
DA:97,2
LF:55
LH:36
BRDA:31,0,0,5
BRDA:31,0,1,16
BRDA:33,1,0,1
BRDA:33,1,1,4
BRDA:35,2,0,4
BRDA:35,2,1,0
BRDA:39,3,0,1
BRDA:39,3,1,15
BRDA:84,4,0,3
BRDA:84,4,1,1
BRDA:91,5,0,1
BRDA:91,5,1,0
BRDA:91,6,0,1
BRDA:91,6,1,1
BRF:14
BRH:12
end_of_record
TN:
SF:routes\webhooks.js
FN:23,(anonymous_0)
FN:86,handlePaymentSuccess
FN:124,handlePaymentFailure
FN:150,handleRefund
FN:190,(anonymous_4)
FN:258,handleRazorpayPaymentAuthorized
FN:272,handleRazorpayPaymentCaptured
FN:302,handleRazorpayPaymentFailed
FN:321,handleRazorpayRefund
FNF:9
FNH:0
FNDA:0,(anonymous_0)
FNDA:0,handlePaymentSuccess
FNDA:0,handlePaymentFailure
FNDA:0,handleRefund
FNDA:0,(anonymous_4)
FNDA:0,handleRazorpayPaymentAuthorized
FNDA:0,handleRazorpayPaymentCaptured
FNDA:0,handleRazorpayPaymentFailed
FNDA:0,handleRazorpayRefund
DA:2,1
DA:3,1
DA:4,1
DA:5,1
DA:6,1
DA:9,1
DA:10,1
DA:11,0
DA:14,0
DA:23,1
DA:24,0
DA:25,0
DA:28,0
DA:29,0
DA:31,0
DA:32,0
DA:33,0
DA:38,0
DA:40,0
DA:42,0
DA:43,0
DA:47,0
DA:48,0
DA:50,0
DA:51,0
DA:52,0
DA:55,0
DA:56,0
DA:57,0
DA:60,0
DA:61,0
DA:62,0
DA:68,0
DA:69,0
DA:72,0
DA:76,0
DA:78,0
DA:79,0
DA:87,0
DA:88,0
DA:92,0
DA:93,0
DA:94,0
DA:95,0
DA:98,0
DA:99,0
DA:101,0
DA:107,0
DA:109,0
DA:114,0
DA:117,0
DA:125,0
DA:126,0
DA:130,0
DA:131,0
DA:132,0
DA:133,0
DA:135,0
DA:137,0
DA:143,0
DA:151,0
DA:153,0
DA:157,0
DA:158,0
DA:159,0
DA:160,0
DA:161,0
DA:163,0
DA:164,0
DA:166,0
DA:172,0
DA:174,0
DA:180,0
DA:190,1
DA:191,0
DA:193,0
DA:194,0
DA:195,0
DA:199,0
DA:200,0
DA:201,0
DA:202,0
DA:205,0
DA:207,0
DA:212,0
DA:213,0
DA:214,0
DA:219,0
DA:220,0
DA:222,0
DA:223,0
DA:226,0
DA:227,0
DA:229,0
DA:230,0
DA:233,0
DA:234,0
DA:237,0
DA:238,0
DA:241,0
DA:242,0
DA:245,0
DA:248,0
DA:250,0
DA:251,0
DA:259,0
DA:260,0
DA:261,0
DA:262,0
DA:265,0
DA:273,0
DA:274,0
DA:275,0
DA:276,0
DA:277,0
DA:278,0
DA:280,0
DA:281,0
DA:283,0
DA:289,0
DA:290,0
DA:292,0
DA:295,0
DA:303,0
DA:304,0
DA:305,0
DA:306,0
DA:307,0
DA:308,0
DA:310,0
DA:311,0
DA:314,0
DA:322,0
DA:323,0
DA:324,0
DA:325,0
DA:326,0
DA:328,0
DA:329,0
DA:331,0
DA:337,0
DA:338,0
DA:341,0
DA:345,1
LF:144
LH:10
BRDA:10,0,0,0
BRDA:10,0,1,1
BRDA:24,1,0,0
BRDA:24,1,1,0
BRDA:31,2,0,0
BRDA:31,2,1,0
BRDA:48,3,0,0
BRDA:48,3,1,0
BRDA:48,3,2,0
BRDA:48,3,3,0
BRDA:48,3,4,0
BRDA:48,3,5,0
BRDA:48,3,6,0
BRDA:92,4,0,0
BRDA:92,4,1,0
BRDA:98,5,0,0
BRDA:98,5,1,0
BRDA:130,6,0,0
BRDA:130,6,1,0
BRDA:133,7,0,0
BRDA:133,7,1,0
BRDA:157,8,0,0
BRDA:157,8,1,0
BRDA:163,9,0,0
BRDA:163,9,1,0
BRDA:193,10,0,0
BRDA:193,10,1,0
BRDA:200,11,0,0
BRDA:200,11,1,0
BRDA:205,12,0,0
BRDA:205,12,1,0
BRDA:212,13,0,0
BRDA:212,13,1,0
BRDA:227,14,0,0
BRDA:227,14,1,0
BRDA:227,14,2,0
BRDA:227,14,3,0
BRDA:227,14,4,0
BRDA:261,15,0,0
BRDA:261,15,1,0
BRDA:275,16,0,0
BRDA:275,16,1,0
BRDA:280,17,0,0
BRDA:280,17,1,0
BRDA:305,18,0,0
BRDA:305,18,1,0
BRDA:308,19,0,0
BRDA:308,19,1,0
BRDA:324,20,0,0
BRDA:324,20,1,0
BRDA:328,21,0,0
BRDA:328,21,1,0
BRF:52
BRH:1
end_of_record
TN:
SF:routes\wishlist.js
FN:12,(anonymous_0)
FN:28,(anonymous_1)
FN:50,(anonymous_2)
FN:83,(anonymous_3)
FN:125,(anonymous_4)
FN:141,(anonymous_5)
FN:166,(anonymous_6)
FN:195,(anonymous_7)
FN:203,(anonymous_8)
FN:225,(anonymous_9)
FN:241,(anonymous_10)
FN:245,(anonymous_11)
FN:251,(anonymous_12)
FNF:13
FNH:7
FNDA:9,(anonymous_0)
FNDA:4,(anonymous_1)
FNDA:8,(anonymous_2)
FNDA:2,(anonymous_3)
FNDA:2,(anonymous_4)
FNDA:2,(anonymous_5)
FNDA:2,(anonymous_6)
FNDA:0,(anonymous_7)
FNDA:0,(anonymous_8)
FNDA:0,(anonymous_9)
FNDA:0,(anonymous_10)
FNDA:0,(anonymous_11)
FNDA:0,(anonymous_12)
DA:2,2
DA:3,2
DA:4,2
DA:5,2
DA:6,2
DA:12,2
DA:13,9
DA:14,9
DA:16,9
DA:19,9
DA:20,4
DA:28,5
DA:30,5
DA:37,0
DA:38,0
DA:50,2
DA:51,8
DA:52,8
DA:53,8
DA:55,8
DA:56,1
DA:63,7
DA:64,7
DA:65,1
DA:72,6
DA:74,6
DA:75,4
DA:82,6
DA:83,2
DA:86,6
DA:87,1
DA:94,5
DA:99,5
DA:102,5
DA:104,5
DA:112,0
DA:113,0
DA:125,2
DA:126,2
DA:127,2
DA:128,2
DA:130,2
DA:132,2
DA:133,0
DA:140,2
DA:141,2
DA:144,2
DA:146,2
DA:153,0
DA:154,0
DA:166,2
DA:167,2
DA:168,2
DA:170,2
DA:176,2
DA:182,0
DA:183,0
DA:195,2
DA:196,0
DA:197,0
DA:198,0
DA:200,0
DA:202,0
DA:203,0
DA:206,0
DA:212,0
DA:213,0
DA:225,2
DA:226,0
DA:227,0
DA:229,0
DA:232,0
DA:233,0
DA:240,0
DA:241,0
DA:244,0
DA:245,0
DA:248,0
DA:251,0
DA:259,0
DA:260,0
DA:268,2
LF:82
LH:51
BRDA:19,0,0,4
BRDA:19,0,1,5
BRDA:55,1,0,1
BRDA:55,1,1,7
BRDA:64,2,0,1
BRDA:64,2,1,6
BRDA:74,3,0,4
BRDA:74,3,1,2
BRDA:86,4,0,1
BRDA:86,4,1,5
BRDA:132,5,0,0
BRDA:132,5,1,2
BRDA:202,6,0,0
BRDA:202,6,1,0
BRDA:232,7,0,0
BRDA:232,7,1,0
BRDA:232,8,0,0
BRDA:232,8,1,0
BRDA:241,9,0,0
BRDA:241,9,1,0
BRDA:245,10,0,0
BRDA:245,10,1,0
BRF:22
BRH:11
end_of_record
TN:
SF:utils\adminNotification.js
FN:9,getAdminContacts
FN:27,getPrimaryAdminContact
FN:47,formatOutOfStockNotification
FN:95,checkProductStockAndNotify
FN:160,getAllOutOfStockNotifications
FN:183,(anonymous_5)
FN:193,(anonymous_6)
FNF:7
FNH:0
FNDA:0,getAdminContacts
FNDA:0,getPrimaryAdminContact
FNDA:0,formatOutOfStockNotification
FNDA:0,checkProductStockAndNotify
FNDA:0,getAllOutOfStockNotifications
FNDA:0,(anonymous_5)
FNDA:0,(anonymous_6)
DA:2,1
DA:3,1
DA:10,0
DA:11,0
DA:16,0
DA:18,0
DA:19,0
DA:28,0
DA:29,0
DA:34,0
DA:36,0
DA:37,0
DA:48,0
DA:75,0
DA:96,0
DA:98,0
DA:100,0
DA:101,0
DA:109,0
DA:110,0
DA:119,0
DA:121,0
DA:122,0
DA:137,0
DA:139,0
DA:147,0
DA:148,0
DA:161,0
DA:163,0
DA:167,0
DA:168,0
DA:176,0
DA:178,0
DA:179,0
DA:183,0
DA:193,0
DA:194,0
DA:197,0
DA:207,0
DA:208,0
DA:216,1
LF:41
LH:3
BRDA:56,0,0,0
BRDA:56,0,1,0
BRDA:100,1,0,0
BRDA:100,1,1,0
BRDA:109,2,0,0
BRDA:109,2,1,0
BRDA:109,3,0,0
BRDA:109,3,1,0
BRDA:121,4,0,0
BRDA:121,4,1,0
BRDA:167,5,0,0
BRDA:167,5,1,0
BRDA:178,6,0,0
BRDA:178,6,1,0
BRF:14
BRH:0
end_of_record
TN:
SF:utils\auditLogger.js
FN:13,logAuditEvent
FN:38,getClientIP
FN:52,getRecentFailedAttempts
FN:67,checkIPRateLimit
FNF:4
FNH:2
FNDA:39,logAuditEvent
FNDA:39,getClientIP
FNDA:0,getRecentFailedAttempts
FNDA:0,checkIPRateLimit
DA:2,3
DA:14,39
DA:15,39
DA:16,39
DA:18,39
DA:27,39
DA:28,39
DA:30,0
DA:39,39
DA:53,0
DA:55,0
DA:61,0
DA:68,0
DA:69,0
DA:71,0
DA:77,0
DA:80,3
LF:17
LH:9
BRDA:15,0,0,39
BRDA:15,0,1,0
BRDA:16,1,0,39
BRDA:16,1,1,0
BRDA:24,2,0,39
BRDA:24,2,1,5
BRDA:40,3,0,39
BRDA:40,3,1,39
BRDA:40,3,2,39
BRDA:40,3,3,0
BRDA:40,3,4,0
BRDA:40,3,5,0
BRDA:52,4,0,0
BRDA:67,5,0,0
BRDA:67,6,0,0
BRF:15
BRH:7
end_of_record
TN:
SF:utils\emailDiagnostics.js
FN:18,(anonymous_0)
FN:48,(anonymous_1)
FN:61,(anonymous_2)
FN:70,(anonymous_3)
FN:100,(anonymous_4)
FN:148,(anonymous_5)
FN:149,(anonymous_6)
FN:152,(anonymous_7)
FN:157,(anonymous_8)
FN:166,(anonymous_9)
FN:176,(anonymous_10)
FN:222,(anonymous_11)
FN:297,(anonymous_12)
FN:363,(anonymous_13)
FN:388,(anonymous_14)
FN:424,(anonymous_15)
FN:427,(anonymous_16)
FN:438,(anonymous_17)
FN:444,(anonymous_18)
FN:459,(anonymous_19)
FN:474,(anonymous_20)
FNF:21
FNH:0
FNDA:0,(anonymous_0)
FNDA:0,(anonymous_1)
FNDA:0,(anonymous_2)
FNDA:0,(anonymous_3)
FNDA:0,(anonymous_4)
FNDA:0,(anonymous_5)
FNDA:0,(anonymous_6)
FNDA:0,(anonymous_7)
FNDA:0,(anonymous_8)
FNDA:0,(anonymous_9)
FNDA:0,(anonymous_10)
FNDA:0,(anonymous_11)
FNDA:0,(anonymous_12)
FNDA:0,(anonymous_13)
FNDA:0,(anonymous_14)
FNDA:0,(anonymous_15)
FNDA:0,(anonymous_16)
FNDA:0,(anonymous_17)
FNDA:0,(anonymous_18)
FNDA:0,(anonymous_19)
FNDA:0,(anonymous_20)
DA:6,0
DA:7,0
DA:8,0
DA:19,0
DA:20,0
DA:21,0
DA:23,0
DA:37,0
DA:40,0
DA:42,0
DA:49,0
DA:56,0
DA:57,0
DA:58,0
DA:61,0
DA:62,0
DA:63,0
DA:64,0
DA:65,0
DA:70,0
DA:71,0
DA:72,0
DA:76,0
DA:77,0
DA:78,0
DA:79,0
DA:84,0
DA:85,0
DA:88,0
DA:90,0
DA:91,0
DA:94,0
DA:101,0
DA:108,0
DA:109,0
DA:110,0
DA:123,0
DA:124,0
DA:125,0
DA:126,0
DA:129,0
DA:130,0
DA:132,0
DA:133,0
DA:136,0
DA:138,0
DA:139,0
DA:142,0
DA:149,0
DA:150,0
DA:152,0
DA:153,0
DA:154,0
DA:157,0
DA:158,0
DA:159,0
DA:162,0
DA:163,0
DA:164,0
DA:166,0
DA:167,0
DA:168,0
DA:177,0
DA:184,0
DA:185,0
DA:186,0
DA:191,0
DA:194,0
DA:195,0
DA:196,0
DA:199,0
DA:200,0
DA:201,0
DA:202,0
DA:203,0
DA:205,0
DA:209,0
DA:211,0
DA:212,0
DA:213,0
DA:216,0
DA:223,0
DA:230,0
DA:231,0
DA:232,0
DA:233,0
DA:234,0
DA:237,0
DA:238,0
DA:239,0
DA:241,0
DA:256,0
DA:264,0
DA:266,0
DA:267,0
DA:268,0
DA:269,0
DA:271,0
DA:272,0
DA:275,0
DA:276,0
DA:277,0
DA:278,0
DA:279,0
DA:280,0
DA:281,0
DA:283,0
DA:287,0
DA:288,0
DA:291,0
DA:298,0
DA:305,0
DA:306,0
DA:307,0
DA:308,0
DA:309,0
DA:312,0
DA:313,0
DA:315,0
DA:328,0
DA:330,0
DA:345,0
DA:347,0
DA:348,0
DA:349,0
DA:350,0
DA:352,0
DA:353,0
DA:354,0
DA:357,0
DA:364,0
DA:367,0
DA:368,0
DA:377,0
DA:378,0
DA:387,0
DA:388,0
DA:389,0
DA:399,0
DA:400,0
DA:409,0
DA:410,0
DA:418,0
DA:425,0
DA:427,0
DA:428,0
DA:430,0
DA:435,0
DA:437,0
DA:438,0
DA:439,0
DA:443,0
DA:444,0
DA:445,0
DA:449,0
DA:450,0
DA:453,0
DA:457,0
DA:458,0
DA:459,0
DA:460,0
DA:462,0
DA:463,0
DA:464,0
DA:468,0
DA:475,0
DA:476,0
DA:477,0
DA:479,0
DA:489,0
DA:498,0
LF:171
LH:0
BRDA:25,0,0,0
BRDA:25,0,1,0
BRDA:63,1,0,0
BRDA:63,1,1,0
BRDA:64,2,0,0
BRDA:64,2,1,0
BRDA:72,3,0,0
BRDA:72,3,1,0
BRDA:76,4,0,0
BRDA:76,4,1,0
BRDA:78,5,0,0
BRDA:78,5,1,0
BRDA:84,6,0,0
BRDA:84,6,1,0
BRDA:84,7,0,0
BRDA:84,7,1,0
BRDA:88,8,0,0
BRDA:88,8,1,0
BRDA:109,9,0,0
BRDA:109,9,1,0
BRDA:113,10,0,0
BRDA:113,10,1,0
BRDA:118,11,0,0
BRDA:118,11,1,0
BRDA:119,12,0,0
BRDA:119,12,1,0
BRDA:123,13,0,0
BRDA:123,13,1,0
BRDA:130,14,0,0
BRDA:130,14,1,0
BRDA:132,15,0,0
BRDA:132,15,1,0
BRDA:136,16,0,0
BRDA:136,16,1,0
BRDA:148,17,0,0
BRDA:185,18,0,0
BRDA:185,18,1,0
BRDA:186,19,0,0
BRDA:186,19,1,0
BRDA:187,20,0,0
BRDA:187,20,1,0
BRDA:188,21,0,0
BRDA:188,21,1,0
BRDA:189,22,0,0
BRDA:189,22,1,0
BRDA:199,23,0,0
BRDA:199,23,1,0
BRDA:209,24,0,0
BRDA:209,24,1,0
BRDA:231,25,0,0
BRDA:231,25,1,0
BRDA:231,26,0,0
BRDA:231,26,1,0
BRDA:237,27,0,0
BRDA:237,27,1,0
BRDA:238,28,0,0
BRDA:238,28,1,0
BRDA:239,29,0,0
BRDA:239,29,1,0
BRDA:242,30,0,0
BRDA:242,30,1,0
BRDA:243,31,0,0
BRDA:243,31,1,0
BRDA:244,32,0,0
BRDA:244,32,1,0
BRDA:245,33,0,0
BRDA:245,33,1,0
BRDA:247,34,0,0
BRDA:247,34,1,0
BRDA:275,35,0,0
BRDA:275,35,1,0
BRDA:278,36,0,0
BRDA:278,36,1,0
BRDA:280,37,0,0
BRDA:280,37,1,0
BRDA:297,38,0,0
BRDA:306,39,0,0
BRDA:306,39,1,0
BRDA:306,40,0,0
BRDA:306,40,1,0
BRDA:312,41,0,0
BRDA:312,41,1,0
BRDA:313,42,0,0
BRDA:313,42,1,0
BRDA:316,43,0,0
BRDA:316,43,1,0
BRDA:317,44,0,0
BRDA:317,44,1,0
BRDA:318,45,0,0
BRDA:318,45,1,0
BRDA:319,46,0,0
BRDA:319,46,1,0
BRDA:319,47,0,0
BRDA:319,47,1,0
BRDA:320,48,0,0
BRDA:320,48,1,0
BRDA:338,49,0,0
BRDA:338,49,1,0
BRDA:367,50,0,0
BRDA:367,50,1,0
BRDA:377,51,0,0
BRDA:377,51,1,0
BRDA:387,52,0,0
BRDA:387,52,1,0
BRDA:388,53,0,0
BRDA:388,53,1,0
BRDA:399,54,0,0
BRDA:399,54,1,0
BRDA:409,55,0,0
BRDA:409,55,1,0
BRDA:428,56,0,0
BRDA:428,56,1,0
BRDA:430,57,0,0
BRDA:430,57,1,0
BRDA:431,58,0,0
BRDA:431,58,1,0
BRDA:432,59,0,0
BRDA:432,59,1,0
BRDA:433,60,0,0
BRDA:433,60,1,0
BRDA:437,61,0,0
BRDA:437,61,1,0
BRDA:437,62,0,0
BRDA:437,62,1,0
BRDA:443,63,0,0
BRDA:443,63,1,0
BRDA:443,64,0,0
BRDA:443,64,1,0
BRDA:449,65,0,0
BRDA:449,65,1,0
BRDA:457,66,0,0
BRDA:457,66,1,0
BRDA:460,67,0,0
BRDA:460,67,1,0
BRDA:461,68,0,0
BRDA:461,68,1,0
BRDA:480,69,0,0
BRDA:480,69,1,0
BRDA:481,70,0,0
BRDA:481,70,1,0
BRF:140
BRH:0
end_of_record
TN:
SF:utils\inventoryManager.js
FN:8,logInventoryChange
FN:33,reserveStock
FN:69,confirmStockDeduction
FN:111,restoreStock
FN:166,checkStockAvailability
FN:199,getInventoryStats
FN:254,getLowStockProducts
FN:266,getOutOfStockProducts
FNF:8
FNH:0
FNDA:0,logInventoryChange
FNDA:0,reserveStock
FNDA:0,confirmStockDeduction
FNDA:0,restoreStock
FNDA:0,checkStockAvailability
FNDA:0,getInventoryStats
FNDA:0,getLowStockProducts
FNDA:0,getOutOfStockProducts
DA:2,1
DA:3,1
DA:9,0
DA:10,0
DA:22,0
DA:23,0
DA:25,0
DA:26,0
DA:34,0
DA:36,0
DA:37,0
DA:40,0
DA:41,0
DA:44,0
DA:47,0
DA:48,0
DA:49,0
DA:52,0
DA:63,0
DA:70,0
DA:72,0
DA:73,0
DA:75,0
DA:76,0
DA:77,0
DA:81,0
DA:96,0
DA:105,0
DA:112,0
DA:114,0
DA:115,0
DA:117,0
DA:118,0
DA:119,0
DA:125,0
DA:128,0
DA:131,0
DA:132,0
DA:133,0
DA:136,0
DA:151,0
DA:160,0
DA:167,0
DA:169,0
DA:170,0
DA:172,0
DA:173,0
DA:178,0
DA:181,0
DA:183,0
DA:193,0
DA:200,0
DA:202,0
DA:244,0
DA:245,0
DA:248,0
DA:255,0
DA:260,0
DA:267,0
DA:272,0
DA:275,1
LF:61
LH:3
BRDA:11,0,0,0
BRDA:11,0,1,0
BRDA:12,1,0,0
BRDA:12,1,1,0
BRDA:17,2,0,0
BRDA:17,2,1,0
BRDA:19,3,0,0
BRDA:19,3,1,0
BRDA:36,4,0,0
BRDA:36,4,1,0
BRDA:40,5,0,0
BRDA:40,5,1,0
BRDA:75,6,0,0
BRDA:75,6,1,0
BRDA:117,7,0,0
BRDA:117,7,1,0
BRDA:144,8,0,0
BRDA:144,8,1,0
BRDA:172,9,0,0
BRDA:172,9,1,0
BRDA:181,10,0,0
BRDA:181,10,1,0
BRDA:189,11,0,0
BRDA:189,11,1,0
BRDA:199,12,0,0
BRDA:200,13,0,0
BRDA:200,13,1,0
BRDA:244,14,0,0
BRDA:244,14,1,0
BRDA:245,15,0,0
BRDA:245,15,1,0
BRDA:254,16,0,0
BRF:32
BRH:0
end_of_record
