TN:
SF:config\cloudinary.js
FN:18,(anonymous_0)
FN:56,(anonymous_1)
FN:78,(anonymous_2)
FN:94,(anonymous_3)
FNF:4
FNH:0
FNDA:0,(anonymous_0)
FNDA:0,(anonymous_1)
FNDA:0,(anonymous_2)
FNDA:0,(anonymous_3)
DA:2,0
DA:5,0
DA:18,0
DA:19,0
DA:20,0
DA:34,0
DA:43,0
DA:44,0
DA:56,0
DA:57,0
DA:58,0
DA:59,0
DA:64,0
DA:65,0
DA:78,0
DA:79,0
DA:94,0
DA:95,0
DA:104,0
LF:19
LH:0
BRDA:18,0,0,0
BRDA:21,1,0,0
BRDA:21,1,1,0
BRDA:24,2,0,0
BRDA:24,2,1,0
BRDA:25,3,0,0
BRDA:25,3,1,0
BRDA:78,4,0,0
BRDA:80,5,0,0
BRDA:80,5,1,0
BRDA:81,6,0,0
BRDA:81,6,1,0
BRDA:82,7,0,0
BRDA:82,7,1,0
BRDA:83,8,0,0
BRDA:83,8,1,0
BRF:16
BRH:0
end_of_record
TN:
SF:config\db.js
FN:6,(anonymous_0)
FN:17,(anonymous_1)
FN:19,(anonymous_2)
FN:22,(anonymous_3)
FN:38,(anonymous_4)
FNF:5
FNH:0
FNDA:0,(anonymous_0)
FNDA:0,(anonymous_1)
FNDA:0,(anonymous_2)
FNDA:0,(anonymous_3)
FNDA:0,(anonymous_4)
DA:1,0
DA:3,0
DA:4,0
DA:6,0
DA:7,0
DA:8,0
DA:14,0
DA:17,0
DA:18,0
DA:19,0
DA:22,0
DA:23,0
DA:27,0
DA:29,0
DA:30,0
DA:32,0
DA:33,0
DA:36,0
DA:37,0
DA:38,0
DA:39,0
DA:42,0
DA:43,0
DA:48,0
LF:24
LH:0
BRDA:6,0,0,0
BRDA:29,1,0,0
BRDA:29,1,1,0
BRDA:29,2,0,0
BRDA:29,2,1,0
BRDA:32,3,0,0
BRDA:32,3,1,0
BRDA:32,4,0,0
BRDA:32,4,1,0
BRDA:36,5,0,0
BRDA:36,5,1,0
BRF:11
BRH:0
end_of_record
TN:
SF:config\gridfs.js
FN:17,(anonymous_0)
FN:28,(anonymous_1)
FN:29,(anonymous_2)
FNF:3
FNH:0
FNDA:0,(anonymous_0)
FNDA:0,(anonymous_1)
FNDA:0,(anonymous_2)
DA:9,0
DA:11,0
DA:17,0
DA:18,0
DA:19,0
DA:20,0
DA:21,0
DA:23,0
DA:28,0
DA:29,0
DA:31,0
LF:11
LH:0
BRDA:18,0,0,0
BRDA:18,0,1,0
BRDA:20,1,0,0
BRDA:20,1,1,0
BRF:4
BRH:0
end_of_record
TN:
SF:config\logger.js
FN:17,(anonymous_0)
FN:69,(anonymous_1)
FN:75,(anonymous_2)
FN:86,(anonymous_3)
FNF:4
FNH:0
FNDA:0,(anonymous_0)
FNDA:0,(anonymous_1)
FNDA:0,(anonymous_2)
FNDA:0,(anonymous_3)
DA:2,0
DA:3,0
DA:6,0
DA:14,0
DA:18,0
DA:19,0
DA:20,0
DA:22,0
DA:27,0
DA:61,0
DA:62,0
DA:68,0
DA:70,0
DA:75,0
DA:76,0
DA:86,0
DA:87,0
DA:96,0
DA:99,0
LF:19
LH:0
BRDA:19,0,0,0
BRDA:19,0,1,0
BRDA:28,1,0,0
BRDA:28,1,1,0
BRDA:28,2,0,0
BRDA:28,2,1,0
BRDA:61,3,0,0
BRDA:61,3,1,0
BRDA:86,4,0,0
BRDA:90,5,0,0
BRDA:90,5,1,0
BRF:11
BRH:0
end_of_record
TN:
SF:config\redis.js
FN:7,(anonymous_0)
FN:12,(anonymous_1)
FN:23,(anonymous_2)
FN:27,(anonymous_3)
FN:32,(anonymous_4)
FN:45,(anonymous_5)
FN:46,(anonymous_6)
FN:73,(anonymous_7)
FN:76,(anonymous_8)
FN:91,(anonymous_9)
FN:111,(anonymous_10)
FN:136,(anonymous_11)
FN:137,(anonymous_12)
FNF:13
FNH:0
FNDA:0,(anonymous_0)
FNDA:0,(anonymous_1)
FNDA:0,(anonymous_2)
FNDA:0,(anonymous_3)
FNDA:0,(anonymous_4)
FNDA:0,(anonymous_5)
FNDA:0,(anonymous_6)
FNDA:0,(anonymous_7)
FNDA:0,(anonymous_8)
FNDA:0,(anonymous_9)
FNDA:0,(anonymous_10)
FNDA:0,(anonymous_11)
FNDA:0,(anonymous_12)
DA:2,0
DA:4,0
DA:5,0
DA:7,0
DA:8,0
DA:9,0
DA:14,0
DA:15,0
DA:17,0
DA:23,0
DA:24,0
DA:27,0
DA:28,0
DA:29,0
DA:32,0
DA:33,0
DA:36,0
DA:37,0
DA:40,0
DA:45,0
DA:46,0
DA:48,0
DA:49,0
DA:53,0
DA:54,0
DA:57,0
DA:59,0
DA:60,0
DA:62,0
DA:63,0
DA:64,0
DA:67,0
DA:70,0
DA:73,0
DA:75,0
DA:76,0
DA:79,0
DA:82,0
DA:84,0
DA:85,0
DA:91,0
DA:92,0
DA:93,0
DA:96,0
DA:97,0
DA:98,0
DA:99,0
DA:100,0
DA:101,0
DA:103,0
DA:105,0
DA:106,0
DA:111,0
DA:112,0
DA:113,0
DA:116,0
DA:117,0
DA:118,0
DA:120,0
DA:126,0
DA:127,0
DA:131,0
DA:136,0
DA:137,0
LF:64
LH:0
BRDA:10,0,0,0
BRDA:10,0,1,0
BRDA:14,1,0,0
BRDA:14,1,1,0
BRDA:45,2,0,0
BRDA:48,3,0,0
BRDA:48,3,1,0
BRDA:48,4,0,0
BRDA:48,4,1,0
BRDA:53,5,0,0
BRDA:53,5,1,0
BRDA:62,6,0,0
BRDA:62,6,1,0
BRDA:91,7,0,0
BRDA:92,8,0,0
BRDA:92,8,1,0
BRDA:92,9,0,0
BRDA:92,9,1,0
BRDA:98,10,0,0
BRDA:98,10,1,0
BRDA:112,11,0,0
BRDA:112,11,1,0
BRDA:112,12,0,0
BRDA:112,12,1,0
BRF:24
BRH:0
end_of_record
TN:
SF:config\upload.js
FN:15,(anonymous_0)
FNF:1
FNH:0
FNDA:0,(anonymous_0)
DA:2,0
DA:3,0
DA:12,0
DA:15,0
DA:17,0
DA:18,0
DA:21,0
DA:29,0
DA:35,0
DA:36,0
DA:38,0
DA:43,0
DA:52,0
LF:13
LH:0
BRDA:35,0,0,0
BRDA:35,0,1,0
BRDA:35,1,0,0
BRDA:35,1,1,0
BRF:4
BRH:0
end_of_record
TN:
SF:middleware\auth.js
FN:9,(anonymous_0)
FN:44,(anonymous_1)
FNF:2
FNH:0
FNDA:0,(anonymous_0)
FNDA:0,(anonymous_1)
DA:2,1
DA:9,1
DA:10,0
DA:12,0
DA:14,0
DA:15,0
DA:19,0
DA:22,0
DA:25,0
DA:28,0
DA:30,0
DA:32,0
DA:33,0
DA:36,0
DA:44,1
DA:45,0
DA:47,0
DA:49,0
DA:50,0
DA:53,0
DA:54,0
DA:57,0
DA:58,0
DA:63,0
DA:64,0
DA:65,0
DA:67,0
DA:68,0
DA:69,0
DA:71,0
DA:75,1
DA:76,1
DA:77,1
LF:33
LH:6
BRDA:14,0,0,0
BRDA:14,0,1,0
BRDA:14,1,0,0
BRDA:14,1,1,0
BRDA:32,2,0,0
BRDA:32,2,1,0
BRDA:49,3,0,0
BRDA:49,3,1,0
BRDA:49,4,0,0
BRDA:49,4,1,0
BRDA:57,5,0,0
BRDA:57,5,1,0
BRDA:68,6,0,0
BRDA:68,6,1,0
BRF:14
BRH:0
end_of_record
TN:
SF:middleware\errorHandler.js
FN:3,(anonymous_0)
FN:13,(anonymous_1)
FNF:2
FNH:0
FNDA:0,(anonymous_0)
FNDA:0,(anonymous_1)
DA:4,0
DA:5,0
DA:6,0
DA:7,0
DA:9,0
DA:13,0
DA:14,0
DA:15,0
DA:17,0
DA:18,0
DA:27,0
DA:28,0
DA:35,0
DA:36,0
DA:45,0
LF:15
LH:0
BRDA:6,0,0,0
BRDA:6,0,1,0
BRDA:14,1,0,0
BRDA:14,1,1,0
BRDA:15,2,0,0
BRDA:15,2,1,0
BRDA:17,3,0,0
BRDA:17,3,1,0
BRDA:27,4,0,0
BRDA:27,4,1,0
BRF:10
BRH:0
end_of_record
TN:
SF:middleware\rateLimiter.js
FNF:0
FNH:0
DA:2,1
DA:5,1
DA:14,1
DA:24,1
DA:33,1
DA:42,1
DA:50,1
LF:7
LH:7
BRF:0
BRH:0
end_of_record
TN:
SF:middleware\validators.js
FN:5,(anonymous_0)
FN:11,(anonymous_1)
FN:115,(anonymous_2)
FNF:3
FNH:0
FNDA:0,(anonymous_0)
FNDA:0,(anonymous_1)
FNDA:0,(anonymous_2)
DA:2,0
DA:5,0
DA:6,0
DA:7,0
DA:8,0
DA:11,0
DA:18,0
DA:22,0
DA:54,0
DA:69,0
DA:86,0
DA:116,0
DA:117,0
DA:119,0
DA:126,0
DA:173,0
DA:183,0
DA:193,0
DA:209,0
LF:19
LH:0
BRDA:7,0,0,0
BRDA:7,0,1,0
BRDA:116,1,0,0
BRDA:116,1,1,0
BRDA:116,2,0,0
BRDA:116,2,1,0
BRF:6
BRH:0
end_of_record
TN:
SF:models\auditLog.js
FNF:0
FNH:0
DA:2,1
DA:4,1
DA:45,1
DA:46,1
DA:47,1
DA:49,1
LF:6
LH:6
BRF:0
BRH:0
end_of_record
TN:
SF:models\cart.js
FN:35,(anonymous_0)
FNF:1
FNH:0
FNDA:0,(anonymous_0)
DA:2,0
DA:4,0
DA:18,0
DA:35,0
DA:36,0
DA:37,0
DA:42,0
LF:7
LH:0
BRF:0
BRH:0
end_of_record
TN:
SF:models\chatbotConfig.js
FN:480,(anonymous_0)
FN:484,(anonymous_1)
FN:488,(anonymous_2)
FN:491,(anonymous_3)
FN:495,(anonymous_4)
FNF:5
FNH:0
FNDA:0,(anonymous_0)
FNDA:0,(anonymous_1)
FNDA:0,(anonymous_2)
FNDA:0,(anonymous_3)
FNDA:0,(anonymous_4)
DA:1,0
DA:3,0
DA:477,0
DA:480,0
DA:481,0
DA:484,0
DA:485,0
DA:486,0
DA:488,0
DA:491,0
DA:492,0
DA:493,0
DA:495,0
DA:498,0
LF:14
LH:0
BRDA:480,0,0,0
BRDA:486,1,0,0
BRDA:486,1,1,0
BRDA:488,2,0,0
BRDA:488,2,1,0
BRDA:493,3,0,0
BRDA:493,3,1,0
BRDA:495,4,0,0
BRDA:495,4,1,0
BRF:9
BRH:0
end_of_record
TN:
SF:models\conversation.js
FN:219,(anonymous_0)
FN:227,(anonymous_1)
FN:250,(anonymous_2)
FN:265,(anonymous_3)
FN:279,(anonymous_4)
FN:281,(anonymous_5)
FN:282,(anonymous_6)
FN:285,(anonymous_7)
FN:291,(anonymous_8)
FN:300,(anonymous_9)
FN:309,(anonymous_10)
FN:315,(anonymous_11)
FN:325,(anonymous_12)
FN:332,(anonymous_13)
FN:333,(anonymous_14)
FN:347,(anonymous_15)
FNF:16
FNH:0
FNDA:0,(anonymous_0)
FNDA:0,(anonymous_1)
FNDA:0,(anonymous_2)
FNDA:0,(anonymous_3)
FNDA:0,(anonymous_4)
FNDA:0,(anonymous_5)
FNDA:0,(anonymous_6)
FNDA:0,(anonymous_7)
FNDA:0,(anonymous_8)
FNDA:0,(anonymous_9)
FNDA:0,(anonymous_10)
FNDA:0,(anonymous_11)
FNDA:0,(anonymous_12)
FNDA:0,(anonymous_13)
FNDA:0,(anonymous_14)
FNDA:0,(anonymous_15)
DA:1,0
DA:3,0
DA:208,0
DA:209,0
DA:210,0
DA:211,0
DA:212,0
DA:213,0
DA:216,0
DA:219,0
DA:220,0
DA:221,0
DA:223,0
DA:227,0
DA:228,0
DA:236,0
DA:237,0
DA:239,0
DA:240,0
DA:241,0
DA:242,0
DA:245,0
DA:247,0
DA:250,0
DA:251,0
DA:252,0
DA:253,0
DA:255,0
DA:256,0
DA:258,0
DA:259,0
DA:262,0
DA:265,0
DA:266,0
DA:267,0
DA:268,0
DA:269,0
DA:271,0
DA:272,0
DA:274,0
DA:275,0
DA:279,0
DA:280,0
DA:281,0
DA:282,0
DA:284,0
DA:285,0
DA:288,0
DA:291,0
DA:293,0
DA:294,0
DA:295,0
DA:296,0
DA:297,0
DA:300,0
DA:302,0
DA:309,0
DA:310,0
DA:315,0
DA:316,0
DA:318,0
DA:319,0
DA:322,0
DA:325,0
DA:326,0
DA:330,0
DA:332,0
DA:333,0
DA:343,0
DA:344,0
DA:345,0
DA:347,0
DA:348,0
DA:350,0
DA:351,0
DA:354,0
DA:355,0
DA:356,0
DA:360,0
DA:364,0
DA:365,0
DA:370,0
DA:374,0
DA:378,0
DA:382,0
DA:386,0
DA:389,0
LF:87
LH:0
BRDA:220,0,0,0
BRDA:220,0,1,0
BRDA:220,1,0,0
BRDA:220,1,1,0
BRDA:227,2,0,0
BRDA:239,3,0,0
BRDA:239,3,1,0
BRDA:241,4,0,0
BRDA:241,4,1,0
BRDA:250,5,0,0
BRDA:255,6,0,0
BRDA:255,6,1,0
BRDA:258,7,0,0
BRDA:258,7,1,0
BRDA:265,8,0,0
BRDA:265,9,0,0
BRDA:271,10,0,0
BRDA:271,10,1,0
BRDA:274,11,0,0
BRDA:274,11,1,0
BRDA:281,12,0,0
BRDA:281,12,1,0
BRDA:284,13,0,0
BRDA:284,13,1,0
BRDA:309,14,0,0
BRDA:315,15,0,0
BRDA:318,16,0,0
BRDA:318,16,1,0
BRDA:350,17,0,0
BRDA:350,17,1,0
BRDA:354,18,0,0
BRDA:354,18,1,0
BRDA:361,19,0,0
BRDA:361,19,1,0
BRDA:364,20,0,0
BRDA:364,20,1,0
BRDA:366,21,0,0
BRDA:366,21,1,0
BRDA:370,22,0,0
BRDA:370,22,1,0
BRDA:374,23,0,0
BRDA:374,23,1,0
BRDA:378,24,0,0
BRDA:378,24,1,0
BRDA:382,25,0,0
BRDA:382,25,1,0
BRF:46
BRH:0
end_of_record
TN:
SF:models\inventoryLog.js
FNF:0
FNH:0
DA:2,0
DA:4,0
DA:57,0
DA:58,0
DA:59,0
DA:61,0
LF:6
LH:0
BRF:0
BRH:0
end_of_record
TN:
SF:models\order.js
FNF:0
FNH:0
DA:2,0
DA:4,0
DA:20,0
DA:116,0
DA:117,0
DA:119,0
LF:6
LH:0
BRF:0
BRH:0
end_of_record
TN:
SF:models\product.js
FN:104,(anonymous_0)
FN:109,(anonymous_1)
FNF:2
FNH:0
FNDA:0,(anonymous_0)
FNDA:0,(anonymous_1)
DA:2,0
DA:4,0
DA:95,0
DA:96,0
DA:97,0
DA:98,0
DA:99,0
DA:100,0
DA:101,0
DA:104,0
DA:105,0
DA:109,0
DA:110,0
DA:111,0
DA:112,0
DA:116,0
LF:16
LH:0
BRDA:111,0,0,0
BRDA:111,0,1,0
BRF:2
BRH:0
end_of_record
TN:
SF:models\review.js
FNF:0
FNH:0
DA:2,0
DA:4,0
DA:47,0
DA:50,0
DA:51,0
DA:53,0
LF:6
LH:0
BRF:0
BRH:0
end_of_record
TN:
SF:models\user.js
FN:31,(anonymous_0)
FN:39,(anonymous_1)
FNF:2
FNH:1
FNDA:18,(anonymous_0)
FNDA:0,(anonymous_1)
DA:2,1
DA:3,1
DA:5,1
DA:31,1
DA:32,18
DA:34,8
DA:35,8
DA:39,1
DA:40,0
DA:43,1
LF:10
LH:9
BRDA:32,0,0,10
BRDA:32,0,1,8
BRF:2
BRH:2
end_of_record
TN:
SF:models\wishlist.js
FNF:0
FNH:0
DA:2,0
DA:4,0
DA:16,0
DA:29,0
DA:31,0
LF:5
LH:0
BRF:0
BRH:0
end_of_record
TN:
SF:routes\adminManagement.js
FN:13,(anonymous_0)
FN:305,(anonymous_1)
FNF:2
FNH:0
FNDA:0,(anonymous_0)
FNDA:0,(anonymous_1)
DA:2,0
DA:3,0
DA:4,0
DA:5,0
DA:6,0
DA:13,0
DA:14,0
DA:15,0
DA:16,0
DA:18,0
DA:31,0
DA:32,0
DA:39,0
DA:40,0
DA:41,0
DA:42,0
DA:43,0
DA:44,0
DA:47,0
DA:48,0
DA:58,0
DA:60,0
DA:61,0
DA:71,0
DA:73,0
DA:74,0
DA:84,0
DA:86,0
DA:87,0
DA:88,0
DA:91,0
DA:93,0
DA:94,0
DA:101,0
DA:106,0
DA:107,0
DA:119,0
DA:121,0
DA:122,0
DA:123,0
DA:126,0
DA:127,0
DA:134,0
DA:136,0
DA:137,0
DA:144,0
DA:149,0
DA:150,0
DA:162,0
DA:164,0
DA:165,0
DA:172,0
DA:173,0
DA:180,0
DA:181,0
DA:182,0
DA:183,0
DA:185,0
DA:186,0
DA:193,0
DA:194,0
DA:202,0
DA:204,0
DA:205,0
DA:206,0
DA:210,0
DA:212,0
DA:213,0
DA:220,0
DA:221,0
DA:222,0
DA:231,0
DA:232,0
DA:242,0
DA:245,0
DA:246,0
DA:250,0
DA:251,0
DA:255,0
DA:256,0
DA:260,0
DA:261,0
DA:265,0
DA:266,0
DA:272,0
DA:273,0
DA:274,0
DA:275,0
DA:276,0
DA:278,0
DA:291,0
DA:292,0
DA:305,0
DA:306,0
DA:307,0
DA:309,0
DA:310,0
DA:316,0
DA:330,0
DA:331,0
DA:338,0
LF:101
LH:0
BRDA:21,0,0,0
BRDA:21,0,1,0
BRDA:22,1,0,0
BRDA:22,1,1,0
BRDA:23,2,0,0
BRDA:23,2,1,0
BRDA:31,3,0,0
BRDA:31,3,1,0
BRDA:31,4,0,0
BRDA:31,4,1,0
BRDA:40,5,0,0
BRDA:40,5,1,0
BRDA:41,6,0,0
BRDA:41,6,1,0
BRDA:42,7,0,0
BRDA:42,7,1,0
BRDA:43,8,0,0
BRDA:43,8,1,0
BRDA:44,9,0,0
BRDA:44,9,1,0
BRDA:47,10,0,0
BRDA:47,10,1,0
BRDA:47,11,0,0
BRDA:47,11,1,0
BRDA:47,11,2,0
BRDA:47,11,3,0
BRDA:60,12,0,0
BRDA:60,12,1,0
BRDA:73,13,0,0
BRDA:73,13,1,0
BRDA:84,14,0,0
BRDA:84,14,1,0
BRDA:86,15,0,0
BRDA:86,15,1,0
BRDA:93,16,0,0
BRDA:93,16,1,0
BRDA:106,17,0,0
BRDA:106,17,1,0
BRDA:119,18,0,0
BRDA:119,18,1,0
BRDA:121,19,0,0
BRDA:121,19,1,0
BRDA:126,20,0,0
BRDA:126,20,1,0
BRDA:136,21,0,0
BRDA:136,21,1,0
BRDA:149,22,0,0
BRDA:149,22,1,0
BRDA:162,23,0,0
BRDA:162,23,1,0
BRDA:164,24,0,0
BRDA:164,24,1,0
BRDA:172,25,0,0
BRDA:172,25,1,0
BRDA:185,26,0,0
BRDA:185,26,1,0
BRDA:185,27,0,0
BRDA:185,27,1,0
BRDA:185,27,2,0
BRDA:193,28,0,0
BRDA:193,28,1,0
BRDA:202,29,0,0
BRDA:202,29,1,0
BRDA:204,30,0,0
BRDA:204,30,1,0
BRDA:212,31,0,0
BRDA:212,31,1,0
BRDA:221,32,0,0
BRDA:221,32,1,0
BRDA:231,33,0,0
BRDA:231,33,1,0
BRDA:231,34,0,0
BRDA:231,34,1,0
BRDA:231,34,2,0
BRDA:231,34,3,0
BRDA:245,35,0,0
BRDA:245,35,1,0
BRDA:250,36,0,0
BRDA:250,36,1,0
BRDA:255,37,0,0
BRDA:255,37,1,0
BRDA:260,38,0,0
BRDA:260,38,1,0
BRDA:273,39,0,0
BRDA:273,39,1,0
BRDA:274,40,0,0
BRDA:274,40,1,0
BRDA:275,41,0,0
BRDA:275,41,1,0
BRDA:276,42,0,0
BRDA:276,42,1,0
BRDA:295,43,0,0
BRDA:295,43,1,0
BRDA:309,44,0,0
BRDA:309,44,1,0
BRF:95
BRH:0
end_of_record
TN:
SF:routes\analytics.js
FN:9,(anonymous_0)
FN:42,(anonymous_1)
FN:65,(anonymous_2)
FN:98,(anonymous_3)
FN:106,(anonymous_4)
FN:125,(anonymous_5)
FN:157,(anonymous_6)
FN:158,(anonymous_7)
FN:202,(anonymous_8)
FN:220,(anonymous_9)
FN:253,(anonymous_10)
FN:257,(anonymous_11)
FN:279,(anonymous_12)
FN:297,(anonymous_13)
FN:298,(anonymous_14)
FN:318,(anonymous_15)
FN:324,(anonymous_16)
FN:346,(anonymous_17)
FN:371,(anonymous_18)
FN:377,(anonymous_19)
FN:378,(anonymous_20)
FN:379,(anonymous_21)
FN:380,(anonymous_22)
FN:384,(anonymous_23)
FN:396,(anonymous_24)
FN:400,(anonymous_25)
FN:401,(anonymous_26)
FNF:27
FNH:0
FNDA:0,(anonymous_0)
FNDA:0,(anonymous_1)
FNDA:0,(anonymous_2)
FNDA:0,(anonymous_3)
FNDA:0,(anonymous_4)
FNDA:0,(anonymous_5)
FNDA:0,(anonymous_6)
FNDA:0,(anonymous_7)
FNDA:0,(anonymous_8)
FNDA:0,(anonymous_9)
FNDA:0,(anonymous_10)
FNDA:0,(anonymous_11)
FNDA:0,(anonymous_12)
FNDA:0,(anonymous_13)
FNDA:0,(anonymous_14)
FNDA:0,(anonymous_15)
FNDA:0,(anonymous_16)
FNDA:0,(anonymous_17)
FNDA:0,(anonymous_18)
FNDA:0,(anonymous_19)
FNDA:0,(anonymous_20)
FNDA:0,(anonymous_21)
FNDA:0,(anonymous_22)
FNDA:0,(anonymous_23)
FNDA:0,(anonymous_24)
FNDA:0,(anonymous_25)
FNDA:0,(anonymous_26)
DA:2,0
DA:3,0
DA:4,0
DA:5,0
DA:6,0
DA:9,0
DA:10,0
DA:11,0
DA:14,0
DA:15,0
DA:16,0
DA:17,0
DA:18,0
DA:22,0
DA:28,0
DA:39,0
DA:40,0
DA:42,0
DA:43,0
DA:46,0
DA:49,0
DA:50,0
DA:51,0
DA:53,0
DA:54,0
DA:57,0
DA:58,0
DA:59,0
DA:61,0
DA:62,0
DA:65,0
DA:66,0
DA:69,0
DA:70,0
DA:72,0
DA:73,0
DA:74,0
DA:84,0
DA:85,0
DA:86,0
DA:90,0
DA:94,0
DA:97,0
DA:98,0
DA:106,0
DA:108,0
DA:110,0
DA:115,0
DA:116,0
DA:125,0
DA:126,0
DA:127,0
DA:128,0
DA:130,0
DA:131,0
DA:132,0
DA:139,0
DA:140,0
DA:141,0
DA:142,0
DA:143,0
DA:147,0
DA:153,0
DA:154,0
DA:155,0
DA:157,0
DA:158,0
DA:159,0
DA:160,0
DA:161,0
DA:163,0
DA:164,0
DA:165,0
DA:167,0
DA:168,0
DA:172,0
DA:192,0
DA:193,0
DA:202,0
DA:203,0
DA:204,0
DA:206,0
DA:207,0
DA:208,0
DA:209,0
DA:210,0
DA:213,0
DA:218,0
DA:220,0
DA:222,0
DA:224,0
DA:226,0
DA:227,0
DA:229,0
DA:230,0
DA:232,0
DA:233,0
DA:234,0
DA:236,0
DA:237,0
DA:239,0
DA:242,0
DA:243,0
DA:251,0
DA:252,0
DA:253,0
DA:257,0
DA:258,0
DA:261,0
DA:269,0
DA:270,0
DA:279,0
DA:280,0
DA:281,0
DA:283,0
DA:284,0
DA:285,0
DA:286,0
DA:287,0
DA:290,0
DA:295,0
DA:297,0
DA:298,0
DA:299,0
DA:301,0
DA:302,0
DA:303,0
DA:311,0
DA:312,0
DA:313,0
DA:317,0
DA:318,0
DA:324,0
DA:326,0
DA:331,0
DA:332,0
DA:343,0
DA:346,0
DA:347,0
DA:348,0
DA:355,0
DA:358,0
DA:359,0
DA:362,0
DA:363,0
DA:365,0
DA:366,0
DA:371,0
DA:372,0
DA:373,0
DA:377,0
DA:378,0
DA:379,0
DA:380,0
DA:384,0
DA:385,0
DA:388,0
DA:390,0
DA:391,0
DA:396,0
DA:397,0
DA:398,0
DA:399,0
DA:400,0
DA:401,0
DA:403,0
DA:409,0
DA:410,0
DA:414,0
LF:169
LH:0
BRDA:15,0,0,0
BRDA:15,0,1,0
BRDA:15,1,0,0
BRDA:15,1,1,0
BRDA:17,2,0,0
BRDA:17,2,1,0
BRDA:18,3,0,0
BRDA:18,3,1,0
BRDA:46,4,0,0
BRDA:46,4,1,0
BRDA:50,5,0,0
BRDA:50,5,1,0
BRDA:58,6,0,0
BRDA:58,6,1,0
BRDA:66,7,0,0
BRDA:66,7,1,0
BRDA:69,8,0,0
BRDA:69,8,1,0
BRDA:69,9,0,0
BRDA:69,9,1,0
BRDA:70,10,0,0
BRDA:70,10,1,0
BRDA:70,11,0,0
BRDA:70,11,1,0
BRDA:73,12,0,0
BRDA:73,12,1,0
BRDA:77,13,0,0
BRDA:77,13,1,0
BRDA:90,14,0,0
BRDA:90,14,1,0
BRDA:131,15,0,0
BRDA:131,15,1,0
BRDA:140,16,0,0
BRDA:140,16,1,0
BRDA:140,17,0,0
BRDA:140,17,1,0
BRDA:142,18,0,0
BRDA:142,18,1,0
BRDA:143,19,0,0
BRDA:143,19,1,0
BRDA:159,20,0,0
BRDA:159,20,1,0
BRDA:164,21,0,0
BRDA:164,21,1,0
BRDA:186,22,0,0
BRDA:186,22,1,0
BRDA:204,23,0,0
BRDA:207,24,0,0
BRDA:207,24,1,0
BRDA:207,25,0,0
BRDA:207,25,1,0
BRDA:209,26,0,0
BRDA:209,26,1,0
BRDA:210,27,0,0
BRDA:210,27,1,0
BRDA:224,28,0,0
BRDA:224,28,1,0
BRDA:224,28,2,0
BRDA:224,28,3,0
BRDA:224,28,4,0
BRDA:242,29,0,0
BRDA:242,29,1,0
BRDA:284,30,0,0
BRDA:284,30,1,0
BRDA:284,31,0,0
BRDA:284,31,1,0
BRDA:286,32,0,0
BRDA:286,32,1,0
BRDA:287,33,0,0
BRDA:287,33,1,0
BRDA:299,34,0,0
BRDA:299,34,1,0
BRDA:301,35,0,0
BRDA:301,35,1,0
BRDA:302,36,0,0
BRDA:302,36,1,0
BRDA:358,37,0,0
BRDA:358,37,1,0
BRDA:385,38,0,0
BRDA:385,38,1,0
BRF:80
BRH:0
end_of_record
TN:
SF:routes\auth.js
FN:32,(anonymous_0)
FN:42,(anonymous_1)
FN:43,(anonymous_2)
FN:53,genOTP
FN:57,sendOtpEmail
FN:80,(anonymous_5)
FN:121,(anonymous_6)
FN:141,(anonymous_7)
FN:200,(anonymous_8)
FN:279,(anonymous_9)
FN:326,(anonymous_10)
FN:347,(anonymous_11)
FN:383,(anonymous_12)
FN:438,(anonymous_13)
FN:477,(anonymous_14)
FN:503,(anonymous_15)
FN:551,(anonymous_16)
FN:594,(anonymous_17)
FN:684,(anonymous_18)
FN:684,(anonymous_19)
FN:689,(anonymous_20)
FN:721,(anonymous_21)
FN:728,(anonymous_22)
FN:795,(anonymous_23)
FN:879,(anonymous_24)
FN:889,(anonymous_25)
FN:930,(anonymous_26)
FN:1076,(anonymous_27)
FN:1139,(anonymous_28)
FN:1285,(anonymous_29)
FN:1528,(anonymous_30)
FN:1610,(anonymous_31)
FNF:32
FNH:9
FNDA:0,(anonymous_0)
FNDA:1,(anonymous_1)
FNDA:1,(anonymous_2)
FNDA:3,genOTP
FNDA:3,sendOtpEmail
FNDA:3,(anonymous_5)
FNDA:0,(anonymous_6)
FNDA:3,(anonymous_7)
FNDA:10,(anonymous_8)
FNDA:0,(anonymous_9)
FNDA:0,(anonymous_10)
FNDA:5,(anonymous_11)
FNDA:0,(anonymous_12)
FNDA:0,(anonymous_13)
FNDA:0,(anonymous_14)
FNDA:0,(anonymous_15)
FNDA:0,(anonymous_16)
FNDA:0,(anonymous_17)
FNDA:3,(anonymous_18)
FNDA:0,(anonymous_19)
FNDA:0,(anonymous_20)
FNDA:0,(anonymous_21)
FNDA:0,(anonymous_22)
FNDA:0,(anonymous_23)
FNDA:0,(anonymous_24)
FNDA:0,(anonymous_25)
FNDA:0,(anonymous_26)
FNDA:0,(anonymous_27)
FNDA:0,(anonymous_28)
FNDA:0,(anonymous_29)
FNDA:0,(anonymous_30)
FNDA:0,(anonymous_31)
DA:2,1
DA:3,1
DA:4,1
DA:5,1
DA:6,1
DA:7,1
DA:8,1
DA:9,1
DA:11,1
DA:14,1
DA:32,1
DA:33,0
DA:42,1
DA:43,1
DA:44,1
DA:45,1
DA:46,1
DA:48,0
DA:54,3
DA:59,3
DA:61,3
DA:63,3
DA:64,3
DA:65,3
DA:66,3
DA:67,3
DA:68,3
DA:69,3
DA:70,3
DA:71,3
DA:72,3
DA:73,3
DA:74,3
DA:75,3
DA:76,3
DA:80,3
DA:81,3
DA:82,3
DA:87,3
DA:94,3
DA:95,0
DA:97,3
DA:102,3
DA:105,0
DA:110,0
DA:116,0
DA:121,1
DA:122,0
DA:123,0
DA:124,0
DA:125,0
DA:127,0
DA:128,0
DA:130,0
DA:135,0
DA:136,0
DA:141,1
DA:142,3
DA:143,3
DA:144,3
DA:147,3
DA:148,0
DA:152,3
DA:153,3
DA:154,0
DA:155,0
DA:158,3
DA:159,3
DA:161,3
DA:162,3
DA:163,3
DA:166,3
DA:176,3
DA:179,3
DA:180,3
DA:181,3
DA:182,3
DA:183,3
DA:184,3
DA:186,0
DA:188,0
DA:189,0
DA:190,0
DA:193,0
DA:194,0
DA:195,0
DA:200,1
DA:201,10
DA:202,10
DA:203,10
DA:205,10
DA:206,10
DA:207,0
DA:208,0
DA:211,10
DA:212,0
DA:216,10
DA:217,0
DA:218,0
DA:219,0
DA:226,10
DA:227,0
DA:228,0
DA:232,10
DA:234,10
DA:236,10
DA:239,10
DA:240,0
DA:241,0
DA:242,0
DA:243,0
DA:244,0
DA:250,10
DA:251,10
DA:252,10
DA:254,10
DA:261,0
DA:262,0
DA:263,0
DA:264,0
DA:265,0
DA:266,0
DA:268,0
DA:269,0
DA:270,0
DA:272,0
DA:273,0
DA:274,0
DA:279,1
DA:280,0
DA:281,0
DA:282,0
DA:284,0
DA:285,0
DA:286,0
DA:287,0
DA:289,0
DA:291,0
DA:292,0
DA:293,0
DA:296,0
DA:297,0
DA:299,0
DA:300,0
DA:301,0
DA:302,0
DA:303,0
DA:305,0
DA:306,0
DA:307,0
DA:308,0
DA:309,0
DA:310,0
DA:312,0
DA:314,0
DA:315,0
DA:316,0
DA:317,0
DA:320,0
DA:321,0
DA:326,1
DA:327,0
DA:328,0
DA:329,0
DA:331,0
DA:332,0
DA:333,0
DA:336,0
DA:341,0
DA:342,0
DA:347,1
DA:348,5
DA:349,5
DA:350,5
DA:352,5
DA:353,5
DA:354,5
DA:355,5
DA:358,0
DA:359,0
DA:360,0
DA:361,0
DA:364,0
DA:365,0
DA:366,0
DA:369,0
DA:370,0
DA:372,0
DA:373,0
DA:374,0
DA:376,0
DA:377,0
DA:378,0
DA:383,1
DA:384,0
DA:385,0
DA:386,0
DA:388,0
DA:389,0
DA:391,0
DA:395,0
DA:396,0
DA:397,0
DA:399,0
DA:400,0
DA:401,0
DA:404,0
DA:405,0
DA:414,0
DA:415,0
DA:421,0
DA:422,0
DA:424,0
DA:426,0
DA:427,0
DA:428,0
DA:429,0
DA:432,0
DA:433,0
DA:438,1
DA:439,0
DA:440,0
DA:441,0
DA:443,0
DA:444,0
DA:446,0
DA:447,0
DA:450,0
DA:451,0
DA:454,0
DA:455,0
DA:458,0
DA:459,0
DA:461,0
DA:462,0
DA:463,0
DA:464,0
DA:466,0
DA:467,0
DA:469,0
DA:470,0
DA:475,1
DA:477,1
DA:478,0
DA:480,0
DA:482,0
DA:483,0
DA:486,0
DA:497,0
DA:498,0
DA:503,1
DA:504,0
DA:505,0
DA:506,0
DA:508,0
DA:509,0
DA:513,0
DA:514,0
DA:515,0
DA:516,0
DA:520,0
DA:526,0
DA:527,0
DA:530,0
DA:532,0
DA:545,0
DA:546,0
DA:551,1
DA:552,0
DA:553,0
DA:554,0
DA:556,0
DA:557,0
DA:560,0
DA:561,0
DA:564,0
DA:565,0
DA:566,0
DA:570,0
DA:571,0
DA:572,0
DA:573,0
DA:577,0
DA:578,0
DA:579,0
DA:581,0
DA:583,0
DA:588,0
DA:589,0
DA:594,1
DA:595,0
DA:596,0
DA:597,0
DA:598,0
DA:600,0
DA:601,0
DA:602,0
DA:603,0
DA:607,0
DA:608,0
DA:610,0
DA:611,0
DA:612,0
DA:613,0
DA:616,0
DA:617,0
DA:618,0
DA:619,0
DA:622,0
DA:623,0
DA:624,0
DA:627,0
DA:628,0
DA:629,0
DA:632,0
DA:633,0
DA:634,0
DA:637,0
DA:638,0
DA:640,0
DA:641,0
DA:642,0
DA:643,0
DA:647,0
DA:648,0
DA:649,0
DA:653,0
DA:658,0
DA:660,0
DA:661,0
DA:663,0
DA:675,0
DA:676,0
DA:677,0
DA:684,3
DA:685,0
DA:689,1
DA:691,0
DA:692,0
DA:693,0
DA:694,0
DA:696,0
DA:697,0
DA:698,0
DA:699,0
DA:700,0
DA:703,0
DA:708,0
DA:716,0
DA:717,0
DA:718,0
DA:721,0
DA:722,0
DA:724,0
DA:728,1
DA:729,0
DA:730,0
DA:732,0
DA:733,0
DA:734,0
DA:736,0
DA:737,0
DA:738,0
DA:739,0
DA:742,0
DA:743,0
DA:744,0
DA:745,0
DA:748,0
DA:749,0
DA:752,0
DA:764,0
DA:766,0
DA:767,0
DA:768,0
DA:771,0
DA:773,0
DA:776,0
DA:780,0
DA:782,0
DA:783,0
DA:784,0
DA:787,0
DA:788,0
DA:789,0
DA:792,0
DA:795,0
DA:797,0
DA:799,0
DA:801,0
DA:805,0
DA:807,0
DA:809,0
DA:811,0
DA:815,0
DA:825,0
DA:826,0
DA:827,0
DA:830,0
DA:831,0
DA:834,0
DA:835,0
DA:837,0
DA:838,0
DA:840,0
DA:841,0
DA:843,0
DA:844,0
DA:845,0
DA:849,0
DA:855,0
DA:857,0
DA:858,0
DA:861,0
DA:863,0
DA:864,0
DA:865,0
DA:868,0
DA:875,0
DA:881,0
DA:884,0
DA:889,1
DA:890,0
DA:891,0
DA:892,0
DA:893,0
DA:896,0
DA:897,0
DA:899,0
DA:900,0
DA:901,0
DA:904,0
DA:914,0
DA:915,0
DA:917,0
DA:930,1
DA:931,0
DA:932,0
DA:935,0
DA:936,0
DA:943,0
DA:950,0
DA:952,0
DA:959,0
DA:960,0
DA:961,0
DA:964,0
DA:967,0
DA:1035,0
DA:1042,0
DA:1045,0
DA:1053,0
DA:1057,0
DA:1063,0
DA:1064,0
DA:1076,1
DA:1077,0
DA:1078,0
DA:1080,0
DA:1081,0
DA:1088,0
DA:1090,0
DA:1091,0
DA:1098,0
DA:1105,0
DA:1106,0
DA:1112,0
DA:1118,0
DA:1120,0
DA:1121,0
DA:1127,0
DA:1139,1
DA:1140,0
DA:1141,0
DA:1144,0
DA:1145,0
DA:1151,0
DA:1152,0
DA:1159,0
DA:1161,0
DA:1162,0
DA:1169,0
DA:1176,0
DA:1177,0
DA:1184,0
DA:1187,0
DA:1188,0
DA:1189,0
DA:1190,0
DA:1192,0
DA:1195,0
DA:1242,0
DA:1250,0
DA:1258,0
DA:1264,0
DA:1266,0
DA:1267,0
DA:1273,0
DA:1285,1
DA:1286,0
DA:1287,0
DA:1289,0
DA:1290,0
DA:1297,0
DA:1298,0
DA:1303,0
DA:1306,0
DA:1307,0
DA:1308,0
DA:1315,0
DA:1316,0
DA:1319,0
DA:1322,0
DA:1323,0
DA:1324,0
DA:1325,0
DA:1326,0
DA:1329,0
DA:1467,0
DA:1468,0
DA:1477,0
DA:1478,0
DA:1482,0
DA:1483,0
DA:1484,0
DA:1490,0
DA:1492,0
DA:1493,0
DA:1494,0
DA:1496,0
DA:1500,0
DA:1508,0
DA:1509,0
DA:1515,0
DA:1516,0
DA:1528,1
DA:1529,0
DA:1530,0
DA:1532,0
DA:1533,0
DA:1540,0
DA:1545,0
DA:1546,0
DA:1553,0
DA:1554,0
DA:1561,0
DA:1562,0
DA:1569,0
DA:1570,0
DA:1577,0
DA:1579,0
DA:1581,0
DA:1582,0
DA:1584,0
DA:1591,0
DA:1597,0
DA:1598,0
DA:1610,1
DA:1611,0
DA:1612,0
DA:1615,0
DA:1616,0
DA:1622,0
DA:1623,0
DA:1630,0
DA:1635,0
DA:1636,0
DA:1643,0
DA:1644,0
DA:1651,0
DA:1652,0
DA:1659,0
DA:1660,0
DA:1667,0
DA:1669,0
DA:1671,0
DA:1672,0
DA:1674,0
DA:1681,0
DA:1684,0
DA:1685,0
DA:1686,0
DA:1687,0
DA:1688,0
DA:1691,0
DA:1806,0
DA:1814,0
DA:1822,0
DA:1828,0
DA:1829,0
DA:1836,1
LF:591
LH:106
BRDA:36,0,0,0
BRDA:36,0,1,0
BRDA:37,1,0,0
BRDA:37,1,1,0
BRDA:44,2,0,1
BRDA:44,2,1,0
BRDA:45,3,0,1
BRDA:45,3,1,0
BRDA:45,4,0,1
BRDA:45,4,1,1
BRDA:63,5,0,3
BRDA:63,5,1,0
BRDA:70,6,0,3
BRDA:70,6,1,0
BRDA:70,7,0,3
BRDA:70,7,1,0
BRDA:83,8,0,3
BRDA:83,8,1,0
BRDA:106,9,0,0
BRDA:106,9,1,0
BRDA:144,10,0,0
BRDA:144,10,1,3
BRDA:144,11,0,3
BRDA:144,11,1,3
BRDA:144,11,2,3
BRDA:147,12,0,0
BRDA:147,12,1,3
BRDA:153,13,0,0
BRDA:153,13,1,3
BRDA:186,14,0,0
BRDA:186,14,1,0
BRDA:186,15,0,0
BRDA:186,15,1,0
BRDA:190,16,0,0
BRDA:190,16,1,0
BRDA:190,17,0,0
BRDA:190,17,1,0
BRDA:193,18,0,0
BRDA:193,18,1,0
BRDA:193,19,0,0
BRDA:193,19,1,0
BRDA:195,20,0,0
BRDA:195,20,1,0
BRDA:195,21,0,0
BRDA:195,21,1,0
BRDA:203,22,0,0
BRDA:203,22,1,10
BRDA:203,23,0,10
BRDA:203,23,1,10
BRDA:206,24,0,0
BRDA:206,24,1,10
BRDA:211,25,0,0
BRDA:211,25,1,10
BRDA:216,26,0,0
BRDA:216,26,1,10
BRDA:216,27,0,10
BRDA:216,27,1,0
BRDA:226,28,0,0
BRDA:226,28,1,10
BRDA:226,29,0,10
BRDA:226,29,1,10
BRDA:226,29,2,10
BRDA:234,30,0,10
BRDA:234,30,1,0
BRDA:236,31,0,10
BRDA:236,31,1,8
BRDA:239,32,0,0
BRDA:239,32,1,10
BRDA:272,33,0,0
BRDA:272,33,1,0
BRDA:272,34,0,0
BRDA:272,34,1,0
BRDA:274,35,0,0
BRDA:274,35,1,0
BRDA:274,36,0,0
BRDA:274,36,1,0
BRDA:282,37,0,0
BRDA:282,37,1,0
BRDA:285,38,0,0
BRDA:285,38,1,0
BRDA:289,39,0,0
BRDA:289,39,1,0
BRDA:312,40,0,0
BRDA:312,40,1,0
BRDA:312,41,0,0
BRDA:312,41,1,0
BRDA:317,42,0,0
BRDA:317,42,1,0
BRDA:317,43,0,0
BRDA:317,43,1,0
BRDA:320,44,0,0
BRDA:320,44,1,0
BRDA:320,45,0,0
BRDA:320,45,1,0
BRDA:321,46,0,0
BRDA:321,46,1,0
BRDA:321,47,0,0
BRDA:321,47,1,0
BRDA:329,48,0,0
BRDA:329,48,1,0
BRDA:332,49,0,0
BRDA:332,49,1,0
BRDA:350,50,0,0
BRDA:350,50,1,5
BRDA:350,51,0,5
BRDA:350,51,1,5
BRDA:353,52,0,5
BRDA:353,52,1,0
BRDA:359,53,0,0
BRDA:359,53,1,0
BRDA:364,54,0,0
BRDA:364,54,1,0
BRDA:376,55,0,0
BRDA:376,55,1,0
BRDA:376,56,0,0
BRDA:376,56,1,0
BRDA:378,57,0,0
BRDA:378,57,1,0
BRDA:378,58,0,0
BRDA:378,58,1,0
BRDA:386,59,0,0
BRDA:386,59,1,0
BRDA:389,60,0,0
BRDA:389,60,1,0
BRDA:441,61,0,0
BRDA:441,61,1,0
BRDA:441,62,0,0
BRDA:441,62,1,0
BRDA:441,62,2,0
BRDA:444,63,0,0
BRDA:444,63,1,0
BRDA:446,64,0,0
BRDA:446,64,1,0
BRDA:446,65,0,0
BRDA:446,65,1,0
BRDA:450,66,0,0
BRDA:450,66,1,0
BRDA:455,67,0,0
BRDA:455,67,1,0
BRDA:482,68,0,0
BRDA:482,68,1,0
BRDA:491,69,0,0
BRDA:491,69,1,0
BRDA:497,70,0,0
BRDA:497,70,1,0
BRDA:497,71,0,0
BRDA:497,71,1,0
BRDA:498,72,0,0
BRDA:498,72,1,0
BRDA:498,73,0,0
BRDA:498,73,1,0
BRDA:508,74,0,0
BRDA:508,74,1,0
BRDA:508,75,0,0
BRDA:508,75,1,0
BRDA:513,76,0,0
BRDA:513,76,1,0
BRDA:515,77,0,0
BRDA:515,77,1,0
BRDA:526,78,0,0
BRDA:526,78,1,0
BRDA:539,79,0,0
BRDA:539,79,1,0
BRDA:556,80,0,0
BRDA:556,80,1,0
BRDA:556,81,0,0
BRDA:556,81,1,0
BRDA:560,82,0,0
BRDA:560,82,1,0
BRDA:565,83,0,0
BRDA:565,83,1,0
BRDA:571,84,0,0
BRDA:571,84,1,0
BRDA:600,85,0,0
BRDA:600,85,1,0
BRDA:600,86,0,0
BRDA:600,86,1,0
BRDA:608,87,0,0
BRDA:608,87,1,0
BRDA:610,88,0,0
BRDA:610,88,1,0
BRDA:616,89,0,0
BRDA:616,89,1,0
BRDA:627,90,0,0
BRDA:627,90,1,0
BRDA:627,91,0,0
BRDA:627,91,1,0
BRDA:627,91,2,0
BRDA:632,92,0,0
BRDA:632,92,1,0
BRDA:632,93,0,0
BRDA:632,93,1,0
BRDA:640,94,0,0
BRDA:640,94,1,0
BRDA:647,95,0,0
BRDA:647,95,1,0
BRDA:675,96,0,0
BRDA:675,96,1,0
BRDA:675,97,0,0
BRDA:675,97,1,0
BRDA:677,98,0,0
BRDA:677,98,1,0
BRDA:677,99,0,0
BRDA:677,99,1,0
BRDA:693,100,0,0
BRDA:693,100,1,0
BRDA:694,101,0,0
BRDA:694,101,1,0
BRDA:696,102,0,0
BRDA:696,102,1,0
BRDA:696,103,0,0
BRDA:696,103,1,0
BRDA:698,104,0,0
BRDA:698,104,1,0
BRDA:698,105,0,0
BRDA:698,105,1,0
BRDA:730,106,0,0
BRDA:730,106,1,0
BRDA:736,107,0,0
BRDA:736,107,1,0
BRDA:742,108,0,0
BRDA:742,108,1,0
BRDA:759,109,0,0
BRDA:759,109,1,0
BRDA:766,110,0,0
BRDA:766,110,1,0
BRDA:768,111,0,0
BRDA:768,111,1,0
BRDA:768,111,2,0
BRDA:782,112,0,0
BRDA:782,112,1,0
BRDA:784,113,0,0
BRDA:784,113,1,0
BRDA:787,114,0,0
BRDA:787,114,1,0
BRDA:807,115,0,0
BRDA:807,115,1,0
BRDA:811,116,0,0
BRDA:811,116,1,0
BRDA:811,117,0,0
BRDA:811,117,1,0
BRDA:834,118,0,0
BRDA:834,118,1,0
BRDA:837,119,0,0
BRDA:837,119,1,0
BRDA:837,120,0,0
BRDA:837,120,1,0
BRDA:840,121,0,0
BRDA:840,121,1,0
BRDA:852,122,0,0
BRDA:852,122,1,0
BRDA:868,123,0,0
BRDA:868,123,1,0
BRDA:868,123,2,0
BRDA:868,123,3,0
BRDA:868,123,4,0
BRDA:878,124,0,0
BRDA:878,124,1,0
BRDA:881,125,0,0
BRDA:881,125,1,0
BRDA:883,126,0,0
BRDA:883,126,1,0
BRDA:892,127,0,0
BRDA:892,127,1,0
BRDA:892,128,0,0
BRDA:892,128,1,0
BRDA:900,129,0,0
BRDA:900,129,1,0
BRDA:914,130,0,0
BRDA:914,130,1,0
BRDA:914,131,0,0
BRDA:914,131,1,0
BRDA:935,132,0,0
BRDA:935,132,1,0
BRDA:935,133,0,0
BRDA:935,133,1,0
BRDA:950,134,0,0
BRDA:950,134,1,0
BRDA:964,135,0,0
BRDA:964,135,1,0
BRDA:990,136,0,0
BRDA:990,136,1,0
BRDA:1027,137,0,0
BRDA:1027,137,1,0
BRDA:1080,138,0,0
BRDA:1080,138,1,0
BRDA:1090,139,0,0
BRDA:1090,139,1,0
BRDA:1105,140,0,0
BRDA:1105,140,1,0
BRDA:1120,141,0,0
BRDA:1120,141,1,0
BRDA:1144,142,0,0
BRDA:1144,142,1,0
BRDA:1144,143,0,0
BRDA:1144,143,1,0
BRDA:1151,144,0,0
BRDA:1151,144,1,0
BRDA:1161,145,0,0
BRDA:1161,145,1,0
BRDA:1176,146,0,0
BRDA:1176,146,1,0
BRDA:1215,147,0,0
BRDA:1215,147,1,0
BRDA:1224,148,0,0
BRDA:1224,148,1,0
BRDA:1235,149,0,0
BRDA:1235,149,1,0
BRDA:1266,150,0,0
BRDA:1266,150,1,0
BRDA:1289,151,0,0
BRDA:1289,151,1,0
BRDA:1303,152,0,0
BRDA:1303,152,1,0
BRDA:1306,153,0,0
BRDA:1306,153,1,0
BRDA:1423,154,0,0
BRDA:1423,154,1,0
BRDA:1451,155,0,0
BRDA:1451,155,1,0
BRDA:1467,156,0,0
BRDA:1467,156,1,0
BRDA:1493,157,0,0
BRDA:1493,157,1,0
BRDA:1532,158,0,0
BRDA:1532,158,1,0
BRDA:1532,159,0,0
BRDA:1532,159,1,0
BRDA:1545,160,0,0
BRDA:1545,160,1,0
BRDA:1553,161,0,0
BRDA:1553,161,1,0
BRDA:1561,162,0,0
BRDA:1561,162,1,0
BRDA:1561,163,0,0
BRDA:1561,163,1,0
BRDA:1569,164,0,0
BRDA:1569,164,1,0
BRDA:1579,165,0,0
BRDA:1579,165,1,0
BRDA:1581,166,0,0
BRDA:1581,166,1,0
BRDA:1615,167,0,0
BRDA:1615,167,1,0
BRDA:1615,168,0,0
BRDA:1615,168,1,0
BRDA:1615,168,2,0
BRDA:1622,169,0,0
BRDA:1622,169,1,0
BRDA:1635,170,0,0
BRDA:1635,170,1,0
BRDA:1643,171,0,0
BRDA:1643,171,1,0
BRDA:1651,172,0,0
BRDA:1651,172,1,0
BRDA:1651,173,0,0
BRDA:1651,173,1,0
BRDA:1659,174,0,0
BRDA:1659,174,1,0
BRDA:1669,175,0,0
BRDA:1669,175,1,0
BRDA:1671,176,0,0
BRDA:1671,176,1,0
BRDA:1771,177,0,0
BRDA:1771,177,1,0
BRDA:1781,178,0,0
BRDA:1781,178,1,0
BRDA:1793,179,0,0
BRDA:1793,179,1,0
BRF:369
BRH:33
end_of_record
TN:
SF:routes\auth_enhanced.js
FN:21,(anonymous_0)
FN:180,(anonymous_1)
FN:299,(anonymous_2)
FN:407,(anonymous_3)
FN:504,(anonymous_4)
FN:540,(anonymous_5)
FNF:6
FNH:0
FNDA:0,(anonymous_0)
FNDA:0,(anonymous_1)
FNDA:0,(anonymous_2)
FNDA:0,(anonymous_3)
FNDA:0,(anonymous_4)
FNDA:0,(anonymous_5)
DA:6,0
DA:7,0
DA:8,0
DA:9,0
DA:10,0
DA:11,0
DA:12,0
DA:13,0
DA:21,0
DA:22,0
DA:24,0
DA:25,0
DA:28,0
DA:29,0
DA:30,0
DA:34,0
DA:35,0
DA:36,0
DA:37,0
DA:41,0
DA:42,0
DA:43,0
DA:47,0
DA:48,0
DA:52,0
DA:53,0
DA:54,0
DA:55,0
DA:62,0
DA:63,0
DA:64,0
DA:65,0
DA:72,0
DA:73,0
DA:76,0
DA:77,0
DA:78,0
DA:81,0
DA:92,0
DA:93,0
DA:96,0
DA:97,0
DA:99,0
DA:107,0
DA:108,0
DA:110,0
DA:119,0
DA:122,0
DA:123,0
DA:124,0
DA:131,0
DA:139,0
DA:147,0
DA:158,0
DA:159,0
DA:166,0
DA:180,0
DA:181,0
DA:182,0
DA:185,0
DA:186,0
DA:190,0
DA:191,0
DA:195,0
DA:196,0
DA:197,0
DA:198,0
DA:202,0
DA:203,0
DA:210,0
DA:211,0
DA:212,0
DA:220,0
DA:229,0
DA:231,0
DA:233,0
DA:235,0
DA:243,0
DA:253,0
DA:254,0
DA:255,0
DA:256,0
DA:257,0
DA:258,0
DA:260,0
DA:268,0
DA:270,0
DA:277,0
DA:278,0
DA:285,0
DA:299,0
DA:300,0
DA:301,0
DA:303,0
DA:304,0
DA:308,0
DA:309,0
DA:310,0
DA:311,0
DA:315,0
DA:316,0
DA:323,0
DA:324,0
DA:325,0
DA:333,0
DA:334,0
DA:335,0
DA:338,0
DA:339,0
DA:342,0
DA:343,0
DA:344,0
DA:345,0
DA:346,0
DA:349,0
DA:350,0
DA:352,0
DA:360,0
DA:362,0
DA:369,0
DA:372,0
DA:373,0
DA:374,0
DA:376,0
DA:384,0
DA:392,0
DA:393,0
DA:407,0
DA:408,0
DA:409,0
DA:411,0
DA:412,0
DA:416,0
DA:417,0
DA:418,0
DA:419,0
DA:423,0
DA:424,0
DA:425,0
DA:432,0
DA:436,0
DA:437,0
DA:444,0
DA:452,0
DA:457,0
DA:459,0
DA:466,0
DA:468,0
DA:482,0
DA:483,0
DA:490,0
DA:504,0
DA:505,0
DA:506,0
DA:508,0
DA:509,0
DA:512,0
DA:514,0
DA:515,0
DA:521,0
DA:528,0
DA:529,0
DA:539,0
DA:540,0
DA:541,0
DA:543,0
DA:554,0
LF:167
LH:0
BRDA:28,0,0,0
BRDA:28,0,1,0
BRDA:28,1,0,0
BRDA:28,1,1,0
BRDA:28,1,2,0
BRDA:35,2,0,0
BRDA:35,2,1,0
BRDA:41,3,0,0
BRDA:41,3,1,0
BRDA:47,4,0,0
BRDA:47,4,1,0
BRDA:53,5,0,0
BRDA:53,5,1,0
BRDA:63,6,0,0
BRDA:63,6,1,0
BRDA:104,7,0,0
BRDA:104,7,1,0
BRDA:115,8,0,0
BRDA:115,8,1,0
BRDA:122,9,0,0
BRDA:122,9,1,0
BRDA:135,10,0,0
BRDA:135,10,1,0
BRDA:169,11,0,0
BRDA:169,11,1,0
BRDA:185,12,0,0
BRDA:185,12,1,0
BRDA:185,13,0,0
BRDA:185,13,1,0
BRDA:190,14,0,0
BRDA:190,14,1,0
BRDA:196,15,0,0
BRDA:196,15,1,0
BRDA:202,16,0,0
BRDA:202,16,1,0
BRDA:211,17,0,0
BRDA:211,17,1,0
BRDA:220,18,0,0
BRDA:220,18,1,0
BRDA:231,19,0,0
BRDA:231,19,1,0
BRDA:238,20,0,0
BRDA:238,20,1,0
BRDA:243,21,0,0
BRDA:243,21,1,0
BRDA:288,22,0,0
BRDA:288,22,1,0
BRDA:303,23,0,0
BRDA:303,23,1,0
BRDA:309,24,0,0
BRDA:309,24,1,0
BRDA:315,25,0,0
BRDA:315,25,1,0
BRDA:323,26,0,0
BRDA:323,26,1,0
BRDA:323,27,0,0
BRDA:323,27,1,0
BRDA:396,28,0,0
BRDA:396,28,1,0
BRDA:411,29,0,0
BRDA:411,29,1,0
BRDA:411,30,0,0
BRDA:411,30,1,0
BRDA:417,31,0,0
BRDA:417,31,1,0
BRDA:424,32,0,0
BRDA:424,32,1,0
BRDA:436,33,0,0
BRDA:436,33,1,0
BRDA:455,34,0,0
BRDA:455,34,1,0
BRDA:476,35,0,0
BRDA:476,35,1,0
BRDA:493,36,0,0
BRDA:493,36,1,0
BRDA:508,37,0,0
BRDA:508,37,1,0
BRDA:514,38,0,0
BRDA:514,38,1,0
BRDA:539,39,0,0
BRDA:539,39,1,0
BRF:81
BRH:0
end_of_record
TN:
SF:routes\cart.js
FN:9,(anonymous_0)
FN:21,(anonymous_1)
FN:30,(anonymous_2)
FN:44,(anonymous_3)
FN:81,(anonymous_4)
FN:122,(anonymous_5)
FN:160,(anonymous_6)
FN:190,(anonymous_7)
FN:204,(anonymous_8)
FN:226,(anonymous_9)
FN:257,(anonymous_10)
FN:277,(anonymous_11)
FNF:12
FNH:0
FNDA:0,(anonymous_0)
FNDA:0,(anonymous_1)
FNDA:0,(anonymous_2)
FNDA:0,(anonymous_3)
FNDA:0,(anonymous_4)
FNDA:0,(anonymous_5)
FNDA:0,(anonymous_6)
FNDA:0,(anonymous_7)
FNDA:0,(anonymous_8)
FNDA:0,(anonymous_9)
FNDA:0,(anonymous_10)
FNDA:0,(anonymous_11)
DA:2,0
DA:3,0
DA:4,0
DA:5,0
DA:6,0
DA:9,0
DA:10,0
DA:11,0
DA:13,0
DA:15,0
DA:16,0
DA:17,0
DA:21,0
DA:22,0
DA:25,0
DA:30,0
DA:34,0
DA:35,0
DA:44,0
DA:45,0
DA:46,0
DA:47,0
DA:49,0
DA:50,0
DA:57,0
DA:58,0
DA:59,0
DA:65,0
DA:66,0
DA:74,0
DA:75,0
DA:76,0
DA:80,0
DA:81,0
DA:84,0
DA:86,0
DA:87,0
DA:88,0
DA:94,0
DA:97,0
DA:103,0
DA:104,0
DA:106,0
DA:112,0
DA:113,0
DA:122,0
DA:123,0
DA:124,0
DA:125,0
DA:126,0
DA:128,0
DA:129,0
DA:135,0
DA:136,0
DA:137,0
DA:143,0
DA:144,0
DA:151,0
DA:152,0
DA:153,0
DA:159,0
DA:160,0
DA:163,0
DA:164,0
DA:170,0
DA:171,0
DA:172,0
DA:174,0
DA:180,0
DA:181,0
DA:190,0
DA:191,0
DA:192,0
DA:193,0
DA:195,0
DA:196,0
DA:197,0
DA:203,0
DA:204,0
DA:207,0
DA:208,0
DA:210,0
DA:216,0
DA:217,0
DA:226,0
DA:227,0
DA:228,0
DA:230,0
DA:231,0
DA:232,0
DA:238,0
DA:239,0
DA:241,0
DA:247,0
DA:248,0
DA:257,0
DA:258,0
DA:259,0
DA:260,0
DA:262,0
DA:263,0
DA:269,0
DA:270,0
DA:271,0
DA:275,0
DA:276,0
DA:277,0
DA:280,0
DA:281,0
DA:283,0
DA:285,0
DA:287,0
DA:292,0
DA:299,0
DA:300,0
DA:302,0
DA:308,0
DA:309,0
DA:317,0
LF:119
LH:0
BRDA:15,0,0,0
BRDA:15,0,1,0
BRDA:46,1,0,0
BRDA:49,2,0,0
BRDA:49,2,1,0
BRDA:58,3,0,0
BRDA:58,3,1,0
BRDA:65,4,0,0
BRDA:65,4,1,0
BRDA:75,5,0,0
BRDA:75,5,1,0
BRDA:84,6,0,0
BRDA:84,6,1,0
BRDA:87,7,0,0
BRDA:87,7,1,0
BRDA:128,8,0,0
BRDA:128,8,1,0
BRDA:136,9,0,0
BRDA:136,9,1,0
BRDA:143,10,0,0
BRDA:143,10,1,0
BRDA:152,11,0,0
BRDA:152,11,1,0
BRDA:163,12,0,0
BRDA:163,12,1,0
BRDA:196,13,0,0
BRDA:196,13,1,0
BRDA:231,14,0,0
BRDA:231,14,1,0
BRDA:262,15,0,0
BRDA:262,15,1,0
BRDA:270,16,0,0
BRDA:270,16,1,0
BRDA:277,17,0,0
BRDA:277,17,1,0
BRDA:280,18,0,0
BRDA:280,18,1,0
BRDA:283,19,0,0
BRDA:283,19,1,0
BRDA:285,20,0,0
BRDA:285,20,1,0
BRF:41
BRH:0
end_of_record
TN:
SF:routes\chatbot.js
FN:24,(anonymous_0)
FN:140,(anonymous_1)
FN:227,(anonymous_2)
FN:275,(anonymous_3)
FN:318,(anonymous_4)
FN:337,(anonymous_5)
FN:366,(anonymous_6)
FN:408,(anonymous_7)
FN:445,(anonymous_8)
FN:491,(anonymous_9)
FN:533,(anonymous_10)
FN:582,(anonymous_11)
FNF:12
FNH:0
FNDA:0,(anonymous_0)
FNDA:0,(anonymous_1)
FNDA:0,(anonymous_2)
FNDA:0,(anonymous_3)
FNDA:0,(anonymous_4)
FNDA:0,(anonymous_5)
FNDA:0,(anonymous_6)
FNDA:0,(anonymous_7)
FNDA:0,(anonymous_8)
FNDA:0,(anonymous_9)
FNDA:0,(anonymous_10)
FNDA:0,(anonymous_11)
DA:5,0
DA:6,0
DA:7,0
DA:8,0
DA:9,0
DA:10,0
DA:11,0
DA:12,0
DA:13,0
DA:20,0
DA:25,0
DA:26,0
DA:27,0
DA:28,0
DA:31,0
DA:32,0
DA:35,0
DA:37,0
DA:39,0
DA:40,0
DA:41,0
DA:42,0
DA:43,0
DA:47,0
DA:60,0
DA:63,0
DA:74,0
DA:82,0
DA:83,0
DA:84,0
DA:87,0
DA:88,0
DA:92,0
DA:93,0
DA:97,0
DA:100,0
DA:107,0
DA:119,0
DA:120,0
DA:133,0
DA:141,0
DA:142,0
DA:143,0
DA:144,0
DA:147,0
DA:148,0
DA:152,0
DA:154,0
DA:155,0
DA:158,0
DA:163,0
DA:166,0
DA:170,0
DA:173,0
DA:177,0
DA:180,0
DA:181,0
DA:186,0
DA:187,0
DA:190,0
DA:194,0
DA:197,0
DA:198,0
DA:201,0
DA:207,0
DA:210,0
DA:211,0
DA:224,0
DA:228,0
DA:229,0
DA:231,0
DA:236,0
DA:237,0
DA:244,0
DA:245,0
DA:246,0
DA:249,0
DA:258,0
DA:259,0
DA:271,0
DA:276,0
DA:277,0
DA:279,0
DA:281,0
DA:282,0
DA:288,0
DA:289,0
DA:291,0
DA:292,0
DA:295,0
DA:297,0
DA:303,0
DA:304,0
DA:316,0
DA:319,0
DA:320,0
DA:322,0
DA:324,0
DA:325,0
DA:331,0
DA:337,0
DA:351,0
DA:352,0
DA:364,0
DA:367,0
DA:368,0
DA:370,0
DA:372,0
DA:373,0
DA:379,0
DA:380,0
DA:383,0
DA:385,0
DA:391,0
DA:392,0
DA:408,0
DA:409,0
DA:410,0
DA:411,0
DA:417,0
DA:419,0
DA:420,0
DA:426,0
DA:432,0
DA:433,0
DA:445,0
DA:446,0
DA:447,0
DA:448,0
DA:454,0
DA:456,0
DA:457,0
DA:464,0
DA:465,0
DA:466,0
DA:469,0
DA:471,0
DA:478,0
DA:479,0
DA:491,0
DA:492,0
DA:493,0
DA:494,0
DA:500,0
DA:502,0
DA:503,0
DA:505,0
DA:508,0
DA:510,0
DA:520,0
DA:521,0
DA:533,0
DA:534,0
DA:535,0
DA:536,0
DA:542,0
DA:544,0
DA:545,0
DA:546,0
DA:548,0
DA:553,0
DA:555,0
DA:569,0
DA:570,0
DA:582,0
DA:583,0
DA:584,0
DA:585,0
DA:591,0
DA:592,0
DA:594,0
DA:600,0
DA:601,0
DA:608,0
LF:174
LH:0
BRDA:27,0,0,0
BRDA:27,0,1,0
BRDA:32,1,0,0
BRDA:32,1,1,0
BRDA:37,2,0,0
BRDA:37,2,1,0
BRDA:40,3,0,0
BRDA:40,3,1,0
BRDA:42,4,0,0
BRDA:42,4,1,0
BRDA:50,5,0,0
BRDA:50,5,1,0
BRDA:52,6,0,0
BRDA:52,6,1,0
BRDA:55,7,0,0
BRDA:55,7,1,0
BRDA:82,8,0,0
BRDA:82,8,1,0
BRDA:87,9,0,0
BRDA:87,9,1,0
BRDA:92,10,0,0
BRDA:92,10,1,0
BRDA:112,11,0,0
BRDA:112,11,1,0
BRDA:114,12,0,0
BRDA:114,12,1,0
BRDA:115,13,0,0
BRDA:115,13,1,0
BRDA:143,14,0,0
BRDA:143,14,1,0
BRDA:148,15,0,0
BRDA:148,15,1,0
BRDA:152,16,0,0
BRDA:152,16,1,0
BRDA:152,16,2,0
BRDA:152,16,3,0
BRDA:152,16,4,0
BRDA:152,16,5,0
BRDA:152,16,6,0
BRDA:152,16,7,0
BRDA:168,17,0,0
BRDA:168,17,1,0
BRDA:175,18,0,0
BRDA:175,18,1,0
BRDA:180,19,0,0
BRDA:180,19,1,0
BRDA:186,20,0,0
BRDA:186,20,1,0
BRDA:236,21,0,0
BRDA:236,21,1,0
BRDA:244,22,0,0
BRDA:244,22,1,0
BRDA:245,23,0,0
BRDA:245,23,1,0
BRDA:281,24,0,0
BRDA:281,24,1,0
BRDA:291,25,0,0
BRDA:291,25,1,0
BRDA:324,26,0,0
BRDA:324,26,1,0
BRDA:372,27,0,0
BRDA:372,27,1,0
BRDA:410,28,0,0
BRDA:410,28,1,0
BRDA:419,29,0,0
BRDA:419,29,1,0
BRDA:447,30,0,0
BRDA:447,30,1,0
BRDA:456,31,0,0
BRDA:456,31,1,0
BRDA:493,32,0,0
BRDA:493,32,1,0
BRDA:502,33,0,0
BRDA:502,33,1,0
BRDA:503,34,0,0
BRDA:503,34,1,0
BRDA:535,35,0,0
BRDA:535,35,1,0
BRDA:542,36,0,0
BRDA:542,37,0,0
BRDA:545,38,0,0
BRDA:545,38,1,0
BRDA:546,39,0,0
BRDA:546,39,1,0
BRDA:584,40,0,0
BRDA:584,40,1,0
BRDA:591,41,0,0
BRDA:591,41,1,0
BRF:88
BRH:0
end_of_record
TN:
SF:routes\comparison.js
FN:10,(anonymous_0)
FN:22,(anonymous_1)
FN:53,(anonymous_2)
FN:71,(anonymous_3)
FN:72,(anonymous_4)
FN:73,(anonymous_5)
FN:74,(anonymous_6)
FN:75,(anonymous_7)
FN:76,(anonymous_8)
FN:81,(anonymous_9)
FN:87,(anonymous_10)
FN:111,(anonymous_11)
FNF:12
FNH:0
FNDA:0,(anonymous_0)
FNDA:0,(anonymous_1)
FNDA:0,(anonymous_2)
FNDA:0,(anonymous_3)
FNDA:0,(anonymous_4)
FNDA:0,(anonymous_5)
FNDA:0,(anonymous_6)
FNDA:0,(anonymous_7)
FNDA:0,(anonymous_8)
FNDA:0,(anonymous_9)
FNDA:0,(anonymous_10)
FNDA:0,(anonymous_11)
DA:2,0
DA:3,0
DA:4,0
DA:10,0
DA:11,0
DA:12,0
DA:14,0
DA:15,0
DA:22,0
DA:24,0
DA:25,0
DA:31,0
DA:32,0
DA:39,0
DA:44,0
DA:45,0
DA:52,0
DA:53,0
DA:71,0
DA:72,0
DA:73,0
DA:74,0
DA:75,0
DA:76,0
DA:81,0
DA:87,0
DA:91,0
DA:98,0
DA:99,0
DA:111,0
DA:112,0
DA:113,0
DA:116,0
DA:117,0
DA:118,0
DA:125,0
DA:127,0
DA:140,0
DA:147,0
DA:148,0
DA:156,0
LF:41
LH:0
BRDA:14,0,0,0
BRDA:14,0,1,0
BRDA:24,1,0,0
BRDA:24,1,1,0
BRDA:31,2,0,0
BRDA:31,2,1,0
BRDA:44,3,0,0
BRDA:44,3,1,0
BRDA:66,4,0,0
BRDA:66,4,1,0
BRDA:67,5,0,0
BRDA:67,5,1,0
BRDA:73,6,0,0
BRDA:73,6,1,0
BRDA:74,7,0,0
BRDA:74,7,1,0
BRDA:117,8,0,0
BRDA:117,8,1,0
BRF:18
BRH:0
end_of_record
TN:
SF:routes\contact.js
FN:12,(anonymous_0)
FN:43,(anonymous_1)
FN:247,(anonymous_2)
FNF:3
FNH:0
FNDA:0,(anonymous_0)
FNDA:0,(anonymous_1)
FNDA:0,(anonymous_2)
DA:6,0
DA:7,0
DA:8,0
DA:9,0
DA:12,0
DA:13,0
DA:14,0
DA:15,0
DA:18,0
DA:32,0
DA:44,0
DA:46,0
DA:47,0
DA:48,0
DA:55,0
DA:58,0
DA:61,0
DA:62,0
DA:63,0
DA:64,0
DA:65,0
DA:66,0
DA:67,0
DA:68,0
DA:71,0
DA:80,0
DA:149,0
DA:150,0
DA:151,0
DA:152,0
DA:159,0
DA:161,0
DA:166,0
DA:167,0
DA:206,0
DA:212,0
DA:214,0
DA:218,0
DA:224,0
DA:233,0
DA:234,0
DA:247,0
DA:248,0
DA:273,0
LF:44
LH:0
BRDA:13,0,0,0
BRDA:13,0,1,0
BRDA:13,1,0,0
BRDA:13,1,1,0
BRDA:47,2,0,0
BRDA:47,2,1,0
BRDA:58,3,0,0
BRDA:58,3,1,0
BRDA:65,4,0,0
BRDA:65,4,1,0
BRDA:66,5,0,0
BRDA:66,5,1,0
BRDA:103,6,0,0
BRDA:103,6,1,0
BRDA:117,7,0,0
BRDA:117,7,1,0
BRDA:150,8,0,0
BRDA:150,8,1,0
BRDA:156,9,0,0
BRDA:156,9,1,0
BRF:20
BRH:0
end_of_record
TN:
SF:routes\emailMonitoring.js
FN:15,(anonymous_0)
FN:43,(anonymous_1)
FN:64,(anonymous_2)
FN:100,(anonymous_3)
FN:122,(anonymous_4)
FNF:5
FNH:0
FNDA:0,(anonymous_0)
FNDA:0,(anonymous_1)
FNDA:0,(anonymous_2)
FNDA:0,(anonymous_3)
FNDA:0,(anonymous_4)
DA:6,0
DA:7,0
DA:8,0
DA:9,0
DA:15,0
DA:16,0
DA:17,0
DA:18,0
DA:20,0
DA:28,0
DA:29,0
DA:31,0
DA:43,0
DA:44,0
DA:46,0
DA:47,0
DA:50,0
DA:51,0
DA:53,0
DA:64,0
DA:65,0
DA:67,0
DA:68,0
DA:71,0
DA:72,0
DA:74,0
DA:75,0
DA:81,0
DA:89,0
DA:100,0
DA:101,0
DA:103,0
DA:104,0
DA:107,0
DA:108,0
DA:114,0
DA:122,0
DA:123,0
DA:124,0
DA:125,0
DA:128,0
DA:129,0
DA:135,0
DA:143,0
LF:44
LH:0
BRDA:21,0,0,0
BRDA:21,0,1,0
BRDA:28,1,0,0
BRDA:28,1,1,0
BRDA:46,2,0,0
BRDA:46,2,1,0
BRDA:46,3,0,0
BRDA:46,3,1,0
BRDA:67,4,0,0
BRDA:67,4,1,0
BRDA:67,5,0,0
BRDA:67,5,1,0
BRDA:74,6,0,0
BRDA:74,6,1,0
BRDA:103,7,0,0
BRDA:103,7,1,0
BRDA:103,8,0,0
BRDA:103,8,1,0
BRDA:111,9,0,0
BRDA:111,9,1,0
BRDA:124,10,0,0
BRDA:124,10,1,0
BRDA:124,11,0,0
BRDA:124,11,1,0
BRF:24
BRH:0
end_of_record
TN:
SF:routes\images.js
FN:19,(anonymous_0)
FN:46,(anonymous_1)
FNF:2
FNH:0
FNDA:0,(anonymous_0)
FNDA:0,(anonymous_1)
DA:10,0
DA:11,0
DA:12,0
DA:13,0
DA:19,0
DA:20,0
DA:23,0
DA:24,0
DA:27,0
DA:28,0
DA:29,0
DA:32,0
DA:33,0
DA:34,0
DA:36,0
DA:39,0
DA:40,0
DA:41,0
DA:42,0
DA:45,0
DA:46,0
DA:47,0
DA:48,0
DA:49,0
DA:52,0
DA:55,0
DA:56,0
DA:60,0
LF:28
LH:0
BRDA:23,0,0,0
BRDA:23,0,1,0
BRDA:33,1,0,0
BRDA:33,1,1,0
BRDA:33,2,0,0
BRDA:33,2,1,0
BRDA:39,3,0,0
BRDA:39,3,1,0
BRDA:48,4,0,0
BRDA:48,4,1,0
BRF:10
BRH:0
end_of_record
TN:
SF:routes\inventory.js
FN:15,(anonymous_0)
FN:66,(anonymous_1)
FN:113,(anonymous_2)
FN:150,(anonymous_3)
FN:173,(anonymous_4)
FN:193,(anonymous_5)
FN:272,(anonymous_6)
FN:322,(anonymous_7)
FNF:8
FNH:0
FNDA:0,(anonymous_0)
FNDA:0,(anonymous_1)
FNDA:0,(anonymous_2)
FNDA:0,(anonymous_3)
FNDA:0,(anonymous_4)
FNDA:0,(anonymous_5)
FNDA:0,(anonymous_6)
FNDA:0,(anonymous_7)
DA:2,0
DA:3,0
DA:4,0
DA:5,0
DA:6,0
DA:12,0
DA:15,0
DA:16,0
DA:17,0
DA:18,0
DA:20,0
DA:21,0
DA:22,0
DA:25,0
DA:27,0
DA:35,0
DA:37,0
DA:39,0
DA:56,0
DA:57,0
DA:66,0
DA:67,0
DA:68,0
DA:70,0
DA:71,0
DA:72,0
DA:74,0
DA:75,0
DA:76,0
DA:77,0
DA:80,0
DA:82,0
DA:90,0
DA:92,0
DA:103,0
DA:104,0
DA:113,0
DA:114,0
DA:115,0
DA:117,0
DA:118,0
DA:119,0
DA:122,0
DA:123,0
DA:125,0
DA:140,0
DA:141,0
DA:150,0
DA:151,0
DA:152,0
DA:154,0
DA:156,0
DA:163,0
DA:164,0
DA:173,0
DA:174,0
DA:175,0
DA:177,0
DA:183,0
DA:184,0
DA:193,0
DA:194,0
DA:195,0
DA:196,0
DA:198,0
DA:199,0
DA:205,0
DA:206,0
DA:212,0
DA:214,0
DA:215,0
DA:221,0
DA:222,0
DA:224,0
DA:225,0
DA:232,0
DA:233,0
DA:234,0
DA:237,0
DA:250,0
DA:262,0
DA:263,0
DA:272,0
DA:273,0
DA:274,0
DA:276,0
DA:277,0
DA:278,0
DA:279,0
DA:280,0
DA:284,0
DA:296,0
DA:310,0
DA:315,0
DA:322,0
DA:329,0
DA:330,0
DA:338,0
LF:98
LH:0
BRDA:18,0,0,0
BRDA:18,1,0,0
BRDA:21,2,0,0
BRDA:21,2,1,0
BRDA:41,3,0,0
BRDA:41,3,1,0
BRDA:68,4,0,0
BRDA:68,5,0,0
BRDA:71,6,0,0
BRDA:71,6,1,0
BRDA:74,7,0,0
BRDA:74,7,1,0
BRDA:74,8,0,0
BRDA:74,8,1,0
BRDA:76,9,0,0
BRDA:76,9,1,0
BRDA:77,10,0,0
BRDA:77,10,1,0
BRDA:117,11,0,0
BRDA:117,11,1,0
BRDA:152,12,0,0
BRDA:198,13,0,0
BRDA:198,13,1,0
BRDA:198,14,0,0
BRDA:198,14,1,0
BRDA:205,15,0,0
BRDA:205,15,1,0
BRDA:214,16,0,0
BRDA:214,16,1,0
BRDA:224,17,0,0
BRDA:224,17,1,0
BRDA:239,18,0,0
BRDA:239,18,1,0
BRDA:277,19,0,0
BRDA:277,19,1,0
BRDA:277,20,0,0
BRDA:277,20,1,0
BRDA:279,21,0,0
BRDA:279,21,1,0
BRDA:280,22,0,0
BRDA:280,22,1,0
BRDA:318,23,0,0
BRDA:318,23,1,0
BRDA:319,24,0,0
BRDA:319,24,1,0
BRF:45
BRH:0
end_of_record
TN:
SF:routes\marketing.js
FN:21,(anonymous_0)
FN:32,(anonymous_1)
FN:62,(anonymous_2)
FN:147,(anonymous_3)
FN:199,sendAbandonedCartEmail
FN:200,(anonymous_5)
FN:202,(anonymous_6)
FNF:7
FNH:0
FNDA:0,(anonymous_0)
FNDA:0,(anonymous_1)
FNDA:0,(anonymous_2)
FNDA:0,(anonymous_3)
FNDA:0,sendAbandonedCartEmail
FNDA:0,(anonymous_5)
FNDA:0,(anonymous_6)
DA:2,0
DA:3,0
DA:4,0
DA:5,0
DA:6,0
DA:9,0
DA:21,0
DA:22,0
DA:23,0
DA:24,0
DA:26,0
DA:32,0
DA:33,0
DA:34,0
DA:35,0
DA:37,0
DA:40,0
DA:44,0
DA:49,0
DA:50,0
DA:62,0
DA:63,0
DA:64,0
DA:66,0
DA:67,0
DA:74,0
DA:76,0
DA:127,0
DA:129,0
DA:134,0
DA:135,0
DA:147,0
DA:148,0
DA:149,0
DA:151,0
DA:152,0
DA:159,0
DA:182,0
DA:184,0
DA:189,0
DA:190,0
DA:200,0
DA:202,0
DA:217,0
DA:268,0
DA:269,0
DA:272,0
LF:47
LH:0
BRDA:35,0,0,0
BRDA:35,0,1,0
BRDA:35,1,0,0
BRDA:35,1,1,0
BRDA:35,1,2,0
BRDA:66,2,0,0
BRDA:66,2,1,0
BRDA:66,3,0,0
BRDA:66,3,1,0
BRDA:151,4,0,0
BRDA:151,4,1,0
BRDA:151,5,0,0
BRDA:151,5,1,0
BRDA:166,6,0,0
BRDA:166,6,1,0
BRF:15
BRH:0
end_of_record
TN:
SF:routes\notifications.js
FN:17,(anonymous_0)
FN:47,(anonymous_1)
FN:80,(anonymous_2)
FN:120,(anonymous_3)
FN:149,(anonymous_4)
FNF:5
FNH:0
FNDA:0,(anonymous_0)
FNDA:0,(anonymous_1)
FNDA:0,(anonymous_2)
FNDA:0,(anonymous_3)
FNDA:0,(anonymous_4)
DA:2,0
DA:3,0
DA:4,0
DA:10,0
DA:17,0
DA:18,0
DA:19,0
DA:21,0
DA:22,0
DA:28,0
DA:34,0
DA:35,0
DA:47,0
DA:48,0
DA:49,0
DA:51,0
DA:52,0
DA:58,0
DA:67,0
DA:68,0
DA:80,0
DA:81,0
DA:82,0
DA:84,0
DA:86,0
DA:87,0
DA:93,0
DA:94,0
DA:101,0
DA:107,0
DA:108,0
DA:120,0
DA:121,0
DA:122,0
DA:124,0
DA:125,0
DA:131,0
DA:136,0
DA:137,0
DA:149,0
DA:150,0
DA:151,0
DA:153,0
DA:155,0
DA:162,0
DA:163,0
DA:170,0
LF:47
LH:0
BRDA:21,0,0,0
BRDA:21,0,1,0
BRDA:51,1,0,0
BRDA:51,1,1,0
BRDA:86,2,0,0
BRDA:86,2,1,0
BRDA:87,3,0,0
BRDA:87,3,1,0
BRDA:93,4,0,0
BRDA:93,4,1,0
BRDA:124,5,0,0
BRDA:124,5,1,0
BRF:12
BRH:0
end_of_record
TN:
SF:routes\orders.js
FN:18,(anonymous_0)
FN:40,(anonymous_1)
FN:46,(anonymous_2)
FN:137,(anonymous_3)
FN:173,(anonymous_4)
FN:209,(anonymous_5)
FN:250,(anonymous_6)
FN:349,(anonymous_7)
FN:410,(anonymous_8)
FN:439,(anonymous_9)
FN:495,(anonymous_10)
FN:549,(anonymous_11)
FN:626,(anonymous_12)
FN:679,(anonymous_13)
FN:702,(anonymous_14)
FN:721,(anonymous_15)
FNF:16
FNH:0
FNDA:0,(anonymous_0)
FNDA:0,(anonymous_1)
FNDA:0,(anonymous_2)
FNDA:0,(anonymous_3)
FNDA:0,(anonymous_4)
FNDA:0,(anonymous_5)
FNDA:0,(anonymous_6)
FNDA:0,(anonymous_7)
FNDA:0,(anonymous_8)
FNDA:0,(anonymous_9)
FNDA:0,(anonymous_10)
FNDA:0,(anonymous_11)
FNDA:0,(anonymous_12)
FNDA:0,(anonymous_13)
FNDA:0,(anonymous_14)
FNDA:0,(anonymous_15)
DA:2,0
DA:3,0
DA:4,0
DA:5,0
DA:6,0
DA:15,0
DA:18,0
DA:19,0
DA:20,0
DA:21,0
DA:24,0
DA:25,0
DA:31,0
DA:32,0
DA:39,0
DA:40,0
DA:42,0
DA:43,0
DA:46,0
DA:56,0
DA:57,0
DA:58,0
DA:60,0
DA:61,0
DA:63,0
DA:64,0
DA:70,0
DA:78,0
DA:79,0
DA:86,0
DA:97,0
DA:100,0
DA:101,0
DA:102,0
DA:111,0
DA:113,0
DA:120,0
DA:127,0
DA:128,0
DA:137,0
DA:138,0
DA:139,0
DA:140,0
DA:142,0
DA:144,0
DA:150,0
DA:152,0
DA:163,0
DA:164,0
DA:173,0
DA:174,0
DA:175,0
DA:179,0
DA:180,0
DA:187,0
DA:188,0
DA:194,0
DA:199,0
DA:200,0
DA:209,0
DA:210,0
DA:211,0
DA:213,0
DA:214,0
DA:215,0
DA:218,0
DA:220,0
DA:227,0
DA:229,0
DA:240,0
DA:241,0
DA:250,0
DA:251,0
DA:252,0
DA:253,0
DA:255,0
DA:256,0
DA:262,0
DA:263,0
DA:264,0
DA:270,0
DA:272,0
DA:273,0
DA:279,0
DA:282,0
DA:283,0
DA:285,0
DA:286,0
DA:287,0
DA:288,0
DA:290,0
DA:300,0
DA:301,0
DA:302,0
DA:308,0
DA:314,0
DA:315,0
DA:316,0
DA:317,0
DA:318,0
DA:320,0
DA:330,0
DA:331,0
DA:333,0
DA:339,0
DA:340,0
DA:349,0
DA:350,0
DA:351,0
DA:352,0
DA:354,0
DA:356,0
DA:357,0
DA:364,0
DA:365,0
DA:372,0
DA:373,0
DA:380,0
DA:386,0
DA:387,0
DA:388,0
DA:389,0
DA:390,0
DA:392,0
DA:400,0
DA:401,0
DA:410,0
DA:411,0
DA:412,0
DA:414,0
DA:415,0
DA:416,0
DA:418,0
DA:429,0
DA:430,0
DA:439,0
DA:440,0
DA:441,0
DA:443,0
DA:444,0
DA:445,0
DA:446,0
DA:447,0
DA:450,0
DA:452,0
DA:459,0
DA:462,0
DA:471,0
DA:483,0
DA:484,0
DA:495,0
DA:496,0
DA:497,0
DA:502,0
DA:503,0
DA:510,0
DA:511,0
DA:518,0
DA:519,0
DA:521,0
DA:539,0
DA:540,0
DA:549,0
DA:550,0
DA:551,0
DA:553,0
DA:555,0
DA:556,0
DA:563,0
DA:571,0
DA:574,0
DA:575,0
DA:578,0
DA:579,0
DA:580,0
DA:585,0
DA:586,0
DA:593,0
DA:594,0
DA:598,0
DA:599,0
DA:602,0
DA:604,0
DA:616,0
DA:617,0
DA:626,0
DA:627,0
DA:628,0
DA:630,0
DA:631,0
DA:637,0
DA:638,0
DA:645,0
DA:646,0
DA:647,0
DA:648,0
DA:650,0
DA:653,0
DA:661,0
DA:663,0
DA:669,0
DA:670,0
DA:679,0
DA:680,0
DA:681,0
DA:685,0
DA:686,0
DA:692,0
DA:702,0
DA:711,0
DA:712,0
DA:721,0
DA:722,0
DA:723,0
DA:725,0
DA:726,0
DA:732,0
DA:740,0
DA:748,0
DA:754,0
DA:755,0
DA:763,0
LF:222
LH:0
BRDA:24,0,0,0
BRDA:24,0,1,0
BRDA:24,1,0,0
BRDA:24,1,1,0
BRDA:31,2,0,0
BRDA:31,2,1,0
BRDA:31,3,0,0
BRDA:31,3,1,0
BRDA:31,3,2,0
BRDA:42,4,0,0
BRDA:42,4,1,0
BRDA:63,5,0,0
BRDA:63,5,1,0
BRDA:91,6,0,0
BRDA:91,6,1,0
BRDA:92,7,0,0
BRDA:92,7,1,0
BRDA:140,8,0,0
BRDA:140,9,0,0
BRDA:179,10,0,0
BRDA:179,10,1,0
BRDA:187,11,0,0
BRDA:187,11,1,0
BRDA:187,12,0,0
BRDA:187,12,1,0
BRDA:211,13,0,0
BRDA:211,14,0,0
BRDA:214,15,0,0
BRDA:214,15,1,0
BRDA:255,16,0,0
BRDA:255,16,1,0
BRDA:263,17,0,0
BRDA:263,17,1,0
BRDA:272,18,0,0
BRDA:272,18,1,0
BRDA:282,19,0,0
BRDA:282,19,1,0
BRDA:282,20,0,0
BRDA:282,20,1,0
BRDA:300,21,0,0
BRDA:300,21,1,0
BRDA:300,22,0,0
BRDA:300,22,1,0
BRDA:301,23,0,0
BRDA:301,23,1,0
BRDA:311,24,0,0
BRDA:311,24,1,0
BRDA:316,25,0,0
BRDA:316,25,1,0
BRDA:356,26,0,0
BRDA:356,26,1,0
BRDA:364,27,0,0
BRDA:364,27,1,0
BRDA:372,28,0,0
BRDA:372,28,1,0
BRDA:383,29,0,0
BRDA:383,29,1,0
BRDA:388,30,0,0
BRDA:388,30,1,0
BRDA:414,31,0,0
BRDA:414,31,1,0
BRDA:441,32,0,0
BRDA:441,33,0,0
BRDA:444,34,0,0
BRDA:444,34,1,0
BRDA:444,35,0,0
BRDA:444,35,1,0
BRDA:446,36,0,0
BRDA:446,36,1,0
BRDA:447,37,0,0
BRDA:447,37,1,0
BRDA:502,38,0,0
BRDA:502,38,1,0
BRDA:510,39,0,0
BRDA:510,39,1,0
BRDA:510,40,0,0
BRDA:510,40,1,0
BRDA:555,41,0,0
BRDA:555,41,1,0
BRDA:564,42,0,0
BRDA:564,42,1,0
BRDA:565,43,0,0
BRDA:565,43,1,0
BRDA:566,44,0,0
BRDA:566,44,1,0
BRDA:574,45,0,0
BRDA:574,45,1,0
BRDA:578,46,0,0
BRDA:578,46,1,0
BRDA:585,47,0,0
BRDA:585,47,1,0
BRDA:593,48,0,0
BRDA:593,48,1,0
BRDA:598,49,0,0
BRDA:598,49,1,0
BRDA:630,50,0,0
BRDA:630,50,1,0
BRDA:637,51,0,0
BRDA:637,51,1,0
BRDA:685,52,0,0
BRDA:685,52,1,0
BRDA:725,53,0,0
BRDA:725,53,1,0
BRDA:725,54,0,0
BRDA:725,54,1,0
BRDA:725,54,2,0
BRDA:734,55,0,0
BRDA:734,55,1,0
BRDA:735,56,0,0
BRDA:735,56,1,0
BRF:110
BRH:0
end_of_record
TN:
SF:routes\payments.js
FN:27,(anonymous_0)
FN:49,(anonymous_1)
FN:55,(anonymous_2)
FN:146,(anonymous_3)
FN:205,(anonymous_4)
FN:265,(anonymous_5)
FNF:6
FNH:0
FNDA:0,(anonymous_0)
FNDA:0,(anonymous_1)
FNDA:0,(anonymous_2)
FNDA:0,(anonymous_3)
FNDA:0,(anonymous_4)
FNDA:0,(anonymous_5)
DA:2,0
DA:3,0
DA:4,0
DA:5,0
DA:6,0
DA:7,0
DA:13,0
DA:14,0
DA:15,0
DA:17,0
DA:20,0
DA:27,0
DA:28,0
DA:29,0
DA:30,0
DA:36,0
DA:37,0
DA:40,0
DA:41,0
DA:48,0
DA:49,0
DA:51,0
DA:52,0
DA:55,0
DA:64,0
DA:65,0
DA:67,0
DA:68,0
DA:69,0
DA:70,0
DA:76,0
DA:84,0
DA:88,0
DA:99,0
DA:112,0
DA:115,0
DA:116,0
DA:117,0
DA:119,0
DA:120,0
DA:122,0
DA:125,0
DA:133,0
DA:134,0
DA:146,0
DA:147,0
DA:148,0
DA:149,0
DA:155,0
DA:158,0
DA:160,0
DA:161,0
DA:169,0
DA:170,0
DA:171,0
DA:177,0
DA:178,0
DA:179,0
DA:181,0
DA:192,0
DA:193,0
DA:205,0
DA:206,0
DA:207,0
DA:208,0
DA:211,0
DA:212,0
DA:215,0
DA:216,0
DA:218,0
DA:219,0
DA:223,0
DA:225,0
DA:226,0
DA:229,0
DA:230,0
DA:231,0
DA:232,0
DA:233,0
DA:235,0
DA:238,0
DA:239,0
DA:241,0
DA:242,0
DA:243,0
DA:244,0
DA:245,0
DA:247,0
DA:250,0
DA:253,0
DA:256,0
DA:257,0
DA:265,0
DA:266,0
DA:267,0
DA:294,0
DA:295,0
DA:302,0
LF:98
LH:0
BRDA:14,0,0,0
BRDA:14,0,1,0
BRDA:29,1,0,0
BRDA:29,1,1,0
BRDA:40,2,0,0
BRDA:40,2,1,0
BRDA:40,3,0,0
BRDA:40,3,1,0
BRDA:51,4,0,0
BRDA:51,4,1,0
BRDA:69,5,0,0
BRDA:69,5,1,0
BRDA:148,6,0,0
BRDA:148,6,1,0
BRDA:160,7,0,0
BRDA:160,7,1,0
BRDA:170,8,0,0
BRDA:170,8,1,0
BRDA:207,9,0,0
BRDA:207,9,1,0
BRDA:223,10,0,0
BRDA:223,10,1,0
BRDA:223,10,2,0
BRDA:230,11,0,0
BRDA:230,11,1,0
BRDA:242,12,0,0
BRDA:242,12,1,0
BRF:27
BRH:0
end_of_record
TN:
SF:routes\products.js
FN:8,(anonymous_0)
FN:112,(anonymous_1)
FN:128,(anonymous_2)
FN:189,(anonymous_3)
FN:209,(anonymous_4)
FN:231,(anonymous_5)
FN:250,(anonymous_6)
FNF:7
FNH:0
FNDA:0,(anonymous_0)
FNDA:0,(anonymous_1)
FNDA:0,(anonymous_2)
FNDA:0,(anonymous_3)
FNDA:0,(anonymous_4)
FNDA:0,(anonymous_5)
FNDA:0,(anonymous_6)
DA:2,0
DA:3,0
DA:4,0
DA:5,0
DA:8,0
DA:9,0
DA:19,0
DA:22,0
DA:24,0
DA:25,0
DA:28,0
DA:29,0
DA:30,0
DA:31,0
DA:35,0
DA:36,0
DA:38,0
DA:39,0
DA:40,0
DA:41,0
DA:49,0
DA:50,0
DA:54,0
DA:55,0
DA:59,0
DA:60,0
DA:66,0
DA:69,0
DA:70,0
DA:73,0
DA:74,0
DA:81,0
DA:87,0
DA:89,0
DA:90,0
DA:91,0
DA:92,0
DA:95,0
DA:106,0
DA:107,0
DA:112,0
DA:113,0
DA:114,0
DA:116,0
DA:117,0
DA:120,0
DA:122,0
DA:123,0
DA:128,0
DA:129,0
DA:143,0
DA:146,0
DA:147,0
DA:153,0
DA:155,0
DA:175,0
DA:177,0
DA:183,0
DA:184,0
DA:189,0
DA:190,0
DA:191,0
DA:194,0
DA:195,0
DA:196,0
DA:197,0
DA:198,0
DA:199,0
DA:202,0
DA:204,0
DA:205,0
DA:209,0
DA:210,0
DA:214,0
DA:217,0
DA:219,0
DA:225,0
DA:226,0
DA:231,0
DA:232,0
DA:233,0
DA:235,0
DA:236,0
DA:239,0
DA:244,0
DA:245,0
DA:250,0
DA:251,0
DA:252,0
DA:253,0
DA:255,0
DA:256,0
DA:260,0
LF:93
LH:0
BRDA:15,0,0,0
BRDA:16,1,0,0
BRDA:17,2,0,0
BRDA:24,3,0,0
BRDA:24,3,1,0
BRDA:24,4,0,0
BRDA:24,4,1,0
BRDA:28,5,0,0
BRDA:28,5,1,0
BRDA:28,6,0,0
BRDA:28,6,1,0
BRDA:30,7,0,0
BRDA:30,7,1,0
BRDA:31,8,0,0
BRDA:31,8,1,0
BRDA:36,9,0,0
BRDA:36,9,1,0
BRDA:38,10,0,0
BRDA:38,10,1,0
BRDA:54,11,0,0
BRDA:54,11,1,0
BRDA:69,12,0,0
BRDA:69,12,1,0
BRDA:69,13,0,0
BRDA:69,13,1,0
BRDA:69,13,2,0
BRDA:90,14,0,0
BRDA:90,14,1,0
BRDA:91,15,0,0
BRDA:91,15,1,0
BRDA:116,16,0,0
BRDA:116,16,1,0
BRDA:146,17,0,0
BRDA:146,17,1,0
BRDA:146,18,0,0
BRDA:146,18,1,0
BRDA:146,18,2,0
BRDA:146,18,3,0
BRDA:153,19,0,0
BRDA:153,19,1,0
BRDA:160,20,0,0
BRDA:160,20,1,0
BRDA:161,21,0,0
BRDA:161,21,1,0
BRDA:166,22,0,0
BRDA:166,22,1,0
BRDA:170,23,0,0
BRDA:170,23,1,0
BRDA:171,24,0,0
BRDA:171,24,1,0
BRDA:204,25,0,0
BRDA:204,25,1,0
BRDA:235,26,0,0
BRDA:235,26,1,0
BRF:54
BRH:0
end_of_record
TN:
SF:routes\reports.js
FN:9,convertToCSV
FN:18,(anonymous_1)
FN:33,getDateRange
FN:61,(anonymous_3)
FN:95,(anonymous_4)
FN:96,(anonymous_5)
FN:168,(anonymous_6)
FN:176,(anonymous_7)
FN:178,(anonymous_8)
FN:186,(anonymous_9)
FN:190,(anonymous_10)
FN:191,(anonymous_11)
FNF:12
FNH:0
FNDA:0,convertToCSV
FNDA:0,(anonymous_1)
FNDA:0,getDateRange
FNDA:0,(anonymous_3)
FNDA:0,(anonymous_4)
FNDA:0,(anonymous_5)
FNDA:0,(anonymous_6)
FNDA:0,(anonymous_7)
FNDA:0,(anonymous_8)
FNDA:0,(anonymous_9)
FNDA:0,(anonymous_10)
FNDA:0,(anonymous_11)
DA:2,0
DA:3,0
DA:4,0
DA:5,0
DA:6,0
DA:10,0
DA:11,0
DA:14,0
DA:15,0
DA:17,0
DA:18,0
DA:19,0
DA:21,0
DA:22,0
DA:26,0
DA:29,0
DA:34,0
DA:37,0
DA:39,0
DA:40,0
DA:41,0
DA:43,0
DA:44,0
DA:45,0
DA:47,0
DA:48,0
DA:50,0
DA:51,0
DA:53,0
DA:54,0
DA:57,0
DA:61,0
DA:62,0
DA:63,0
DA:65,0
DA:68,0
DA:71,0
DA:74,0
DA:76,0
DA:77,0
DA:81,0
DA:83,0
DA:85,0
DA:91,0
DA:92,0
DA:93,0
DA:95,0
DA:96,0
DA:97,0
DA:98,0
DA:99,0
DA:104,0
DA:106,0
DA:128,0
DA:149,0
DA:152,0
DA:156,0
DA:157,0
DA:158,0
DA:160,0
DA:162,0
DA:163,0
DA:168,0
DA:169,0
DA:170,0
DA:171,0
DA:174,0
DA:175,0
DA:176,0
DA:177,0
DA:178,0
DA:181,0
DA:185,0
DA:186,0
DA:187,0
DA:190,0
DA:191,0
DA:194,0
DA:212,0
DA:213,0
DA:217,0
LF:81
LH:0
BRDA:10,0,0,0
BRDA:10,0,1,0
BRDA:10,1,0,0
BRDA:10,1,1,0
BRDA:19,2,0,0
BRDA:19,2,1,0
BRDA:22,3,0,0
BRDA:22,3,1,0
BRDA:22,4,0,0
BRDA:22,4,1,0
BRDA:22,4,2,0
BRDA:37,5,0,0
BRDA:37,5,1,0
BRDA:37,5,2,0
BRDA:37,5,3,0
BRDA:71,6,0,0
BRDA:71,6,1,0
BRDA:76,7,0,0
BRDA:76,7,1,0
BRDA:76,8,0,0
BRDA:76,8,1,0
BRDA:97,9,0,0
BRDA:97,9,1,0
BRDA:110,10,0,0
BRDA:110,10,1,0
BRDA:112,11,0,0
BRDA:112,11,1,0
BRDA:114,12,0,0
BRDA:114,12,1,0
BRDA:119,13,0,0
BRDA:119,13,1,0
BRDA:120,14,0,0
BRDA:120,14,1,0
BRDA:121,15,0,0
BRDA:121,15,1,0
BRDA:152,16,0,0
BRDA:152,16,1,0
BRDA:187,17,0,0
BRDA:187,17,1,0
BRF:39
BRH:0
end_of_record
TN:
SF:routes\reviews.js
FN:10,updateProductRating
FN:22,(anonymous_1)
FN:35,(anonymous_2)
FN:80,(anonymous_3)
FN:143,(anonymous_4)
FN:205,(anonymous_5)
FN:247,(anonymous_6)
FN:282,(anonymous_7)
FN:318,(anonymous_8)
FNF:9
FNH:0
FNDA:0,updateProductRating
FNDA:0,(anonymous_1)
FNDA:0,(anonymous_2)
FNDA:0,(anonymous_3)
FNDA:0,(anonymous_4)
FNDA:0,(anonymous_5)
FNDA:0,(anonymous_6)
FNDA:0,(anonymous_7)
FNDA:0,(anonymous_8)
DA:2,0
DA:3,0
DA:4,0
DA:5,0
DA:6,0
DA:7,0
DA:11,0
DA:12,0
DA:14,0
DA:15,0
DA:19,0
DA:22,0
DA:23,0
DA:25,0
DA:30,0
DA:35,0
DA:36,0
DA:37,0
DA:38,0
DA:41,0
DA:42,0
DA:49,0
DA:50,0
DA:57,0
DA:58,0
DA:59,0
DA:66,0
DA:71,0
DA:72,0
DA:79,0
DA:80,0
DA:83,0
DA:84,0
DA:99,0
DA:104,0
DA:105,0
DA:112,0
DA:122,0
DA:125,0
DA:127,0
DA:133,0
DA:134,0
DA:143,0
DA:144,0
DA:145,0
DA:146,0
DA:148,0
DA:150,0
DA:151,0
DA:158,0
DA:159,0
DA:166,0
DA:167,0
DA:168,0
DA:173,0
DA:176,0
DA:177,0
DA:180,0
DA:181,0
DA:184,0
DA:187,0
DA:189,0
DA:195,0
DA:196,0
DA:205,0
DA:206,0
DA:207,0
DA:209,0
DA:211,0
DA:212,0
DA:219,0
DA:220,0
DA:226,0
DA:227,0
DA:230,0
DA:232,0
DA:237,0
DA:238,0
DA:247,0
DA:248,0
DA:249,0
DA:251,0
DA:253,0
DA:259,0
DA:261,0
DA:272,0
DA:273,0
DA:282,0
DA:283,0
DA:284,0
DA:285,0
DA:287,0
DA:289,0
DA:295,0
DA:297,0
DA:308,0
DA:309,0
DA:318,0
DA:319,0
DA:320,0
DA:321,0
DA:324,0
DA:329,0
DA:330,0
DA:339,0
DA:344,0
DA:345,0
DA:352,0
DA:358,0
DA:359,0
DA:367,0
LF:111
LH:0
BRDA:14,0,0,0
BRDA:14,0,1,0
BRDA:41,1,0,0
BRDA:41,1,1,0
BRDA:41,2,0,0
BRDA:41,2,1,0
BRDA:41,2,2,0
BRDA:49,3,0,0
BRDA:49,3,1,0
BRDA:49,4,0,0
BRDA:49,4,1,0
BRDA:58,5,0,0
BRDA:58,5,1,0
BRDA:71,6,0,0
BRDA:71,6,1,0
BRDA:83,7,0,0
BRDA:83,7,1,0
BRDA:104,8,0,0
BRDA:104,8,1,0
BRDA:117,9,0,0
BRDA:117,9,1,0
BRDA:118,10,0,0
BRDA:118,10,1,0
BRDA:150,11,0,0
BRDA:150,11,1,0
BRDA:158,12,0,0
BRDA:158,12,1,0
BRDA:166,13,0,0
BRDA:166,13,1,0
BRDA:167,14,0,0
BRDA:167,14,1,0
BRDA:167,15,0,0
BRDA:167,15,1,0
BRDA:176,16,0,0
BRDA:176,16,1,0
BRDA:180,17,0,0
BRDA:180,17,1,0
BRDA:211,18,0,0
BRDA:211,18,1,0
BRDA:219,19,0,0
BRDA:219,19,1,0
BRDA:249,20,0,0
BRDA:249,21,0,0
BRDA:249,22,0,0
BRDA:285,23,0,0
BRDA:285,24,0,0
BRDA:329,25,0,0
BRDA:329,25,1,0
BRDA:344,26,0,0
BRDA:344,26,1,0
BRF:50
BRH:0
end_of_record
TN:
SF:routes\upload.js
FN:17,saveToGridFS
FN:18,(anonymous_1)
FN:22,(anonymous_2)
FN:27,(anonymous_3)
FN:28,(anonymous_4)
FN:76,(anonymous_5)
FN:80,(anonymous_6)
FNF:7
FNH:0
FNDA:0,saveToGridFS
FNDA:0,(anonymous_1)
FNDA:0,(anonymous_2)
FNDA:0,(anonymous_3)
FNDA:0,(anonymous_4)
FNDA:0,(anonymous_5)
FNDA:0,(anonymous_6)
DA:7,0
DA:8,0
DA:9,0
DA:10,0
DA:11,0
DA:12,0
DA:13,0
DA:15,0
DA:18,0
DA:19,0
DA:20,0
DA:21,0
DA:22,0
DA:23,0
DA:27,0
DA:28,0
DA:29,0
DA:30,0
DA:31,0
DA:32,0
DA:33,0
DA:34,0
DA:35,0
DA:36,0
DA:38,0
DA:39,0
DA:42,0
DA:43,0
DA:47,0
DA:49,0
DA:50,0
DA:53,0
DA:54,0
DA:55,0
DA:56,0
DA:58,0
DA:60,0
DA:70,0
DA:71,0
DA:76,0
DA:77,0
DA:80,0
DA:81,0
DA:82,0
DA:83,0
DA:84,0
DA:85,0
DA:86,0
DA:87,0
DA:89,0
DA:90,0
DA:91,0
DA:92,0
DA:96,0
LF:54
LH:0
BRDA:30,0,0,0
BRDA:30,0,1,0
BRDA:32,1,0,0
BRDA:32,1,1,0
BRDA:34,2,0,0
BRDA:34,2,1,0
BRDA:38,3,0,0
BRDA:38,3,1,0
BRDA:83,4,0,0
BRDA:83,4,1,0
BRDA:90,5,0,0
BRDA:90,5,1,0
BRDA:90,6,0,0
BRDA:90,6,1,0
BRF:14
BRH:0
end_of_record
TN:
SF:routes\webhooks.js
FN:22,(anonymous_0)
FN:85,handlePaymentSuccess
FN:123,handlePaymentFailure
FN:149,handleRefund
FNF:4
FNH:0
FNDA:0,(anonymous_0)
FNDA:0,handlePaymentSuccess
FNDA:0,handlePaymentFailure
FNDA:0,handleRefund
DA:2,0
DA:3,0
DA:4,0
DA:5,0
DA:8,0
DA:9,0
DA:10,0
DA:13,0
DA:22,0
DA:23,0
DA:24,0
DA:27,0
DA:28,0
DA:30,0
DA:31,0
DA:32,0
DA:37,0
DA:39,0
DA:41,0
DA:42,0
DA:46,0
DA:47,0
DA:49,0
DA:50,0
DA:51,0
DA:54,0
DA:55,0
DA:56,0
DA:59,0
DA:60,0
DA:61,0
DA:67,0
DA:68,0
DA:71,0
DA:75,0
DA:77,0
DA:78,0
DA:86,0
DA:87,0
DA:91,0
DA:92,0
DA:93,0
DA:94,0
DA:97,0
DA:98,0
DA:100,0
DA:106,0
DA:108,0
DA:113,0
DA:116,0
DA:124,0
DA:125,0
DA:129,0
DA:130,0
DA:131,0
DA:132,0
DA:134,0
DA:136,0
DA:142,0
DA:150,0
DA:151,0
DA:155,0
DA:156,0
DA:157,0
DA:158,0
DA:159,0
DA:161,0
DA:162,0
DA:164,0
DA:170,0
DA:172,0
DA:178,0
DA:182,0
LF:73
LH:0
BRDA:9,0,0,0
BRDA:9,0,1,0
BRDA:23,1,0,0
BRDA:23,1,1,0
BRDA:30,2,0,0
BRDA:30,2,1,0
BRDA:47,3,0,0
BRDA:47,3,1,0
BRDA:47,3,2,0
BRDA:47,3,3,0
BRDA:47,3,4,0
BRDA:47,3,5,0
BRDA:47,3,6,0
BRDA:91,4,0,0
BRDA:91,4,1,0
BRDA:97,5,0,0
BRDA:97,5,1,0
BRDA:129,6,0,0
BRDA:129,6,1,0
BRDA:132,7,0,0
BRDA:132,7,1,0
BRDA:155,8,0,0
BRDA:155,8,1,0
BRDA:161,9,0,0
BRDA:161,9,1,0
BRF:25
BRH:0
end_of_record
TN:
SF:routes\wishlist.js
FN:12,(anonymous_0)
FN:28,(anonymous_1)
FN:50,(anonymous_2)
FN:83,(anonymous_3)
FN:125,(anonymous_4)
FN:141,(anonymous_5)
FN:166,(anonymous_6)
FN:195,(anonymous_7)
FN:203,(anonymous_8)
FN:225,(anonymous_9)
FN:241,(anonymous_10)
FN:245,(anonymous_11)
FN:251,(anonymous_12)
FNF:13
FNH:0
FNDA:0,(anonymous_0)
FNDA:0,(anonymous_1)
FNDA:0,(anonymous_2)
FNDA:0,(anonymous_3)
FNDA:0,(anonymous_4)
FNDA:0,(anonymous_5)
FNDA:0,(anonymous_6)
FNDA:0,(anonymous_7)
FNDA:0,(anonymous_8)
FNDA:0,(anonymous_9)
FNDA:0,(anonymous_10)
FNDA:0,(anonymous_11)
FNDA:0,(anonymous_12)
DA:2,0
DA:3,0
DA:4,0
DA:5,0
DA:6,0
DA:12,0
DA:13,0
DA:14,0
DA:16,0
DA:19,0
DA:20,0
DA:28,0
DA:30,0
DA:37,0
DA:38,0
DA:50,0
DA:51,0
DA:52,0
DA:53,0
DA:55,0
DA:56,0
DA:63,0
DA:64,0
DA:65,0
DA:72,0
DA:74,0
DA:75,0
DA:82,0
DA:83,0
DA:86,0
DA:87,0
DA:94,0
DA:99,0
DA:102,0
DA:104,0
DA:112,0
DA:113,0
DA:125,0
DA:126,0
DA:127,0
DA:128,0
DA:130,0
DA:132,0
DA:133,0
DA:140,0
DA:141,0
DA:144,0
DA:146,0
DA:153,0
DA:154,0
DA:166,0
DA:167,0
DA:168,0
DA:170,0
DA:176,0
DA:182,0
DA:183,0
DA:195,0
DA:196,0
DA:197,0
DA:198,0
DA:200,0
DA:202,0
DA:203,0
DA:206,0
DA:212,0
DA:213,0
DA:225,0
DA:226,0
DA:227,0
DA:229,0
DA:232,0
DA:233,0
DA:240,0
DA:241,0
DA:244,0
DA:245,0
DA:248,0
DA:251,0
DA:259,0
DA:260,0
DA:268,0
LF:82
LH:0
BRDA:19,0,0,0
BRDA:19,0,1,0
BRDA:55,1,0,0
BRDA:55,1,1,0
BRDA:64,2,0,0
BRDA:64,2,1,0
BRDA:74,3,0,0
BRDA:74,3,1,0
BRDA:86,4,0,0
BRDA:86,4,1,0
BRDA:132,5,0,0
BRDA:132,5,1,0
BRDA:202,6,0,0
BRDA:202,6,1,0
BRDA:232,7,0,0
BRDA:232,7,1,0
BRDA:232,8,0,0
BRDA:232,8,1,0
BRDA:241,9,0,0
BRDA:241,9,1,0
BRDA:245,10,0,0
BRDA:245,10,1,0
BRF:22
BRH:0
end_of_record
TN:
SF:utils\adminNotification.js
FN:9,getAdminContacts
FN:27,getPrimaryAdminContact
FN:47,formatOutOfStockNotification
FN:95,checkProductStockAndNotify
FN:160,getAllOutOfStockNotifications
FN:183,(anonymous_5)
FN:193,(anonymous_6)
FNF:7
FNH:0
FNDA:0,getAdminContacts
FNDA:0,getPrimaryAdminContact
FNDA:0,formatOutOfStockNotification
FNDA:0,checkProductStockAndNotify
FNDA:0,getAllOutOfStockNotifications
FNDA:0,(anonymous_5)
FNDA:0,(anonymous_6)
DA:2,0
DA:3,0
DA:10,0
DA:11,0
DA:16,0
DA:18,0
DA:19,0
DA:28,0
DA:29,0
DA:34,0
DA:36,0
DA:37,0
DA:48,0
DA:75,0
DA:96,0
DA:98,0
DA:100,0
DA:101,0
DA:109,0
DA:110,0
DA:119,0
DA:121,0
DA:122,0
DA:137,0
DA:139,0
DA:147,0
DA:148,0
DA:161,0
DA:163,0
DA:167,0
DA:168,0
DA:176,0
DA:178,0
DA:179,0
DA:183,0
DA:193,0
DA:194,0
DA:197,0
DA:207,0
DA:208,0
DA:216,0
LF:41
LH:0
BRDA:56,0,0,0
BRDA:56,0,1,0
BRDA:100,1,0,0
BRDA:100,1,1,0
BRDA:109,2,0,0
BRDA:109,2,1,0
BRDA:109,3,0,0
BRDA:109,3,1,0
BRDA:121,4,0,0
BRDA:121,4,1,0
BRDA:167,5,0,0
BRDA:167,5,1,0
BRDA:178,6,0,0
BRDA:178,6,1,0
BRF:14
BRH:0
end_of_record
TN:
SF:utils\auditLogger.js
FN:13,logAuditEvent
FN:38,getClientIP
FN:52,getRecentFailedAttempts
FN:67,checkIPRateLimit
FNF:4
FNH:2
FNDA:21,logAuditEvent
FNDA:21,getClientIP
FNDA:0,getRecentFailedAttempts
FNDA:0,checkIPRateLimit
DA:2,1
DA:14,21
DA:15,21
DA:16,21
DA:18,21
DA:27,21
DA:28,21
DA:30,0
DA:39,21
DA:53,0
DA:55,0
DA:61,0
DA:68,0
DA:69,0
DA:71,0
DA:77,0
DA:80,1
LF:17
LH:9
BRDA:15,0,0,21
BRDA:15,0,1,0
BRDA:16,1,0,21
BRDA:16,1,1,0
BRDA:24,2,0,21
BRDA:24,2,1,3
BRDA:40,3,0,21
BRDA:40,3,1,21
BRDA:40,3,2,21
BRDA:40,3,3,0
BRDA:40,3,4,0
BRDA:40,3,5,0
BRDA:52,4,0,0
BRDA:67,5,0,0
BRDA:67,6,0,0
BRF:15
BRH:7
end_of_record
TN:
SF:utils\emailDiagnostics.js
FN:18,(anonymous_0)
FN:48,(anonymous_1)
FN:61,(anonymous_2)
FN:70,(anonymous_3)
FN:100,(anonymous_4)
FN:148,(anonymous_5)
FN:149,(anonymous_6)
FN:152,(anonymous_7)
FN:157,(anonymous_8)
FN:166,(anonymous_9)
FN:176,(anonymous_10)
FN:222,(anonymous_11)
FN:297,(anonymous_12)
FN:363,(anonymous_13)
FN:388,(anonymous_14)
FN:424,(anonymous_15)
FN:427,(anonymous_16)
FN:438,(anonymous_17)
FN:444,(anonymous_18)
FN:459,(anonymous_19)
FN:474,(anonymous_20)
FNF:21
FNH:0
FNDA:0,(anonymous_0)
FNDA:0,(anonymous_1)
FNDA:0,(anonymous_2)
FNDA:0,(anonymous_3)
FNDA:0,(anonymous_4)
FNDA:0,(anonymous_5)
FNDA:0,(anonymous_6)
FNDA:0,(anonymous_7)
FNDA:0,(anonymous_8)
FNDA:0,(anonymous_9)
FNDA:0,(anonymous_10)
FNDA:0,(anonymous_11)
FNDA:0,(anonymous_12)
FNDA:0,(anonymous_13)
FNDA:0,(anonymous_14)
FNDA:0,(anonymous_15)
FNDA:0,(anonymous_16)
FNDA:0,(anonymous_17)
FNDA:0,(anonymous_18)
FNDA:0,(anonymous_19)
FNDA:0,(anonymous_20)
DA:6,0
DA:7,0
DA:8,0
DA:19,0
DA:20,0
DA:21,0
DA:23,0
DA:37,0
DA:40,0
DA:42,0
DA:49,0
DA:56,0
DA:57,0
DA:58,0
DA:61,0
DA:62,0
DA:63,0
DA:64,0
DA:65,0
DA:70,0
DA:71,0
DA:72,0
DA:76,0
DA:77,0
DA:78,0
DA:79,0
DA:84,0
DA:85,0
DA:88,0
DA:90,0
DA:91,0
DA:94,0
DA:101,0
DA:108,0
DA:109,0
DA:110,0
DA:123,0
DA:124,0
DA:125,0
DA:126,0
DA:129,0
DA:130,0
DA:132,0
DA:133,0
DA:136,0
DA:138,0
DA:139,0
DA:142,0
DA:149,0
DA:150,0
DA:152,0
DA:153,0
DA:154,0
DA:157,0
DA:158,0
DA:159,0
DA:162,0
DA:163,0
DA:164,0
DA:166,0
DA:167,0
DA:168,0
DA:177,0
DA:184,0
DA:185,0
DA:186,0
DA:191,0
DA:194,0
DA:195,0
DA:196,0
DA:199,0
DA:200,0
DA:201,0
DA:202,0
DA:203,0
DA:205,0
DA:209,0
DA:211,0
DA:212,0
DA:213,0
DA:216,0
DA:223,0
DA:230,0
DA:231,0
DA:232,0
DA:233,0
DA:234,0
DA:237,0
DA:238,0
DA:239,0
DA:241,0
DA:256,0
DA:264,0
DA:266,0
DA:267,0
DA:268,0
DA:269,0
DA:271,0
DA:272,0
DA:275,0
DA:276,0
DA:277,0
DA:278,0
DA:279,0
DA:280,0
DA:281,0
DA:283,0
DA:287,0
DA:288,0
DA:291,0
DA:298,0
DA:305,0
DA:306,0
DA:307,0
DA:308,0
DA:309,0
DA:312,0
DA:313,0
DA:315,0
DA:328,0
DA:330,0
DA:345,0
DA:347,0
DA:348,0
DA:349,0
DA:350,0
DA:352,0
DA:353,0
DA:354,0
DA:357,0
DA:364,0
DA:367,0
DA:368,0
DA:377,0
DA:378,0
DA:387,0
DA:388,0
DA:389,0
DA:399,0
DA:400,0
DA:409,0
DA:410,0
DA:418,0
DA:425,0
DA:427,0
DA:428,0
DA:430,0
DA:435,0
DA:437,0
DA:438,0
DA:439,0
DA:443,0
DA:444,0
DA:445,0
DA:449,0
DA:450,0
DA:453,0
DA:457,0
DA:458,0
DA:459,0
DA:460,0
DA:462,0
DA:463,0
DA:464,0
DA:468,0
DA:475,0
DA:476,0
DA:477,0
DA:479,0
DA:489,0
DA:498,0
LF:171
LH:0
BRDA:25,0,0,0
BRDA:25,0,1,0
BRDA:63,1,0,0
BRDA:63,1,1,0
BRDA:64,2,0,0
BRDA:64,2,1,0
BRDA:72,3,0,0
BRDA:72,3,1,0
BRDA:76,4,0,0
BRDA:76,4,1,0
BRDA:78,5,0,0
BRDA:78,5,1,0
BRDA:84,6,0,0
BRDA:84,6,1,0
BRDA:84,7,0,0
BRDA:84,7,1,0
BRDA:88,8,0,0
BRDA:88,8,1,0
BRDA:109,9,0,0
BRDA:109,9,1,0
BRDA:113,10,0,0
BRDA:113,10,1,0
BRDA:118,11,0,0
BRDA:118,11,1,0
BRDA:119,12,0,0
BRDA:119,12,1,0
BRDA:123,13,0,0
BRDA:123,13,1,0
BRDA:130,14,0,0
BRDA:130,14,1,0
BRDA:132,15,0,0
BRDA:132,15,1,0
BRDA:136,16,0,0
BRDA:136,16,1,0
BRDA:148,17,0,0
BRDA:185,18,0,0
BRDA:185,18,1,0
BRDA:186,19,0,0
BRDA:186,19,1,0
BRDA:187,20,0,0
BRDA:187,20,1,0
BRDA:188,21,0,0
BRDA:188,21,1,0
BRDA:189,22,0,0
BRDA:189,22,1,0
BRDA:199,23,0,0
BRDA:199,23,1,0
BRDA:209,24,0,0
BRDA:209,24,1,0
BRDA:231,25,0,0
BRDA:231,25,1,0
BRDA:231,26,0,0
BRDA:231,26,1,0
BRDA:237,27,0,0
BRDA:237,27,1,0
BRDA:238,28,0,0
BRDA:238,28,1,0
BRDA:239,29,0,0
BRDA:239,29,1,0
BRDA:242,30,0,0
BRDA:242,30,1,0
BRDA:243,31,0,0
BRDA:243,31,1,0
BRDA:244,32,0,0
BRDA:244,32,1,0
BRDA:245,33,0,0
BRDA:245,33,1,0
BRDA:247,34,0,0
BRDA:247,34,1,0
BRDA:275,35,0,0
BRDA:275,35,1,0
BRDA:278,36,0,0
BRDA:278,36,1,0
BRDA:280,37,0,0
BRDA:280,37,1,0
BRDA:297,38,0,0
BRDA:306,39,0,0
BRDA:306,39,1,0
BRDA:306,40,0,0
BRDA:306,40,1,0
BRDA:312,41,0,0
BRDA:312,41,1,0
BRDA:313,42,0,0
BRDA:313,42,1,0
BRDA:316,43,0,0
BRDA:316,43,1,0
BRDA:317,44,0,0
BRDA:317,44,1,0
BRDA:318,45,0,0
BRDA:318,45,1,0
BRDA:319,46,0,0
BRDA:319,46,1,0
BRDA:319,47,0,0
BRDA:319,47,1,0
BRDA:320,48,0,0
BRDA:320,48,1,0
BRDA:338,49,0,0
BRDA:338,49,1,0
BRDA:367,50,0,0
BRDA:367,50,1,0
BRDA:377,51,0,0
BRDA:377,51,1,0
BRDA:387,52,0,0
BRDA:387,52,1,0
BRDA:388,53,0,0
BRDA:388,53,1,0
BRDA:399,54,0,0
BRDA:399,54,1,0
BRDA:409,55,0,0
BRDA:409,55,1,0
BRDA:428,56,0,0
BRDA:428,56,1,0
BRDA:430,57,0,0
BRDA:430,57,1,0
BRDA:431,58,0,0
BRDA:431,58,1,0
BRDA:432,59,0,0
BRDA:432,59,1,0
BRDA:433,60,0,0
BRDA:433,60,1,0
BRDA:437,61,0,0
BRDA:437,61,1,0
BRDA:437,62,0,0
BRDA:437,62,1,0
BRDA:443,63,0,0
BRDA:443,63,1,0
BRDA:443,64,0,0
BRDA:443,64,1,0
BRDA:449,65,0,0
BRDA:449,65,1,0
BRDA:457,66,0,0
BRDA:457,66,1,0
BRDA:460,67,0,0
BRDA:460,67,1,0
BRDA:461,68,0,0
BRDA:461,68,1,0
BRDA:480,69,0,0
BRDA:480,69,1,0
BRDA:481,70,0,0
BRDA:481,70,1,0
BRF:140
BRH:0
end_of_record
TN:
SF:utils\inventoryManager.js
FN:8,logInventoryChange
FN:33,reserveStock
FN:69,confirmStockDeduction
FN:111,restoreStock
FN:166,checkStockAvailability
FN:199,getInventoryStats
FN:254,getLowStockProducts
FN:266,getOutOfStockProducts
FNF:8
FNH:0
FNDA:0,logInventoryChange
FNDA:0,reserveStock
FNDA:0,confirmStockDeduction
FNDA:0,restoreStock
FNDA:0,checkStockAvailability
FNDA:0,getInventoryStats
FNDA:0,getLowStockProducts
FNDA:0,getOutOfStockProducts
DA:2,0
DA:3,0
DA:9,0
DA:10,0
DA:22,0
DA:23,0
DA:25,0
DA:26,0
DA:34,0
DA:36,0
DA:37,0
DA:40,0
DA:41,0
DA:44,0
DA:47,0
DA:48,0
DA:49,0
DA:52,0
DA:63,0
DA:70,0
DA:72,0
DA:73,0
DA:75,0
DA:76,0
DA:77,0
DA:81,0
DA:96,0
DA:105,0
DA:112,0
DA:114,0
DA:115,0
DA:117,0
DA:118,0
DA:119,0
DA:125,0
DA:128,0
DA:131,0
DA:132,0
DA:133,0
DA:136,0
DA:151,0
DA:160,0
DA:167,0
DA:169,0
DA:170,0
DA:172,0
DA:173,0
DA:178,0
DA:181,0
DA:183,0
DA:193,0
DA:200,0
DA:202,0
DA:244,0
DA:245,0
DA:248,0
DA:255,0
DA:260,0
DA:267,0
DA:272,0
DA:275,0
LF:61
LH:0
BRDA:11,0,0,0
BRDA:11,0,1,0
BRDA:12,1,0,0
BRDA:12,1,1,0
BRDA:17,2,0,0
BRDA:17,2,1,0
BRDA:19,3,0,0
BRDA:19,3,1,0
BRDA:36,4,0,0
BRDA:36,4,1,0
BRDA:40,5,0,0
BRDA:40,5,1,0
BRDA:75,6,0,0
BRDA:75,6,1,0
BRDA:117,7,0,0
BRDA:117,7,1,0
BRDA:144,8,0,0
BRDA:144,8,1,0
BRDA:172,9,0,0
BRDA:172,9,1,0
BRDA:181,10,0,0
BRDA:181,10,1,0
BRDA:189,11,0,0
BRDA:189,11,1,0
BRDA:199,12,0,0
BRDA:200,13,0,0
BRDA:200,13,1,0
BRDA:244,14,0,0
BRDA:244,14,1,0
BRDA:245,15,0,0
BRDA:245,15,1,0
BRDA:254,16,0,0
BRF:32
BRH:0
end_of_record
